Information,12/3/2023 8:35:15 PM,Microsoft-Windows-Sysmon,7,Image loaded (rule: ImageLoad),"Image loaded:
RuleName: technique_id=T1055,technique_name=Process Injection
UtcTime: 2023-12-04 04:35:15.225
ProcessGuid: {1ac2ee8c-5703-656d-d902-000000001000}
ProcessId: 7028
Image: C:\Windows\System32\WindowsPowerShell\v1.0\powershell.exe
ImageLoaded: C:\Windows\Microsoft.NET\Framework64\v4.0.30319\NativeImages\mscorlib.ni.dll
FileVersion: 4.8.9167.0 built by: NET481REL1LAST_B
Description: Microsoft Common Language Runtime Class Library
Product: Microsoft® .NET Framework
Company: Microsoft Corporation
OriginalFileName: mscorlib.dll
Hashes: SHA1=D0C40D928F13CF2F17741DAD44F8BA0045CAB6D2,MD5=1031BE45F7D69BA2F14CE068FFD33B25,SHA256=BC29F7D665E89E154B897FC1B122A91ADD9D74D5B4059B6BFF28CDE7D616E7CD,IMPHASH=00000000000000000000000000000000
Signed: true
Signature: Microsoft Corporation
SignatureStatus: Valid
User: DESKTOP-92IIJB9\Test"
Information,12/3/2023 8:35:15 PM,Microsoft-Windows-Sysmon,7,Image loaded (rule: ImageLoad),"Image loaded:
RuleName: technique_id=T1055,technique_name=Process Injection
UtcTime: 2023-12-04 04:35:15.225
ProcessGuid: {1ac2ee8c-5703-656d-d902-000000001000}
ProcessId: 7028
Image: C:\Windows\System32\WindowsPowerShell\v1.0\powershell.exe
ImageLoaded: C:\Windows\Microsoft.NET\Framework64\v4.0.30319\clr.dll
FileVersion: 4.8.9167.0 built by: NET481REL1LAST_B
Description: Microsoft .NET Runtime Common Language Runtime - WorkStation
Product: Microsoft® .NET Framework
Company: Microsoft Corporation
OriginalFileName: clr.dll
Hashes: SHA1=A77574470F744120D0AB5DD39A5D11D617FBEE31,MD5=6D8BC8BC19D5D926AF8FE4DC0D3DC071,SHA256=F5C68CED002FF441C7C5AA1083604FBA555E3D3CA6205E85E228009E59759313,IMPHASH=AB5E2E36C1E62672DDDD7B4D2E5D81D4
Signed: true
Signature: Microsoft Corporation
SignatureStatus: Valid
User: DESKTOP-92IIJB9\Test"
Information,12/3/2023 8:35:15 PM,Microsoft-Windows-Sysmon,7,Image loaded (rule: ImageLoad),"Image loaded:
RuleName: technique_id=T1055,technique_name=Process Injection
UtcTime: 2023-12-04 04:35:15.225
ProcessGuid: {1ac2ee8c-5703-656d-d902-000000001000}
ProcessId: 7028
Image: C:\Windows\System32\WindowsPowerShell\v1.0\powershell.exe
ImageLoaded: C:\Windows\Microsoft.NET\Framework64\v4.0.30319\mscoreei.dll
FileVersion: 4.8.9093.0 built by: NET481REL1LAST_C
Description: Microsoft .NET Runtime Execution Engine
Product: Microsoft® .NET Framework
Company: Microsoft Corporation
OriginalFileName: mscoreei.dll
Hashes: SHA1=2186F29C0312A9BE5B9D08BD3A95DFC14A7BB0A4,MD5=89AB48AC59F9E5302E10A6A2ED5E9F9E,SHA256=791E1A6F0C1024B2AC8142F0D85B25A7510B57606EF2D903289BE76970ADE9DD,IMPHASH=BDAAD270BEE58C9A3A7622CD1CA3EF79
Signed: true
Signature: Microsoft Corporation
SignatureStatus: Valid
User: DESKTOP-92IIJB9\Test"
Information,12/3/2023 8:35:15 PM,Microsoft-Windows-Sysmon,7,Image loaded (rule: ImageLoad),"Image loaded:
RuleName: technique_id=T1055,technique_name=Process Injection
UtcTime: 2023-12-04 04:35:15.209
ProcessGuid: {1ac2ee8c-5703-656d-d902-000000001000}
ProcessId: 7028
Image: C:\Windows\System32\WindowsPowerShell\v1.0\powershell.exe
ImageLoaded: C:\Windows\System32\mscoree.dll
FileVersion: 10.0.19041.1 (WinBuild.160101.0800)
Description: Microsoft .NET Runtime Execution Engine
Product: Microsoft® Windows® Operating System
Company: Microsoft Corporation
OriginalFileName: mscoree.dll
Hashes: SHA1=CFEF8F0BA040939B87B74F101970A6BBEB5DA15F,MD5=D5971EF71DE1BDD46D537203ABFCC756,SHA256=8828DE042D008783BA5B31C82935A3ED38D5996927C3399B3E1FC6FE723FC84E,IMPHASH=65F23EFA1EB51A5DAAB399BFAA840074
Signed: true
Signature: Microsoft Windows
SignatureStatus: Valid
User: DESKTOP-92IIJB9\Test"
Information,12/3/2023 8:35:15 PM,Microsoft-Windows-Sysmon,10,Process accessed (rule: ProcessAccess),"Process accessed:
RuleName: technique_id=T1055.001,technique_name=Dynamic-link Library Injection
UtcTime: 2023-12-04 04:35:15.193
SourceProcessGUID: {1ac2ee8c-5439-656d-4601-000000001000}
SourceProcessId: 3600
SourceThreadId: 8604
SourceImage: C:\Windows\System32\WindowsPowerShell\v1.0\powershell.exe
TargetProcessGUID: {1ac2ee8c-5703-656d-d902-000000001000}
TargetProcessId: 7028
TargetImage: C:\Windows\System32\WindowsPowerShell\v1.0\powershell.exe
GrantedAccess: 0x1FFFFF
CallTrace: C:\Windows\SYSTEM32\ntdll.dll+9e924|C:\Windows\System32\KERNELBASE.dll+5b473|C:\Windows\System32\KERNELBASE.dll+597e6|C:\Windows\System32\KERNEL32.DLL+1d334|C:\Windows\assembly\NativeImages_v4.0.30319_64\System\8ba31431f46342fbc94b91b95bc013cc\System.ni.dll+351226|C:\Windows\assembly\NativeImages_v4.0.30319_64\System\8ba31431f46342fbc94b91b95bc013cc\System.ni.dll+2b3bb9|C:\Windows\assembly\NativeImages_v4.0.30319_64\System\8ba31431f46342fbc94b91b95bc013cc\System.ni.dll+2b3529|UNKNOWN(00007FF96CAB2D25)
SourceUser: DESKTOP-92IIJB9\Test
TargetUser: DESKTOP-92IIJB9\Test"
Information,12/3/2023 8:35:15 PM,Microsoft-Windows-Sysmon,1,Process Create (rule: ProcessCreate),"Process Create:
RuleName: technique_id=T1059.001,technique_name=PowerShell
UtcTime: 2023-12-04 04:35:15.198
ProcessGuid: {1ac2ee8c-5703-656d-d902-000000001000}
ProcessId: 7028
Image: C:\Windows\System32\WindowsPowerShell\v1.0\powershell.exe
FileVersion: 10.0.19041.2913 (WinBuild.160101.0800)
Description: Windows PowerShell
Product: Microsoft® Windows® Operating System
Company: Microsoft Corporation
OriginalFileName: PowerShell.EXE
CommandLine: ""powershell.exe"" & {Copy-Item \""""$env:APPDATA\Opera Software\Opera Stable\Login Data\"""" -Destination \""""C:temp\..\ExternalPayloads\""""}
CurrentDirectory: C:\Users\Test\AppData\Local\Temp\
User: DESKTOP-92IIJB9\Test
LogonGuid: {1ac2ee8c-5412-656d-4c1f-130000000000}
LogonId: 0x131F4C
TerminalSessionId: 1
IntegrityLevel: High
Hashes: SHA1=EB39E26A364ECD0691A59FCEF61A90334112617E,MD5=BCF01E61144D6D6325650134823198B8,SHA256=B4E7BC24BF3F5C3DA2EB6E9EC5EC10F90099DEFA91B820F2F3FC70DD9E4785C4,IMPHASH=88CB9A420410BDA787E305B65518A934
ParentProcessGuid: {1ac2ee8c-5439-656d-4601-000000001000}
ParentProcessId: 3600
ParentImage: C:\Windows\System32\WindowsPowerShell\v1.0\powershell.exe
ParentCommandLine: ""C:\Windows\System32\WindowsPowerShell\v1.0\powershell.exe"" 
ParentUser: DESKTOP-92IIJB9\Test"
Information,12/3/2023 8:35:15 PM,Microsoft-Windows-Sysmon,13,Registry value set (rule: RegistryEvent),"Registry value set:
RuleName: -
EventType: SetValue
UtcTime: 2023-12-04 04:35:15.193
ProcessGuid: {1ac2ee8c-5439-656d-4601-000000001000}
ProcessId: 3600
Image: C:\Windows\System32\WindowsPowerShell\v1.0\powershell.exe
TargetObject: HKLM\System\CurrentControlSet\Services\bam\State\UserSettings\S-1-5-21-275153265-2143659952-3435977433-1001\\Device\HarddiskVolume2\Windows\System32\WindowsPowerShell\v1.0\powershell.exe
Details: Binary Data
User: DESKTOP-92IIJB9\Test"
Information,12/3/2023 8:35:15 PM,Microsoft-Windows-Sysmon,13,Registry value set (rule: RegistryEvent),"Registry value set:
RuleName: -
EventType: SetValue
UtcTime: 2023-12-04 04:35:15.006
ProcessGuid: {1ac2ee8c-5702-656d-d702-000000001000}
ProcessId: 5960
Image: C:\Windows\System32\WindowsPowerShell\v1.0\powershell.exe
TargetObject: HKLM\System\CurrentControlSet\Services\bam\State\UserSettings\S-1-5-21-275153265-2143659952-3435977433-1001\\Device\HarddiskVolume2\Windows\System32\WindowsPowerShell\v1.0\powershell.exe
Details: Binary Data
User: DESKTOP-92IIJB9\Test"
Information,12/3/2023 8:35:15 PM,Microsoft-Windows-Sysmon,11,File created (rule: FileCreate),"File created:
RuleName: -
UtcTime: 2023-12-04 04:35:15.006
ProcessGuid: {1ac2ee8c-5702-656d-d702-000000001000}
ProcessId: 5960
Image: C:\Windows\System32\WindowsPowerShell\v1.0\powershell.exe
TargetFilename: C:\Users\Test\AppData\Local\Microsoft\Windows\PowerShell\StartupProfileData-NonInteractive
CreationUtcTime: 2023-12-04 04:32:15.278
User: DESKTOP-92IIJB9\Test"
Information,12/3/2023 8:35:14 PM,Microsoft-Windows-Sysmon,7,Image loaded (rule: ImageLoad),"Image loaded:
RuleName: technique_id=T1574.002,technique_name=DLL Side-Loading
UtcTime: 2023-12-04 04:35:14.646
ProcessGuid: {1ac2ee8c-5702-656d-d702-000000001000}
ProcessId: 5960
Image: C:\Windows\System32\WindowsPowerShell\v1.0\powershell.exe
ImageLoaded: C:\ProgramData\Microsoft\Windows Defender\Platform\4.18.23100.2009-0\MpClient.dll
FileVersion: 4.18.23100.2009 (8fcbd1c22d82af16ba34560e1a70591413e88d17)
Description: Client Interface
Product: Microsoft® Windows® Operating System
Company: Microsoft Corporation
OriginalFileName: mpclient.dll
Hashes: SHA1=212A30C8880BB14FE79802A1B0492CAE21D1B736,MD5=F6241AA123B9835ADD945B91D3805629,SHA256=5CFA0ACF6BD10FBEB3DB7FB642AE68EBE9F9C01D9F49A6082D1432914E766C57,IMPHASH=B9FF20C6C7B890C0C363159B3EA2D8CC
Signed: true
Signature: Microsoft Windows
SignatureStatus: Valid
User: DESKTOP-92IIJB9\Test"
Information,12/3/2023 8:35:14 PM,Microsoft-Windows-Sysmon,17,Pipe Created (rule: PipeEvent),"Pipe Created:
RuleName: -
EventType: CreatePipe
UtcTime: 2023-12-04 04:35:14.225
ProcessGuid: {1ac2ee8c-5702-656d-d702-000000001000}
ProcessId: 5960
PipeName: \PSHost.133461381140153444.5960.DefaultAppDomain.powershell
Image: C:\Windows\System32\WindowsPowerShell\v1.0\powershell.exe
User: DESKTOP-92IIJB9\Test"
Information,12/3/2023 8:35:14 PM,Microsoft-Windows-Sysmon,26,File Delete logged (rule: FileDeleteDetected),"File Delete logged:
RuleName: -
UtcTime: 2023-12-04 04:35:14.131
ProcessGuid: {1ac2ee8c-5702-656d-d702-000000001000}
ProcessId: 5960
User: DESKTOP-92IIJB9\Test
Image: C:\Windows\System32\WindowsPowerShell\v1.0\powershell.exe
TargetFilename: C:\Users\Test\AppData\Local\Temp\__PSScriptPolicyTest_vkarca04.tfb.ps1
Hashes: SHA1=6AB83620379FC69F80C0242105DDFFD7D98D5D9D,MD5=D17FE0A3F47BE24A6453E9EF58C94641,SHA256=96AD1146EB96877EAB5942AE0736B82D8B5E2039A80D3D6932665C1A4C87DCF7,IMPHASH=00000000000000000000000000000000
IsExecutable: false"
Information,12/3/2023 8:35:14 PM,Microsoft-Windows-Sysmon,11,File created (rule: FileCreate),"File created:
RuleName: technique_id=T1059.001,technique_name=PowerShell
UtcTime: 2023-12-04 04:35:14.099
ProcessGuid: {1ac2ee8c-5702-656d-d702-000000001000}
ProcessId: 5960
Image: C:\Windows\System32\WindowsPowerShell\v1.0\powershell.exe
TargetFilename: C:\Users\Test\AppData\Local\Temp\__PSScriptPolicyTest_vkarca04.tfb.ps1
CreationUtcTime: 2023-12-04 04:35:14.099
User: DESKTOP-92IIJB9\Test"
Information,12/3/2023 8:35:14 PM,Microsoft-Windows-Sysmon,7,Image loaded (rule: ImageLoad),"Image loaded:
RuleName: technique_id=T1574.002,technique_name=DLL Side-Loading
UtcTime: 2023-12-04 04:35:14.084
ProcessGuid: {1ac2ee8c-5702-656d-d702-000000001000}
ProcessId: 5960
Image: C:\Windows\System32\WindowsPowerShell\v1.0\powershell.exe
ImageLoaded: C:\ProgramData\Microsoft\Windows Defender\Platform\4.18.23100.2009-0\MpOAV.dll
FileVersion: 4.18.23100.2009 (8fcbd1c22d82af16ba34560e1a70591413e88d17)
Description: IOfficeAntiVirus Module
Product: Microsoft® Windows® Operating System
Company: Microsoft Corporation
OriginalFileName: MpOAV.dll
Hashes: SHA1=E5E75A15EE46E0968665FF180C34880E163F27F0,MD5=E8EA978A581E6C3A616E69939CB2F5F3,SHA256=077043850436F281BB354D03A7F33042543E7C2BF4F46A865BAE60F37D8DEBDB,IMPHASH=28D3DE166C9E9C46DC0EA2089E2AC74E
Signed: true
Signature: Microsoft Windows
SignatureStatus: Valid
User: DESKTOP-92IIJB9\Test"
Information,12/3/2023 8:35:14 PM,Microsoft-Windows-Sysmon,7,Image loaded (rule: ImageLoad),"Image loaded:
RuleName: technique_id=T1055,technique_name=Process Injection
UtcTime: 2023-12-04 04:35:14.053
ProcessGuid: {1ac2ee8c-5702-656d-d702-000000001000}
ProcessId: 5960
Image: C:\Windows\System32\WindowsPowerShell\v1.0\powershell.exe
ImageLoaded: C:\Windows\Microsoft.NET\Framework64\v4.0.30319\clrjit.dll
FileVersion: 4.8.9167.0 built by: NET481REL1LAST_B
Description: Microsoft .NET Runtime Just-In-Time Compiler
Product: Microsoft® .NET Framework
Company: Microsoft Corporation
OriginalFileName: clrjit.dll
Hashes: SHA1=7DCB8796F45514DD3F5CD55302B041319814A755,MD5=7412728F1DC9015FC4CC18AC6052B330,SHA256=001D135E1066C1BFAE80D33F15636206E2F81AF5A92D99F1335DE2E30D2561BA,IMPHASH=E20BEEF68C4C15FC6DC00AEDFC450D3C
Signed: true
Signature: Microsoft Corporation
SignatureStatus: Valid
User: DESKTOP-92IIJB9\Test"
Information,12/3/2023 8:35:14 PM,Microsoft-Windows-Sysmon,7,Image loaded (rule: ImageLoad),"Image loaded:
RuleName: technique_id=T1055,technique_name=Process Injection
UtcTime: 2023-12-04 04:35:14.053
ProcessGuid: {1ac2ee8c-5702-656d-d702-000000001000}
ProcessId: 5960
Image: C:\Windows\System32\WindowsPowerShell\v1.0\powershell.exe
ImageLoaded: C:\Windows\Microsoft.NET\Framework64\v4.0.30319\NativeImages\mscorlib.ni.dll
FileVersion: 4.8.9167.0 built by: NET481REL1LAST_B
Description: Microsoft Common Language Runtime Class Library
Product: Microsoft® .NET Framework
Company: Microsoft Corporation
OriginalFileName: mscorlib.dll
Hashes: SHA1=D0C40D928F13CF2F17741DAD44F8BA0045CAB6D2,MD5=1031BE45F7D69BA2F14CE068FFD33B25,SHA256=BC29F7D665E89E154B897FC1B122A91ADD9D74D5B4059B6BFF28CDE7D616E7CD,IMPHASH=00000000000000000000000000000000
Signed: true
Signature: Microsoft Corporation
SignatureStatus: Valid
User: DESKTOP-92IIJB9\Test"
Information,12/3/2023 8:35:14 PM,Microsoft-Windows-Sysmon,7,Image loaded (rule: ImageLoad),"Image loaded:
RuleName: technique_id=T1055,technique_name=Process Injection
UtcTime: 2023-12-04 04:35:14.037
ProcessGuid: {1ac2ee8c-5702-656d-d702-000000001000}
ProcessId: 5960
Image: C:\Windows\System32\WindowsPowerShell\v1.0\powershell.exe
ImageLoaded: C:\Windows\Microsoft.NET\Framework64\v4.0.30319\clr.dll
FileVersion: 4.8.9167.0 built by: NET481REL1LAST_B
Description: Microsoft .NET Runtime Common Language Runtime - WorkStation
Product: Microsoft® .NET Framework
Company: Microsoft Corporation
OriginalFileName: clr.dll
Hashes: SHA1=A77574470F744120D0AB5DD39A5D11D617FBEE31,MD5=6D8BC8BC19D5D926AF8FE4DC0D3DC071,SHA256=F5C68CED002FF441C7C5AA1083604FBA555E3D3CA6205E85E228009E59759313,IMPHASH=AB5E2E36C1E62672DDDD7B4D2E5D81D4
Signed: true
Signature: Microsoft Corporation
SignatureStatus: Valid
User: DESKTOP-92IIJB9\Test"
Information,12/3/2023 8:35:14 PM,Microsoft-Windows-Sysmon,7,Image loaded (rule: ImageLoad),"Image loaded:
RuleName: technique_id=T1055,technique_name=Process Injection
UtcTime: 2023-12-04 04:35:14.037
ProcessGuid: {1ac2ee8c-5702-656d-d702-000000001000}
ProcessId: 5960
Image: C:\Windows\System32\WindowsPowerShell\v1.0\powershell.exe
ImageLoaded: C:\Windows\Microsoft.NET\Framework64\v4.0.30319\mscoreei.dll
FileVersion: 4.8.9093.0 built by: NET481REL1LAST_C
Description: Microsoft .NET Runtime Execution Engine
Product: Microsoft® .NET Framework
Company: Microsoft Corporation
OriginalFileName: mscoreei.dll
Hashes: SHA1=2186F29C0312A9BE5B9D08BD3A95DFC14A7BB0A4,MD5=89AB48AC59F9E5302E10A6A2ED5E9F9E,SHA256=791E1A6F0C1024B2AC8142F0D85B25A7510B57606EF2D903289BE76970ADE9DD,IMPHASH=BDAAD270BEE58C9A3A7622CD1CA3EF79
Signed: true
Signature: Microsoft Corporation
SignatureStatus: Valid
User: DESKTOP-92IIJB9\Test"
Information,12/3/2023 8:35:14 PM,Microsoft-Windows-Sysmon,7,Image loaded (rule: ImageLoad),"Image loaded:
RuleName: technique_id=T1055,technique_name=Process Injection
UtcTime: 2023-12-04 04:35:14.037
ProcessGuid: {1ac2ee8c-5702-656d-d702-000000001000}
ProcessId: 5960
Image: C:\Windows\System32\WindowsPowerShell\v1.0\powershell.exe
ImageLoaded: C:\Windows\System32\mscoree.dll
FileVersion: 10.0.19041.1 (WinBuild.160101.0800)
Description: Microsoft .NET Runtime Execution Engine
Product: Microsoft® Windows® Operating System
Company: Microsoft Corporation
OriginalFileName: mscoree.dll
Hashes: SHA1=CFEF8F0BA040939B87B74F101970A6BBEB5DA15F,MD5=D5971EF71DE1BDD46D537203ABFCC756,SHA256=8828DE042D008783BA5B31C82935A3ED38D5996927C3399B3E1FC6FE723FC84E,IMPHASH=65F23EFA1EB51A5DAAB399BFAA840074
Signed: true
Signature: Microsoft Windows
SignatureStatus: Valid
User: DESKTOP-92IIJB9\Test"
Information,12/3/2023 8:35:14 PM,Microsoft-Windows-Sysmon,10,Process accessed (rule: ProcessAccess),"Process accessed:
RuleName: technique_id=T1055.001,technique_name=Dynamic-link Library Injection
UtcTime: 2023-12-04 04:35:14.006
SourceProcessGUID: {1ac2ee8c-5439-656d-4601-000000001000}
SourceProcessId: 3600
SourceThreadId: 8604
SourceImage: C:\Windows\System32\WindowsPowerShell\v1.0\powershell.exe
TargetProcessGUID: {1ac2ee8c-5702-656d-d702-000000001000}
TargetProcessId: 5960
TargetImage: C:\Windows\System32\WindowsPowerShell\v1.0\powershell.exe
GrantedAccess: 0x1FFFFF
CallTrace: C:\Windows\SYSTEM32\ntdll.dll+9e924|C:\Windows\System32\KERNELBASE.dll+5b473|C:\Windows\System32\KERNELBASE.dll+597e6|C:\Windows\System32\KERNEL32.DLL+1d334|C:\Windows\assembly\NativeImages_v4.0.30319_64\System\8ba31431f46342fbc94b91b95bc013cc\System.ni.dll+351226|C:\Windows\assembly\NativeImages_v4.0.30319_64\System\8ba31431f46342fbc94b91b95bc013cc\System.ni.dll+2b3bb9|C:\Windows\assembly\NativeImages_v4.0.30319_64\System\8ba31431f46342fbc94b91b95bc013cc\System.ni.dll+2b3529|UNKNOWN(00007FF96CAB2D25)
SourceUser: DESKTOP-92IIJB9\Test
TargetUser: DESKTOP-92IIJB9\Test"
Information,12/3/2023 8:35:14 PM,Microsoft-Windows-Sysmon,1,Process Create (rule: ProcessCreate),"Process Create:
RuleName: technique_id=T1059.001,technique_name=PowerShell
UtcTime: 2023-12-04 04:35:14.015
ProcessGuid: {1ac2ee8c-5702-656d-d702-000000001000}
ProcessId: 5960
Image: C:\Windows\System32\WindowsPowerShell\v1.0\powershell.exe
FileVersion: 10.0.19041.2913 (WinBuild.160101.0800)
Description: Windows PowerShell
Product: Microsoft® Windows® Operating System
Company: Microsoft Corporation
OriginalFileName: PowerShell.EXE
CommandLine: ""powershell.exe"" & {Copy-Item \""""$env:LOCALAPPDATA\Google\Chrome\User Data\Default\Login Data\"""" -Destination \""""C:temp\..\ExternalPayloads\""""
Copy-Item \""""$env:LOCALAPPDATA\Google\Chrome\User Data\Default\Login Data For Account\"""" -Destination \""""C:temp\..\ExternalPayloads\""""}
CurrentDirectory: C:\Users\Test\AppData\Local\Temp\
User: DESKTOP-92IIJB9\Test
LogonGuid: {1ac2ee8c-5412-656d-4c1f-130000000000}
LogonId: 0x131F4C
TerminalSessionId: 1
IntegrityLevel: High
Hashes: SHA1=EB39E26A364ECD0691A59FCEF61A90334112617E,MD5=BCF01E61144D6D6325650134823198B8,SHA256=B4E7BC24BF3F5C3DA2EB6E9EC5EC10F90099DEFA91B820F2F3FC70DD9E4785C4,IMPHASH=88CB9A420410BDA787E305B65518A934
ParentProcessGuid: {1ac2ee8c-5439-656d-4601-000000001000}
ParentProcessId: 3600
ParentImage: C:\Windows\System32\WindowsPowerShell\v1.0\powershell.exe
ParentCommandLine: ""C:\Windows\System32\WindowsPowerShell\v1.0\powershell.exe"" 
ParentUser: DESKTOP-92IIJB9\Test"
Information,12/3/2023 8:35:14 PM,Microsoft-Windows-Sysmon,13,Registry value set (rule: RegistryEvent),"Registry value set:
RuleName: -
EventType: SetValue
UtcTime: 2023-12-04 04:35:14.006
ProcessGuid: {1ac2ee8c-5439-656d-4601-000000001000}
ProcessId: 3600
Image: C:\Windows\System32\WindowsPowerShell\v1.0\powershell.exe
TargetObject: HKLM\System\CurrentControlSet\Services\bam\State\UserSettings\S-1-5-21-275153265-2143659952-3435977433-1001\\Device\HarddiskVolume2\Windows\System32\WindowsPowerShell\v1.0\powershell.exe
Details: Binary Data
User: DESKTOP-92IIJB9\Test"
Information,12/3/2023 8:35:13 PM,Microsoft-Windows-Sysmon,10,Process accessed (rule: ProcessAccess),"Process accessed:
RuleName: technique_id=T1055.001,technique_name=Dynamic-link Library Injection
UtcTime: 2023-12-04 04:35:13.787
SourceProcessGUID: {1ac2ee8c-5439-656d-4601-000000001000}
SourceProcessId: 3600
SourceThreadId: 8604
SourceImage: C:\Windows\System32\WindowsPowerShell\v1.0\powershell.exe
TargetProcessGUID: {1ac2ee8c-5701-656d-d502-000000001000}
TargetProcessId: 8840
TargetImage: C:\Windows\system32\cmd.exe
GrantedAccess: 0x1FFFFF
CallTrace: C:\Windows\SYSTEM32\ntdll.dll+9e924|C:\Windows\System32\KERNELBASE.dll+5b473|C:\Windows\System32\KERNELBASE.dll+597e6|C:\Windows\System32\KERNEL32.DLL+1d334|C:\Windows\assembly\NativeImages_v4.0.30319_64\System\8ba31431f46342fbc94b91b95bc013cc\System.ni.dll+351226|C:\Windows\assembly\NativeImages_v4.0.30319_64\System\8ba31431f46342fbc94b91b95bc013cc\System.ni.dll+2b3bb9|C:\Windows\assembly\NativeImages_v4.0.30319_64\System\8ba31431f46342fbc94b91b95bc013cc\System.ni.dll+2b3529|UNKNOWN(00007FF96CAB2D25)
SourceUser: DESKTOP-92IIJB9\Test
TargetUser: DESKTOP-92IIJB9\Test"
Information,12/3/2023 8:35:13 PM,Microsoft-Windows-Sysmon,1,Process Create (rule: ProcessCreate),"Process Create:
RuleName: technique_id=T1059.003,technique_name=Windows Command Shell
UtcTime: 2023-12-04 04:35:13.819
ProcessGuid: {1ac2ee8c-5701-656d-d502-000000001000}
ProcessId: 8840
Image: C:\Windows\System32\cmd.exe
FileVersion: 10.0.19041.746 (WinBuild.160101.0800)
Description: Windows Command Processor
Product: Microsoft® Windows® Operating System
Company: Microsoft Corporation
OriginalFileName: Cmd.Exe
CommandLine: ""cmd.exe"" /c ""C:temp\bin\LaZagne.exe"" browsers
CurrentDirectory: C:\Users\Test\AppData\Local\Temp\
User: DESKTOP-92IIJB9\Test
LogonGuid: {1ac2ee8c-5412-656d-4c1f-130000000000}
LogonId: 0x131F4C
TerminalSessionId: 1
IntegrityLevel: High
Hashes: SHA1=F1EFB0FDDC156E4C61C5F78A54700E4E7984D55D,MD5=8A2122E8162DBEF04694B9C3E0B6CDEE,SHA256=B99D61D874728EDC0918CA0EB10EAB93D381E7367E377406E65963366C874450,IMPHASH=272245E2988E1E430500B852C4FB5E18
ParentProcessGuid: {1ac2ee8c-5439-656d-4601-000000001000}
ParentProcessId: 3600
ParentImage: C:\Windows\System32\WindowsPowerShell\v1.0\powershell.exe
ParentCommandLine: ""C:\Windows\System32\WindowsPowerShell\v1.0\powershell.exe"" 
ParentUser: DESKTOP-92IIJB9\Test"
Information,12/3/2023 8:35:13 PM,Microsoft-Windows-Sysmon,13,Registry value set (rule: RegistryEvent),"Registry value set:
RuleName: -
EventType: SetValue
UtcTime: 2023-12-04 04:35:13.646
ProcessGuid: {1ac2ee8c-5700-656d-d302-000000001000}
ProcessId: 4840
Image: C:\Windows\System32\WindowsPowerShell\v1.0\powershell.exe
TargetObject: HKLM\System\CurrentControlSet\Services\bam\State\UserSettings\S-1-5-21-275153265-2143659952-3435977433-1001\\Device\HarddiskVolume2\Windows\System32\WindowsPowerShell\v1.0\powershell.exe
Details: Binary Data
User: DESKTOP-92IIJB9\Test"
Information,12/3/2023 8:35:13 PM,Microsoft-Windows-Sysmon,11,File created (rule: FileCreate),"File created:
RuleName: -
UtcTime: 2023-12-04 04:35:13.646
ProcessGuid: {1ac2ee8c-5700-656d-d302-000000001000}
ProcessId: 4840
Image: C:\Windows\System32\WindowsPowerShell\v1.0\powershell.exe
TargetFilename: C:\Users\Test\AppData\Local\Microsoft\Windows\PowerShell\StartupProfileData-NonInteractive
CreationUtcTime: 2023-12-04 04:32:15.278
User: DESKTOP-92IIJB9\Test"
Information,12/3/2023 8:35:13 PM,Microsoft-Windows-Sysmon,7,Image loaded (rule: ImageLoad),"Image loaded:
RuleName: technique_id=T1574.002,technique_name=DLL Side-Loading
UtcTime: 2023-12-04 04:35:13.084
ProcessGuid: {1ac2ee8c-5700-656d-d302-000000001000}
ProcessId: 4840
Image: C:\Windows\System32\WindowsPowerShell\v1.0\powershell.exe
ImageLoaded: C:\ProgramData\Microsoft\Windows Defender\Platform\4.18.23100.2009-0\MpClient.dll
FileVersion: 4.18.23100.2009 (8fcbd1c22d82af16ba34560e1a70591413e88d17)
Description: Client Interface
Product: Microsoft® Windows® Operating System
Company: Microsoft Corporation
OriginalFileName: mpclient.dll
Hashes: SHA1=212A30C8880BB14FE79802A1B0492CAE21D1B736,MD5=F6241AA123B9835ADD945B91D3805629,SHA256=5CFA0ACF6BD10FBEB3DB7FB642AE68EBE9F9C01D9F49A6082D1432914E766C57,IMPHASH=B9FF20C6C7B890C0C363159B3EA2D8CC
Signed: true
Signature: Microsoft Windows
SignatureStatus: Valid
User: DESKTOP-92IIJB9\Test"
Information,12/3/2023 8:35:12 PM,Microsoft-Windows-Sysmon,17,Pipe Created (rule: PipeEvent),"Pipe Created:
RuleName: -
EventType: CreatePipe
UtcTime: 2023-12-04 04:35:12.740
ProcessGuid: {1ac2ee8c-5700-656d-d302-000000001000}
ProcessId: 4840
PipeName: \PSHost.133461381125370334.4840.DefaultAppDomain.powershell
Image: C:\Windows\System32\WindowsPowerShell\v1.0\powershell.exe
User: DESKTOP-92IIJB9\Test"
Information,12/3/2023 8:35:12 PM,Microsoft-Windows-Sysmon,26,File Delete logged (rule: FileDeleteDetected),"File Delete logged:
RuleName: -
UtcTime: 2023-12-04 04:35:12.662
ProcessGuid: {1ac2ee8c-5700-656d-d302-000000001000}
ProcessId: 4840
User: DESKTOP-92IIJB9\Test
Image: C:\Windows\System32\WindowsPowerShell\v1.0\powershell.exe
TargetFilename: C:\Users\Test\AppData\Local\Temp\__PSScriptPolicyTest_114lrlcz.4xe.ps1
Hashes: SHA1=6AB83620379FC69F80C0242105DDFFD7D98D5D9D,MD5=D17FE0A3F47BE24A6453E9EF58C94641,SHA256=96AD1146EB96877EAB5942AE0736B82D8B5E2039A80D3D6932665C1A4C87DCF7,IMPHASH=00000000000000000000000000000000
IsExecutable: false"
Information,12/3/2023 8:35:12 PM,Microsoft-Windows-Sysmon,11,File created (rule: FileCreate),"File created:
RuleName: technique_id=T1059.001,technique_name=PowerShell
UtcTime: 2023-12-04 04:35:12.647
ProcessGuid: {1ac2ee8c-5700-656d-d302-000000001000}
ProcessId: 4840
Image: C:\Windows\System32\WindowsPowerShell\v1.0\powershell.exe
TargetFilename: C:\Users\Test\AppData\Local\Temp\__PSScriptPolicyTest_114lrlcz.4xe.ps1
CreationUtcTime: 2023-12-04 04:35:12.647
User: DESKTOP-92IIJB9\Test"
Information,12/3/2023 8:35:12 PM,Microsoft-Windows-Sysmon,7,Image loaded (rule: ImageLoad),"Image loaded:
RuleName: technique_id=T1574.002,technique_name=DLL Side-Loading
UtcTime: 2023-12-04 04:35:12.600
ProcessGuid: {1ac2ee8c-5700-656d-d302-000000001000}
ProcessId: 4840
Image: C:\Windows\System32\WindowsPowerShell\v1.0\powershell.exe
ImageLoaded: C:\ProgramData\Microsoft\Windows Defender\Platform\4.18.23100.2009-0\MpOAV.dll
FileVersion: 4.18.23100.2009 (8fcbd1c22d82af16ba34560e1a70591413e88d17)
Description: IOfficeAntiVirus Module
Product: Microsoft® Windows® Operating System
Company: Microsoft Corporation
OriginalFileName: MpOAV.dll
Hashes: SHA1=E5E75A15EE46E0968665FF180C34880E163F27F0,MD5=E8EA978A581E6C3A616E69939CB2F5F3,SHA256=077043850436F281BB354D03A7F33042543E7C2BF4F46A865BAE60F37D8DEBDB,IMPHASH=28D3DE166C9E9C46DC0EA2089E2AC74E
Signed: true
Signature: Microsoft Windows
SignatureStatus: Valid
User: DESKTOP-92IIJB9\Test"
Information,12/3/2023 8:35:12 PM,Microsoft-Windows-Sysmon,7,Image loaded (rule: ImageLoad),"Image loaded:
RuleName: technique_id=T1055,technique_name=Process Injection
UtcTime: 2023-12-04 04:35:12.584
ProcessGuid: {1ac2ee8c-5700-656d-d302-000000001000}
ProcessId: 4840
Image: C:\Windows\System32\WindowsPowerShell\v1.0\powershell.exe
ImageLoaded: C:\Windows\Microsoft.NET\Framework64\v4.0.30319\clrjit.dll
FileVersion: 4.8.9167.0 built by: NET481REL1LAST_B
Description: Microsoft .NET Runtime Just-In-Time Compiler
Product: Microsoft® .NET Framework
Company: Microsoft Corporation
OriginalFileName: clrjit.dll
Hashes: SHA1=7DCB8796F45514DD3F5CD55302B041319814A755,MD5=7412728F1DC9015FC4CC18AC6052B330,SHA256=001D135E1066C1BFAE80D33F15636206E2F81AF5A92D99F1335DE2E30D2561BA,IMPHASH=E20BEEF68C4C15FC6DC00AEDFC450D3C
Signed: true
Signature: Microsoft Corporation
SignatureStatus: Valid
User: DESKTOP-92IIJB9\Test"
Information,12/3/2023 8:35:12 PM,Microsoft-Windows-Sysmon,7,Image loaded (rule: ImageLoad),"Image loaded:
RuleName: technique_id=T1055,technique_name=Process Injection
UtcTime: 2023-12-04 04:35:12.568
ProcessGuid: {1ac2ee8c-5700-656d-d302-000000001000}
ProcessId: 4840
Image: C:\Windows\System32\WindowsPowerShell\v1.0\powershell.exe
ImageLoaded: C:\Windows\Microsoft.NET\Framework64\v4.0.30319\NativeImages\mscorlib.ni.dll
FileVersion: 4.8.9167.0 built by: NET481REL1LAST_B
Description: Microsoft Common Language Runtime Class Library
Product: Microsoft® .NET Framework
Company: Microsoft Corporation
OriginalFileName: mscorlib.dll
Hashes: SHA1=D0C40D928F13CF2F17741DAD44F8BA0045CAB6D2,MD5=1031BE45F7D69BA2F14CE068FFD33B25,SHA256=BC29F7D665E89E154B897FC1B122A91ADD9D74D5B4059B6BFF28CDE7D616E7CD,IMPHASH=00000000000000000000000000000000
Signed: true
Signature: Microsoft Corporation
SignatureStatus: Valid
User: DESKTOP-92IIJB9\Test"
Information,12/3/2023 8:35:12 PM,Microsoft-Windows-Sysmon,7,Image loaded (rule: ImageLoad),"Image loaded:
RuleName: technique_id=T1055,technique_name=Process Injection
UtcTime: 2023-12-04 04:35:12.568
ProcessGuid: {1ac2ee8c-5700-656d-d302-000000001000}
ProcessId: 4840
Image: C:\Windows\System32\WindowsPowerShell\v1.0\powershell.exe
ImageLoaded: C:\Windows\Microsoft.NET\Framework64\v4.0.30319\clr.dll
FileVersion: 4.8.9167.0 built by: NET481REL1LAST_B
Description: Microsoft .NET Runtime Common Language Runtime - WorkStation
Product: Microsoft® .NET Framework
Company: Microsoft Corporation
OriginalFileName: clr.dll
Hashes: SHA1=A77574470F744120D0AB5DD39A5D11D617FBEE31,MD5=6D8BC8BC19D5D926AF8FE4DC0D3DC071,SHA256=F5C68CED002FF441C7C5AA1083604FBA555E3D3CA6205E85E228009E59759313,IMPHASH=AB5E2E36C1E62672DDDD7B4D2E5D81D4
Signed: true
Signature: Microsoft Corporation
SignatureStatus: Valid
User: DESKTOP-92IIJB9\Test"
Information,12/3/2023 8:35:12 PM,Microsoft-Windows-Sysmon,7,Image loaded (rule: ImageLoad),"Image loaded:
RuleName: technique_id=T1055,technique_name=Process Injection
UtcTime: 2023-12-04 04:35:12.568
ProcessGuid: {1ac2ee8c-5700-656d-d302-000000001000}
ProcessId: 4840
Image: C:\Windows\System32\WindowsPowerShell\v1.0\powershell.exe
ImageLoaded: C:\Windows\Microsoft.NET\Framework64\v4.0.30319\mscoreei.dll
FileVersion: 4.8.9093.0 built by: NET481REL1LAST_C
Description: Microsoft .NET Runtime Execution Engine
Product: Microsoft® .NET Framework
Company: Microsoft Corporation
OriginalFileName: mscoreei.dll
Hashes: SHA1=2186F29C0312A9BE5B9D08BD3A95DFC14A7BB0A4,MD5=89AB48AC59F9E5302E10A6A2ED5E9F9E,SHA256=791E1A6F0C1024B2AC8142F0D85B25A7510B57606EF2D903289BE76970ADE9DD,IMPHASH=BDAAD270BEE58C9A3A7622CD1CA3EF79
Signed: true
Signature: Microsoft Corporation
SignatureStatus: Valid
User: DESKTOP-92IIJB9\Test"
Information,12/3/2023 8:35:12 PM,Microsoft-Windows-Sysmon,7,Image loaded (rule: ImageLoad),"Image loaded:
RuleName: technique_id=T1055,technique_name=Process Injection
UtcTime: 2023-12-04 04:35:12.553
ProcessGuid: {1ac2ee8c-5700-656d-d302-000000001000}
ProcessId: 4840
Image: C:\Windows\System32\WindowsPowerShell\v1.0\powershell.exe
ImageLoaded: C:\Windows\System32\mscoree.dll
FileVersion: 10.0.19041.1 (WinBuild.160101.0800)
Description: Microsoft .NET Runtime Execution Engine
Product: Microsoft® Windows® Operating System
Company: Microsoft Corporation
OriginalFileName: mscoree.dll
Hashes: SHA1=CFEF8F0BA040939B87B74F101970A6BBEB5DA15F,MD5=D5971EF71DE1BDD46D537203ABFCC756,SHA256=8828DE042D008783BA5B31C82935A3ED38D5996927C3399B3E1FC6FE723FC84E,IMPHASH=65F23EFA1EB51A5DAAB399BFAA840074
Signed: true
Signature: Microsoft Windows
SignatureStatus: Valid
User: DESKTOP-92IIJB9\Test"
Information,12/3/2023 8:35:12 PM,Microsoft-Windows-Sysmon,10,Process accessed (rule: ProcessAccess),"Process accessed:
RuleName: technique_id=T1055.001,technique_name=Dynamic-link Library Injection
UtcTime: 2023-12-04 04:35:12.537
SourceProcessGUID: {1ac2ee8c-5439-656d-4601-000000001000}
SourceProcessId: 3600
SourceThreadId: 8604
SourceImage: C:\Windows\System32\WindowsPowerShell\v1.0\powershell.exe
TargetProcessGUID: {1ac2ee8c-5700-656d-d302-000000001000}
TargetProcessId: 4840
TargetImage: C:\Windows\System32\WindowsPowerShell\v1.0\powershell.exe
GrantedAccess: 0x1FFFFF
CallTrace: C:\Windows\SYSTEM32\ntdll.dll+9e924|C:\Windows\System32\KERNELBASE.dll+5b473|C:\Windows\System32\KERNELBASE.dll+597e6|C:\Windows\System32\KERNEL32.DLL+1d334|C:\Windows\assembly\NativeImages_v4.0.30319_64\System\8ba31431f46342fbc94b91b95bc013cc\System.ni.dll+351226|C:\Windows\assembly\NativeImages_v4.0.30319_64\System\8ba31431f46342fbc94b91b95bc013cc\System.ni.dll+2b3bb9|C:\Windows\assembly\NativeImages_v4.0.30319_64\System\8ba31431f46342fbc94b91b95bc013cc\System.ni.dll+2b3529|UNKNOWN(00007FF96CAB2D25)
SourceUser: DESKTOP-92IIJB9\Test
TargetUser: DESKTOP-92IIJB9\Test"
Information,12/3/2023 8:35:12 PM,Microsoft-Windows-Sysmon,1,Process Create (rule: ProcessCreate),"Process Create:
RuleName: technique_id=T1083,technique_name=File and Directory Discovery
UtcTime: 2023-12-04 04:35:12.537
ProcessGuid: {1ac2ee8c-5700-656d-d302-000000001000}
ProcessId: 4840
Image: C:\Windows\System32\WindowsPowerShell\v1.0\powershell.exe
FileVersion: 10.0.19041.2913 (WinBuild.160101.0800)
Description: Windows PowerShell
Product: Microsoft® Windows® Operating System
Company: Microsoft Corporation
OriginalFileName: PowerShell.EXE
CommandLine: ""powershell.exe"" & {Set-Location -path \""""C:temp\..\ExternalPayloads\Sysinternals\"""";
./accesschk.exe -accepteula .;}
CurrentDirectory: C:\Users\Test\AppData\Local\Temp\
User: DESKTOP-92IIJB9\Test
LogonGuid: {1ac2ee8c-5412-656d-4c1f-130000000000}
LogonId: 0x131F4C
TerminalSessionId: 1
IntegrityLevel: High
Hashes: SHA1=EB39E26A364ECD0691A59FCEF61A90334112617E,MD5=BCF01E61144D6D6325650134823198B8,SHA256=B4E7BC24BF3F5C3DA2EB6E9EC5EC10F90099DEFA91B820F2F3FC70DD9E4785C4,IMPHASH=88CB9A420410BDA787E305B65518A934
ParentProcessGuid: {1ac2ee8c-5439-656d-4601-000000001000}
ParentProcessId: 3600
ParentImage: C:\Windows\System32\WindowsPowerShell\v1.0\powershell.exe
ParentCommandLine: ""C:\Windows\System32\WindowsPowerShell\v1.0\powershell.exe"" 
ParentUser: DESKTOP-92IIJB9\Test"
Information,12/3/2023 8:35:12 PM,Microsoft-Windows-Sysmon,13,Registry value set (rule: RegistryEvent),"Registry value set:
RuleName: -
EventType: SetValue
UtcTime: 2023-12-04 04:35:12.537
ProcessGuid: {1ac2ee8c-5439-656d-4601-000000001000}
ProcessId: 3600
Image: C:\Windows\System32\WindowsPowerShell\v1.0\powershell.exe
TargetObject: HKLM\System\CurrentControlSet\Services\bam\State\UserSettings\S-1-5-21-275153265-2143659952-3435977433-1001\\Device\HarddiskVolume2\Windows\System32\WindowsPowerShell\v1.0\powershell.exe
Details: Binary Data
User: DESKTOP-92IIJB9\Test"
Information,12/3/2023 8:35:12 PM,Microsoft-Windows-Sysmon,10,Process accessed (rule: ProcessAccess),"Process accessed:
RuleName: technique_id=T1055.001,technique_name=Dynamic-link Library Injection
UtcTime: 2023-12-04 04:35:12.318
SourceProcessGUID: {1ac2ee8c-5439-656d-4601-000000001000}
SourceProcessId: 3600
SourceThreadId: 8604
SourceImage: C:\Windows\System32\WindowsPowerShell\v1.0\powershell.exe
TargetProcessGUID: {1ac2ee8c-5700-656d-d202-000000001000}
TargetProcessId: 4568
TargetImage: C:\Windows\system32\whoami.exe
GrantedAccess: 0x1FFFFF
CallTrace: C:\Windows\SYSTEM32\ntdll.dll+9e924|C:\Windows\System32\KERNELBASE.dll+5b473|C:\Windows\System32\KERNELBASE.dll+597e6|C:\Windows\System32\KERNEL32.DLL+1d334|C:\Windows\assembly\NativeImages_v4.0.30319_64\System\8ba31431f46342fbc94b91b95bc013cc\System.ni.dll+351226|C:\Windows\assembly\NativeImages_v4.0.30319_64\System\8ba31431f46342fbc94b91b95bc013cc\System.ni.dll+2b3bb9|C:\Windows\assembly\NativeImages_v4.0.30319_64\System\8ba31431f46342fbc94b91b95bc013cc\System.ni.dll+2b3529|UNKNOWN(00007FF96BE308D4)
SourceUser: DESKTOP-92IIJB9\Test
TargetUser: DESKTOP-92IIJB9\Test"
Information,12/3/2023 8:35:12 PM,Microsoft-Windows-Sysmon,1,Process Create (rule: ProcessCreate),"Process Create:
RuleName: technique_id=T1033,technique_name=System Owner/User Discovery
UtcTime: 2023-12-04 04:35:12.329
ProcessGuid: {1ac2ee8c-5700-656d-d202-000000001000}
ProcessId: 4568
Image: C:\Windows\System32\whoami.exe
FileVersion: 10.0.19041.1 (WinBuild.160101.0800)
Description: whoami - displays logged on user information
Product: Microsoft® Windows® Operating System
Company: Microsoft Corporation
OriginalFileName: whoami.exe
CommandLine: ""C:\Windows\system32\whoami.exe""
CurrentDirectory: C:\Users\Test\Desktop\
User: DESKTOP-92IIJB9\Test
LogonGuid: {1ac2ee8c-5412-656d-4c1f-130000000000}
LogonId: 0x131F4C
TerminalSessionId: 1
IntegrityLevel: High
Hashes: SHA1=1915FBFDB73FDD200C47880247ACDDE5442431A9,MD5=A4A6924F3EAF97981323703D38FD99C4,SHA256=1D4902A04D99E8CCBFE7085E63155955FEE397449D386453F6C452AE407B8743,IMPHASH=7FF0758B766F747CE57DFAC70743FB88
ParentProcessGuid: {1ac2ee8c-5439-656d-4601-000000001000}
ParentProcessId: 3600
ParentImage: C:\Windows\System32\WindowsPowerShell\v1.0\powershell.exe
ParentCommandLine: ""C:\Windows\System32\WindowsPowerShell\v1.0\powershell.exe"" 
ParentUser: DESKTOP-92IIJB9\Test"
Information,12/3/2023 8:35:12 PM,Microsoft-Windows-Sysmon,10,Process accessed (rule: ProcessAccess),"Process accessed:
RuleName: technique_id=T1055.001,technique_name=Dynamic-link Library Injection
UtcTime: 2023-12-04 04:35:12.303
SourceProcessGUID: {1ac2ee8c-5439-656d-4601-000000001000}
SourceProcessId: 3600
SourceThreadId: 8604
SourceImage: C:\Windows\System32\WindowsPowerShell\v1.0\powershell.exe
TargetProcessGUID: {1ac2ee8c-5700-656d-d102-000000001000}
TargetProcessId: 4444
TargetImage: C:\Windows\system32\HOSTNAME.EXE
GrantedAccess: 0x1FFFFF
CallTrace: C:\Windows\SYSTEM32\ntdll.dll+9e924|C:\Windows\System32\KERNELBASE.dll+5b473|C:\Windows\System32\KERNELBASE.dll+597e6|C:\Windows\System32\KERNEL32.DLL+1d334|C:\Windows\assembly\NativeImages_v4.0.30319_64\System\8ba31431f46342fbc94b91b95bc013cc\System.ni.dll+351226|C:\Windows\assembly\NativeImages_v4.0.30319_64\System\8ba31431f46342fbc94b91b95bc013cc\System.ni.dll+2b3bb9|C:\Windows\assembly\NativeImages_v4.0.30319_64\System\8ba31431f46342fbc94b91b95bc013cc\System.ni.dll+2b3529|UNKNOWN(00007FF96BE308D4)
SourceUser: DESKTOP-92IIJB9\Test
TargetUser: DESKTOP-92IIJB9\Test"
