{"RuleName": "-", "UtcTime": "2023-12-09 16:36:17.336", "ProcessGuid": "{9613fa45-9781-6574-3104-000000000100}", "ProcessId": "3136", "Image": "C:\\Windows\\System32\\conhost.exe", "FileVersion": "10.0.19041.1566 (WinBuild.160101.0800)", "Description": "Console Window Host", "Product": "Microsoft\u00ae Windows\u00ae Operating System", "Company": "Microsoft Corporation", "OriginalFileName": "CONHOST.EXE", "CommandLine": "\\??\\C:\\Windows\\system32\\conhost.exe 0xffffffff -ForceV1", "CurrentDirectory": "C:\\Windows", "User": "DAVE-PC-TOP-SEC\\lg", "LogonGuid": "{9613fa45-ef53-6500-99ba-010000000000}", "LogonId": "0x000000000001ba99", "TerminalSessionId": "1", "IntegrityLevel": "Medium", "Hashes": "SHA1=52A7274A0B4F9493632060FE25993A2EF24FE827", "ParentProcessGuid": "{9613fa45-9781-6574-3004-000000000100}", "ParentProcessId": "4460", "ParentImage": "C:\\Windows\\SysWOW64\\wevtutil.exe", "ParentCommandLine": "\"wevtutil.exe\" cl Microsoft-Windows-Kernel-File/Analytic"}
{"RuleName": "-", "UtcTime": "2023-12-09 16:36:17.346", "ProcessGuid": "{9613fa45-9781-6574-3004-000000000100}", "ProcessId": "4460", "Image": "C:\\Windows\\SysWOW64\\wevtutil.exe"}
{"RuleName": "-", "UtcTime": "2023-12-09 16:36:17.346", "ProcessGuid": "{9613fa45-9781-6574-3104-000000000100}", "ProcessId": "3136", "Image": "C:\\Windows\\System32\\conhost.exe"}
{"RuleName": "-", "UtcTime": "2023-12-09 16:36:17.427", "ProcessGuid": "{9613fa45-9781-6574-3204-000000000100}", "ProcessId": "7092", "Image": "C:\\Windows\\SysWOW64\\wevtutil.exe", "FileVersion": "10.0.19041.1202 (WinBuild.160101.0800)", "Description": "Eventing Command Line Utility", "Product": "Microsoft\u00ae Windows\u00ae Operating System", "Company": "Microsoft Corporation", "OriginalFileName": "wevtutil.exe", "CommandLine": "\"wevtutil.exe\" cl Microsoft-Windows-Kernel-IO/Operational", "CurrentDirectory": "C:\\Users\\lg\\Desktop\\", "User": "DAVE-PC-TOP-SEC\\lg", "LogonGuid": "{9613fa45-ef53-6500-99ba-010000000000}", "LogonId": "0x000000000001ba99", "TerminalSessionId": "1", "IntegrityLevel": "Medium", "Hashes": "SHA1=71F511BF104A6B088EAB0F3D3E1F90FA6911AA39", "ParentProcessGuid": "{9613fa45-9741-6574-bc00-000000000100}", "ParentProcessId": "8148", "ParentImage": "C:\\Users\\lg\\Desktop\\ClearLogs.exe", "ParentCommandLine": "\"C:\\Users\\lg\\Desktop\\ClearLogs.exe\" "}
{"RuleName": "-", "UtcTime": "2023-12-09 16:36:17.429", "ProcessGuid": "{9613fa45-9781-6574-3304-000000000100}", "ProcessId": "6276", "Image": "C:\\Windows\\System32\\conhost.exe", "FileVersion": "10.0.19041.1566 (WinBuild.160101.0800)", "Description": "Console Window Host", "Product": "Microsoft\u00ae Windows\u00ae Operating System", "Company": "Microsoft Corporation", "OriginalFileName": "CONHOST.EXE", "CommandLine": "\\??\\C:\\Windows\\system32\\conhost.exe 0xffffffff -ForceV1", "CurrentDirectory": "C:\\Windows", "User": "DAVE-PC-TOP-SEC\\lg", "LogonGuid": "{9613fa45-ef53-6500-99ba-010000000000}", "LogonId": "0x000000000001ba99", "TerminalSessionId": "1", "IntegrityLevel": "Medium", "Hashes": "SHA1=52A7274A0B4F9493632060FE25993A2EF24FE827", "ParentProcessGuid": "{9613fa45-9781-6574-3204-000000000100}", "ParentProcessId": "7092", "ParentImage": "C:\\Windows\\SysWOW64\\wevtutil.exe", "ParentCommandLine": "\"wevtutil.exe\" cl Microsoft-Windows-Kernel-IO/Operational"}
{"RuleName": "-", "UtcTime": "2023-12-09 16:36:17.439", "ProcessGuid": "{9613fa45-9781-6574-3204-000000000100}", "ProcessId": "7092", "Image": "C:\\Windows\\SysWOW64\\wevtutil.exe"}
{"RuleName": "-", "UtcTime": "2023-12-09 16:36:17.439", "ProcessGuid": "{9613fa45-9781-6574-3304-000000000100}", "ProcessId": "6276", "Image": "C:\\Windows\\System32\\conhost.exe"}
{"RuleName": "-", "UtcTime": "2023-12-09 16:36:17.521", "ProcessGuid": "{9613fa45-9781-6574-3404-000000000100}", "ProcessId": "5804", "Image": "C:\\Windows\\SysWOW64\\wevtutil.exe", "FileVersion": "10.0.19041.1202 (WinBuild.160101.0800)", "Description": "Eventing Command Line Utility", "Product": "Microsoft\u00ae Windows\u00ae Operating System", "Company": "Microsoft Corporation", "OriginalFileName": "wevtutil.exe", "CommandLine": "\"wevtutil.exe\" cl Microsoft-Windows-Kernel-Interrupt-Steering/Diagnostic", "CurrentDirectory": "C:\\Users\\lg\\Desktop\\", "User": "DAVE-PC-TOP-SEC\\lg", "LogonGuid": "{9613fa45-ef53-6500-99ba-010000000000}", "LogonId": "0x000000000001ba99", "TerminalSessionId": "1", "IntegrityLevel": "Medium", "Hashes": "SHA1=71F511BF104A6B088EAB0F3D3E1F90FA6911AA39", "ParentProcessGuid": "{9613fa45-9741-6574-bc00-000000000100}", "ParentProcessId": "8148", "ParentImage": "C:\\Users\\lg\\Desktop\\ClearLogs.exe", "ParentCommandLine": "\"C:\\Users\\lg\\Desktop\\ClearLogs.exe\" "}
{"RuleName": "-", "UtcTime": "2023-12-09 16:36:17.523", "ProcessGuid": "{9613fa45-9781-6574-3504-000000000100}", "ProcessId": "6224", "Image": "C:\\Windows\\System32\\conhost.exe", "FileVersion": "10.0.19041.1566 (WinBuild.160101.0800)", "Description": "Console Window Host", "Product": "Microsoft\u00ae Windows\u00ae Operating System", "Company": "Microsoft Corporation", "OriginalFileName": "CONHOST.EXE", "CommandLine": "\\??\\C:\\Windows\\system32\\conhost.exe 0xffffffff -ForceV1", "CurrentDirectory": "C:\\Windows", "User": "DAVE-PC-TOP-SEC\\lg", "LogonGuid": "{9613fa45-ef53-6500-99ba-010000000000}", "LogonId": "0x000000000001ba99", "TerminalSessionId": "1", "IntegrityLevel": "Medium", "Hashes": "SHA1=52A7274A0B4F9493632060FE25993A2EF24FE827", "ParentProcessGuid": "{9613fa45-9781-6574-3404-000000000100}", "ParentProcessId": "5804", "ParentImage": "C:\\Windows\\SysWOW64\\wevtutil.exe", "ParentCommandLine": "\"wevtutil.exe\" cl Microsoft-Windows-Kernel-Interrupt-Steering/Diagnostic"}
{"RuleName": "-", "UtcTime": "2023-12-09 16:36:17.533", "ProcessGuid": "{9613fa45-9781-6574-3404-000000000100}", "ProcessId": "5804", "Image": "C:\\Windows\\SysWOW64\\wevtutil.exe"}
{"RuleName": "-", "UtcTime": "2023-12-09 16:36:17.533", "ProcessGuid": "{9613fa45-9781-6574-3504-000000000100}", "ProcessId": "6224", "Image": "C:\\Windows\\System32\\conhost.exe"}
{"RuleName": "-", "UtcTime": "2023-12-09 16:36:17.600", "ProcessGuid": "{9613fa45-9781-6574-3604-000000000100}", "ProcessId": "4760", "Image": "C:\\Windows\\SysWOW64\\wevtutil.exe", "FileVersion": "10.0.19041.1202 (WinBuild.160101.0800)", "Description": "Eventing Command Line Utility", "Product": "Microsoft\u00ae Windows\u00ae Operating System", "Company": "Microsoft Corporation", "OriginalFileName": "wevtutil.exe", "CommandLine": "\"wevtutil.exe\" cl Microsoft-Windows-Kernel-IoTrace/Diagnostic", "CurrentDirectory": "C:\\Users\\lg\\Desktop\\", "User": "DAVE-PC-TOP-SEC\\lg", "LogonGuid": "{9613fa45-ef53-6500-99ba-010000000000}", "LogonId": "0x000000000001ba99", "TerminalSessionId": "1", "IntegrityLevel": "Medium", "Hashes": "SHA1=71F511BF104A6B088EAB0F3D3E1F90FA6911AA39", "ParentProcessGuid": "{9613fa45-9741-6574-bc00-000000000100}", "ParentProcessId": "8148", "ParentImage": "C:\\Users\\lg\\Desktop\\ClearLogs.exe", "ParentCommandLine": "\"C:\\Users\\lg\\Desktop\\ClearLogs.exe\" "}
{"RuleName": "-", "UtcTime": "2023-12-09 16:36:17.602", "ProcessGuid": "{9613fa45-9781-6574-3704-000000000100}", "ProcessId": "3632", "Image": "C:\\Windows\\System32\\conhost.exe", "FileVersion": "10.0.19041.1566 (WinBuild.160101.0800)", "Description": "Console Window Host", "Product": "Microsoft\u00ae Windows\u00ae Operating System", "Company": "Microsoft Corporation", "OriginalFileName": "CONHOST.EXE", "CommandLine": "\\??\\C:\\Windows\\system32\\conhost.exe 0xffffffff -ForceV1", "CurrentDirectory": "C:\\Windows", "User": "DAVE-PC-TOP-SEC\\lg", "LogonGuid": "{9613fa45-ef53-6500-99ba-010000000000}", "LogonId": "0x000000000001ba99", "TerminalSessionId": "1", "IntegrityLevel": "Medium", "Hashes": "SHA1=52A7274A0B4F9493632060FE25993A2EF24FE827", "ParentProcessGuid": "{9613fa45-9781-6574-3604-000000000100}", "ParentProcessId": "4760", "ParentImage": "C:\\Windows\\SysWOW64\\wevtutil.exe", "ParentCommandLine": "\"wevtutil.exe\" cl Microsoft-Windows-Kernel-IoTrace/Diagnostic"}
{"RuleName": "-", "UtcTime": "2023-12-09 16:36:17.611", "ProcessGuid": "{9613fa45-9781-6574-3604-000000000100}", "ProcessId": "4760", "Image": "C:\\Windows\\SysWOW64\\wevtutil.exe"}
{"RuleName": "-", "UtcTime": "2023-12-09 16:36:17.611", "ProcessGuid": "{9613fa45-9781-6574-3704-000000000100}", "ProcessId": "3632", "Image": "C:\\Windows\\System32\\conhost.exe"}
{"RuleName": "-", "UtcTime": "2023-12-09 16:36:17.677", "ProcessGuid": "{9613fa45-9781-6574-3804-000000000100}", "ProcessId": "5996", "Image": "C:\\Windows\\SysWOW64\\wevtutil.exe", "FileVersion": "10.0.19041.1202 (WinBuild.160101.0800)", "Description": "Eventing Command Line Utility", "Product": "Microsoft\u00ae Windows\u00ae Operating System", "Company": "Microsoft Corporation", "OriginalFileName": "wevtutil.exe", "CommandLine": "\"wevtutil.exe\" cl Microsoft-Windows-Kernel-LiveDump/Analytic", "CurrentDirectory": "C:\\Users\\lg\\Desktop\\", "User": "DAVE-PC-TOP-SEC\\lg", "LogonGuid": "{9613fa45-ef53-6500-99ba-010000000000}", "LogonId": "0x000000000001ba99", "TerminalSessionId": "1", "IntegrityLevel": "Medium", "Hashes": "SHA1=71F511BF104A6B088EAB0F3D3E1F90FA6911AA39", "ParentProcessGuid": "{9613fa45-9741-6574-bc00-000000000100}", "ParentProcessId": "8148", "ParentImage": "C:\\Users\\lg\\Desktop\\ClearLogs.exe", "ParentCommandLine": "\"C:\\Users\\lg\\Desktop\\ClearLogs.exe\" "}
{"RuleName": "-", "UtcTime": "2023-12-09 16:36:17.680", "ProcessGuid": "{9613fa45-9781-6574-3904-000000000100}", "ProcessId": "1608", "Image": "C:\\Windows\\System32\\conhost.exe", "FileVersion": "10.0.19041.1566 (WinBuild.160101.0800)", "Description": "Console Window Host", "Product": "Microsoft\u00ae Windows\u00ae Operating System", "Company": "Microsoft Corporation", "OriginalFileName": "CONHOST.EXE", "CommandLine": "\\??\\C:\\Windows\\system32\\conhost.exe 0xffffffff -ForceV1", "CurrentDirectory": "C:\\Windows", "User": "DAVE-PC-TOP-SEC\\lg", "LogonGuid": "{9613fa45-ef53-6500-99ba-010000000000}", "LogonId": "0x000000000001ba99", "TerminalSessionId": "1", "IntegrityLevel": "Medium", "Hashes": "SHA1=52A7274A0B4F9493632060FE25993A2EF24FE827", "ParentProcessGuid": "{9613fa45-9781-6574-3804-000000000100}", "ParentProcessId": "5996", "ParentImage": "C:\\Windows\\SysWOW64\\wevtutil.exe", "ParentCommandLine": "\"wevtutil.exe\" cl Microsoft-Windows-Kernel-LiveDump/Analytic"}
{"RuleName": "-", "UtcTime": "2023-12-09 16:36:17.689", "ProcessGuid": "{9613fa45-9781-6574-3804-000000000100}", "ProcessId": "5996", "Image": "C:\\Windows\\SysWOW64\\wevtutil.exe"}
{"RuleName": "-", "UtcTime": "2023-12-09 16:36:17.689", "ProcessGuid": "{9613fa45-9781-6574-3904-000000000100}", "ProcessId": "1608", "Image": "C:\\Windows\\System32\\conhost.exe"}
{"RuleName": "-", "UtcTime": "2023-12-09 16:36:17.804", "ProcessGuid": "{9613fa45-9781-6574-3a04-000000000100}", "ProcessId": "3140", "Image": "C:\\Windows\\SysWOW64\\wevtutil.exe", "FileVersion": "10.0.19041.1202 (WinBuild.160101.0800)", "Description": "Eventing Command Line Utility", "Product": "Microsoft\u00ae Windows\u00ae Operating System", "Company": "Microsoft Corporation", "OriginalFileName": "wevtutil.exe", "CommandLine": "\"wevtutil.exe\" cl Microsoft-Windows-Kernel-LiveDump/Operational", "CurrentDirectory": "C:\\Users\\lg\\Desktop\\", "User": "DAVE-PC-TOP-SEC\\lg", "LogonGuid": "{9613fa45-ef53-6500-99ba-010000000000}", "LogonId": "0x000000000001ba99", "TerminalSessionId": "1", "IntegrityLevel": "Medium", "Hashes": "SHA1=71F511BF104A6B088EAB0F3D3E1F90FA6911AA39", "ParentProcessGuid": "{9613fa45-9741-6574-bc00-000000000100}", "ParentProcessId": "8148", "ParentImage": "C:\\Users\\lg\\Desktop\\ClearLogs.exe", "ParentCommandLine": "\"C:\\Users\\lg\\Desktop\\ClearLogs.exe\" "}
{"RuleName": "-", "UtcTime": "2023-12-09 16:36:17.806", "ProcessGuid": "{9613fa45-9781-6574-3b04-000000000100}", "ProcessId": "4340", "Image": "C:\\Windows\\System32\\conhost.exe", "FileVersion": "10.0.19041.1566 (WinBuild.160101.0800)", "Description": "Console Window Host", "Product": "Microsoft\u00ae Windows\u00ae Operating System", "Company": "Microsoft Corporation", "OriginalFileName": "CONHOST.EXE", "CommandLine": "\\??\\C:\\Windows\\system32\\conhost.exe 0xffffffff -ForceV1", "CurrentDirectory": "C:\\Windows", "User": "DAVE-PC-TOP-SEC\\lg", "LogonGuid": "{9613fa45-ef53-6500-99ba-010000000000}", "LogonId": "0x000000000001ba99", "TerminalSessionId": "1", "IntegrityLevel": "Medium", "Hashes": "SHA1=52A7274A0B4F9493632060FE25993A2EF24FE827", "ParentProcessGuid": "{9613fa45-9781-6574-3a04-000000000100}", "ParentProcessId": "3140", "ParentImage": "C:\\Windows\\SysWOW64\\wevtutil.exe", "ParentCommandLine": "\"wevtutil.exe\" cl Microsoft-Windows-Kernel-LiveDump/Operational"}
{"RuleName": "-", "UtcTime": "2023-12-09 16:36:17.815", "ProcessGuid": "{9613fa45-9781-6574-3a04-000000000100}", "ProcessId": "3140", "Image": "C:\\Windows\\SysWOW64\\wevtutil.exe"}
{"RuleName": "-", "UtcTime": "2023-12-09 16:36:17.815", "ProcessGuid": "{9613fa45-9781-6574-3b04-000000000100}", "ProcessId": "4340", "Image": "C:\\Windows\\System32\\conhost.exe"}
{"RuleName": "-", "UtcTime": "2023-12-09 16:36:17.896", "ProcessGuid": "{9613fa45-9781-6574-3c04-000000000100}", "ProcessId": "7124", "Image": "C:\\Windows\\SysWOW64\\wevtutil.exe", "FileVersion": "10.0.19041.1202 (WinBuild.160101.0800)", "Description": "Eventing Command Line Utility", "Product": "Microsoft\u00ae Windows\u00ae Operating System", "Company": "Microsoft Corporation", "OriginalFileName": "wevtutil.exe", "CommandLine": "\"wevtutil.exe\" cl Microsoft-Windows-Kernel-Memory/Analytic", "CurrentDirectory": "C:\\Users\\lg\\Desktop\\", "User": "DAVE-PC-TOP-SEC\\lg", "LogonGuid": "{9613fa45-ef53-6500-99ba-010000000000}", "LogonId": "0x000000000001ba99", "TerminalSessionId": "1", "IntegrityLevel": "Medium", "Hashes": "SHA1=71F511BF104A6B088EAB0F3D3E1F90FA6911AA39", "ParentProcessGuid": "{9613fa45-9741-6574-bc00-000000000100}", "ParentProcessId": "8148", "ParentImage": "C:\\Users\\lg\\Desktop\\ClearLogs.exe", "ParentCommandLine": "\"C:\\Users\\lg\\Desktop\\ClearLogs.exe\" "}
{"RuleName": "-", "UtcTime": "2023-12-09 16:36:17.899", "ProcessGuid": "{9613fa45-9781-6574-3d04-000000000100}", "ProcessId": "3416", "Image": "C:\\Windows\\System32\\conhost.exe", "FileVersion": "10.0.19041.1566 (WinBuild.160101.0800)", "Description": "Console Window Host", "Product": "Microsoft\u00ae Windows\u00ae Operating System", "Company": "Microsoft Corporation", "OriginalFileName": "CONHOST.EXE", "CommandLine": "\\??\\C:\\Windows\\system32\\conhost.exe 0xffffffff -ForceV1", "CurrentDirectory": "C:\\Windows", "User": "DAVE-PC-TOP-SEC\\lg", "LogonGuid": "{9613fa45-ef53-6500-99ba-010000000000}", "LogonId": "0x000000000001ba99", "TerminalSessionId": "1", "IntegrityLevel": "Medium", "Hashes": "SHA1=52A7274A0B4F9493632060FE25993A2EF24FE827", "ParentProcessGuid": "{9613fa45-9781-6574-3c04-000000000100}", "ParentProcessId": "7124", "ParentImage": "C:\\Windows\\SysWOW64\\wevtutil.exe", "ParentCommandLine": "\"wevtutil.exe\" cl Microsoft-Windows-Kernel-Memory/Analytic"}
{"RuleName": "-", "UtcTime": "2023-12-09 16:36:17.907", "ProcessGuid": "{9613fa45-9781-6574-3c04-000000000100}", "ProcessId": "7124", "Image": "C:\\Windows\\SysWOW64\\wevtutil.exe"}
{"RuleName": "-", "UtcTime": "2023-12-09 16:36:17.907", "ProcessGuid": "{9613fa45-9781-6574-3d04-000000000100}", "ProcessId": "3416", "Image": "C:\\Windows\\System32\\conhost.exe"}
{"RuleName": "-", "UtcTime": "2023-12-09 16:36:17.974", "ProcessGuid": "{9613fa45-9781-6574-3e04-000000000100}", "ProcessId": "5144", "Image": "C:\\Windows\\SysWOW64\\wevtutil.exe", "FileVersion": "10.0.19041.1202 (WinBuild.160101.0800)", "Description": "Eventing Command Line Utility", "Product": "Microsoft\u00ae Windows\u00ae Operating System", "Company": "Microsoft Corporation", "OriginalFileName": "wevtutil.exe", "CommandLine": "\"wevtutil.exe\" cl Microsoft-Windows-Kernel-Network/Analytic", "CurrentDirectory": "C:\\Users\\lg\\Desktop\\", "User": "DAVE-PC-TOP-SEC\\lg", "LogonGuid": "{9613fa45-ef53-6500-99ba-010000000000}", "LogonId": "0x000000000001ba99", "TerminalSessionId": "1", "IntegrityLevel": "Medium", "Hashes": "SHA1=71F511BF104A6B088EAB0F3D3E1F90FA6911AA39", "ParentProcessGuid": "{9613fa45-9741-6574-bc00-000000000100}", "ParentProcessId": "8148", "ParentImage": "C:\\Users\\lg\\Desktop\\ClearLogs.exe", "ParentCommandLine": "\"C:\\Users\\lg\\Desktop\\ClearLogs.exe\" "}
{"RuleName": "-", "UtcTime": "2023-12-09 16:36:17.976", "ProcessGuid": "{9613fa45-9781-6574-3f04-000000000100}", "ProcessId": "5220", "Image": "C:\\Windows\\System32\\conhost.exe", "FileVersion": "10.0.19041.1566 (WinBuild.160101.0800)", "Description": "Console Window Host", "Product": "Microsoft\u00ae Windows\u00ae Operating System", "Company": "Microsoft Corporation", "OriginalFileName": "CONHOST.EXE", "CommandLine": "\\??\\C:\\Windows\\system32\\conhost.exe 0xffffffff -ForceV1", "CurrentDirectory": "C:\\Windows", "User": "DAVE-PC-TOP-SEC\\lg", "LogonGuid": "{9613fa45-ef53-6500-99ba-010000000000}", "LogonId": "0x000000000001ba99", "TerminalSessionId": "1", "IntegrityLevel": "Medium", "Hashes": "SHA1=52A7274A0B4F9493632060FE25993A2EF24FE827", "ParentProcessGuid": "{9613fa45-9781-6574-3e04-000000000100}", "ParentProcessId": "5144", "ParentImage": "C:\\Windows\\SysWOW64\\wevtutil.exe", "ParentCommandLine": "\"wevtutil.exe\" cl Microsoft-Windows-Kernel-Network/Analytic"}
{"RuleName": "-", "UtcTime": "2023-12-09 16:36:17.986", "ProcessGuid": "{9613fa45-9781-6574-3e04-000000000100}", "ProcessId": "5144", "Image": "C:\\Windows\\SysWOW64\\wevtutil.exe"}
{"RuleName": "-", "UtcTime": "2023-12-09 16:36:17.986", "ProcessGuid": "{9613fa45-9781-6574-3f04-000000000100}", "ProcessId": "5220", "Image": "C:\\Windows\\System32\\conhost.exe"}
{"RuleName": "-", "UtcTime": "2023-12-09 16:36:18.053", "ProcessGuid": "{9613fa45-9782-6574-4004-000000000100}", "ProcessId": "5212", "Image": "C:\\Windows\\SysWOW64\\wevtutil.exe", "FileVersion": "10.0.19041.1202 (WinBuild.160101.0800)", "Description": "Eventing Command Line Utility", "Product": "Microsoft\u00ae Windows\u00ae Operating System", "Company": "Microsoft Corporation", "OriginalFileName": "wevtutil.exe", "CommandLine": "\"wevtutil.exe\" cl Microsoft-Windows-Kernel-Pdc/Diagnostic", "CurrentDirectory": "C:\\Users\\lg\\Desktop\\", "User": "DAVE-PC-TOP-SEC\\lg", "LogonGuid": "{9613fa45-ef53-6500-99ba-010000000000}", "LogonId": "0x000000000001ba99", "TerminalSessionId": "1", "IntegrityLevel": "Medium", "Hashes": "SHA1=71F511BF104A6B088EAB0F3D3E1F90FA6911AA39", "ParentProcessGuid": "{9613fa45-9741-6574-bc00-000000000100}", "ParentProcessId": "8148", "ParentImage": "C:\\Users\\lg\\Desktop\\ClearLogs.exe", "ParentCommandLine": "\"C:\\Users\\lg\\Desktop\\ClearLogs.exe\" "}
{"RuleName": "-", "UtcTime": "2023-12-09 16:36:18.055", "ProcessGuid": "{9613fa45-9782-6574-4104-000000000100}", "ProcessId": "6776", "Image": "C:\\Windows\\System32\\conhost.exe", "FileVersion": "10.0.19041.1566 (WinBuild.160101.0800)", "Description": "Console Window Host", "Product": "Microsoft\u00ae Windows\u00ae Operating System", "Company": "Microsoft Corporation", "OriginalFileName": "CONHOST.EXE", "CommandLine": "\\??\\C:\\Windows\\system32\\conhost.exe 0xffffffff -ForceV1", "CurrentDirectory": "C:\\Windows", "User": "DAVE-PC-TOP-SEC\\lg", "LogonGuid": "{9613fa45-ef53-6500-99ba-010000000000}", "LogonId": "0x000000000001ba99", "TerminalSessionId": "1", "IntegrityLevel": "Medium", "Hashes": "SHA1=52A7274A0B4F9493632060FE25993A2EF24FE827", "ParentProcessGuid": "{9613fa45-9782-6574-4004-000000000100}", "ParentProcessId": "5212", "ParentImage": "C:\\Windows\\SysWOW64\\wevtutil.exe", "ParentCommandLine": "\"wevtutil.exe\" cl Microsoft-Windows-Kernel-Pdc/Diagnostic"}
{"RuleName": "-", "UtcTime": "2023-12-09 16:36:18.064", "ProcessGuid": "{9613fa45-9782-6574-4004-000000000100}", "ProcessId": "5212", "Image": "C:\\Windows\\SysWOW64\\wevtutil.exe"}
{"RuleName": "-", "UtcTime": "2023-12-09 16:36:18.064", "ProcessGuid": "{9613fa45-9782-6574-4104-000000000100}", "ProcessId": "6776", "Image": "C:\\Windows\\System32\\conhost.exe"}
{"RuleName": "-", "UtcTime": "2023-12-09 16:36:18.130", "ProcessGuid": "{9613fa45-9782-6574-4204-000000000100}", "ProcessId": "6460", "Image": "C:\\Windows\\SysWOW64\\wevtutil.exe", "FileVersion": "10.0.19041.1202 (WinBuild.160101.0800)", "Description": "Eventing Command Line Utility", "Product": "Microsoft\u00ae Windows\u00ae Operating System", "Company": "Microsoft Corporation", "OriginalFileName": "wevtutil.exe", "CommandLine": "\"wevtutil.exe\" cl Microsoft-Windows-Kernel-Pep/Diagnostic", "CurrentDirectory": "C:\\Users\\lg\\Desktop\\", "User": "DAVE-PC-TOP-SEC\\lg", "LogonGuid": "{9613fa45-ef53-6500-99ba-010000000000}", "LogonId": "0x000000000001ba99", "TerminalSessionId": "1", "IntegrityLevel": "Medium", "Hashes": "SHA1=71F511BF104A6B088EAB0F3D3E1F90FA6911AA39", "ParentProcessGuid": "{9613fa45-9741-6574-bc00-000000000100}", "ParentProcessId": "8148", "ParentImage": "C:\\Users\\lg\\Desktop\\ClearLogs.exe", "ParentCommandLine": "\"C:\\Users\\lg\\Desktop\\ClearLogs.exe\" "}
{"RuleName": "-", "UtcTime": "2023-12-09 16:36:18.133", "ProcessGuid": "{9613fa45-9782-6574-4304-000000000100}", "ProcessId": "2184", "Image": "C:\\Windows\\System32\\conhost.exe", "FileVersion": "10.0.19041.1566 (WinBuild.160101.0800)", "Description": "Console Window Host", "Product": "Microsoft\u00ae Windows\u00ae Operating System", "Company": "Microsoft Corporation", "OriginalFileName": "CONHOST.EXE", "CommandLine": "\\??\\C:\\Windows\\system32\\conhost.exe 0xffffffff -ForceV1", "CurrentDirectory": "C:\\Windows", "User": "DAVE-PC-TOP-SEC\\lg", "LogonGuid": "{9613fa45-ef53-6500-99ba-010000000000}", "LogonId": "0x000000000001ba99", "TerminalSessionId": "1", "IntegrityLevel": "Medium", "Hashes": "SHA1=52A7274A0B4F9493632060FE25993A2EF24FE827", "ParentProcessGuid": "{9613fa45-9782-6574-4204-000000000100}", "ParentProcessId": "6460", "ParentImage": "C:\\Windows\\SysWOW64\\wevtutil.exe", "ParentCommandLine": "\"wevtutil.exe\" cl Microsoft-Windows-Kernel-Pep/Diagnostic"}
{"RuleName": "-", "UtcTime": "2023-12-09 16:36:18.142", "ProcessGuid": "{9613fa45-9782-6574-4204-000000000100}", "ProcessId": "6460", "Image": "C:\\Windows\\SysWOW64\\wevtutil.exe"}
{"RuleName": "-", "UtcTime": "2023-12-09 16:36:18.142", "ProcessGuid": "{9613fa45-9782-6574-4304-000000000100}", "ProcessId": "2184", "Image": "C:\\Windows\\System32\\conhost.exe"}
{"RuleName": "-", "UtcTime": "2023-12-09 16:36:18.208", "ProcessGuid": "{9613fa45-9782-6574-4404-000000000100}", "ProcessId": "7056", "Image": "C:\\Windows\\SysWOW64\\wevtutil.exe", "FileVersion": "10.0.19041.1202 (WinBuild.160101.0800)", "Description": "Eventing Command Line Utility", "Product": "Microsoft\u00ae Windows\u00ae Operating System", "Company": "Microsoft Corporation", "OriginalFileName": "wevtutil.exe", "CommandLine": "\"wevtutil.exe\" cl Microsoft-Windows-Kernel-PnP/Boot Diagnostic", "CurrentDirectory": "C:\\Users\\lg\\Desktop\\", "User": "DAVE-PC-TOP-SEC\\lg", "LogonGuid": "{9613fa45-ef53-6500-99ba-010000000000}", "LogonId": "0x000000000001ba99", "TerminalSessionId": "1", "IntegrityLevel": "Medium", "Hashes": "SHA1=71F511BF104A6B088EAB0F3D3E1F90FA6911AA39", "ParentProcessGuid": "{9613fa45-9741-6574-bc00-000000000100}", "ParentProcessId": "8148", "ParentImage": "C:\\Users\\lg\\Desktop\\ClearLogs.exe", "ParentCommandLine": "\"C:\\Users\\lg\\Desktop\\ClearLogs.exe\" "}
{"RuleName": "-", "UtcTime": "2023-12-09 16:36:18.211", "ProcessGuid": "{9613fa45-9782-6574-4504-000000000100}", "ProcessId": "6148", "Image": "C:\\Windows\\System32\\conhost.exe", "FileVersion": "10.0.19041.1566 (WinBuild.160101.0800)", "Description": "Console Window Host", "Product": "Microsoft\u00ae Windows\u00ae Operating System", "Company": "Microsoft Corporation", "OriginalFileName": "CONHOST.EXE", "CommandLine": "\\??\\C:\\Windows\\system32\\conhost.exe 0xffffffff -ForceV1", "CurrentDirectory": "C:\\Windows", "User": "DAVE-PC-TOP-SEC\\lg", "LogonGuid": "{9613fa45-ef53-6500-99ba-010000000000}", "LogonId": "0x000000000001ba99", "TerminalSessionId": "1", "IntegrityLevel": "Medium", "Hashes": "SHA1=52A7274A0B4F9493632060FE25993A2EF24FE827", "ParentProcessGuid": "{9613fa45-9782-6574-4404-000000000100}", "ParentProcessId": "7056", "ParentImage": "C:\\Windows\\SysWOW64\\wevtutil.exe", "ParentCommandLine": "\"wevtutil.exe\" cl Microsoft-Windows-Kernel-PnP/Boot Diagnostic"}
{"RuleName": "-", "UtcTime": "2023-12-09 16:36:18.220", "ProcessGuid": "{9613fa45-9782-6574-4404-000000000100}", "ProcessId": "7056", "Image": "C:\\Windows\\SysWOW64\\wevtutil.exe"}
{"RuleName": "-", "UtcTime": "2023-12-09 16:36:18.220", "ProcessGuid": "{9613fa45-9782-6574-4504-000000000100}", "ProcessId": "6148", "Image": "C:\\Windows\\System32\\conhost.exe"}
{"RuleName": "-", "UtcTime": "2023-12-09 16:36:18.287", "ProcessGuid": "{9613fa45-9782-6574-4604-000000000100}", "ProcessId": "3984", "Image": "C:\\Windows\\SysWOW64\\wevtutil.exe", "FileVersion": "10.0.19041.1202 (WinBuild.160101.0800)", "Description": "Eventing Command Line Utility", "Product": "Microsoft\u00ae Windows\u00ae Operating System", "Company": "Microsoft Corporation", "OriginalFileName": "wevtutil.exe", "CommandLine": "\"wevtutil.exe\" cl Microsoft-Windows-Kernel-PnP/Configuration", "CurrentDirectory": "C:\\Users\\lg\\Desktop\\", "User": "DAVE-PC-TOP-SEC\\lg", "LogonGuid": "{9613fa45-ef53-6500-99ba-010000000000}", "LogonId": "0x000000000001ba99", "TerminalSessionId": "1", "IntegrityLevel": "Medium", "Hashes": "SHA1=71F511BF104A6B088EAB0F3D3E1F90FA6911AA39", "ParentProcessGuid": "{9613fa45-9741-6574-bc00-000000000100}", "ParentProcessId": "8148", "ParentImage": "C:\\Users\\lg\\Desktop\\ClearLogs.exe", "ParentCommandLine": "\"C:\\Users\\lg\\Desktop\\ClearLogs.exe\" "}
{"RuleName": "-", "UtcTime": "2023-12-09 16:36:18.289", "ProcessGuid": "{9613fa45-9782-6574-4704-000000000100}", "ProcessId": "4844", "Image": "C:\\Windows\\System32\\conhost.exe", "FileVersion": "10.0.19041.1566 (WinBuild.160101.0800)", "Description": "Console Window Host", "Product": "Microsoft\u00ae Windows\u00ae Operating System", "Company": "Microsoft Corporation", "OriginalFileName": "CONHOST.EXE", "CommandLine": "\\??\\C:\\Windows\\system32\\conhost.exe 0xffffffff -ForceV1", "CurrentDirectory": "C:\\Windows", "User": "DAVE-PC-TOP-SEC\\lg", "LogonGuid": "{9613fa45-ef53-6500-99ba-010000000000}", "LogonId": "0x000000000001ba99", "TerminalSessionId": "1", "IntegrityLevel": "Medium", "Hashes": "SHA1=52A7274A0B4F9493632060FE25993A2EF24FE827", "ParentProcessGuid": "{9613fa45-9782-6574-4604-000000000100}", "ParentProcessId": "3984", "ParentImage": "C:\\Windows\\SysWOW64\\wevtutil.exe", "ParentCommandLine": "\"wevtutil.exe\" cl Microsoft-Windows-Kernel-PnP/Configuration"}
{"RuleName": "-", "UtcTime": "2023-12-09 16:36:18.298", "ProcessGuid": "{9613fa45-9782-6574-4604-000000000100}", "ProcessId": "3984", "Image": "C:\\Windows\\SysWOW64\\wevtutil.exe"}
{"RuleName": "-", "UtcTime": "2023-12-09 16:36:18.298", "ProcessGuid": "{9613fa45-9782-6574-4704-000000000100}", "ProcessId": "4844", "Image": "C:\\Windows\\System32\\conhost.exe"}
{"RuleName": "-", "UtcTime": "2023-12-09 16:36:18.380", "ProcessGuid": "{9613fa45-9782-6574-4804-000000000100}", "ProcessId": "3648", "Image": "C:\\Windows\\SysWOW64\\wevtutil.exe", "FileVersion": "10.0.19041.1202 (WinBuild.160101.0800)", "Description": "Eventing Command Line Utility", "Product": "Microsoft\u00ae Windows\u00ae Operating System", "Company": "Microsoft Corporation", "OriginalFileName": "wevtutil.exe", "CommandLine": "\"wevtutil.exe\" cl Microsoft-Windows-Kernel-PnP/Configuration Diagnostic", "CurrentDirectory": "C:\\Users\\lg\\Desktop\\", "User": "DAVE-PC-TOP-SEC\\lg", "LogonGuid": "{9613fa45-ef53-6500-99ba-010000000000}", "LogonId": "0x000000000001ba99", "TerminalSessionId": "1", "IntegrityLevel": "Medium", "Hashes": "SHA1=71F511BF104A6B088EAB0F3D3E1F90FA6911AA39", "ParentProcessGuid": "{9613fa45-9741-6574-bc00-000000000100}", "ParentProcessId": "8148", "ParentImage": "C:\\Users\\lg\\Desktop\\ClearLogs.exe", "ParentCommandLine": "\"C:\\Users\\lg\\Desktop\\ClearLogs.exe\" "}
{"RuleName": "-", "UtcTime": "2023-12-09 16:36:18.383", "ProcessGuid": "{9613fa45-9782-6574-4904-000000000100}", "ProcessId": "6992", "Image": "C:\\Windows\\System32\\conhost.exe", "FileVersion": "10.0.19041.1566 (WinBuild.160101.0800)", "Description": "Console Window Host", "Product": "Microsoft\u00ae Windows\u00ae Operating System", "Company": "Microsoft Corporation", "OriginalFileName": "CONHOST.EXE", "CommandLine": "\\??\\C:\\Windows\\system32\\conhost.exe 0xffffffff -ForceV1", "CurrentDirectory": "C:\\Windows", "User": "DAVE-PC-TOP-SEC\\lg", "LogonGuid": "{9613fa45-ef53-6500-99ba-010000000000}", "LogonId": "0x000000000001ba99", "TerminalSessionId": "1", "IntegrityLevel": "Medium", "Hashes": "SHA1=52A7274A0B4F9493632060FE25993A2EF24FE827", "ParentProcessGuid": "{9613fa45-9782-6574-4804-000000000100}", "ParentProcessId": "3648", "ParentImage": "C:\\Windows\\SysWOW64\\wevtutil.exe", "ParentCommandLine": "\"wevtutil.exe\" cl Microsoft-Windows-Kernel-PnP/Configuration Diagnostic"}
{"RuleName": "-", "UtcTime": "2023-12-09 16:36:18.392", "ProcessGuid": "{9613fa45-9782-6574-4804-000000000100}", "ProcessId": "3648", "Image": "C:\\Windows\\SysWOW64\\wevtutil.exe"}
{"RuleName": "-", "UtcTime": "2023-12-09 16:36:18.392", "ProcessGuid": "{9613fa45-9782-6574-4904-000000000100}", "ProcessId": "6992", "Image": "C:\\Windows\\System32\\conhost.exe"}
{"RuleName": "-", "UtcTime": "2023-12-09 16:36:18.459", "ProcessGuid": "{9613fa45-9782-6574-4a04-000000000100}", "ProcessId": "4860", "Image": "C:\\Windows\\SysWOW64\\wevtutil.exe", "FileVersion": "10.0.19041.1202 (WinBuild.160101.0800)", "Description": "Eventing Command Line Utility", "Product": "Microsoft\u00ae Windows\u00ae Operating System", "Company": "Microsoft Corporation", "OriginalFileName": "wevtutil.exe", "CommandLine": "\"wevtutil.exe\" cl Microsoft-Windows-Kernel-PnP/Device Enumeration Diagnostic", "CurrentDirectory": "C:\\Users\\lg\\Desktop\\", "User": "DAVE-PC-TOP-SEC\\lg", "LogonGuid": "{9613fa45-ef53-6500-99ba-010000000000}", "LogonId": "0x000000000001ba99", "TerminalSessionId": "1", "IntegrityLevel": "Medium", "Hashes": "SHA1=71F511BF104A6B088EAB0F3D3E1F90FA6911AA39", "ParentProcessGuid": "{9613fa45-9741-6574-bc00-000000000100}", "ParentProcessId": "8148", "ParentImage": "C:\\Users\\lg\\Desktop\\ClearLogs.exe", "ParentCommandLine": "\"C:\\Users\\lg\\Desktop\\ClearLogs.exe\" "}
{"RuleName": "-", "UtcTime": "2023-12-09 16:36:18.461", "ProcessGuid": "{9613fa45-9782-6574-4b04-000000000100}", "ProcessId": "6096", "Image": "C:\\Windows\\System32\\conhost.exe", "FileVersion": "10.0.19041.1566 (WinBuild.160101.0800)", "Description": "Console Window Host", "Product": "Microsoft\u00ae Windows\u00ae Operating System", "Company": "Microsoft Corporation", "OriginalFileName": "CONHOST.EXE", "CommandLine": "\\??\\C:\\Windows\\system32\\conhost.exe 0xffffffff -ForceV1", "CurrentDirectory": "C:\\Windows", "User": "DAVE-PC-TOP-SEC\\lg", "LogonGuid": "{9613fa45-ef53-6500-99ba-010000000000}", "LogonId": "0x000000000001ba99", "TerminalSessionId": "1", "IntegrityLevel": "Medium", "Hashes": "SHA1=52A7274A0B4F9493632060FE25993A2EF24FE827", "ParentProcessGuid": "{9613fa45-9782-6574-4a04-000000000100}", "ParentProcessId": "4860", "ParentImage": "C:\\Windows\\SysWOW64\\wevtutil.exe", "ParentCommandLine": "\"wevtutil.exe\" cl Microsoft-Windows-Kernel-PnP/Device Enumeration Diagnostic"}
{"RuleName": "-", "UtcTime": "2023-12-09 16:36:18.470", "ProcessGuid": "{9613fa45-9782-6574-4a04-000000000100}", "ProcessId": "4860", "Image": "C:\\Windows\\SysWOW64\\wevtutil.exe"}
{"RuleName": "-", "UtcTime": "2023-12-09 16:36:18.470", "ProcessGuid": "{9613fa45-9782-6574-4b04-000000000100}", "ProcessId": "6096", "Image": "C:\\Windows\\System32\\conhost.exe"}
{"RuleName": "-", "UtcTime": "2023-12-09 16:36:18.536", "ProcessGuid": "{9613fa45-9782-6574-4c04-000000000100}", "ProcessId": "4148", "Image": "C:\\Windows\\SysWOW64\\wevtutil.exe", "FileVersion": "10.0.19041.1202 (WinBuild.160101.0800)", "Description": "Eventing Command Line Utility", "Product": "Microsoft\u00ae Windows\u00ae Operating System", "Company": "Microsoft Corporation", "OriginalFileName": "wevtutil.exe", "CommandLine": "\"wevtutil.exe\" cl Microsoft-Windows-Kernel-PnP/Driver Diagnostic", "CurrentDirectory": "C:\\Users\\lg\\Desktop\\", "User": "DAVE-PC-TOP-SEC\\lg", "LogonGuid": "{9613fa45-ef53-6500-99ba-010000000000}", "LogonId": "0x000000000001ba99", "TerminalSessionId": "1", "IntegrityLevel": "Medium", "Hashes": "SHA1=71F511BF104A6B088EAB0F3D3E1F90FA6911AA39", "ParentProcessGuid": "{9613fa45-9741-6574-bc00-000000000100}", "ParentProcessId": "8148", "ParentImage": "C:\\Users\\lg\\Desktop\\ClearLogs.exe", "ParentCommandLine": "\"C:\\Users\\lg\\Desktop\\ClearLogs.exe\" "}
{"RuleName": "-", "UtcTime": "2023-12-09 16:36:18.539", "ProcessGuid": "{9613fa45-9782-6574-4d04-000000000100}", "ProcessId": "4576", "Image": "C:\\Windows\\System32\\conhost.exe", "FileVersion": "10.0.19041.1566 (WinBuild.160101.0800)", "Description": "Console Window Host", "Product": "Microsoft\u00ae Windows\u00ae Operating System", "Company": "Microsoft Corporation", "OriginalFileName": "CONHOST.EXE", "CommandLine": "\\??\\C:\\Windows\\system32\\conhost.exe 0xffffffff -ForceV1", "CurrentDirectory": "C:\\Windows", "User": "DAVE-PC-TOP-SEC\\lg", "LogonGuid": "{9613fa45-ef53-6500-99ba-010000000000}", "LogonId": "0x000000000001ba99", "TerminalSessionId": "1", "IntegrityLevel": "Medium", "Hashes": "SHA1=52A7274A0B4F9493632060FE25993A2EF24FE827", "ParentProcessGuid": "{9613fa45-9782-6574-4c04-000000000100}", "ParentProcessId": "4148", "ParentImage": "C:\\Windows\\SysWOW64\\wevtutil.exe", "ParentCommandLine": "\"wevtutil.exe\" cl Microsoft-Windows-Kernel-PnP/Driver Diagnostic"}
{"RuleName": "-", "UtcTime": "2023-12-09 16:36:18.549", "ProcessGuid": "{9613fa45-9782-6574-4c04-000000000100}", "ProcessId": "4148", "Image": "C:\\Windows\\SysWOW64\\wevtutil.exe"}
{"RuleName": "-", "UtcTime": "2023-12-09 16:36:18.549", "ProcessGuid": "{9613fa45-9782-6574-4d04-000000000100}", "ProcessId": "4576", "Image": "C:\\Windows\\System32\\conhost.exe"}
{"RuleName": "-", "UtcTime": "2023-12-09 16:36:18.615", "ProcessGuid": "{9613fa45-9782-6574-4e04-000000000100}", "ProcessId": "4948", "Image": "C:\\Windows\\SysWOW64\\wevtutil.exe", "FileVersion": "10.0.19041.1202 (WinBuild.160101.0800)", "Description": "Eventing Command Line Utility", "Product": "Microsoft\u00ae Windows\u00ae Operating System", "Company": "Microsoft Corporation", "OriginalFileName": "wevtutil.exe", "CommandLine": "\"wevtutil.exe\" cl Microsoft-Windows-Kernel-PnP/Driver Watchdog", "CurrentDirectory": "C:\\Users\\lg\\Desktop\\", "User": "DAVE-PC-TOP-SEC\\lg", "LogonGuid": "{9613fa45-ef53-6500-99ba-010000000000}", "LogonId": "0x000000000001ba99", "TerminalSessionId": "1", "IntegrityLevel": "Medium", "Hashes": "SHA1=71F511BF104A6B088EAB0F3D3E1F90FA6911AA39", "ParentProcessGuid": "{9613fa45-9741-6574-bc00-000000000100}", "ParentProcessId": "8148", "ParentImage": "C:\\Users\\lg\\Desktop\\ClearLogs.exe", "ParentCommandLine": "\"C:\\Users\\lg\\Desktop\\ClearLogs.exe\" "}
{"RuleName": "-", "UtcTime": "2023-12-09 16:36:18.617", "ProcessGuid": "{9613fa45-9782-6574-4f04-000000000100}", "ProcessId": "1796", "Image": "C:\\Windows\\System32\\conhost.exe", "FileVersion": "10.0.19041.1566 (WinBuild.160101.0800)", "Description": "Console Window Host", "Product": "Microsoft\u00ae Windows\u00ae Operating System", "Company": "Microsoft Corporation", "OriginalFileName": "CONHOST.EXE", "CommandLine": "\\??\\C:\\Windows\\system32\\conhost.exe 0xffffffff -ForceV1", "CurrentDirectory": "C:\\Windows", "User": "DAVE-PC-TOP-SEC\\lg", "LogonGuid": "{9613fa45-ef53-6500-99ba-010000000000}", "LogonId": "0x000000000001ba99", "TerminalSessionId": "1", "IntegrityLevel": "Medium", "Hashes": "SHA1=52A7274A0B4F9493632060FE25993A2EF24FE827", "ParentProcessGuid": "{9613fa45-9782-6574-4e04-000000000100}", "ParentProcessId": "4948", "ParentImage": "C:\\Windows\\SysWOW64\\wevtutil.exe", "ParentCommandLine": "\"wevtutil.exe\" cl Microsoft-Windows-Kernel-PnP/Driver Watchdog"}
{"RuleName": "-", "UtcTime": "2023-12-09 16:36:18.626", "ProcessGuid": "{9613fa45-9782-6574-4e04-000000000100}", "ProcessId": "4948", "Image": "C:\\Windows\\SysWOW64\\wevtutil.exe"}
{"RuleName": "-", "UtcTime": "2023-12-09 16:36:18.626", "ProcessGuid": "{9613fa45-9782-6574-4f04-000000000100}", "ProcessId": "1796", "Image": "C:\\Windows\\System32\\conhost.exe"}
{"RuleName": "-", "UtcTime": "2023-12-09 16:36:18.693", "ProcessGuid": "{9613fa45-9782-6574-5004-000000000100}", "ProcessId": "1392", "Image": "C:\\Windows\\SysWOW64\\wevtutil.exe", "FileVersion": "10.0.19041.1202 (WinBuild.160101.0800)", "Description": "Eventing Command Line Utility", "Product": "Microsoft\u00ae Windows\u00ae Operating System", "Company": "Microsoft Corporation", "OriginalFileName": "wevtutil.exe", "CommandLine": "\"wevtutil.exe\" cl Microsoft-Windows-Kernel-Power/Diagnostic", "CurrentDirectory": "C:\\Users\\lg\\Desktop\\", "User": "DAVE-PC-TOP-SEC\\lg", "LogonGuid": "{9613fa45-ef53-6500-99ba-010000000000}", "LogonId": "0x000000000001ba99", "TerminalSessionId": "1", "IntegrityLevel": "Medium", "Hashes": "SHA1=71F511BF104A6B088EAB0F3D3E1F90FA6911AA39", "ParentProcessGuid": "{9613fa45-9741-6574-bc00-000000000100}", "ParentProcessId": "8148", "ParentImage": "C:\\Users\\lg\\Desktop\\ClearLogs.exe", "ParentCommandLine": "\"C:\\Users\\lg\\Desktop\\ClearLogs.exe\" "}
{"RuleName": "-", "UtcTime": "2023-12-09 16:36:18.696", "ProcessGuid": "{9613fa45-9782-6574-5104-000000000100}", "ProcessId": "3012", "Image": "C:\\Windows\\System32\\conhost.exe", "FileVersion": "10.0.19041.1566 (WinBuild.160101.0800)", "Description": "Console Window Host", "Product": "Microsoft\u00ae Windows\u00ae Operating System", "Company": "Microsoft Corporation", "OriginalFileName": "CONHOST.EXE", "CommandLine": "\\??\\C:\\Windows\\system32\\conhost.exe 0xffffffff -ForceV1", "CurrentDirectory": "C:\\Windows", "User": "DAVE-PC-TOP-SEC\\lg", "LogonGuid": "{9613fa45-ef53-6500-99ba-010000000000}", "LogonId": "0x000000000001ba99", "TerminalSessionId": "1", "IntegrityLevel": "Medium", "Hashes": "SHA1=52A7274A0B4F9493632060FE25993A2EF24FE827", "ParentProcessGuid": "{9613fa45-9782-6574-5004-000000000100}", "ParentProcessId": "1392", "ParentImage": "C:\\Windows\\SysWOW64\\wevtutil.exe", "ParentCommandLine": "\"wevtutil.exe\" cl Microsoft-Windows-Kernel-Power/Diagnostic"}
{"RuleName": "-", "UtcTime": "2023-12-09 16:36:18.704", "ProcessGuid": "{9613fa45-9782-6574-5004-000000000100}", "ProcessId": "1392", "Image": "C:\\Windows\\SysWOW64\\wevtutil.exe"}
{"RuleName": "-", "UtcTime": "2023-12-09 16:36:18.704", "ProcessGuid": "{9613fa45-9782-6574-5104-000000000100}", "ProcessId": "3012", "Image": "C:\\Windows\\System32\\conhost.exe"}
{"RuleName": "-", "UtcTime": "2023-12-09 16:36:18.771", "ProcessGuid": "{9613fa45-9782-6574-5204-000000000100}", "ProcessId": "1240", "Image": "C:\\Windows\\SysWOW64\\wevtutil.exe", "FileVersion": "10.0.19041.1202 (WinBuild.160101.0800)", "Description": "Eventing Command Line Utility", "Product": "Microsoft\u00ae Windows\u00ae Operating System", "Company": "Microsoft Corporation", "OriginalFileName": "wevtutil.exe", "CommandLine": "\"wevtutil.exe\" cl Microsoft-Windows-Kernel-Power/Thermal-Diagnostic", "CurrentDirectory": "C:\\Users\\lg\\Desktop\\", "User": "DAVE-PC-TOP-SEC\\lg", "LogonGuid": "{9613fa45-ef53-6500-99ba-010000000000}", "LogonId": "0x000000000001ba99", "TerminalSessionId": "1", "IntegrityLevel": "Medium", "Hashes": "SHA1=71F511BF104A6B088EAB0F3D3E1F90FA6911AA39", "ParentProcessGuid": "{9613fa45-9741-6574-bc00-000000000100}", "ParentProcessId": "8148", "ParentImage": "C:\\Users\\lg\\Desktop\\ClearLogs.exe", "ParentCommandLine": "\"C:\\Users\\lg\\Desktop\\ClearLogs.exe\" "}
{"RuleName": "-", "UtcTime": "2023-12-09 16:36:18.774", "ProcessGuid": "{9613fa45-9782-6574-5304-000000000100}", "ProcessId": "2640", "Image": "C:\\Windows\\System32\\conhost.exe", "FileVersion": "10.0.19041.1566 (WinBuild.160101.0800)", "Description": "Console Window Host", "Product": "Microsoft\u00ae Windows\u00ae Operating System", "Company": "Microsoft Corporation", "OriginalFileName": "CONHOST.EXE", "CommandLine": "\\??\\C:\\Windows\\system32\\conhost.exe 0xffffffff -ForceV1", "CurrentDirectory": "C:\\Windows", "User": "DAVE-PC-TOP-SEC\\lg", "LogonGuid": "{9613fa45-ef53-6500-99ba-010000000000}", "LogonId": "0x000000000001ba99", "TerminalSessionId": "1", "IntegrityLevel": "Medium", "Hashes": "SHA1=52A7274A0B4F9493632060FE25993A2EF24FE827", "ParentProcessGuid": "{9613fa45-9782-6574-5204-000000000100}", "ParentProcessId": "1240", "ParentImage": "C:\\Windows\\SysWOW64\\wevtutil.exe", "ParentCommandLine": "\"wevtutil.exe\" cl Microsoft-Windows-Kernel-Power/Thermal-Diagnostic"}
{"RuleName": "-", "UtcTime": "2023-12-09 16:36:18.783", "ProcessGuid": "{9613fa45-9782-6574-5204-000000000100}", "ProcessId": "1240", "Image": "C:\\Windows\\SysWOW64\\wevtutil.exe"}
{"RuleName": "-", "UtcTime": "2023-12-09 16:36:18.783", "ProcessGuid": "{9613fa45-9782-6574-5304-000000000100}", "ProcessId": "2640", "Image": "C:\\Windows\\System32\\conhost.exe"}
{"RuleName": "-", "UtcTime": "2023-12-09 16:36:18.849", "ProcessGuid": "{9613fa45-9782-6574-5404-000000000100}", "ProcessId": "652", "Image": "C:\\Windows\\SysWOW64\\wevtutil.exe", "FileVersion": "10.0.19041.1202 (WinBuild.160101.0800)", "Description": "Eventing Command Line Utility", "Product": "Microsoft\u00ae Windows\u00ae Operating System", "Company": "Microsoft Corporation", "OriginalFileName": "wevtutil.exe", "CommandLine": "\"wevtutil.exe\" cl Microsoft-Windows-Kernel-Power/Thermal-Operational", "CurrentDirectory": "C:\\Users\\lg\\Desktop\\", "User": "DAVE-PC-TOP-SEC\\lg", "LogonGuid": "{9613fa45-ef53-6500-99ba-010000000000}", "LogonId": "0x000000000001ba99", "TerminalSessionId": "1", "IntegrityLevel": "Medium", "Hashes": "SHA1=71F511BF104A6B088EAB0F3D3E1F90FA6911AA39", "ParentProcessGuid": "{9613fa45-9741-6574-bc00-000000000100}", "ParentProcessId": "8148", "ParentImage": "C:\\Users\\lg\\Desktop\\ClearLogs.exe", "ParentCommandLine": "\"C:\\Users\\lg\\Desktop\\ClearLogs.exe\" "}
{"RuleName": "-", "UtcTime": "2023-12-09 16:36:18.851", "ProcessGuid": "{9613fa45-9782-6574-5504-000000000100}", "ProcessId": "5376", "Image": "C:\\Windows\\System32\\conhost.exe", "FileVersion": "10.0.19041.1566 (WinBuild.160101.0800)", "Description": "Console Window Host", "Product": "Microsoft\u00ae Windows\u00ae Operating System", "Company": "Microsoft Corporation", "OriginalFileName": "CONHOST.EXE", "CommandLine": "\\??\\C:\\Windows\\system32\\conhost.exe 0xffffffff -ForceV1", "CurrentDirectory": "C:\\Windows", "User": "DAVE-PC-TOP-SEC\\lg", "LogonGuid": "{9613fa45-ef53-6500-99ba-010000000000}", "LogonId": "0x000000000001ba99", "TerminalSessionId": "1", "IntegrityLevel": "Medium", "Hashes": "SHA1=52A7274A0B4F9493632060FE25993A2EF24FE827", "ParentProcessGuid": "{9613fa45-9782-6574-5404-000000000100}", "ParentProcessId": "652", "ParentImage": "C:\\Windows\\SysWOW64\\wevtutil.exe", "ParentCommandLine": "\"wevtutil.exe\" cl Microsoft-Windows-Kernel-Power/Thermal-Operational"}
{"RuleName": "-", "UtcTime": "2023-12-09 16:36:18.861", "ProcessGuid": "{9613fa45-9782-6574-5404-000000000100}", "ProcessId": "652", "Image": "C:\\Windows\\SysWOW64\\wevtutil.exe"}
{"RuleName": "-", "UtcTime": "2023-12-09 16:36:18.861", "ProcessGuid": "{9613fa45-9782-6574-5504-000000000100}", "ProcessId": "5376", "Image": "C:\\Windows\\System32\\conhost.exe"}
{"RuleName": "-", "UtcTime": "2023-12-09 16:36:18.943", "ProcessGuid": "{9613fa45-9782-6574-5604-000000000100}", "ProcessId": "6092", "Image": "C:\\Windows\\SysWOW64\\wevtutil.exe", "FileVersion": "10.0.19041.1202 (WinBuild.160101.0800)", "Description": "Eventing Command Line Utility", "Product": "Microsoft\u00ae Windows\u00ae Operating System", "Company": "Microsoft Corporation", "OriginalFileName": "wevtutil.exe", "CommandLine": "\"wevtutil.exe\" cl Microsoft-Windows-Kernel-Prefetch/Diagnostic", "CurrentDirectory": "C:\\Users\\lg\\Desktop\\", "User": "DAVE-PC-TOP-SEC\\lg", "LogonGuid": "{9613fa45-ef53-6500-99ba-010000000000}", "LogonId": "0x000000000001ba99", "TerminalSessionId": "1", "IntegrityLevel": "Medium", "Hashes": "SHA1=71F511BF104A6B088EAB0F3D3E1F90FA6911AA39", "ParentProcessGuid": "{9613fa45-9741-6574-bc00-000000000100}", "ParentProcessId": "8148", "ParentImage": "C:\\Users\\lg\\Desktop\\ClearLogs.exe", "ParentCommandLine": "\"C:\\Users\\lg\\Desktop\\ClearLogs.exe\" "}
{"RuleName": "-", "UtcTime": "2023-12-09 16:36:18.945", "ProcessGuid": "{9613fa45-9782-6574-5704-000000000100}", "ProcessId": "6756", "Image": "C:\\Windows\\System32\\conhost.exe", "FileVersion": "10.0.19041.1566 (WinBuild.160101.0800)", "Description": "Console Window Host", "Product": "Microsoft\u00ae Windows\u00ae Operating System", "Company": "Microsoft Corporation", "OriginalFileName": "CONHOST.EXE", "CommandLine": "\\??\\C:\\Windows\\system32\\conhost.exe 0xffffffff -ForceV1", "CurrentDirectory": "C:\\Windows", "User": "DAVE-PC-TOP-SEC\\lg", "LogonGuid": "{9613fa45-ef53-6500-99ba-010000000000}", "LogonId": "0x000000000001ba99", "TerminalSessionId": "1", "IntegrityLevel": "Medium", "Hashes": "SHA1=52A7274A0B4F9493632060FE25993A2EF24FE827", "ParentProcessGuid": "{9613fa45-9782-6574-5604-000000000100}", "ParentProcessId": "6092", "ParentImage": "C:\\Windows\\SysWOW64\\wevtutil.exe", "ParentCommandLine": "\"wevtutil.exe\" cl Microsoft-Windows-Kernel-Prefetch/Diagnostic"}
{"RuleName": "-", "UtcTime": "2023-12-09 16:36:18.954", "ProcessGuid": "{9613fa45-9782-6574-5604-000000000100}", "ProcessId": "6092", "Image": "C:\\Windows\\SysWOW64\\wevtutil.exe"}
{"RuleName": "-", "UtcTime": "2023-12-09 16:36:18.954", "ProcessGuid": "{9613fa45-9782-6574-5704-000000000100}", "ProcessId": "6756", "Image": "C:\\Windows\\System32\\conhost.exe"}
{"RuleName": "-", "UtcTime": "2023-12-09 16:36:19.021", "ProcessGuid": "{9613fa45-9783-6574-5804-000000000100}", "ProcessId": "1212", "Image": "C:\\Windows\\SysWOW64\\wevtutil.exe", "FileVersion": "10.0.19041.1202 (WinBuild.160101.0800)", "Description": "Eventing Command Line Utility", "Product": "Microsoft\u00ae Windows\u00ae Operating System", "Company": "Microsoft Corporation", "OriginalFileName": "wevtutil.exe", "CommandLine": "\"wevtutil.exe\" cl Microsoft-Windows-Kernel-Process/Analytic", "CurrentDirectory": "C:\\Users\\lg\\Desktop\\", "User": "DAVE-PC-TOP-SEC\\lg", "LogonGuid": "{9613fa45-ef53-6500-99ba-010000000000}", "LogonId": "0x000000000001ba99", "TerminalSessionId": "1", "IntegrityLevel": "Medium", "Hashes": "SHA1=71F511BF104A6B088EAB0F3D3E1F90FA6911AA39", "ParentProcessGuid": "{9613fa45-9741-6574-bc00-000000000100}", "ParentProcessId": "8148", "ParentImage": "C:\\Users\\lg\\Desktop\\ClearLogs.exe", "ParentCommandLine": "\"C:\\Users\\lg\\Desktop\\ClearLogs.exe\" "}
{"RuleName": "-", "UtcTime": "2023-12-09 16:36:19.023", "ProcessGuid": "{9613fa45-9783-6574-5904-000000000100}", "ProcessId": "5752", "Image": "C:\\Windows\\System32\\conhost.exe", "FileVersion": "10.0.19041.1566 (WinBuild.160101.0800)", "Description": "Console Window Host", "Product": "Microsoft\u00ae Windows\u00ae Operating System", "Company": "Microsoft Corporation", "OriginalFileName": "CONHOST.EXE", "CommandLine": "\\??\\C:\\Windows\\system32\\conhost.exe 0xffffffff -ForceV1", "CurrentDirectory": "C:\\Windows", "User": "DAVE-PC-TOP-SEC\\lg", "LogonGuid": "{9613fa45-ef53-6500-99ba-010000000000}", "LogonId": "0x000000000001ba99", "TerminalSessionId": "1", "IntegrityLevel": "Medium", "Hashes": "SHA1=52A7274A0B4F9493632060FE25993A2EF24FE827", "ParentProcessGuid": "{9613fa45-9783-6574-5804-000000000100}", "ParentProcessId": "1212", "ParentImage": "C:\\Windows\\SysWOW64\\wevtutil.exe", "ParentCommandLine": "\"wevtutil.exe\" cl Microsoft-Windows-Kernel-Process/Analytic"}
{"RuleName": "-", "UtcTime": "2023-12-09 16:36:19.033", "ProcessGuid": "{9613fa45-9783-6574-5804-000000000100}", "ProcessId": "1212", "Image": "C:\\Windows\\SysWOW64\\wevtutil.exe"}
{"RuleName": "-", "UtcTime": "2023-12-09 16:36:19.033", "ProcessGuid": "{9613fa45-9783-6574-5904-000000000100}", "ProcessId": "5752", "Image": "C:\\Windows\\System32\\conhost.exe"}
{"RuleName": "-", "UtcTime": "2023-12-09 16:36:19.114", "ProcessGuid": "{9613fa45-9783-6574-5a04-000000000100}", "ProcessId": "6956", "Image": "C:\\Windows\\SysWOW64\\wevtutil.exe", "FileVersion": "10.0.19041.1202 (WinBuild.160101.0800)", "Description": "Eventing Command Line Utility", "Product": "Microsoft\u00ae Windows\u00ae Operating System", "Company": "Microsoft Corporation", "OriginalFileName": "wevtutil.exe", "CommandLine": "\"wevtutil.exe\" cl Microsoft-Windows-Kernel-Processor-Power/Diagnostic", "CurrentDirectory": "C:\\Users\\lg\\Desktop\\", "User": "DAVE-PC-TOP-SEC\\lg", "LogonGuid": "{9613fa45-ef53-6500-99ba-010000000000}", "LogonId": "0x000000000001ba99", "TerminalSessionId": "1", "IntegrityLevel": "Medium", "Hashes": "SHA1=71F511BF104A6B088EAB0F3D3E1F90FA6911AA39", "ParentProcessGuid": "{9613fa45-9741-6574-bc00-000000000100}", "ParentProcessId": "8148", "ParentImage": "C:\\Users\\lg\\Desktop\\ClearLogs.exe", "ParentCommandLine": "\"C:\\Users\\lg\\Desktop\\ClearLogs.exe\" "}
