{"RuleName": "-", "UtcTime": "2023-12-09 16:35:46.446", "ProcessGuid": "{9613fa45-9762-6574-6601-000000000100}", "ProcessId": "2396", "Image": "C:\\Windows\\System32\\conhost.exe", "FileVersion": "10.0.19041.1566 (WinBuild.160101.0800)", "Description": "Console Window Host", "Product": "Microsoft\u00ae Windows\u00ae Operating System", "Company": "Microsoft Corporation", "OriginalFileName": "CONHOST.EXE", "CommandLine": "\\??\\C:\\Windows\\system32\\conhost.exe 0xffffffff -ForceV1", "CurrentDirectory": "C:\\Windows", "User": "DAVE-PC-TOP-SEC\\lg", "LogonGuid": "{9613fa45-ef53-6500-99ba-010000000000}", "LogonId": "0x000000000001ba99", "TerminalSessionId": "1", "IntegrityLevel": "Medium", "Hashes": "SHA1=52A7274A0B4F9493632060FE25993A2EF24FE827", "ParentProcessGuid": "{9613fa45-9762-6574-6501-000000000100}", "ParentProcessId": "7152", "ParentImage": "C:\\Windows\\SysWOW64\\wevtutil.exe", "ParentCommandLine": "\"wevtutil.exe\" cl Microsoft-Windows-AppModel-Runtime/Diagnostics"}
{"RuleName": "-", "UtcTime": "2023-12-09 16:35:46.454", "ProcessGuid": "{9613fa45-9762-6574-6501-000000000100}", "ProcessId": "7152", "Image": "C:\\Windows\\SysWOW64\\wevtutil.exe"}
{"RuleName": "-", "UtcTime": "2023-12-09 16:35:46.454", "ProcessGuid": "{9613fa45-9762-6574-6601-000000000100}", "ProcessId": "2396", "Image": "C:\\Windows\\System32\\conhost.exe"}
{"RuleName": "-", "UtcTime": "2023-12-09 16:35:46.521", "ProcessGuid": "{9613fa45-9762-6574-6701-000000000100}", "ProcessId": "608", "Image": "C:\\Windows\\SysWOW64\\wevtutil.exe", "FileVersion": "10.0.19041.1202 (WinBuild.160101.0800)", "Description": "Eventing Command Line Utility", "Product": "Microsoft\u00ae Windows\u00ae Operating System", "Company": "Microsoft Corporation", "OriginalFileName": "wevtutil.exe", "CommandLine": "\"wevtutil.exe\" cl Microsoft-Windows-AppModel-State/Debug", "CurrentDirectory": "C:\\Users\\lg\\Desktop\\", "User": "DAVE-PC-TOP-SEC\\lg", "LogonGuid": "{9613fa45-ef53-6500-99ba-010000000000}", "LogonId": "0x000000000001ba99", "TerminalSessionId": "1", "IntegrityLevel": "Medium", "Hashes": "SHA1=71F511BF104A6B088EAB0F3D3E1F90FA6911AA39", "ParentProcessGuid": "{9613fa45-9741-6574-bc00-000000000100}", "ParentProcessId": "8148", "ParentImage": "C:\\Users\\lg\\Desktop\\ClearLogs.exe", "ParentCommandLine": "\"C:\\Users\\lg\\Desktop\\ClearLogs.exe\" "}
{"RuleName": "-", "UtcTime": "2023-12-09 16:35:46.524", "ProcessGuid": "{9613fa45-9762-6574-6801-000000000100}", "ProcessId": "6668", "Image": "C:\\Windows\\System32\\conhost.exe", "FileVersion": "10.0.19041.1566 (WinBuild.160101.0800)", "Description": "Console Window Host", "Product": "Microsoft\u00ae Windows\u00ae Operating System", "Company": "Microsoft Corporation", "OriginalFileName": "CONHOST.EXE", "CommandLine": "\\??\\C:\\Windows\\system32\\conhost.exe 0xffffffff -ForceV1", "CurrentDirectory": "C:\\Windows", "User": "DAVE-PC-TOP-SEC\\lg", "LogonGuid": "{9613fa45-ef53-6500-99ba-010000000000}", "LogonId": "0x000000000001ba99", "TerminalSessionId": "1", "IntegrityLevel": "Medium", "Hashes": "SHA1=52A7274A0B4F9493632060FE25993A2EF24FE827", "ParentProcessGuid": "{9613fa45-9762-6574-6701-000000000100}", "ParentProcessId": "608", "ParentImage": "C:\\Windows\\SysWOW64\\wevtutil.exe", "ParentCommandLine": "\"wevtutil.exe\" cl Microsoft-Windows-AppModel-State/Debug"}
{"RuleName": "-", "UtcTime": "2023-12-09 16:35:46.533", "ProcessGuid": "{9613fa45-9762-6574-6701-000000000100}", "ProcessId": "608", "Image": "C:\\Windows\\SysWOW64\\wevtutil.exe"}
{"RuleName": "-", "UtcTime": "2023-12-09 16:35:46.533", "ProcessGuid": "{9613fa45-9762-6574-6801-000000000100}", "ProcessId": "6668", "Image": "C:\\Windows\\System32\\conhost.exe"}
{"RuleName": "-", "UtcTime": "2023-12-09 16:35:46.599", "ProcessGuid": "{9613fa45-9762-6574-6901-000000000100}", "ProcessId": "3924", "Image": "C:\\Windows\\SysWOW64\\wevtutil.exe", "FileVersion": "10.0.19041.1202 (WinBuild.160101.0800)", "Description": "Eventing Command Line Utility", "Product": "Microsoft\u00ae Windows\u00ae Operating System", "Company": "Microsoft Corporation", "OriginalFileName": "wevtutil.exe", "CommandLine": "\"wevtutil.exe\" cl Microsoft-Windows-AppModel-State/Diagnostic", "CurrentDirectory": "C:\\Users\\lg\\Desktop\\", "User": "DAVE-PC-TOP-SEC\\lg", "LogonGuid": "{9613fa45-ef53-6500-99ba-010000000000}", "LogonId": "0x000000000001ba99", "TerminalSessionId": "1", "IntegrityLevel": "Medium", "Hashes": "SHA1=71F511BF104A6B088EAB0F3D3E1F90FA6911AA39", "ParentProcessGuid": "{9613fa45-9741-6574-bc00-000000000100}", "ParentProcessId": "8148", "ParentImage": "C:\\Users\\lg\\Desktop\\ClearLogs.exe", "ParentCommandLine": "\"C:\\Users\\lg\\Desktop\\ClearLogs.exe\" "}
{"RuleName": "-", "UtcTime": "2023-12-09 16:35:46.602", "ProcessGuid": "{9613fa45-9762-6574-6a01-000000000100}", "ProcessId": "6684", "Image": "C:\\Windows\\System32\\conhost.exe", "FileVersion": "10.0.19041.1566 (WinBuild.160101.0800)", "Description": "Console Window Host", "Product": "Microsoft\u00ae Windows\u00ae Operating System", "Company": "Microsoft Corporation", "OriginalFileName": "CONHOST.EXE", "CommandLine": "\\??\\C:\\Windows\\system32\\conhost.exe 0xffffffff -ForceV1", "CurrentDirectory": "C:\\Windows", "User": "DAVE-PC-TOP-SEC\\lg", "LogonGuid": "{9613fa45-ef53-6500-99ba-010000000000}", "LogonId": "0x000000000001ba99", "TerminalSessionId": "1", "IntegrityLevel": "Medium", "Hashes": "SHA1=52A7274A0B4F9493632060FE25993A2EF24FE827", "ParentProcessGuid": "{9613fa45-9762-6574-6901-000000000100}", "ParentProcessId": "3924", "ParentImage": "C:\\Windows\\SysWOW64\\wevtutil.exe", "ParentCommandLine": "\"wevtutil.exe\" cl Microsoft-Windows-AppModel-State/Diagnostic"}
{"RuleName": "-", "UtcTime": "2023-12-09 16:35:46.611", "ProcessGuid": "{9613fa45-9762-6574-6901-000000000100}", "ProcessId": "3924", "Image": "C:\\Windows\\SysWOW64\\wevtutil.exe"}
{"RuleName": "-", "UtcTime": "2023-12-09 16:35:46.611", "ProcessGuid": "{9613fa45-9762-6574-6a01-000000000100}", "ProcessId": "6684", "Image": "C:\\Windows\\System32\\conhost.exe"}
{"RuleName": "-", "UtcTime": "2023-12-09 16:35:46.678", "ProcessGuid": "{9613fa45-9762-6574-6b01-000000000100}", "ProcessId": "3528", "Image": "C:\\Windows\\SysWOW64\\wevtutil.exe", "FileVersion": "10.0.19041.1202 (WinBuild.160101.0800)", "Description": "Eventing Command Line Utility", "Product": "Microsoft\u00ae Windows\u00ae Operating System", "Company": "Microsoft Corporation", "OriginalFileName": "wevtutil.exe", "CommandLine": "\"wevtutil.exe\" cl Microsoft-Windows-AppReadiness/Admin", "CurrentDirectory": "C:\\Users\\lg\\Desktop\\", "User": "DAVE-PC-TOP-SEC\\lg", "LogonGuid": "{9613fa45-ef53-6500-99ba-010000000000}", "LogonId": "0x000000000001ba99", "TerminalSessionId": "1", "IntegrityLevel": "Medium", "Hashes": "SHA1=71F511BF104A6B088EAB0F3D3E1F90FA6911AA39", "ParentProcessGuid": "{9613fa45-9741-6574-bc00-000000000100}", "ParentProcessId": "8148", "ParentImage": "C:\\Users\\lg\\Desktop\\ClearLogs.exe", "ParentCommandLine": "\"C:\\Users\\lg\\Desktop\\ClearLogs.exe\" "}
{"RuleName": "-", "UtcTime": "2023-12-09 16:35:46.682", "ProcessGuid": "{9613fa45-9762-6574-6c01-000000000100}", "ProcessId": "4588", "Image": "C:\\Windows\\System32\\conhost.exe", "FileVersion": "10.0.19041.1566 (WinBuild.160101.0800)", "Description": "Console Window Host", "Product": "Microsoft\u00ae Windows\u00ae Operating System", "Company": "Microsoft Corporation", "OriginalFileName": "CONHOST.EXE", "CommandLine": "\\??\\C:\\Windows\\system32\\conhost.exe 0xffffffff -ForceV1", "CurrentDirectory": "C:\\Windows", "User": "DAVE-PC-TOP-SEC\\lg", "LogonGuid": "{9613fa45-ef53-6500-99ba-010000000000}", "LogonId": "0x000000000001ba99", "TerminalSessionId": "1", "IntegrityLevel": "Medium", "Hashes": "SHA1=52A7274A0B4F9493632060FE25993A2EF24FE827", "ParentProcessGuid": "{9613fa45-9762-6574-6b01-000000000100}", "ParentProcessId": "3528", "ParentImage": "C:\\Windows\\SysWOW64\\wevtutil.exe", "ParentCommandLine": "\"wevtutil.exe\" cl Microsoft-Windows-AppReadiness/Admin"}
{"RuleName": "-", "UtcTime": "2023-12-09 16:35:46.689", "ProcessGuid": "{9613fa45-9762-6574-6b01-000000000100}", "ProcessId": "3528", "Image": "C:\\Windows\\SysWOW64\\wevtutil.exe"}
{"RuleName": "-", "UtcTime": "2023-12-09 16:35:46.689", "ProcessGuid": "{9613fa45-9762-6574-6c01-000000000100}", "ProcessId": "4588", "Image": "C:\\Windows\\System32\\conhost.exe"}
{"RuleName": "-", "UtcTime": "2023-12-09 16:35:46.771", "ProcessGuid": "{9613fa45-9762-6574-6d01-000000000100}", "ProcessId": "3628", "Image": "C:\\Windows\\SysWOW64\\wevtutil.exe", "FileVersion": "10.0.19041.1202 (WinBuild.160101.0800)", "Description": "Eventing Command Line Utility", "Product": "Microsoft\u00ae Windows\u00ae Operating System", "Company": "Microsoft Corporation", "OriginalFileName": "wevtutil.exe", "CommandLine": "\"wevtutil.exe\" cl Microsoft-Windows-AppReadiness/Debug", "CurrentDirectory": "C:\\Users\\lg\\Desktop\\", "User": "DAVE-PC-TOP-SEC\\lg", "LogonGuid": "{9613fa45-ef53-6500-99ba-010000000000}", "LogonId": "0x000000000001ba99", "TerminalSessionId": "1", "IntegrityLevel": "Medium", "Hashes": "SHA1=71F511BF104A6B088EAB0F3D3E1F90FA6911AA39", "ParentProcessGuid": "{9613fa45-9741-6574-bc00-000000000100}", "ParentProcessId": "8148", "ParentImage": "C:\\Users\\lg\\Desktop\\ClearLogs.exe", "ParentCommandLine": "\"C:\\Users\\lg\\Desktop\\ClearLogs.exe\" "}
{"RuleName": "-", "UtcTime": "2023-12-09 16:35:46.773", "ProcessGuid": "{9613fa45-9762-6574-6e01-000000000100}", "ProcessId": "5528", "Image": "C:\\Windows\\System32\\conhost.exe", "FileVersion": "10.0.19041.1566 (WinBuild.160101.0800)", "Description": "Console Window Host", "Product": "Microsoft\u00ae Windows\u00ae Operating System", "Company": "Microsoft Corporation", "OriginalFileName": "CONHOST.EXE", "CommandLine": "\\??\\C:\\Windows\\system32\\conhost.exe 0xffffffff -ForceV1", "CurrentDirectory": "C:\\Windows", "User": "DAVE-PC-TOP-SEC\\lg", "LogonGuid": "{9613fa45-ef53-6500-99ba-010000000000}", "LogonId": "0x000000000001ba99", "TerminalSessionId": "1", "IntegrityLevel": "Medium", "Hashes": "SHA1=52A7274A0B4F9493632060FE25993A2EF24FE827", "ParentProcessGuid": "{9613fa45-9762-6574-6d01-000000000100}", "ParentProcessId": "3628", "ParentImage": "C:\\Windows\\SysWOW64\\wevtutil.exe", "ParentCommandLine": "\"wevtutil.exe\" cl Microsoft-Windows-AppReadiness/Debug"}
{"RuleName": "-", "UtcTime": "2023-12-09 16:35:46.782", "ProcessGuid": "{9613fa45-9762-6574-6d01-000000000100}", "ProcessId": "3628", "Image": "C:\\Windows\\SysWOW64\\wevtutil.exe"}
{"RuleName": "-", "UtcTime": "2023-12-09 16:35:46.782", "ProcessGuid": "{9613fa45-9762-6574-6e01-000000000100}", "ProcessId": "5528", "Image": "C:\\Windows\\System32\\conhost.exe"}
{"RuleName": "-", "UtcTime": "2023-12-09 16:35:46.849", "ProcessGuid": "{9613fa45-9762-6574-6f01-000000000100}", "ProcessId": "7300", "Image": "C:\\Windows\\SysWOW64\\wevtutil.exe", "FileVersion": "10.0.19041.1202 (WinBuild.160101.0800)", "Description": "Eventing Command Line Utility", "Product": "Microsoft\u00ae Windows\u00ae Operating System", "Company": "Microsoft Corporation", "OriginalFileName": "wevtutil.exe", "CommandLine": "\"wevtutil.exe\" cl Microsoft-Windows-AppReadiness/Operational", "CurrentDirectory": "C:\\Users\\lg\\Desktop\\", "User": "DAVE-PC-TOP-SEC\\lg", "LogonGuid": "{9613fa45-ef53-6500-99ba-010000000000}", "LogonId": "0x000000000001ba99", "TerminalSessionId": "1", "IntegrityLevel": "Medium", "Hashes": "SHA1=71F511BF104A6B088EAB0F3D3E1F90FA6911AA39", "ParentProcessGuid": "{9613fa45-9741-6574-bc00-000000000100}", "ParentProcessId": "8148", "ParentImage": "C:\\Users\\lg\\Desktop\\ClearLogs.exe", "ParentCommandLine": "\"C:\\Users\\lg\\Desktop\\ClearLogs.exe\" "}
{"RuleName": "-", "UtcTime": "2023-12-09 16:35:46.851", "ProcessGuid": "{9613fa45-9762-6574-7001-000000000100}", "ProcessId": "5696", "Image": "C:\\Windows\\System32\\conhost.exe", "FileVersion": "10.0.19041.1566 (WinBuild.160101.0800)", "Description": "Console Window Host", "Product": "Microsoft\u00ae Windows\u00ae Operating System", "Company": "Microsoft Corporation", "OriginalFileName": "CONHOST.EXE", "CommandLine": "\\??\\C:\\Windows\\system32\\conhost.exe 0xffffffff -ForceV1", "CurrentDirectory": "C:\\Windows", "User": "DAVE-PC-TOP-SEC\\lg", "LogonGuid": "{9613fa45-ef53-6500-99ba-010000000000}", "LogonId": "0x000000000001ba99", "TerminalSessionId": "1", "IntegrityLevel": "Medium", "Hashes": "SHA1=52A7274A0B4F9493632060FE25993A2EF24FE827", "ParentProcessGuid": "{9613fa45-9762-6574-6f01-000000000100}", "ParentProcessId": "7300", "ParentImage": "C:\\Windows\\SysWOW64\\wevtutil.exe", "ParentCommandLine": "\"wevtutil.exe\" cl Microsoft-Windows-AppReadiness/Operational"}
{"RuleName": "-", "UtcTime": "2023-12-09 16:35:46.861", "ProcessGuid": "{9613fa45-9762-6574-6f01-000000000100}", "ProcessId": "7300", "Image": "C:\\Windows\\SysWOW64\\wevtutil.exe"}
{"RuleName": "-", "UtcTime": "2023-12-09 16:35:46.861", "ProcessGuid": "{9613fa45-9762-6574-7001-000000000100}", "ProcessId": "5696", "Image": "C:\\Windows\\System32\\conhost.exe"}
{"RuleName": "-", "UtcTime": "2023-12-09 16:35:46.943", "ProcessGuid": "{9613fa45-9762-6574-7101-000000000100}", "ProcessId": "7428", "Image": "C:\\Windows\\SysWOW64\\wevtutil.exe", "FileVersion": "10.0.19041.1202 (WinBuild.160101.0800)", "Description": "Eventing Command Line Utility", "Product": "Microsoft\u00ae Windows\u00ae Operating System", "Company": "Microsoft Corporation", "OriginalFileName": "wevtutil.exe", "CommandLine": "\"wevtutil.exe\" cl Microsoft-Windows-AppSruProv", "CurrentDirectory": "C:\\Users\\lg\\Desktop\\", "User": "DAVE-PC-TOP-SEC\\lg", "LogonGuid": "{9613fa45-ef53-6500-99ba-010000000000}", "LogonId": "0x000000000001ba99", "TerminalSessionId": "1", "IntegrityLevel": "Medium", "Hashes": "SHA1=71F511BF104A6B088EAB0F3D3E1F90FA6911AA39", "ParentProcessGuid": "{9613fa45-9741-6574-bc00-000000000100}", "ParentProcessId": "8148", "ParentImage": "C:\\Users\\lg\\Desktop\\ClearLogs.exe", "ParentCommandLine": "\"C:\\Users\\lg\\Desktop\\ClearLogs.exe\" "}
{"RuleName": "-", "UtcTime": "2023-12-09 16:35:46.945", "ProcessGuid": "{9613fa45-9762-6574-7201-000000000100}", "ProcessId": "4240", "Image": "C:\\Windows\\System32\\conhost.exe", "FileVersion": "10.0.19041.1566 (WinBuild.160101.0800)", "Description": "Console Window Host", "Product": "Microsoft\u00ae Windows\u00ae Operating System", "Company": "Microsoft Corporation", "OriginalFileName": "CONHOST.EXE", "CommandLine": "\\??\\C:\\Windows\\system32\\conhost.exe 0xffffffff -ForceV1", "CurrentDirectory": "C:\\Windows", "User": "DAVE-PC-TOP-SEC\\lg", "LogonGuid": "{9613fa45-ef53-6500-99ba-010000000000}", "LogonId": "0x000000000001ba99", "TerminalSessionId": "1", "IntegrityLevel": "Medium", "Hashes": "SHA1=52A7274A0B4F9493632060FE25993A2EF24FE827", "ParentProcessGuid": "{9613fa45-9762-6574-7101-000000000100}", "ParentProcessId": "7428", "ParentImage": "C:\\Windows\\SysWOW64\\wevtutil.exe", "ParentCommandLine": "\"wevtutil.exe\" cl Microsoft-Windows-AppSruProv"}
{"RuleName": "-", "UtcTime": "2023-12-09 16:35:46.955", "ProcessGuid": "{9613fa45-9762-6574-7101-000000000100}", "ProcessId": "7428", "Image": "C:\\Windows\\SysWOW64\\wevtutil.exe"}
{"RuleName": "-", "UtcTime": "2023-12-09 16:35:46.955", "ProcessGuid": "{9613fa45-9762-6574-7201-000000000100}", "ProcessId": "4240", "Image": "C:\\Windows\\System32\\conhost.exe"}
{"RuleName": "-", "UtcTime": "2023-12-09 16:35:47.037", "ProcessGuid": "{9613fa45-9763-6574-7301-000000000100}", "ProcessId": "7208", "Image": "C:\\Windows\\SysWOW64\\wevtutil.exe", "FileVersion": "10.0.19041.1202 (WinBuild.160101.0800)", "Description": "Eventing Command Line Utility", "Product": "Microsoft\u00ae Windows\u00ae Operating System", "Company": "Microsoft Corporation", "OriginalFileName": "wevtutil.exe", "CommandLine": "\"wevtutil.exe\" cl Microsoft-Windows-AppXDeployment/Diagnostic", "CurrentDirectory": "C:\\Users\\lg\\Desktop\\", "User": "DAVE-PC-TOP-SEC\\lg", "LogonGuid": "{9613fa45-ef53-6500-99ba-010000000000}", "LogonId": "0x000000000001ba99", "TerminalSessionId": "1", "IntegrityLevel": "Medium", "Hashes": "SHA1=71F511BF104A6B088EAB0F3D3E1F90FA6911AA39", "ParentProcessGuid": "{9613fa45-9741-6574-bc00-000000000100}", "ParentProcessId": "8148", "ParentImage": "C:\\Users\\lg\\Desktop\\ClearLogs.exe", "ParentCommandLine": "\"C:\\Users\\lg\\Desktop\\ClearLogs.exe\" "}
{"RuleName": "-", "UtcTime": "2023-12-09 16:35:47.040", "ProcessGuid": "{9613fa45-9763-6574-7401-000000000100}", "ProcessId": "7212", "Image": "C:\\Windows\\System32\\conhost.exe", "FileVersion": "10.0.19041.1566 (WinBuild.160101.0800)", "Description": "Console Window Host", "Product": "Microsoft\u00ae Windows\u00ae Operating System", "Company": "Microsoft Corporation", "OriginalFileName": "CONHOST.EXE", "CommandLine": "\\??\\C:\\Windows\\system32\\conhost.exe 0xffffffff -ForceV1", "CurrentDirectory": "C:\\Windows", "User": "DAVE-PC-TOP-SEC\\lg", "LogonGuid": "{9613fa45-ef53-6500-99ba-010000000000}", "LogonId": "0x000000000001ba99", "TerminalSessionId": "1", "IntegrityLevel": "Medium", "Hashes": "SHA1=52A7274A0B4F9493632060FE25993A2EF24FE827", "ParentProcessGuid": "{9613fa45-9763-6574-7301-000000000100}", "ParentProcessId": "7208", "ParentImage": "C:\\Windows\\SysWOW64\\wevtutil.exe", "ParentCommandLine": "\"wevtutil.exe\" cl Microsoft-Windows-AppXDeployment/Diagnostic"}
{"RuleName": "-", "UtcTime": "2023-12-09 16:35:47.048", "ProcessGuid": "{9613fa45-9763-6574-7301-000000000100}", "ProcessId": "7208", "Image": "C:\\Windows\\SysWOW64\\wevtutil.exe"}
{"RuleName": "-", "UtcTime": "2023-12-09 16:35:47.048", "ProcessGuid": "{9613fa45-9763-6574-7401-000000000100}", "ProcessId": "7212", "Image": "C:\\Windows\\System32\\conhost.exe"}
{"RuleName": "-", "UtcTime": "2023-12-09 16:35:47.130", "ProcessGuid": "{9613fa45-9763-6574-7501-000000000100}", "ProcessId": "1328", "Image": "C:\\Windows\\SysWOW64\\wevtutil.exe", "FileVersion": "10.0.19041.1202 (WinBuild.160101.0800)", "Description": "Eventing Command Line Utility", "Product": "Microsoft\u00ae Windows\u00ae Operating System", "Company": "Microsoft Corporation", "OriginalFileName": "wevtutil.exe", "CommandLine": "\"wevtutil.exe\" cl Microsoft-Windows-AppXDeployment/Operational", "CurrentDirectory": "C:\\Users\\lg\\Desktop\\", "User": "DAVE-PC-TOP-SEC\\lg", "LogonGuid": "{9613fa45-ef53-6500-99ba-010000000000}", "LogonId": "0x000000000001ba99", "TerminalSessionId": "1", "IntegrityLevel": "Medium", "Hashes": "SHA1=71F511BF104A6B088EAB0F3D3E1F90FA6911AA39", "ParentProcessGuid": "{9613fa45-9741-6574-bc00-000000000100}", "ParentProcessId": "8148", "ParentImage": "C:\\Users\\lg\\Desktop\\ClearLogs.exe", "ParentCommandLine": "\"C:\\Users\\lg\\Desktop\\ClearLogs.exe\" "}
{"RuleName": "-", "UtcTime": "2023-12-09 16:35:47.133", "ProcessGuid": "{9613fa45-9763-6574-7601-000000000100}", "ProcessId": "752", "Image": "C:\\Windows\\System32\\conhost.exe", "FileVersion": "10.0.19041.1566 (WinBuild.160101.0800)", "Description": "Console Window Host", "Product": "Microsoft\u00ae Windows\u00ae Operating System", "Company": "Microsoft Corporation", "OriginalFileName": "CONHOST.EXE", "CommandLine": "\\??\\C:\\Windows\\system32\\conhost.exe 0xffffffff -ForceV1", "CurrentDirectory": "C:\\Windows", "User": "DAVE-PC-TOP-SEC\\lg", "LogonGuid": "{9613fa45-ef53-6500-99ba-010000000000}", "LogonId": "0x000000000001ba99", "TerminalSessionId": "1", "IntegrityLevel": "Medium", "Hashes": "SHA1=52A7274A0B4F9493632060FE25993A2EF24FE827", "ParentProcessGuid": "{9613fa45-9763-6574-7501-000000000100}", "ParentProcessId": "1328", "ParentImage": "C:\\Windows\\SysWOW64\\wevtutil.exe", "ParentCommandLine": "\"wevtutil.exe\" cl Microsoft-Windows-AppXDeployment/Operational"}
{"RuleName": "-", "UtcTime": "2023-12-09 16:35:47.142", "ProcessGuid": "{9613fa45-9763-6574-7501-000000000100}", "ProcessId": "1328", "Image": "C:\\Windows\\SysWOW64\\wevtutil.exe"}
{"RuleName": "-", "UtcTime": "2023-12-09 16:35:47.142", "ProcessGuid": "{9613fa45-9763-6574-7601-000000000100}", "ProcessId": "752", "Image": "C:\\Windows\\System32\\conhost.exe"}
{"RuleName": "-", "UtcTime": "2023-12-09 16:35:47.224", "ProcessGuid": "{9613fa45-9763-6574-7701-000000000100}", "ProcessId": "8160", "Image": "C:\\Windows\\SysWOW64\\wevtutil.exe", "FileVersion": "10.0.19041.1202 (WinBuild.160101.0800)", "Description": "Eventing Command Line Utility", "Product": "Microsoft\u00ae Windows\u00ae Operating System", "Company": "Microsoft Corporation", "OriginalFileName": "wevtutil.exe", "CommandLine": "\"wevtutil.exe\" cl Microsoft-Windows-AppXDeploymentServer/Debug", "CurrentDirectory": "C:\\Users\\lg\\Desktop\\", "User": "DAVE-PC-TOP-SEC\\lg", "LogonGuid": "{9613fa45-ef53-6500-99ba-010000000000}", "LogonId": "0x000000000001ba99", "TerminalSessionId": "1", "IntegrityLevel": "Medium", "Hashes": "SHA1=71F511BF104A6B088EAB0F3D3E1F90FA6911AA39", "ParentProcessGuid": "{9613fa45-9741-6574-bc00-000000000100}", "ParentProcessId": "8148", "ParentImage": "C:\\Users\\lg\\Desktop\\ClearLogs.exe", "ParentCommandLine": "\"C:\\Users\\lg\\Desktop\\ClearLogs.exe\" "}
{"RuleName": "-", "UtcTime": "2023-12-09 16:35:47.227", "ProcessGuid": "{9613fa45-9763-6574-7801-000000000100}", "ProcessId": "6904", "Image": "C:\\Windows\\System32\\conhost.exe", "FileVersion": "10.0.19041.1566 (WinBuild.160101.0800)", "Description": "Console Window Host", "Product": "Microsoft\u00ae Windows\u00ae Operating System", "Company": "Microsoft Corporation", "OriginalFileName": "CONHOST.EXE", "CommandLine": "\\??\\C:\\Windows\\system32\\conhost.exe 0xffffffff -ForceV1", "CurrentDirectory": "C:\\Windows", "User": "DAVE-PC-TOP-SEC\\lg", "LogonGuid": "{9613fa45-ef53-6500-99ba-010000000000}", "LogonId": "0x000000000001ba99", "TerminalSessionId": "1", "IntegrityLevel": "Medium", "Hashes": "SHA1=52A7274A0B4F9493632060FE25993A2EF24FE827", "ParentProcessGuid": "{9613fa45-9763-6574-7701-000000000100}", "ParentProcessId": "8160", "ParentImage": "C:\\Windows\\SysWOW64\\wevtutil.exe", "ParentCommandLine": "\"wevtutil.exe\" cl Microsoft-Windows-AppXDeploymentServer/Debug"}
{"RuleName": "-", "UtcTime": "2023-12-09 16:35:47.236", "ProcessGuid": "{9613fa45-9763-6574-7701-000000000100}", "ProcessId": "8160", "Image": "C:\\Windows\\SysWOW64\\wevtutil.exe"}
{"RuleName": "-", "UtcTime": "2023-12-09 16:35:47.236", "ProcessGuid": "{9613fa45-9763-6574-7801-000000000100}", "ProcessId": "6904", "Image": "C:\\Windows\\System32\\conhost.exe"}
{"RuleName": "-", "UtcTime": "2023-12-09 16:35:47.317", "ProcessGuid": "{9613fa45-9763-6574-7901-000000000100}", "ProcessId": "4268", "Image": "C:\\Windows\\SysWOW64\\wevtutil.exe", "FileVersion": "10.0.19041.1202 (WinBuild.160101.0800)", "Description": "Eventing Command Line Utility", "Product": "Microsoft\u00ae Windows\u00ae Operating System", "Company": "Microsoft Corporation", "OriginalFileName": "wevtutil.exe", "CommandLine": "\"wevtutil.exe\" cl Microsoft-Windows-AppXDeploymentServer/Diagnostic", "CurrentDirectory": "C:\\Users\\lg\\Desktop\\", "User": "DAVE-PC-TOP-SEC\\lg", "LogonGuid": "{9613fa45-ef53-6500-99ba-010000000000}", "LogonId": "0x000000000001ba99", "TerminalSessionId": "1", "IntegrityLevel": "Medium", "Hashes": "SHA1=71F511BF104A6B088EAB0F3D3E1F90FA6911AA39", "ParentProcessGuid": "{9613fa45-9741-6574-bc00-000000000100}", "ParentProcessId": "8148", "ParentImage": "C:\\Users\\lg\\Desktop\\ClearLogs.exe", "ParentCommandLine": "\"C:\\Users\\lg\\Desktop\\ClearLogs.exe\" "}
{"RuleName": "-", "UtcTime": "2023-12-09 16:35:47.320", "ProcessGuid": "{9613fa45-9763-6574-7a01-000000000100}", "ProcessId": "2408", "Image": "C:\\Windows\\System32\\conhost.exe", "FileVersion": "10.0.19041.1566 (WinBuild.160101.0800)", "Description": "Console Window Host", "Product": "Microsoft\u00ae Windows\u00ae Operating System", "Company": "Microsoft Corporation", "OriginalFileName": "CONHOST.EXE", "CommandLine": "\\??\\C:\\Windows\\system32\\conhost.exe 0xffffffff -ForceV1", "CurrentDirectory": "C:\\Windows", "User": "DAVE-PC-TOP-SEC\\lg", "LogonGuid": "{9613fa45-ef53-6500-99ba-010000000000}", "LogonId": "0x000000000001ba99", "TerminalSessionId": "1", "IntegrityLevel": "Medium", "Hashes": "SHA1=52A7274A0B4F9493632060FE25993A2EF24FE827", "ParentProcessGuid": "{9613fa45-9763-6574-7901-000000000100}", "ParentProcessId": "4268", "ParentImage": "C:\\Windows\\SysWOW64\\wevtutil.exe", "ParentCommandLine": "\"wevtutil.exe\" cl Microsoft-Windows-AppXDeploymentServer/Diagnostic"}
{"RuleName": "-", "UtcTime": "2023-12-09 16:35:47.329", "ProcessGuid": "{9613fa45-9763-6574-7901-000000000100}", "ProcessId": "4268", "Image": "C:\\Windows\\SysWOW64\\wevtutil.exe"}
{"RuleName": "-", "UtcTime": "2023-12-09 16:35:47.329", "ProcessGuid": "{9613fa45-9763-6574-7a01-000000000100}", "ProcessId": "2408", "Image": "C:\\Windows\\System32\\conhost.exe"}
{"RuleName": "-", "UtcTime": "2023-12-09 16:35:47.398", "ProcessGuid": "{9613fa45-9763-6574-7b01-000000000100}", "ProcessId": "2008", "Image": "C:\\Windows\\SysWOW64\\wevtutil.exe", "FileVersion": "10.0.19041.1202 (WinBuild.160101.0800)", "Description": "Eventing Command Line Utility", "Product": "Microsoft\u00ae Windows\u00ae Operating System", "Company": "Microsoft Corporation", "OriginalFileName": "wevtutil.exe", "CommandLine": "\"wevtutil.exe\" cl Microsoft-Windows-AppXDeploymentServer/Operational", "CurrentDirectory": "C:\\Users\\lg\\Desktop\\", "User": "DAVE-PC-TOP-SEC\\lg", "LogonGuid": "{9613fa45-ef53-6500-99ba-010000000000}", "LogonId": "0x000000000001ba99", "TerminalSessionId": "1", "IntegrityLevel": "Medium", "Hashes": "SHA1=71F511BF104A6B088EAB0F3D3E1F90FA6911AA39", "ParentProcessGuid": "{9613fa45-9741-6574-bc00-000000000100}", "ParentProcessId": "8148", "ParentImage": "C:\\Users\\lg\\Desktop\\ClearLogs.exe", "ParentCommandLine": "\"C:\\Users\\lg\\Desktop\\ClearLogs.exe\" "}
{"RuleName": "-", "UtcTime": "2023-12-09 16:35:47.400", "ProcessGuid": "{9613fa45-9763-6574-7c01-000000000100}", "ProcessId": "1868", "Image": "C:\\Windows\\System32\\conhost.exe", "FileVersion": "10.0.19041.1566 (WinBuild.160101.0800)", "Description": "Console Window Host", "Product": "Microsoft\u00ae Windows\u00ae Operating System", "Company": "Microsoft Corporation", "OriginalFileName": "CONHOST.EXE", "CommandLine": "\\??\\C:\\Windows\\system32\\conhost.exe 0xffffffff -ForceV1", "CurrentDirectory": "C:\\Windows", "User": "DAVE-PC-TOP-SEC\\lg", "LogonGuid": "{9613fa45-ef53-6500-99ba-010000000000}", "LogonId": "0x000000000001ba99", "TerminalSessionId": "1", "IntegrityLevel": "Medium", "Hashes": "SHA1=52A7274A0B4F9493632060FE25993A2EF24FE827", "ParentProcessGuid": "{9613fa45-9763-6574-7b01-000000000100}", "ParentProcessId": "2008", "ParentImage": "C:\\Windows\\SysWOW64\\wevtutil.exe", "ParentCommandLine": "\"wevtutil.exe\" cl Microsoft-Windows-AppXDeploymentServer/Operational"}
{"RuleName": "-", "UtcTime": "2023-12-09 16:35:47.407", "ProcessGuid": "{9613fa45-9763-6574-7b01-000000000100}", "ProcessId": "2008", "Image": "C:\\Windows\\SysWOW64\\wevtutil.exe"}
{"RuleName": "-", "UtcTime": "2023-12-09 16:35:47.407", "ProcessGuid": "{9613fa45-9763-6574-7c01-000000000100}", "ProcessId": "1868", "Image": "C:\\Windows\\System32\\conhost.exe"}
{"RuleName": "-", "UtcTime": "2023-12-09 16:35:47.502", "ProcessGuid": "{9613fa45-9763-6574-7d01-000000000100}", "ProcessId": "8072", "Image": "C:\\Windows\\SysWOW64\\wevtutil.exe", "FileVersion": "10.0.19041.1202 (WinBuild.160101.0800)", "Description": "Eventing Command Line Utility", "Product": "Microsoft\u00ae Windows\u00ae Operating System", "Company": "Microsoft Corporation", "OriginalFileName": "wevtutil.exe", "CommandLine": "\"wevtutil.exe\" cl Microsoft-Windows-AppXDeploymentServer/Restricted", "CurrentDirectory": "C:\\Users\\lg\\Desktop\\", "User": "DAVE-PC-TOP-SEC\\lg", "LogonGuid": "{9613fa45-ef53-6500-99ba-010000000000}", "LogonId": "0x000000000001ba99", "TerminalSessionId": "1", "IntegrityLevel": "Medium", "Hashes": "SHA1=71F511BF104A6B088EAB0F3D3E1F90FA6911AA39", "ParentProcessGuid": "{9613fa45-9741-6574-bc00-000000000100}", "ParentProcessId": "8148", "ParentImage": "C:\\Users\\lg\\Desktop\\ClearLogs.exe", "ParentCommandLine": "\"C:\\Users\\lg\\Desktop\\ClearLogs.exe\" "}
{"RuleName": "-", "UtcTime": "2023-12-09 16:35:47.505", "ProcessGuid": "{9613fa45-9763-6574-7e01-000000000100}", "ProcessId": "6984", "Image": "C:\\Windows\\System32\\conhost.exe", "FileVersion": "10.0.19041.1566 (WinBuild.160101.0800)", "Description": "Console Window Host", "Product": "Microsoft\u00ae Windows\u00ae Operating System", "Company": "Microsoft Corporation", "OriginalFileName": "CONHOST.EXE", "CommandLine": "\\??\\C:\\Windows\\system32\\conhost.exe 0xffffffff -ForceV1", "CurrentDirectory": "C:\\Windows", "User": "DAVE-PC-TOP-SEC\\lg", "LogonGuid": "{9613fa45-ef53-6500-99ba-010000000000}", "LogonId": "0x000000000001ba99", "TerminalSessionId": "1", "IntegrityLevel": "Medium", "Hashes": "SHA1=52A7274A0B4F9493632060FE25993A2EF24FE827", "ParentProcessGuid": "{9613fa45-9763-6574-7d01-000000000100}", "ParentProcessId": "8072", "ParentImage": "C:\\Windows\\SysWOW64\\wevtutil.exe", "ParentCommandLine": "\"wevtutil.exe\" cl Microsoft-Windows-AppXDeploymentServer/Restricted"}
{"RuleName": "-", "UtcTime": "2023-12-09 16:35:47.517", "ProcessGuid": "{9613fa45-9763-6574-7d01-000000000100}", "ProcessId": "8072", "Image": "C:\\Windows\\SysWOW64\\wevtutil.exe"}
{"RuleName": "-", "UtcTime": "2023-12-09 16:35:47.517", "ProcessGuid": "{9613fa45-9763-6574-7e01-000000000100}", "ProcessId": "6984", "Image": "C:\\Windows\\System32\\conhost.exe"}
{"RuleName": "-", "UtcTime": "2023-12-09 16:35:47.599", "ProcessGuid": "{9613fa45-9763-6574-7f01-000000000100}", "ProcessId": "6636", "Image": "C:\\Windows\\SysWOW64\\wevtutil.exe", "FileVersion": "10.0.19041.1202 (WinBuild.160101.0800)", "Description": "Eventing Command Line Utility", "Product": "Microsoft\u00ae Windows\u00ae Operating System", "Company": "Microsoft Corporation", "OriginalFileName": "wevtutil.exe", "CommandLine": "\"wevtutil.exe\" cl Microsoft-Windows-ApplicabilityEngine/Analytic", "CurrentDirectory": "C:\\Users\\lg\\Desktop\\", "User": "DAVE-PC-TOP-SEC\\lg", "LogonGuid": "{9613fa45-ef53-6500-99ba-010000000000}", "LogonId": "0x000000000001ba99", "TerminalSessionId": "1", "IntegrityLevel": "Medium", "Hashes": "SHA1=71F511BF104A6B088EAB0F3D3E1F90FA6911AA39", "ParentProcessGuid": "{9613fa45-9741-6574-bc00-000000000100}", "ParentProcessId": "8148", "ParentImage": "C:\\Users\\lg\\Desktop\\ClearLogs.exe", "ParentCommandLine": "\"C:\\Users\\lg\\Desktop\\ClearLogs.exe\" "}
{"RuleName": "-", "UtcTime": "2023-12-09 16:35:47.602", "ProcessGuid": "{9613fa45-9763-6574-8001-000000000100}", "ProcessId": "7680", "Image": "C:\\Windows\\System32\\conhost.exe", "FileVersion": "10.0.19041.1566 (WinBuild.160101.0800)", "Description": "Console Window Host", "Product": "Microsoft\u00ae Windows\u00ae Operating System", "Company": "Microsoft Corporation", "OriginalFileName": "CONHOST.EXE", "CommandLine": "\\??\\C:\\Windows\\system32\\conhost.exe 0xffffffff -ForceV1", "CurrentDirectory": "C:\\Windows", "User": "DAVE-PC-TOP-SEC\\lg", "LogonGuid": "{9613fa45-ef53-6500-99ba-010000000000}", "LogonId": "0x000000000001ba99", "TerminalSessionId": "1", "IntegrityLevel": "Medium", "Hashes": "SHA1=52A7274A0B4F9493632060FE25993A2EF24FE827", "ParentProcessGuid": "{9613fa45-9763-6574-7f01-000000000100}", "ParentProcessId": "6636", "ParentImage": "C:\\Windows\\SysWOW64\\wevtutil.exe", "ParentCommandLine": "\"wevtutil.exe\" cl Microsoft-Windows-ApplicabilityEngine/Analytic"}
{"RuleName": "-", "UtcTime": "2023-12-09 16:35:47.611", "ProcessGuid": "{9613fa45-9763-6574-7f01-000000000100}", "ProcessId": "6636", "Image": "C:\\Windows\\SysWOW64\\wevtutil.exe"}
{"RuleName": "-", "UtcTime": "2023-12-09 16:35:47.611", "ProcessGuid": "{9613fa45-9763-6574-8001-000000000100}", "ProcessId": "7680", "Image": "C:\\Windows\\System32\\conhost.exe"}
{"RuleName": "-", "UtcTime": "2023-12-09 16:35:47.693", "ProcessGuid": "{9613fa45-9763-6574-8101-000000000100}", "ProcessId": "8012", "Image": "C:\\Windows\\SysWOW64\\wevtutil.exe", "FileVersion": "10.0.19041.1202 (WinBuild.160101.0800)", "Description": "Eventing Command Line Utility", "Product": "Microsoft\u00ae Windows\u00ae Operating System", "Company": "Microsoft Corporation", "OriginalFileName": "wevtutil.exe", "CommandLine": "\"wevtutil.exe\" cl Microsoft-Windows-ApplicabilityEngine/Operational", "CurrentDirectory": "C:\\Users\\lg\\Desktop\\", "User": "DAVE-PC-TOP-SEC\\lg", "LogonGuid": "{9613fa45-ef53-6500-99ba-010000000000}", "LogonId": "0x000000000001ba99", "TerminalSessionId": "1", "IntegrityLevel": "Medium", "Hashes": "SHA1=71F511BF104A6B088EAB0F3D3E1F90FA6911AA39", "ParentProcessGuid": "{9613fa45-9741-6574-bc00-000000000100}", "ParentProcessId": "8148", "ParentImage": "C:\\Users\\lg\\Desktop\\ClearLogs.exe", "ParentCommandLine": "\"C:\\Users\\lg\\Desktop\\ClearLogs.exe\" "}
{"RuleName": "-", "UtcTime": "2023-12-09 16:35:47.696", "ProcessGuid": "{9613fa45-9763-6574-8201-000000000100}", "ProcessId": "6864", "Image": "C:\\Windows\\System32\\conhost.exe", "FileVersion": "10.0.19041.1566 (WinBuild.160101.0800)", "Description": "Console Window Host", "Product": "Microsoft\u00ae Windows\u00ae Operating System", "Company": "Microsoft Corporation", "OriginalFileName": "CONHOST.EXE", "CommandLine": "\\??\\C:\\Windows\\system32\\conhost.exe 0xffffffff -ForceV1", "CurrentDirectory": "C:\\Windows", "User": "DAVE-PC-TOP-SEC\\lg", "LogonGuid": "{9613fa45-ef53-6500-99ba-010000000000}", "LogonId": "0x000000000001ba99", "TerminalSessionId": "1", "IntegrityLevel": "Medium", "Hashes": "SHA1=52A7274A0B4F9493632060FE25993A2EF24FE827", "ParentProcessGuid": "{9613fa45-9763-6574-8101-000000000100}", "ParentProcessId": "8012", "ParentImage": "C:\\Windows\\SysWOW64\\wevtutil.exe", "ParentCommandLine": "\"wevtutil.exe\" cl Microsoft-Windows-ApplicabilityEngine/Operational"}
{"RuleName": "-", "UtcTime": "2023-12-09 16:35:47.705", "ProcessGuid": "{9613fa45-9763-6574-8101-000000000100}", "ProcessId": "8012", "Image": "C:\\Windows\\SysWOW64\\wevtutil.exe"}
{"RuleName": "-", "UtcTime": "2023-12-09 16:35:47.705", "ProcessGuid": "{9613fa45-9763-6574-8201-000000000100}", "ProcessId": "6864", "Image": "C:\\Windows\\System32\\conhost.exe"}
{"RuleName": "-", "UtcTime": "2023-12-09 16:35:47.793", "ProcessGuid": "{9613fa45-9763-6574-8301-000000000100}", "ProcessId": "6172", "Image": "C:\\Windows\\SysWOW64\\wevtutil.exe", "FileVersion": "10.0.19041.1202 (WinBuild.160101.0800)", "Description": "Eventing Command Line Utility", "Product": "Microsoft\u00ae Windows\u00ae Operating System", "Company": "Microsoft Corporation", "OriginalFileName": "wevtutil.exe", "CommandLine": "\"wevtutil.exe\" cl Microsoft-Windows-Application Server-Applications/Admin", "CurrentDirectory": "C:\\Users\\lg\\Desktop\\", "User": "DAVE-PC-TOP-SEC\\lg", "LogonGuid": "{9613fa45-ef53-6500-99ba-010000000000}", "LogonId": "0x000000000001ba99", "TerminalSessionId": "1", "IntegrityLevel": "Medium", "Hashes": "SHA1=71F511BF104A6B088EAB0F3D3E1F90FA6911AA39", "ParentProcessGuid": "{9613fa45-9741-6574-bc00-000000000100}", "ParentProcessId": "8148", "ParentImage": "C:\\Users\\lg\\Desktop\\ClearLogs.exe", "ParentCommandLine": "\"C:\\Users\\lg\\Desktop\\ClearLogs.exe\" "}
{"RuleName": "-", "UtcTime": "2023-12-09 16:35:47.796", "ProcessGuid": "{9613fa45-9763-6574-8401-000000000100}", "ProcessId": "2188", "Image": "C:\\Windows\\System32\\conhost.exe", "FileVersion": "10.0.19041.1566 (WinBuild.160101.0800)", "Description": "Console Window Host", "Product": "Microsoft\u00ae Windows\u00ae Operating System", "Company": "Microsoft Corporation", "OriginalFileName": "CONHOST.EXE", "CommandLine": "\\??\\C:\\Windows\\system32\\conhost.exe 0xffffffff -ForceV1", "CurrentDirectory": "C:\\Windows", "User": "DAVE-PC-TOP-SEC\\lg", "LogonGuid": "{9613fa45-ef53-6500-99ba-010000000000}", "LogonId": "0x000000000001ba99", "TerminalSessionId": "1", "IntegrityLevel": "Medium", "Hashes": "SHA1=52A7274A0B4F9493632060FE25993A2EF24FE827", "ParentProcessGuid": "{9613fa45-9763-6574-8301-000000000100}", "ParentProcessId": "6172", "ParentImage": "C:\\Windows\\SysWOW64\\wevtutil.exe", "ParentCommandLine": "\"wevtutil.exe\" cl Microsoft-Windows-Application Server-Applications/Admin"}
{"RuleName": "-", "UtcTime": "2023-12-09 16:35:47.798", "ProcessGuid": "{9613fa45-9763-6574-8301-000000000100}", "ProcessId": "6172", "Image": "C:\\Windows\\SysWOW64\\wevtutil.exe"}
{"RuleName": "-", "UtcTime": "2023-12-09 16:35:47.798", "ProcessGuid": "{9613fa45-9763-6574-8401-000000000100}", "ProcessId": "2188", "Image": "C:\\Windows\\System32\\conhost.exe"}
{"RuleName": "-", "UtcTime": "2023-12-09 16:35:47.889", "ProcessGuid": "{9613fa45-9763-6574-8501-000000000100}", "ProcessId": "3432", "Image": "C:\\Windows\\SysWOW64\\wevtutil.exe", "FileVersion": "10.0.19041.1202 (WinBuild.160101.0800)", "Description": "Eventing Command Line Utility", "Product": "Microsoft\u00ae Windows\u00ae Operating System", "Company": "Microsoft Corporation", "OriginalFileName": "wevtutil.exe", "CommandLine": "\"wevtutil.exe\" cl Microsoft-Windows-Application Server-Applications/Analytic", "CurrentDirectory": "C:\\Users\\lg\\Desktop\\", "User": "DAVE-PC-TOP-SEC\\lg", "LogonGuid": "{9613fa45-ef53-6500-99ba-010000000000}", "LogonId": "0x000000000001ba99", "TerminalSessionId": "1", "IntegrityLevel": "Medium", "Hashes": "SHA1=71F511BF104A6B088EAB0F3D3E1F90FA6911AA39", "ParentProcessGuid": "{9613fa45-9741-6574-bc00-000000000100}", "ParentProcessId": "8148", "ParentImage": "C:\\Users\\lg\\Desktop\\ClearLogs.exe", "ParentCommandLine": "\"C:\\Users\\lg\\Desktop\\ClearLogs.exe\" "}
{"RuleName": "-", "UtcTime": "2023-12-09 16:35:47.892", "ProcessGuid": "{9613fa45-9763-6574-8601-000000000100}", "ProcessId": "4444", "Image": "C:\\Windows\\System32\\conhost.exe", "FileVersion": "10.0.19041.1566 (WinBuild.160101.0800)", "Description": "Console Window Host", "Product": "Microsoft\u00ae Windows\u00ae Operating System", "Company": "Microsoft Corporation", "OriginalFileName": "CONHOST.EXE", "CommandLine": "\\??\\C:\\Windows\\system32\\conhost.exe 0xffffffff -ForceV1", "CurrentDirectory": "C:\\Windows", "User": "DAVE-PC-TOP-SEC\\lg", "LogonGuid": "{9613fa45-ef53-6500-99ba-010000000000}", "LogonId": "0x000000000001ba99", "TerminalSessionId": "1", "IntegrityLevel": "Medium", "Hashes": "SHA1=52A7274A0B4F9493632060FE25993A2EF24FE827", "ParentProcessGuid": "{9613fa45-9763-6574-8501-000000000100}", "ParentProcessId": "3432", "ParentImage": "C:\\Windows\\SysWOW64\\wevtutil.exe", "ParentCommandLine": "\"wevtutil.exe\" cl Microsoft-Windows-Application Server-Applications/Analytic"}
{"RuleName": "-", "UtcTime": "2023-12-09 16:35:47.908", "ProcessGuid": "{9613fa45-9763-6574-8501-000000000100}", "ProcessId": "3432", "Image": "C:\\Windows\\SysWOW64\\wevtutil.exe"}
{"RuleName": "-", "UtcTime": "2023-12-09 16:35:47.908", "ProcessGuid": "{9613fa45-9763-6574-8601-000000000100}", "ProcessId": "4444", "Image": "C:\\Windows\\System32\\conhost.exe"}
{"RuleName": "-", "UtcTime": "2023-12-09 16:35:47.974", "ProcessGuid": "{9613fa45-9763-6574-8701-000000000100}", "ProcessId": "7588", "Image": "C:\\Windows\\SysWOW64\\wevtutil.exe", "FileVersion": "10.0.19041.1202 (WinBuild.160101.0800)", "Description": "Eventing Command Line Utility", "Product": "Microsoft\u00ae Windows\u00ae Operating System", "Company": "Microsoft Corporation", "OriginalFileName": "wevtutil.exe", "CommandLine": "\"wevtutil.exe\" cl Microsoft-Windows-Application Server-Applications/Debug", "CurrentDirectory": "C:\\Users\\lg\\Desktop\\", "User": "DAVE-PC-TOP-SEC\\lg", "LogonGuid": "{9613fa45-ef53-6500-99ba-010000000000}", "LogonId": "0x000000000001ba99", "TerminalSessionId": "1", "IntegrityLevel": "Medium", "Hashes": "SHA1=71F511BF104A6B088EAB0F3D3E1F90FA6911AA39", "ParentProcessGuid": "{9613fa45-9741-6574-bc00-000000000100}", "ParentProcessId": "8148", "ParentImage": "C:\\Users\\lg\\Desktop\\ClearLogs.exe", "ParentCommandLine": "\"C:\\Users\\lg\\Desktop\\ClearLogs.exe\" "}
{"RuleName": "-", "UtcTime": "2023-12-09 16:35:47.977", "ProcessGuid": "{9613fa45-9763-6574-8801-000000000100}", "ProcessId": "2184", "Image": "C:\\Windows\\System32\\conhost.exe", "FileVersion": "10.0.19041.1566 (WinBuild.160101.0800)", "Description": "Console Window Host", "Product": "Microsoft\u00ae Windows\u00ae Operating System", "Company": "Microsoft Corporation", "OriginalFileName": "CONHOST.EXE", "CommandLine": "\\??\\C:\\Windows\\system32\\conhost.exe 0xffffffff -ForceV1", "CurrentDirectory": "C:\\Windows", "User": "DAVE-PC-TOP-SEC\\lg", "LogonGuid": "{9613fa45-ef53-6500-99ba-010000000000}", "LogonId": "0x000000000001ba99", "TerminalSessionId": "1", "IntegrityLevel": "Medium", "Hashes": "SHA1=52A7274A0B4F9493632060FE25993A2EF24FE827", "ParentProcessGuid": "{9613fa45-9763-6574-8701-000000000100}", "ParentProcessId": "7588", "ParentImage": "C:\\Windows\\SysWOW64\\wevtutil.exe", "ParentCommandLine": "\"wevtutil.exe\" cl Microsoft-Windows-Application Server-Applications/Debug"}
{"RuleName": "-", "UtcTime": "2023-12-09 16:35:47.986", "ProcessGuid": "{9613fa45-9763-6574-8701-000000000100}", "ProcessId": "7588", "Image": "C:\\Windows\\SysWOW64\\wevtutil.exe"}
{"RuleName": "-", "UtcTime": "2023-12-09 16:35:47.986", "ProcessGuid": "{9613fa45-9763-6574-8801-000000000100}", "ProcessId": "2184", "Image": "C:\\Windows\\System32\\conhost.exe"}
{"RuleName": "-", "UtcTime": "2023-12-09 16:35:48.068", "ProcessGuid": "{9613fa45-9764-6574-8901-000000000100}", "ProcessId": "872", "Image": "C:\\Windows\\SysWOW64\\wevtutil.exe", "FileVersion": "10.0.19041.1202 (WinBuild.160101.0800)", "Description": "Eventing Command Line Utility", "Product": "Microsoft\u00ae Windows\u00ae Operating System", "Company": "Microsoft Corporation", "OriginalFileName": "wevtutil.exe", "CommandLine": "\"wevtutil.exe\" cl Microsoft-Windows-Application Server-Applications/Operational", "CurrentDirectory": "C:\\Users\\lg\\Desktop\\", "User": "DAVE-PC-TOP-SEC\\lg", "LogonGuid": "{9613fa45-ef53-6500-99ba-010000000000}", "LogonId": "0x000000000001ba99", "TerminalSessionId": "1", "IntegrityLevel": "Medium", "Hashes": "SHA1=71F511BF104A6B088EAB0F3D3E1F90FA6911AA39", "ParentProcessGuid": "{9613fa45-9741-6574-bc00-000000000100}", "ParentProcessId": "8148", "ParentImage": "C:\\Users\\lg\\Desktop\\ClearLogs.exe", "ParentCommandLine": "\"C:\\Users\\lg\\Desktop\\ClearLogs.exe\" "}
{"RuleName": "-", "UtcTime": "2023-12-09 16:35:48.070", "ProcessGuid": "{9613fa45-9764-6574-8a01-000000000100}", "ProcessId": "1368", "Image": "C:\\Windows\\System32\\conhost.exe", "FileVersion": "10.0.19041.1566 (WinBuild.160101.0800)", "Description": "Console Window Host", "Product": "Microsoft\u00ae Windows\u00ae Operating System", "Company": "Microsoft Corporation", "OriginalFileName": "CONHOST.EXE", "CommandLine": "\\??\\C:\\Windows\\system32\\conhost.exe 0xffffffff -ForceV1", "CurrentDirectory": "C:\\Windows", "User": "DAVE-PC-TOP-SEC\\lg", "LogonGuid": "{9613fa45-ef53-6500-99ba-010000000000}", "LogonId": "0x000000000001ba99", "TerminalSessionId": "1", "IntegrityLevel": "Medium", "Hashes": "SHA1=52A7274A0B4F9493632060FE25993A2EF24FE827", "ParentProcessGuid": "{9613fa45-9764-6574-8901-000000000100}", "ParentProcessId": "872", "ParentImage": "C:\\Windows\\SysWOW64\\wevtutil.exe", "ParentCommandLine": "\"wevtutil.exe\" cl Microsoft-Windows-Application Server-Applications/Operational"}
{"RuleName": "-", "UtcTime": "2023-12-09 16:35:48.080", "ProcessGuid": "{9613fa45-9764-6574-8901-000000000100}", "ProcessId": "872", "Image": "C:\\Windows\\SysWOW64\\wevtutil.exe"}
{"RuleName": "-", "UtcTime": "2023-12-09 16:35:48.080", "ProcessGuid": "{9613fa45-9764-6574-8a01-000000000100}", "ProcessId": "1368", "Image": "C:\\Windows\\System32\\conhost.exe"}
{"RuleName": "-", "UtcTime": "2023-12-09 16:35:48.156", "ProcessGuid": "{9613fa45-9764-6574-8b01-000000000100}", "ProcessId": "6584", "Image": "C:\\Windows\\SysWOW64\\wevtutil.exe", "FileVersion": "10.0.19041.1202 (WinBuild.160101.0800)", "Description": "Eventing Command Line Utility", "Product": "Microsoft\u00ae Windows\u00ae Operating System", "Company": "Microsoft Corporation", "OriginalFileName": "wevtutil.exe", "CommandLine": "\"wevtutil.exe\" cl Microsoft-Windows-Application-Experience/Compatibility-Infrastructure-Debug", "CurrentDirectory": "C:\\Users\\lg\\Desktop\\", "User": "DAVE-PC-TOP-SEC\\lg", "LogonGuid": "{9613fa45-ef53-6500-99ba-010000000000}", "LogonId": "0x000000000001ba99", "TerminalSessionId": "1", "IntegrityLevel": "Medium", "Hashes": "SHA1=71F511BF104A6B088EAB0F3D3E1F90FA6911AA39", "ParentProcessGuid": "{9613fa45-9741-6574-bc00-000000000100}", "ParentProcessId": "8148", "ParentImage": "C:\\Users\\lg\\Desktop\\ClearLogs.exe", "ParentCommandLine": "\"C:\\Users\\lg\\Desktop\\ClearLogs.exe\" "}
{"RuleName": "-", "UtcTime": "2023-12-09 16:35:48.159", "ProcessGuid": "{9613fa45-9764-6574-8c01-000000000100}", "ProcessId": "8064", "Image": "C:\\Windows\\System32\\conhost.exe", "FileVersion": "10.0.19041.1566 (WinBuild.160101.0800)", "Description": "Console Window Host", "Product": "Microsoft\u00ae Windows\u00ae Operating System", "Company": "Microsoft Corporation", "OriginalFileName": "CONHOST.EXE", "CommandLine": "\\??\\C:\\Windows\\system32\\conhost.exe 0xffffffff -ForceV1", "CurrentDirectory": "C:\\Windows", "User": "DAVE-PC-TOP-SEC\\lg", "LogonGuid": "{9613fa45-ef53-6500-99ba-010000000000}", "LogonId": "0x000000000001ba99", "TerminalSessionId": "1", "IntegrityLevel": "Medium", "Hashes": "SHA1=52A7274A0B4F9493632060FE25993A2EF24FE827", "ParentProcessGuid": "{9613fa45-9764-6574-8b01-000000000100}", "ParentProcessId": "6584", "ParentImage": "C:\\Windows\\SysWOW64\\wevtutil.exe", "ParentCommandLine": "\"wevtutil.exe\" cl Microsoft-Windows-Application-Experience/Compatibility-Infrastructure-Debug"}
{"RuleName": "-", "UtcTime": "2023-12-09 16:35:48.173", "ProcessGuid": "{9613fa45-9764-6574-8b01-000000000100}", "ProcessId": "6584", "Image": "C:\\Windows\\SysWOW64\\wevtutil.exe"}
{"RuleName": "-", "UtcTime": "2023-12-09 16:35:48.173", "ProcessGuid": "{9613fa45-9764-6574-8c01-000000000100}", "ProcessId": "8064", "Image": "C:\\Windows\\System32\\conhost.exe"}
{"RuleName": "-", "UtcTime": "2023-12-09 16:35:48.262", "ProcessGuid": "{9613fa45-9764-6574-8d01-000000000100}", "ProcessId": "728", "Image": "C:\\Windows\\SysWOW64\\wevtutil.exe", "FileVersion": "10.0.19041.1202 (WinBuild.160101.0800)", "Description": "Eventing Command Line Utility", "Product": "Microsoft\u00ae Windows\u00ae Operating System", "Company": "Microsoft Corporation", "OriginalFileName": "wevtutil.exe", "CommandLine": "\"wevtutil.exe\" cl Microsoft-Windows-Application-Experience/Program-Compatibility-Assistant", "CurrentDirectory": "C:\\Users\\lg\\Desktop\\", "User": "DAVE-PC-TOP-SEC\\lg", "LogonGuid": "{9613fa45-ef53-6500-99ba-010000000000}", "LogonId": "0x000000000001ba99", "TerminalSessionId": "1", "IntegrityLevel": "Medium", "Hashes": "SHA1=71F511BF104A6B088EAB0F3D3E1F90FA6911AA39", "ParentProcessGuid": "{9613fa45-9741-6574-bc00-000000000100}", "ParentProcessId": "8148", "ParentImage": "C:\\Users\\lg\\Desktop\\ClearLogs.exe", "ParentCommandLine": "\"C:\\Users\\lg\\Desktop\\ClearLogs.exe\" "}
{"RuleName": "-", "UtcTime": "2023-12-09 16:35:48.264", "ProcessGuid": "{9613fa45-9764-6574-8e01-000000000100}", "ProcessId": "7120", "Image": "C:\\Windows\\System32\\conhost.exe", "FileVersion": "10.0.19041.1566 (WinBuild.160101.0800)", "Description": "Console Window Host", "Product": "Microsoft\u00ae Windows\u00ae Operating System", "Company": "Microsoft Corporation", "OriginalFileName": "CONHOST.EXE", "CommandLine": "\\??\\C:\\Windows\\system32\\conhost.exe 0xffffffff -ForceV1", "CurrentDirectory": "C:\\Windows", "User": "DAVE-PC-TOP-SEC\\lg", "LogonGuid": "{9613fa45-ef53-6500-99ba-010000000000}", "LogonId": "0x000000000001ba99", "TerminalSessionId": "1", "IntegrityLevel": "Medium", "Hashes": "SHA1=52A7274A0B4F9493632060FE25993A2EF24FE827", "ParentProcessGuid": "{9613fa45-9764-6574-8d01-000000000100}", "ParentProcessId": "728", "ParentImage": "C:\\Windows\\SysWOW64\\wevtutil.exe", "ParentCommandLine": "\"wevtutil.exe\" cl Microsoft-Windows-Application-Experience/Program-Compatibility-Assistant"}
{"RuleName": "-", "UtcTime": "2023-12-09 16:35:48.283", "ProcessGuid": "{9613fa45-9764-6574-8d01-000000000100}", "ProcessId": "728", "Image": "C:\\Windows\\SysWOW64\\wevtutil.exe"}
{"RuleName": "-", "UtcTime": "2023-12-09 16:35:48.283", "ProcessGuid": "{9613fa45-9764-6574-8e01-000000000100}", "ProcessId": "7120", "Image": "C:\\Windows\\System32\\conhost.exe"}
{"RuleName": "-", "UtcTime": "2023-12-09 16:35:48.349", "ProcessGuid": "{9613fa45-9764-6574-8f01-000000000100}", "ProcessId": "3936", "Image": "C:\\Windows\\SysWOW64\\wevtutil.exe", "FileVersion": "10.0.19041.1202 (WinBuild.160101.0800)", "Description": "Eventing Command Line Utility", "Product": "Microsoft\u00ae Windows\u00ae Operating System", "Company": "Microsoft Corporation", "OriginalFileName": "wevtutil.exe", "CommandLine": "\"wevtutil.exe\" cl Microsoft-Windows-Application-Experience/Program-Compatibility-Assistant/Analytic", "CurrentDirectory": "C:\\Users\\lg\\Desktop\\", "User": "DAVE-PC-TOP-SEC\\lg", "LogonGuid": "{9613fa45-ef53-6500-99ba-010000000000}", "LogonId": "0x000000000001ba99", "TerminalSessionId": "1", "IntegrityLevel": "Medium", "Hashes": "SHA1=71F511BF104A6B088EAB0F3D3E1F90FA6911AA39", "ParentProcessGuid": "{9613fa45-9741-6574-bc00-000000000100}", "ParentProcessId": "8148", "ParentImage": "C:\\Users\\lg\\Desktop\\ClearLogs.exe", "ParentCommandLine": "\"C:\\Users\\lg\\Desktop\\ClearLogs.exe\" "}
