{"RuleName": "-", "UtcTime": "2023-12-09 16:36:01.133", "ProcessGuid": "{9613fa45-9771-6574-b702-000000000100}", "ProcessId": "1432", "Image": "C:\\Windows\\System32\\conhost.exe", "FileVersion": "10.0.19041.1566 (WinBuild.160101.0800)", "Description": "Console Window Host", "Product": "Microsoft\u00ae Windows\u00ae Operating System", "Company": "Microsoft Corporation", "OriginalFileName": "CONHOST.EXE", "CommandLine": "\\??\\C:\\Windows\\system32\\conhost.exe 0xffffffff -ForceV1", "CurrentDirectory": "C:\\Windows", "User": "DAVE-PC-TOP-SEC\\lg", "LogonGuid": "{9613fa45-ef53-6500-99ba-010000000000}", "LogonId": "0x000000000001ba99", "TerminalSessionId": "1", "IntegrityLevel": "Medium", "Hashes": "SHA1=52A7274A0B4F9493632060FE25993A2EF24FE827", "ParentProcessGuid": "{9613fa45-9771-6574-b602-000000000100}", "ParentProcessId": "7676", "ParentImage": "C:\\Windows\\SysWOW64\\wevtutil.exe", "ParentCommandLine": "\"wevtutil.exe\" cl Microsoft-Windows-DeviceConfidence/Analytic"}
{"RuleName": "-", "UtcTime": "2023-12-09 16:36:01.142", "ProcessGuid": "{9613fa45-9771-6574-b602-000000000100}", "ProcessId": "7676", "Image": "C:\\Windows\\SysWOW64\\wevtutil.exe"}
{"RuleName": "-", "UtcTime": "2023-12-09 16:36:01.142", "ProcessGuid": "{9613fa45-9771-6574-b702-000000000100}", "ProcessId": "1432", "Image": "C:\\Windows\\System32\\conhost.exe"}
{"RuleName": "-", "UtcTime": "2023-12-09 16:36:01.208", "ProcessGuid": "{9613fa45-9771-6574-b802-000000000100}", "ProcessId": "7052", "Image": "C:\\Windows\\SysWOW64\\wevtutil.exe", "FileVersion": "10.0.19041.1202 (WinBuild.160101.0800)", "Description": "Eventing Command Line Utility", "Product": "Microsoft\u00ae Windows\u00ae Operating System", "Company": "Microsoft Corporation", "OriginalFileName": "wevtutil.exe", "CommandLine": "\"wevtutil.exe\" cl Microsoft-Windows-DeviceGuard/Operational", "CurrentDirectory": "C:\\Users\\lg\\Desktop\\", "User": "DAVE-PC-TOP-SEC\\lg", "LogonGuid": "{9613fa45-ef53-6500-99ba-010000000000}", "LogonId": "0x000000000001ba99", "TerminalSessionId": "1", "IntegrityLevel": "Medium", "Hashes": "SHA1=71F511BF104A6B088EAB0F3D3E1F90FA6911AA39", "ParentProcessGuid": "{9613fa45-9741-6574-bc00-000000000100}", "ParentProcessId": "8148", "ParentImage": "C:\\Users\\lg\\Desktop\\ClearLogs.exe", "ParentCommandLine": "\"C:\\Users\\lg\\Desktop\\ClearLogs.exe\" "}
{"RuleName": "-", "UtcTime": "2023-12-09 16:36:01.211", "ProcessGuid": "{9613fa45-9771-6574-b902-000000000100}", "ProcessId": "7028", "Image": "C:\\Windows\\System32\\conhost.exe", "FileVersion": "10.0.19041.1566 (WinBuild.160101.0800)", "Description": "Console Window Host", "Product": "Microsoft\u00ae Windows\u00ae Operating System", "Company": "Microsoft Corporation", "OriginalFileName": "CONHOST.EXE", "CommandLine": "\\??\\C:\\Windows\\system32\\conhost.exe 0xffffffff -ForceV1", "CurrentDirectory": "C:\\Windows", "User": "DAVE-PC-TOP-SEC\\lg", "LogonGuid": "{9613fa45-ef53-6500-99ba-010000000000}", "LogonId": "0x000000000001ba99", "TerminalSessionId": "1", "IntegrityLevel": "Medium", "Hashes": "SHA1=52A7274A0B4F9493632060FE25993A2EF24FE827", "ParentProcessGuid": "{9613fa45-9771-6574-b802-000000000100}", "ParentProcessId": "7052", "ParentImage": "C:\\Windows\\SysWOW64\\wevtutil.exe", "ParentCommandLine": "\"wevtutil.exe\" cl Microsoft-Windows-DeviceGuard/Operational"}
{"RuleName": "-", "UtcTime": "2023-12-09 16:36:01.221", "ProcessGuid": "{9613fa45-9771-6574-b802-000000000100}", "ProcessId": "7052", "Image": "C:\\Windows\\SysWOW64\\wevtutil.exe"}
{"RuleName": "-", "UtcTime": "2023-12-09 16:36:01.221", "ProcessGuid": "{9613fa45-9771-6574-b902-000000000100}", "ProcessId": "7028", "Image": "C:\\Windows\\System32\\conhost.exe"}
{"RuleName": "-", "UtcTime": "2023-12-09 16:36:01.287", "ProcessGuid": "{9613fa45-9771-6574-ba02-000000000100}", "ProcessId": "2608", "Image": "C:\\Windows\\SysWOW64\\wevtutil.exe", "FileVersion": "10.0.19041.1202 (WinBuild.160101.0800)", "Description": "Eventing Command Line Utility", "Product": "Microsoft\u00ae Windows\u00ae Operating System", "Company": "Microsoft Corporation", "OriginalFileName": "wevtutil.exe", "CommandLine": "\"wevtutil.exe\" cl Microsoft-Windows-DeviceGuard/Verbose", "CurrentDirectory": "C:\\Users\\lg\\Desktop\\", "User": "DAVE-PC-TOP-SEC\\lg", "LogonGuid": "{9613fa45-ef53-6500-99ba-010000000000}", "LogonId": "0x000000000001ba99", "TerminalSessionId": "1", "IntegrityLevel": "Medium", "Hashes": "SHA1=71F511BF104A6B088EAB0F3D3E1F90FA6911AA39", "ParentProcessGuid": "{9613fa45-9741-6574-bc00-000000000100}", "ParentProcessId": "8148", "ParentImage": "C:\\Users\\lg\\Desktop\\ClearLogs.exe", "ParentCommandLine": "\"C:\\Users\\lg\\Desktop\\ClearLogs.exe\" "}
{"RuleName": "-", "UtcTime": "2023-12-09 16:36:01.290", "ProcessGuid": "{9613fa45-9771-6574-bb02-000000000100}", "ProcessId": "8036", "Image": "C:\\Windows\\System32\\conhost.exe", "FileVersion": "10.0.19041.1566 (WinBuild.160101.0800)", "Description": "Console Window Host", "Product": "Microsoft\u00ae Windows\u00ae Operating System", "Company": "Microsoft Corporation", "OriginalFileName": "CONHOST.EXE", "CommandLine": "\\??\\C:\\Windows\\system32\\conhost.exe 0xffffffff -ForceV1", "CurrentDirectory": "C:\\Windows", "User": "DAVE-PC-TOP-SEC\\lg", "LogonGuid": "{9613fa45-ef53-6500-99ba-010000000000}", "LogonId": "0x000000000001ba99", "TerminalSessionId": "1", "IntegrityLevel": "Medium", "Hashes": "SHA1=52A7274A0B4F9493632060FE25993A2EF24FE827", "ParentProcessGuid": "{9613fa45-9771-6574-ba02-000000000100}", "ParentProcessId": "2608", "ParentImage": "C:\\Windows\\SysWOW64\\wevtutil.exe", "ParentCommandLine": "\"wevtutil.exe\" cl Microsoft-Windows-DeviceGuard/Verbose"}
{"RuleName": "-", "UtcTime": "2023-12-09 16:36:01.298", "ProcessGuid": "{9613fa45-9771-6574-ba02-000000000100}", "ProcessId": "2608", "Image": "C:\\Windows\\SysWOW64\\wevtutil.exe"}
{"RuleName": "-", "UtcTime": "2023-12-09 16:36:01.298", "ProcessGuid": "{9613fa45-9771-6574-bb02-000000000100}", "ProcessId": "8036", "Image": "C:\\Windows\\System32\\conhost.exe"}
{"RuleName": "-", "UtcTime": "2023-12-09 16:36:01.365", "ProcessGuid": "{9613fa45-9771-6574-bc02-000000000100}", "ProcessId": "1280", "Image": "C:\\Windows\\SysWOW64\\wevtutil.exe", "FileVersion": "10.0.19041.1202 (WinBuild.160101.0800)", "Description": "Eventing Command Line Utility", "Product": "Microsoft\u00ae Windows\u00ae Operating System", "Company": "Microsoft Corporation", "OriginalFileName": "wevtutil.exe", "CommandLine": "\"wevtutil.exe\" cl Microsoft-Windows-DeviceManagement-Enterprise-Diagnostics-Provider/Admin", "CurrentDirectory": "C:\\Users\\lg\\Desktop\\", "User": "DAVE-PC-TOP-SEC\\lg", "LogonGuid": "{9613fa45-ef53-6500-99ba-010000000000}", "LogonId": "0x000000000001ba99", "TerminalSessionId": "1", "IntegrityLevel": "Medium", "Hashes": "SHA1=71F511BF104A6B088EAB0F3D3E1F90FA6911AA39", "ParentProcessGuid": "{9613fa45-9741-6574-bc00-000000000100}", "ParentProcessId": "8148", "ParentImage": "C:\\Users\\lg\\Desktop\\ClearLogs.exe", "ParentCommandLine": "\"C:\\Users\\lg\\Desktop\\ClearLogs.exe\" "}
{"RuleName": "-", "UtcTime": "2023-12-09 16:36:01.367", "ProcessGuid": "{9613fa45-9771-6574-bd02-000000000100}", "ProcessId": "4488", "Image": "C:\\Windows\\System32\\conhost.exe", "FileVersion": "10.0.19041.1566 (WinBuild.160101.0800)", "Description": "Console Window Host", "Product": "Microsoft\u00ae Windows\u00ae Operating System", "Company": "Microsoft Corporation", "OriginalFileName": "CONHOST.EXE", "CommandLine": "\\??\\C:\\Windows\\system32\\conhost.exe 0xffffffff -ForceV1", "CurrentDirectory": "C:\\Windows", "User": "DAVE-PC-TOP-SEC\\lg", "LogonGuid": "{9613fa45-ef53-6500-99ba-010000000000}", "LogonId": "0x000000000001ba99", "TerminalSessionId": "1", "IntegrityLevel": "Medium", "Hashes": "SHA1=52A7274A0B4F9493632060FE25993A2EF24FE827", "ParentProcessGuid": "{9613fa45-9771-6574-bc02-000000000100}", "ParentProcessId": "1280", "ParentImage": "C:\\Windows\\SysWOW64\\wevtutil.exe", "ParentCommandLine": "\"wevtutil.exe\" cl Microsoft-Windows-DeviceManagement-Enterprise-Diagnostics-Provider/Admin"}
{"RuleName": "-", "UtcTime": "2023-12-09 16:36:01.376", "ProcessGuid": "{9613fa45-9771-6574-bc02-000000000100}", "ProcessId": "1280", "Image": "C:\\Windows\\SysWOW64\\wevtutil.exe"}
{"RuleName": "-", "UtcTime": "2023-12-09 16:36:01.376", "ProcessGuid": "{9613fa45-9771-6574-bd02-000000000100}", "ProcessId": "4488", "Image": "C:\\Windows\\System32\\conhost.exe"}
{"RuleName": "-", "UtcTime": "2023-12-09 16:36:01.443", "ProcessGuid": "{9613fa45-9771-6574-be02-000000000100}", "ProcessId": "1884", "Image": "C:\\Windows\\SysWOW64\\wevtutil.exe", "FileVersion": "10.0.19041.1202 (WinBuild.160101.0800)", "Description": "Eventing Command Line Utility", "Product": "Microsoft\u00ae Windows\u00ae Operating System", "Company": "Microsoft Corporation", "OriginalFileName": "wevtutil.exe", "CommandLine": "\"wevtutil.exe\" cl Microsoft-Windows-DeviceManagement-Enterprise-Diagnostics-Provider/Debug", "CurrentDirectory": "C:\\Users\\lg\\Desktop\\", "User": "DAVE-PC-TOP-SEC\\lg", "LogonGuid": "{9613fa45-ef53-6500-99ba-010000000000}", "LogonId": "0x000000000001ba99", "TerminalSessionId": "1", "IntegrityLevel": "Medium", "Hashes": "SHA1=71F511BF104A6B088EAB0F3D3E1F90FA6911AA39", "ParentProcessGuid": "{9613fa45-9741-6574-bc00-000000000100}", "ParentProcessId": "8148", "ParentImage": "C:\\Users\\lg\\Desktop\\ClearLogs.exe", "ParentCommandLine": "\"C:\\Users\\lg\\Desktop\\ClearLogs.exe\" "}
{"RuleName": "-", "UtcTime": "2023-12-09 16:36:01.445", "ProcessGuid": "{9613fa45-9771-6574-bf02-000000000100}", "ProcessId": "1792", "Image": "C:\\Windows\\System32\\conhost.exe", "FileVersion": "10.0.19041.1566 (WinBuild.160101.0800)", "Description": "Console Window Host", "Product": "Microsoft\u00ae Windows\u00ae Operating System", "Company": "Microsoft Corporation", "OriginalFileName": "CONHOST.EXE", "CommandLine": "\\??\\C:\\Windows\\system32\\conhost.exe 0xffffffff -ForceV1", "CurrentDirectory": "C:\\Windows", "User": "DAVE-PC-TOP-SEC\\lg", "LogonGuid": "{9613fa45-ef53-6500-99ba-010000000000}", "LogonId": "0x000000000001ba99", "TerminalSessionId": "1", "IntegrityLevel": "Medium", "Hashes": "SHA1=52A7274A0B4F9493632060FE25993A2EF24FE827", "ParentProcessGuid": "{9613fa45-9771-6574-be02-000000000100}", "ParentProcessId": "1884", "ParentImage": "C:\\Windows\\SysWOW64\\wevtutil.exe", "ParentCommandLine": "\"wevtutil.exe\" cl Microsoft-Windows-DeviceManagement-Enterprise-Diagnostics-Provider/Debug"}
{"RuleName": "-", "UtcTime": "2023-12-09 16:36:01.455", "ProcessGuid": "{9613fa45-9771-6574-be02-000000000100}", "ProcessId": "1884", "Image": "C:\\Windows\\SysWOW64\\wevtutil.exe"}
{"RuleName": "-", "UtcTime": "2023-12-09 16:36:01.455", "ProcessGuid": "{9613fa45-9771-6574-bf02-000000000100}", "ProcessId": "1792", "Image": "C:\\Windows\\System32\\conhost.exe"}
{"RuleName": "-", "UtcTime": "2023-12-09 16:36:01.522", "ProcessGuid": "{9613fa45-9771-6574-c002-000000000100}", "ProcessId": "3436", "Image": "C:\\Windows\\SysWOW64\\wevtutil.exe", "FileVersion": "10.0.19041.1202 (WinBuild.160101.0800)", "Description": "Eventing Command Line Utility", "Product": "Microsoft\u00ae Windows\u00ae Operating System", "Company": "Microsoft Corporation", "OriginalFileName": "wevtutil.exe", "CommandLine": "\"wevtutil.exe\" cl Microsoft-Windows-DeviceManagement-Enterprise-Diagnostics-Provider/Operational", "CurrentDirectory": "C:\\Users\\lg\\Desktop\\", "User": "DAVE-PC-TOP-SEC\\lg", "LogonGuid": "{9613fa45-ef53-6500-99ba-010000000000}", "LogonId": "0x000000000001ba99", "TerminalSessionId": "1", "IntegrityLevel": "Medium", "Hashes": "SHA1=71F511BF104A6B088EAB0F3D3E1F90FA6911AA39", "ParentProcessGuid": "{9613fa45-9741-6574-bc00-000000000100}", "ParentProcessId": "8148", "ParentImage": "C:\\Users\\lg\\Desktop\\ClearLogs.exe", "ParentCommandLine": "\"C:\\Users\\lg\\Desktop\\ClearLogs.exe\" "}
{"RuleName": "-", "UtcTime": "2023-12-09 16:36:01.524", "ProcessGuid": "{9613fa45-9771-6574-c102-000000000100}", "ProcessId": "984", "Image": "C:\\Windows\\System32\\conhost.exe", "FileVersion": "10.0.19041.1566 (WinBuild.160101.0800)", "Description": "Console Window Host", "Product": "Microsoft\u00ae Windows\u00ae Operating System", "Company": "Microsoft Corporation", "OriginalFileName": "CONHOST.EXE", "CommandLine": "\\??\\C:\\Windows\\system32\\conhost.exe 0xffffffff -ForceV1", "CurrentDirectory": "C:\\Windows", "User": "DAVE-PC-TOP-SEC\\lg", "LogonGuid": "{9613fa45-ef53-6500-99ba-010000000000}", "LogonId": "0x000000000001ba99", "TerminalSessionId": "1", "IntegrityLevel": "Medium", "Hashes": "SHA1=52A7274A0B4F9493632060FE25993A2EF24FE827", "ParentProcessGuid": "{9613fa45-9771-6574-c002-000000000100}", "ParentProcessId": "3436", "ParentImage": "C:\\Windows\\SysWOW64\\wevtutil.exe", "ParentCommandLine": "\"wevtutil.exe\" cl Microsoft-Windows-DeviceManagement-Enterprise-Diagnostics-Provider/Operational"}
{"RuleName": "-", "UtcTime": "2023-12-09 16:36:01.533", "ProcessGuid": "{9613fa45-9771-6574-c002-000000000100}", "ProcessId": "3436", "Image": "C:\\Windows\\SysWOW64\\wevtutil.exe"}
{"RuleName": "-", "UtcTime": "2023-12-09 16:36:01.533", "ProcessGuid": "{9613fa45-9771-6574-c102-000000000100}", "ProcessId": "984", "Image": "C:\\Windows\\System32\\conhost.exe"}
{"RuleName": "-", "UtcTime": "2023-12-09 16:36:01.600", "ProcessGuid": "{9613fa45-9771-6574-c202-000000000100}", "ProcessId": "7024", "Image": "C:\\Windows\\SysWOW64\\wevtutil.exe", "FileVersion": "10.0.19041.1202 (WinBuild.160101.0800)", "Description": "Eventing Command Line Utility", "Product": "Microsoft\u00ae Windows\u00ae Operating System", "Company": "Microsoft Corporation", "OriginalFileName": "wevtutil.exe", "CommandLine": "\"wevtutil.exe\" cl Microsoft-Windows-DeviceSetupManager/Admin", "CurrentDirectory": "C:\\Users\\lg\\Desktop\\", "User": "DAVE-PC-TOP-SEC\\lg", "LogonGuid": "{9613fa45-ef53-6500-99ba-010000000000}", "LogonId": "0x000000000001ba99", "TerminalSessionId": "1", "IntegrityLevel": "Medium", "Hashes": "SHA1=71F511BF104A6B088EAB0F3D3E1F90FA6911AA39", "ParentProcessGuid": "{9613fa45-9741-6574-bc00-000000000100}", "ParentProcessId": "8148", "ParentImage": "C:\\Users\\lg\\Desktop\\ClearLogs.exe", "ParentCommandLine": "\"C:\\Users\\lg\\Desktop\\ClearLogs.exe\" "}
{"RuleName": "-", "UtcTime": "2023-12-09 16:36:01.602", "ProcessGuid": "{9613fa45-9771-6574-c302-000000000100}", "ProcessId": "5424", "Image": "C:\\Windows\\System32\\conhost.exe", "FileVersion": "10.0.19041.1566 (WinBuild.160101.0800)", "Description": "Console Window Host", "Product": "Microsoft\u00ae Windows\u00ae Operating System", "Company": "Microsoft Corporation", "OriginalFileName": "CONHOST.EXE", "CommandLine": "\\??\\C:\\Windows\\system32\\conhost.exe 0xffffffff -ForceV1", "CurrentDirectory": "C:\\Windows", "User": "DAVE-PC-TOP-SEC\\lg", "LogonGuid": "{9613fa45-ef53-6500-99ba-010000000000}", "LogonId": "0x000000000001ba99", "TerminalSessionId": "1", "IntegrityLevel": "Medium", "Hashes": "SHA1=52A7274A0B4F9493632060FE25993A2EF24FE827", "ParentProcessGuid": "{9613fa45-9771-6574-c202-000000000100}", "ParentProcessId": "7024", "ParentImage": "C:\\Windows\\SysWOW64\\wevtutil.exe", "ParentCommandLine": "\"wevtutil.exe\" cl Microsoft-Windows-DeviceSetupManager/Admin"}
{"RuleName": "-", "UtcTime": "2023-12-09 16:36:01.611", "ProcessGuid": "{9613fa45-9771-6574-c202-000000000100}", "ProcessId": "7024", "Image": "C:\\Windows\\SysWOW64\\wevtutil.exe"}
{"RuleName": "-", "UtcTime": "2023-12-09 16:36:01.611", "ProcessGuid": "{9613fa45-9771-6574-c302-000000000100}", "ProcessId": "5424", "Image": "C:\\Windows\\System32\\conhost.exe"}
{"RuleName": "-", "UtcTime": "2023-12-09 16:36:01.693", "ProcessGuid": "{9613fa45-9771-6574-c402-000000000100}", "ProcessId": "7004", "Image": "C:\\Windows\\SysWOW64\\wevtutil.exe", "FileVersion": "10.0.19041.1202 (WinBuild.160101.0800)", "Description": "Eventing Command Line Utility", "Product": "Microsoft\u00ae Windows\u00ae Operating System", "Company": "Microsoft Corporation", "OriginalFileName": "wevtutil.exe", "CommandLine": "\"wevtutil.exe\" cl Microsoft-Windows-DeviceSetupManager/Analytic", "CurrentDirectory": "C:\\Users\\lg\\Desktop\\", "User": "DAVE-PC-TOP-SEC\\lg", "LogonGuid": "{9613fa45-ef53-6500-99ba-010000000000}", "LogonId": "0x000000000001ba99", "TerminalSessionId": "1", "IntegrityLevel": "Medium", "Hashes": "SHA1=71F511BF104A6B088EAB0F3D3E1F90FA6911AA39", "ParentProcessGuid": "{9613fa45-9741-6574-bc00-000000000100}", "ParentProcessId": "8148", "ParentImage": "C:\\Users\\lg\\Desktop\\ClearLogs.exe", "ParentCommandLine": "\"C:\\Users\\lg\\Desktop\\ClearLogs.exe\" "}
{"RuleName": "-", "UtcTime": "2023-12-09 16:36:01.695", "ProcessGuid": "{9613fa45-9771-6574-c502-000000000100}", "ProcessId": "7000", "Image": "C:\\Windows\\System32\\conhost.exe", "FileVersion": "10.0.19041.1566 (WinBuild.160101.0800)", "Description": "Console Window Host", "Product": "Microsoft\u00ae Windows\u00ae Operating System", "Company": "Microsoft Corporation", "OriginalFileName": "CONHOST.EXE", "CommandLine": "\\??\\C:\\Windows\\system32\\conhost.exe 0xffffffff -ForceV1", "CurrentDirectory": "C:\\Windows", "User": "DAVE-PC-TOP-SEC\\lg", "LogonGuid": "{9613fa45-ef53-6500-99ba-010000000000}", "LogonId": "0x000000000001ba99", "TerminalSessionId": "1", "IntegrityLevel": "Medium", "Hashes": "SHA1=52A7274A0B4F9493632060FE25993A2EF24FE827", "ParentProcessGuid": "{9613fa45-9771-6574-c402-000000000100}", "ParentProcessId": "7004", "ParentImage": "C:\\Windows\\SysWOW64\\wevtutil.exe", "ParentCommandLine": "\"wevtutil.exe\" cl Microsoft-Windows-DeviceSetupManager/Analytic"}
{"RuleName": "-", "UtcTime": "2023-12-09 16:36:01.705", "ProcessGuid": "{9613fa45-9771-6574-c402-000000000100}", "ProcessId": "7004", "Image": "C:\\Windows\\SysWOW64\\wevtutil.exe"}
{"RuleName": "-", "UtcTime": "2023-12-09 16:36:01.705", "ProcessGuid": "{9613fa45-9771-6574-c502-000000000100}", "ProcessId": "7000", "Image": "C:\\Windows\\System32\\conhost.exe"}
{"RuleName": "-", "UtcTime": "2023-12-09 16:36:01.771", "ProcessGuid": "{9613fa45-9771-6574-c602-000000000100}", "ProcessId": "5972", "Image": "C:\\Windows\\SysWOW64\\wevtutil.exe", "FileVersion": "10.0.19041.1202 (WinBuild.160101.0800)", "Description": "Eventing Command Line Utility", "Product": "Microsoft\u00ae Windows\u00ae Operating System", "Company": "Microsoft Corporation", "OriginalFileName": "wevtutil.exe", "CommandLine": "\"wevtutil.exe\" cl Microsoft-Windows-DeviceSetupManager/Debug", "CurrentDirectory": "C:\\Users\\lg\\Desktop\\", "User": "DAVE-PC-TOP-SEC\\lg", "LogonGuid": "{9613fa45-ef53-6500-99ba-010000000000}", "LogonId": "0x000000000001ba99", "TerminalSessionId": "1", "IntegrityLevel": "Medium", "Hashes": "SHA1=71F511BF104A6B088EAB0F3D3E1F90FA6911AA39", "ParentProcessGuid": "{9613fa45-9741-6574-bc00-000000000100}", "ParentProcessId": "8148", "ParentImage": "C:\\Users\\lg\\Desktop\\ClearLogs.exe", "ParentCommandLine": "\"C:\\Users\\lg\\Desktop\\ClearLogs.exe\" "}
{"RuleName": "-", "UtcTime": "2023-12-09 16:36:01.773", "ProcessGuid": "{9613fa45-9771-6574-c702-000000000100}", "ProcessId": "4304", "Image": "C:\\Windows\\System32\\conhost.exe", "FileVersion": "10.0.19041.1566 (WinBuild.160101.0800)", "Description": "Console Window Host", "Product": "Microsoft\u00ae Windows\u00ae Operating System", "Company": "Microsoft Corporation", "OriginalFileName": "CONHOST.EXE", "CommandLine": "\\??\\C:\\Windows\\system32\\conhost.exe 0xffffffff -ForceV1", "CurrentDirectory": "C:\\Windows", "User": "DAVE-PC-TOP-SEC\\lg", "LogonGuid": "{9613fa45-ef53-6500-99ba-010000000000}", "LogonId": "0x000000000001ba99", "TerminalSessionId": "1", "IntegrityLevel": "Medium", "Hashes": "SHA1=52A7274A0B4F9493632060FE25993A2EF24FE827", "ParentProcessGuid": "{9613fa45-9771-6574-c602-000000000100}", "ParentProcessId": "5972", "ParentImage": "C:\\Windows\\SysWOW64\\wevtutil.exe", "ParentCommandLine": "\"wevtutil.exe\" cl Microsoft-Windows-DeviceSetupManager/Debug"}
{"RuleName": "-", "UtcTime": "2023-12-09 16:36:01.783", "ProcessGuid": "{9613fa45-9771-6574-c602-000000000100}", "ProcessId": "5972", "Image": "C:\\Windows\\SysWOW64\\wevtutil.exe"}
{"RuleName": "-", "UtcTime": "2023-12-09 16:36:01.783", "ProcessGuid": "{9613fa45-9771-6574-c702-000000000100}", "ProcessId": "4304", "Image": "C:\\Windows\\System32\\conhost.exe"}
{"RuleName": "-", "UtcTime": "2023-12-09 16:36:01.865", "ProcessGuid": "{9613fa45-9771-6574-c802-000000000100}", "ProcessId": "7216", "Image": "C:\\Windows\\SysWOW64\\wevtutil.exe", "FileVersion": "10.0.19041.1202 (WinBuild.160101.0800)", "Description": "Eventing Command Line Utility", "Product": "Microsoft\u00ae Windows\u00ae Operating System", "Company": "Microsoft Corporation", "OriginalFileName": "wevtutil.exe", "CommandLine": "\"wevtutil.exe\" cl Microsoft-Windows-DeviceSetupManager/Operational", "CurrentDirectory": "C:\\Users\\lg\\Desktop\\", "User": "DAVE-PC-TOP-SEC\\lg", "LogonGuid": "{9613fa45-ef53-6500-99ba-010000000000}", "LogonId": "0x000000000001ba99", "TerminalSessionId": "1", "IntegrityLevel": "Medium", "Hashes": "SHA1=71F511BF104A6B088EAB0F3D3E1F90FA6911AA39", "ParentProcessGuid": "{9613fa45-9741-6574-bc00-000000000100}", "ParentProcessId": "8148", "ParentImage": "C:\\Users\\lg\\Desktop\\ClearLogs.exe", "ParentCommandLine": "\"C:\\Users\\lg\\Desktop\\ClearLogs.exe\" "}
{"RuleName": "-", "UtcTime": "2023-12-09 16:36:01.868", "ProcessGuid": "{9613fa45-9771-6574-c902-000000000100}", "ProcessId": "1848", "Image": "C:\\Windows\\System32\\conhost.exe", "FileVersion": "10.0.19041.1566 (WinBuild.160101.0800)", "Description": "Console Window Host", "Product": "Microsoft\u00ae Windows\u00ae Operating System", "Company": "Microsoft Corporation", "OriginalFileName": "CONHOST.EXE", "CommandLine": "\\??\\C:\\Windows\\system32\\conhost.exe 0xffffffff -ForceV1", "CurrentDirectory": "C:\\Windows", "User": "DAVE-PC-TOP-SEC\\lg", "LogonGuid": "{9613fa45-ef53-6500-99ba-010000000000}", "LogonId": "0x000000000001ba99", "TerminalSessionId": "1", "IntegrityLevel": "Medium", "Hashes": "SHA1=52A7274A0B4F9493632060FE25993A2EF24FE827", "ParentProcessGuid": "{9613fa45-9771-6574-c802-000000000100}", "ParentProcessId": "7216", "ParentImage": "C:\\Windows\\SysWOW64\\wevtutil.exe", "ParentCommandLine": "\"wevtutil.exe\" cl Microsoft-Windows-DeviceSetupManager/Operational"}
{"RuleName": "-", "UtcTime": "2023-12-09 16:36:01.877", "ProcessGuid": "{9613fa45-9771-6574-c802-000000000100}", "ProcessId": "7216", "Image": "C:\\Windows\\SysWOW64\\wevtutil.exe"}
{"RuleName": "-", "UtcTime": "2023-12-09 16:36:01.877", "ProcessGuid": "{9613fa45-9771-6574-c902-000000000100}", "ProcessId": "1848", "Image": "C:\\Windows\\System32\\conhost.exe"}
{"RuleName": "-", "UtcTime": "2023-12-09 16:36:01.958", "ProcessGuid": "{9613fa45-9771-6574-ca02-000000000100}", "ProcessId": "6772", "Image": "C:\\Windows\\SysWOW64\\wevtutil.exe", "FileVersion": "10.0.19041.1202 (WinBuild.160101.0800)", "Description": "Eventing Command Line Utility", "Product": "Microsoft\u00ae Windows\u00ae Operating System", "Company": "Microsoft Corporation", "OriginalFileName": "wevtutil.exe", "CommandLine": "\"wevtutil.exe\" cl Microsoft-Windows-DeviceSync/Analytic", "CurrentDirectory": "C:\\Users\\lg\\Desktop\\", "User": "DAVE-PC-TOP-SEC\\lg", "LogonGuid": "{9613fa45-ef53-6500-99ba-010000000000}", "LogonId": "0x000000000001ba99", "TerminalSessionId": "1", "IntegrityLevel": "Medium", "Hashes": "SHA1=71F511BF104A6B088EAB0F3D3E1F90FA6911AA39", "ParentProcessGuid": "{9613fa45-9741-6574-bc00-000000000100}", "ParentProcessId": "8148", "ParentImage": "C:\\Users\\lg\\Desktop\\ClearLogs.exe", "ParentCommandLine": "\"C:\\Users\\lg\\Desktop\\ClearLogs.exe\" "}
{"RuleName": "-", "UtcTime": "2023-12-09 16:36:01.961", "ProcessGuid": "{9613fa45-9771-6574-cb02-000000000100}", "ProcessId": "7800", "Image": "C:\\Windows\\System32\\conhost.exe", "FileVersion": "10.0.19041.1566 (WinBuild.160101.0800)", "Description": "Console Window Host", "Product": "Microsoft\u00ae Windows\u00ae Operating System", "Company": "Microsoft Corporation", "OriginalFileName": "CONHOST.EXE", "CommandLine": "\\??\\C:\\Windows\\system32\\conhost.exe 0xffffffff -ForceV1", "CurrentDirectory": "C:\\Windows", "User": "DAVE-PC-TOP-SEC\\lg", "LogonGuid": "{9613fa45-ef53-6500-99ba-010000000000}", "LogonId": "0x000000000001ba99", "TerminalSessionId": "1", "IntegrityLevel": "Medium", "Hashes": "SHA1=52A7274A0B4F9493632060FE25993A2EF24FE827", "ParentProcessGuid": "{9613fa45-9771-6574-ca02-000000000100}", "ParentProcessId": "6772", "ParentImage": "C:\\Windows\\SysWOW64\\wevtutil.exe", "ParentCommandLine": "\"wevtutil.exe\" cl Microsoft-Windows-DeviceSync/Analytic"}
{"RuleName": "-", "UtcTime": "2023-12-09 16:36:01.970", "ProcessGuid": "{9613fa45-9771-6574-ca02-000000000100}", "ProcessId": "6772", "Image": "C:\\Windows\\SysWOW64\\wevtutil.exe"}
{"RuleName": "-", "UtcTime": "2023-12-09 16:36:01.970", "ProcessGuid": "{9613fa45-9771-6574-cb02-000000000100}", "ProcessId": "7800", "Image": "C:\\Windows\\System32\\conhost.exe"}
{"RuleName": "-", "UtcTime": "2023-12-09 16:36:02.052", "ProcessGuid": "{9613fa45-9772-6574-cc02-000000000100}", "ProcessId": "7012", "Image": "C:\\Windows\\SysWOW64\\wevtutil.exe", "FileVersion": "10.0.19041.1202 (WinBuild.160101.0800)", "Description": "Eventing Command Line Utility", "Product": "Microsoft\u00ae Windows\u00ae Operating System", "Company": "Microsoft Corporation", "OriginalFileName": "wevtutil.exe", "CommandLine": "\"wevtutil.exe\" cl Microsoft-Windows-DeviceSync/Operational", "CurrentDirectory": "C:\\Users\\lg\\Desktop\\", "User": "DAVE-PC-TOP-SEC\\lg", "LogonGuid": "{9613fa45-ef53-6500-99ba-010000000000}", "LogonId": "0x000000000001ba99", "TerminalSessionId": "1", "IntegrityLevel": "Medium", "Hashes": "SHA1=71F511BF104A6B088EAB0F3D3E1F90FA6911AA39", "ParentProcessGuid": "{9613fa45-9741-6574-bc00-000000000100}", "ParentProcessId": "8148", "ParentImage": "C:\\Users\\lg\\Desktop\\ClearLogs.exe", "ParentCommandLine": "\"C:\\Users\\lg\\Desktop\\ClearLogs.exe\" "}
{"RuleName": "-", "UtcTime": "2023-12-09 16:36:02.054", "ProcessGuid": "{9613fa45-9772-6574-cd02-000000000100}", "ProcessId": "6684", "Image": "C:\\Windows\\System32\\conhost.exe", "FileVersion": "10.0.19041.1566 (WinBuild.160101.0800)", "Description": "Console Window Host", "Product": "Microsoft\u00ae Windows\u00ae Operating System", "Company": "Microsoft Corporation", "OriginalFileName": "CONHOST.EXE", "CommandLine": "\\??\\C:\\Windows\\system32\\conhost.exe 0xffffffff -ForceV1", "CurrentDirectory": "C:\\Windows", "User": "DAVE-PC-TOP-SEC\\lg", "LogonGuid": "{9613fa45-ef53-6500-99ba-010000000000}", "LogonId": "0x000000000001ba99", "TerminalSessionId": "1", "IntegrityLevel": "Medium", "Hashes": "SHA1=52A7274A0B4F9493632060FE25993A2EF24FE827", "ParentProcessGuid": "{9613fa45-9772-6574-cc02-000000000100}", "ParentProcessId": "7012", "ParentImage": "C:\\Windows\\SysWOW64\\wevtutil.exe", "ParentCommandLine": "\"wevtutil.exe\" cl Microsoft-Windows-DeviceSync/Operational"}
{"RuleName": "-", "UtcTime": "2023-12-09 16:36:02.064", "ProcessGuid": "{9613fa45-9772-6574-cc02-000000000100}", "ProcessId": "7012", "Image": "C:\\Windows\\SysWOW64\\wevtutil.exe"}
{"RuleName": "-", "UtcTime": "2023-12-09 16:36:02.064", "ProcessGuid": "{9613fa45-9772-6574-cd02-000000000100}", "ProcessId": "6684", "Image": "C:\\Windows\\System32\\conhost.exe"}
{"RuleName": "-", "UtcTime": "2023-12-09 16:36:02.146", "ProcessGuid": "{9613fa45-9772-6574-ce02-000000000100}", "ProcessId": "1432", "Image": "C:\\Windows\\SysWOW64\\wevtutil.exe", "FileVersion": "10.0.19041.1202 (WinBuild.160101.0800)", "Description": "Eventing Command Line Utility", "Product": "Microsoft\u00ae Windows\u00ae Operating System", "Company": "Microsoft Corporation", "OriginalFileName": "wevtutil.exe", "CommandLine": "\"wevtutil.exe\" cl Microsoft-Windows-DeviceUpdateAgent/Operational", "CurrentDirectory": "C:\\Users\\lg\\Desktop\\", "User": "DAVE-PC-TOP-SEC\\lg", "LogonGuid": "{9613fa45-ef53-6500-99ba-010000000000}", "LogonId": "0x000000000001ba99", "TerminalSessionId": "1", "IntegrityLevel": "Medium", "Hashes": "SHA1=71F511BF104A6B088EAB0F3D3E1F90FA6911AA39", "ParentProcessGuid": "{9613fa45-9741-6574-bc00-000000000100}", "ParentProcessId": "8148", "ParentImage": "C:\\Users\\lg\\Desktop\\ClearLogs.exe", "ParentCommandLine": "\"C:\\Users\\lg\\Desktop\\ClearLogs.exe\" "}
{"RuleName": "-", "UtcTime": "2023-12-09 16:36:02.148", "ProcessGuid": "{9613fa45-9772-6574-cf02-000000000100}", "ProcessId": "1240", "Image": "C:\\Windows\\System32\\conhost.exe", "FileVersion": "10.0.19041.1566 (WinBuild.160101.0800)", "Description": "Console Window Host", "Product": "Microsoft\u00ae Windows\u00ae Operating System", "Company": "Microsoft Corporation", "OriginalFileName": "CONHOST.EXE", "CommandLine": "\\??\\C:\\Windows\\system32\\conhost.exe 0xffffffff -ForceV1", "CurrentDirectory": "C:\\Windows", "User": "DAVE-PC-TOP-SEC\\lg", "LogonGuid": "{9613fa45-ef53-6500-99ba-010000000000}", "LogonId": "0x000000000001ba99", "TerminalSessionId": "1", "IntegrityLevel": "Medium", "Hashes": "SHA1=52A7274A0B4F9493632060FE25993A2EF24FE827", "ParentProcessGuid": "{9613fa45-9772-6574-ce02-000000000100}", "ParentProcessId": "1432", "ParentImage": "C:\\Windows\\SysWOW64\\wevtutil.exe", "ParentCommandLine": "\"wevtutil.exe\" cl Microsoft-Windows-DeviceUpdateAgent/Operational"}
{"RuleName": "-", "UtcTime": "2023-12-09 16:36:02.158", "ProcessGuid": "{9613fa45-9772-6574-ce02-000000000100}", "ProcessId": "1432", "Image": "C:\\Windows\\SysWOW64\\wevtutil.exe"}
{"RuleName": "-", "UtcTime": "2023-12-09 16:36:02.158", "ProcessGuid": "{9613fa45-9772-6574-cf02-000000000100}", "ProcessId": "1240", "Image": "C:\\Windows\\System32\\conhost.exe"}
{"RuleName": "-", "UtcTime": "2023-12-09 16:36:02.240", "ProcessGuid": "{9613fa45-9772-6574-d002-000000000100}", "ProcessId": "7028", "Image": "C:\\Windows\\SysWOW64\\wevtutil.exe", "FileVersion": "10.0.19041.1202 (WinBuild.160101.0800)", "Description": "Eventing Command Line Utility", "Product": "Microsoft\u00ae Windows\u00ae Operating System", "Company": "Microsoft Corporation", "OriginalFileName": "wevtutil.exe", "CommandLine": "\"wevtutil.exe\" cl Microsoft-Windows-DeviceUx/Informational", "CurrentDirectory": "C:\\Users\\lg\\Desktop\\", "User": "DAVE-PC-TOP-SEC\\lg", "LogonGuid": "{9613fa45-ef53-6500-99ba-010000000000}", "LogonId": "0x000000000001ba99", "TerminalSessionId": "1", "IntegrityLevel": "Medium", "Hashes": "SHA1=71F511BF104A6B088EAB0F3D3E1F90FA6911AA39", "ParentProcessGuid": "{9613fa45-9741-6574-bc00-000000000100}", "ParentProcessId": "8148", "ParentImage": "C:\\Users\\lg\\Desktop\\ClearLogs.exe", "ParentCommandLine": "\"C:\\Users\\lg\\Desktop\\ClearLogs.exe\" "}
{"RuleName": "-", "UtcTime": "2023-12-09 16:36:02.243", "ProcessGuid": "{9613fa45-9772-6574-d102-000000000100}", "ProcessId": "2612", "Image": "C:\\Windows\\System32\\conhost.exe", "FileVersion": "10.0.19041.1566 (WinBuild.160101.0800)", "Description": "Console Window Host", "Product": "Microsoft\u00ae Windows\u00ae Operating System", "Company": "Microsoft Corporation", "OriginalFileName": "CONHOST.EXE", "CommandLine": "\\??\\C:\\Windows\\system32\\conhost.exe 0xffffffff -ForceV1", "CurrentDirectory": "C:\\Windows", "User": "DAVE-PC-TOP-SEC\\lg", "LogonGuid": "{9613fa45-ef53-6500-99ba-010000000000}", "LogonId": "0x000000000001ba99", "TerminalSessionId": "1", "IntegrityLevel": "Medium", "Hashes": "SHA1=52A7274A0B4F9493632060FE25993A2EF24FE827", "ParentProcessGuid": "{9613fa45-9772-6574-d002-000000000100}", "ParentProcessId": "7028", "ParentImage": "C:\\Windows\\SysWOW64\\wevtutil.exe", "ParentCommandLine": "\"wevtutil.exe\" cl Microsoft-Windows-DeviceUx/Informational"}
{"RuleName": "-", "UtcTime": "2023-12-09 16:36:02.251", "ProcessGuid": "{9613fa45-9772-6574-d002-000000000100}", "ProcessId": "7028", "Image": "C:\\Windows\\SysWOW64\\wevtutil.exe"}
{"RuleName": "-", "UtcTime": "2023-12-09 16:36:02.251", "ProcessGuid": "{9613fa45-9772-6574-d102-000000000100}", "ProcessId": "2612", "Image": "C:\\Windows\\System32\\conhost.exe"}
{"RuleName": "-", "UtcTime": "2023-12-09 16:36:02.333", "ProcessGuid": "{9613fa45-9772-6574-d202-000000000100}", "ProcessId": "1772", "Image": "C:\\Windows\\SysWOW64\\wevtutil.exe", "FileVersion": "10.0.19041.1202 (WinBuild.160101.0800)", "Description": "Eventing Command Line Utility", "Product": "Microsoft\u00ae Windows\u00ae Operating System", "Company": "Microsoft Corporation", "OriginalFileName": "wevtutil.exe", "CommandLine": "\"wevtutil.exe\" cl Microsoft-Windows-DeviceUx/Performance", "CurrentDirectory": "C:\\Users\\lg\\Desktop\\", "User": "DAVE-PC-TOP-SEC\\lg", "LogonGuid": "{9613fa45-ef53-6500-99ba-010000000000}", "LogonId": "0x000000000001ba99", "TerminalSessionId": "1", "IntegrityLevel": "Medium", "Hashes": "SHA1=71F511BF104A6B088EAB0F3D3E1F90FA6911AA39", "ParentProcessGuid": "{9613fa45-9741-6574-bc00-000000000100}", "ParentProcessId": "8148", "ParentImage": "C:\\Users\\lg\\Desktop\\ClearLogs.exe", "ParentCommandLine": "\"C:\\Users\\lg\\Desktop\\ClearLogs.exe\" "}
{"RuleName": "-", "UtcTime": "2023-12-09 16:36:02.335", "ProcessGuid": "{9613fa45-9772-6574-d302-000000000100}", "ProcessId": "1768", "Image": "C:\\Windows\\System32\\conhost.exe", "FileVersion": "10.0.19041.1566 (WinBuild.160101.0800)", "Description": "Console Window Host", "Product": "Microsoft\u00ae Windows\u00ae Operating System", "Company": "Microsoft Corporation", "OriginalFileName": "CONHOST.EXE", "CommandLine": "\\??\\C:\\Windows\\system32\\conhost.exe 0xffffffff -ForceV1", "CurrentDirectory": "C:\\Windows", "User": "DAVE-PC-TOP-SEC\\lg", "LogonGuid": "{9613fa45-ef53-6500-99ba-010000000000}", "LogonId": "0x000000000001ba99", "TerminalSessionId": "1", "IntegrityLevel": "Medium", "Hashes": "SHA1=52A7274A0B4F9493632060FE25993A2EF24FE827", "ParentProcessGuid": "{9613fa45-9772-6574-d202-000000000100}", "ParentProcessId": "1772", "ParentImage": "C:\\Windows\\SysWOW64\\wevtutil.exe", "ParentCommandLine": "\"wevtutil.exe\" cl Microsoft-Windows-DeviceUx/Performance"}
{"RuleName": "-", "UtcTime": "2023-12-09 16:36:02.345", "ProcessGuid": "{9613fa45-9772-6574-d202-000000000100}", "ProcessId": "1772", "Image": "C:\\Windows\\SysWOW64\\wevtutil.exe"}
{"RuleName": "-", "UtcTime": "2023-12-09 16:36:02.345", "ProcessGuid": "{9613fa45-9772-6574-d302-000000000100}", "ProcessId": "1768", "Image": "C:\\Windows\\System32\\conhost.exe"}
{"RuleName": "-", "UtcTime": "2023-12-09 16:36:02.427", "ProcessGuid": "{9613fa45-9772-6574-d402-000000000100}", "ProcessId": "1764", "Image": "C:\\Windows\\SysWOW64\\wevtutil.exe", "FileVersion": "10.0.19041.1202 (WinBuild.160101.0800)", "Description": "Eventing Command Line Utility", "Product": "Microsoft\u00ae Windows\u00ae Operating System", "Company": "Microsoft Corporation", "OriginalFileName": "wevtutil.exe", "CommandLine": "\"wevtutil.exe\" cl Microsoft-Windows-Devices-Background/Operational", "CurrentDirectory": "C:\\Users\\lg\\Desktop\\", "User": "DAVE-PC-TOP-SEC\\lg", "LogonGuid": "{9613fa45-ef53-6500-99ba-010000000000}", "LogonId": "0x000000000001ba99", "TerminalSessionId": "1", "IntegrityLevel": "Medium", "Hashes": "SHA1=71F511BF104A6B088EAB0F3D3E1F90FA6911AA39", "ParentProcessGuid": "{9613fa45-9741-6574-bc00-000000000100}", "ParentProcessId": "8148", "ParentImage": "C:\\Users\\lg\\Desktop\\ClearLogs.exe", "ParentCommandLine": "\"C:\\Users\\lg\\Desktop\\ClearLogs.exe\" "}
{"RuleName": "-", "UtcTime": "2023-12-09 16:36:02.429", "ProcessGuid": "{9613fa45-9772-6574-d502-000000000100}", "ProcessId": "3724", "Image": "C:\\Windows\\System32\\conhost.exe", "FileVersion": "10.0.19041.1566 (WinBuild.160101.0800)", "Description": "Console Window Host", "Product": "Microsoft\u00ae Windows\u00ae Operating System", "Company": "Microsoft Corporation", "OriginalFileName": "CONHOST.EXE", "CommandLine": "\\??\\C:\\Windows\\system32\\conhost.exe 0xffffffff -ForceV1", "CurrentDirectory": "C:\\Windows", "User": "DAVE-PC-TOP-SEC\\lg", "LogonGuid": "{9613fa45-ef53-6500-99ba-010000000000}", "LogonId": "0x000000000001ba99", "TerminalSessionId": "1", "IntegrityLevel": "Medium", "Hashes": "SHA1=52A7274A0B4F9493632060FE25993A2EF24FE827", "ParentProcessGuid": "{9613fa45-9772-6574-d402-000000000100}", "ParentProcessId": "1764", "ParentImage": "C:\\Windows\\SysWOW64\\wevtutil.exe", "ParentCommandLine": "\"wevtutil.exe\" cl Microsoft-Windows-Devices-Background/Operational"}
{"RuleName": "-", "UtcTime": "2023-12-09 16:36:02.439", "ProcessGuid": "{9613fa45-9772-6574-d402-000000000100}", "ProcessId": "1764", "Image": "C:\\Windows\\SysWOW64\\wevtutil.exe"}
{"RuleName": "-", "UtcTime": "2023-12-09 16:36:02.439", "ProcessGuid": "{9613fa45-9772-6574-d502-000000000100}", "ProcessId": "3724", "Image": "C:\\Windows\\System32\\conhost.exe"}
{"RuleName": "-", "UtcTime": "2023-12-09 16:36:02.505", "ProcessGuid": "{9613fa45-9772-6574-d602-000000000100}", "ProcessId": "6724", "Image": "C:\\Windows\\SysWOW64\\wevtutil.exe", "FileVersion": "10.0.19041.1202 (WinBuild.160101.0800)", "Description": "Eventing Command Line Utility", "Product": "Microsoft\u00ae Windows\u00ae Operating System", "Company": "Microsoft Corporation", "OriginalFileName": "wevtutil.exe", "CommandLine": "\"wevtutil.exe\" cl Microsoft-Windows-Dhcp-Client/Admin", "CurrentDirectory": "C:\\Users\\lg\\Desktop\\", "User": "DAVE-PC-TOP-SEC\\lg", "LogonGuid": "{9613fa45-ef53-6500-99ba-010000000000}", "LogonId": "0x000000000001ba99", "TerminalSessionId": "1", "IntegrityLevel": "Medium", "Hashes": "SHA1=71F511BF104A6B088EAB0F3D3E1F90FA6911AA39", "ParentProcessGuid": "{9613fa45-9741-6574-bc00-000000000100}", "ParentProcessId": "8148", "ParentImage": "C:\\Users\\lg\\Desktop\\ClearLogs.exe", "ParentCommandLine": "\"C:\\Users\\lg\\Desktop\\ClearLogs.exe\" "}
{"RuleName": "-", "UtcTime": "2023-12-09 16:36:02.507", "ProcessGuid": "{9613fa45-9772-6574-d702-000000000100}", "ProcessId": "7800", "Image": "C:\\Windows\\System32\\conhost.exe", "FileVersion": "10.0.19041.1566 (WinBuild.160101.0800)", "Description": "Console Window Host", "Product": "Microsoft\u00ae Windows\u00ae Operating System", "Company": "Microsoft Corporation", "OriginalFileName": "CONHOST.EXE", "CommandLine": "\\??\\C:\\Windows\\system32\\conhost.exe 0xffffffff -ForceV1", "CurrentDirectory": "C:\\Windows", "User": "DAVE-PC-TOP-SEC\\lg", "LogonGuid": "{9613fa45-ef53-6500-99ba-010000000000}", "LogonId": "0x000000000001ba99", "TerminalSessionId": "1", "IntegrityLevel": "Medium", "Hashes": "SHA1=52A7274A0B4F9493632060FE25993A2EF24FE827", "ParentProcessGuid": "{9613fa45-9772-6574-d602-000000000100}", "ParentProcessId": "6724", "ParentImage": "C:\\Windows\\SysWOW64\\wevtutil.exe", "ParentCommandLine": "\"wevtutil.exe\" cl Microsoft-Windows-Dhcp-Client/Admin"}
{"RuleName": "-", "UtcTime": "2023-12-09 16:36:02.517", "ProcessGuid": "{9613fa45-9772-6574-d602-000000000100}", "ProcessId": "6724", "Image": "C:\\Windows\\SysWOW64\\wevtutil.exe"}
{"RuleName": "-", "UtcTime": "2023-12-09 16:36:02.517", "ProcessGuid": "{9613fa45-9772-6574-d702-000000000100}", "ProcessId": "7800", "Image": "C:\\Windows\\System32\\conhost.exe"}
{"RuleName": "-", "UtcTime": "2023-12-09 16:36:02.583", "ProcessGuid": "{9613fa45-9772-6574-d802-000000000100}", "ProcessId": "984", "Image": "C:\\Windows\\SysWOW64\\wevtutil.exe", "FileVersion": "10.0.19041.1202 (WinBuild.160101.0800)", "Description": "Eventing Command Line Utility", "Product": "Microsoft\u00ae Windows\u00ae Operating System", "Company": "Microsoft Corporation", "OriginalFileName": "wevtutil.exe", "CommandLine": "\"wevtutil.exe\" cl Microsoft-Windows-Dhcp-Client/Operational", "CurrentDirectory": "C:\\Users\\lg\\Desktop\\", "User": "DAVE-PC-TOP-SEC\\lg", "LogonGuid": "{9613fa45-ef53-6500-99ba-010000000000}", "LogonId": "0x000000000001ba99", "TerminalSessionId": "1", "IntegrityLevel": "Medium", "Hashes": "SHA1=71F511BF104A6B088EAB0F3D3E1F90FA6911AA39", "ParentProcessGuid": "{9613fa45-9741-6574-bc00-000000000100}", "ParentProcessId": "8148", "ParentImage": "C:\\Users\\lg\\Desktop\\ClearLogs.exe", "ParentCommandLine": "\"C:\\Users\\lg\\Desktop\\ClearLogs.exe\" "}
{"RuleName": "-", "UtcTime": "2023-12-09 16:36:02.586", "ProcessGuid": "{9613fa45-9772-6574-d902-000000000100}", "ProcessId": "8168", "Image": "C:\\Windows\\System32\\conhost.exe", "FileVersion": "10.0.19041.1566 (WinBuild.160101.0800)", "Description": "Console Window Host", "Product": "Microsoft\u00ae Windows\u00ae Operating System", "Company": "Microsoft Corporation", "OriginalFileName": "CONHOST.EXE", "CommandLine": "\\??\\C:\\Windows\\system32\\conhost.exe 0xffffffff -ForceV1", "CurrentDirectory": "C:\\Windows", "User": "DAVE-PC-TOP-SEC\\lg", "LogonGuid": "{9613fa45-ef53-6500-99ba-010000000000}", "LogonId": "0x000000000001ba99", "TerminalSessionId": "1", "IntegrityLevel": "Medium", "Hashes": "SHA1=52A7274A0B4F9493632060FE25993A2EF24FE827", "ParentProcessGuid": "{9613fa45-9772-6574-d802-000000000100}", "ParentProcessId": "984", "ParentImage": "C:\\Windows\\SysWOW64\\wevtutil.exe", "ParentCommandLine": "\"wevtutil.exe\" cl Microsoft-Windows-Dhcp-Client/Operational"}
{"RuleName": "-", "UtcTime": "2023-12-09 16:36:02.595", "ProcessGuid": "{9613fa45-9772-6574-d802-000000000100}", "ProcessId": "984", "Image": "C:\\Windows\\SysWOW64\\wevtutil.exe"}
{"RuleName": "-", "UtcTime": "2023-12-09 16:36:02.595", "ProcessGuid": "{9613fa45-9772-6574-d902-000000000100}", "ProcessId": "8168", "Image": "C:\\Windows\\System32\\conhost.exe"}
{"RuleName": "-", "UtcTime": "2023-12-09 16:36:02.661", "ProcessGuid": "{9613fa45-9772-6574-da02-000000000100}", "ProcessId": "1240", "Image": "C:\\Windows\\SysWOW64\\wevtutil.exe", "FileVersion": "10.0.19041.1202 (WinBuild.160101.0800)", "Description": "Eventing Command Line Utility", "Product": "Microsoft\u00ae Windows\u00ae Operating System", "Company": "Microsoft Corporation", "OriginalFileName": "wevtutil.exe", "CommandLine": "\"wevtutil.exe\" cl Microsoft-Windows-Dhcpv6-Client/Admin", "CurrentDirectory": "C:\\Users\\lg\\Desktop\\", "User": "DAVE-PC-TOP-SEC\\lg", "LogonGuid": "{9613fa45-ef53-6500-99ba-010000000000}", "LogonId": "0x000000000001ba99", "TerminalSessionId": "1", "IntegrityLevel": "Medium", "Hashes": "SHA1=71F511BF104A6B088EAB0F3D3E1F90FA6911AA39", "ParentProcessGuid": "{9613fa45-9741-6574-bc00-000000000100}", "ParentProcessId": "8148", "ParentImage": "C:\\Users\\lg\\Desktop\\ClearLogs.exe", "ParentCommandLine": "\"C:\\Users\\lg\\Desktop\\ClearLogs.exe\" "}
{"RuleName": "-", "UtcTime": "2023-12-09 16:36:02.664", "ProcessGuid": "{9613fa45-9772-6574-db02-000000000100}", "ProcessId": "7000", "Image": "C:\\Windows\\System32\\conhost.exe", "FileVersion": "10.0.19041.1566 (WinBuild.160101.0800)", "Description": "Console Window Host", "Product": "Microsoft\u00ae Windows\u00ae Operating System", "Company": "Microsoft Corporation", "OriginalFileName": "CONHOST.EXE", "CommandLine": "\\??\\C:\\Windows\\system32\\conhost.exe 0xffffffff -ForceV1", "CurrentDirectory": "C:\\Windows", "User": "DAVE-PC-TOP-SEC\\lg", "LogonGuid": "{9613fa45-ef53-6500-99ba-010000000000}", "LogonId": "0x000000000001ba99", "TerminalSessionId": "1", "IntegrityLevel": "Medium", "Hashes": "SHA1=52A7274A0B4F9493632060FE25993A2EF24FE827", "ParentProcessGuid": "{9613fa45-9772-6574-da02-000000000100}", "ParentProcessId": "1240", "ParentImage": "C:\\Windows\\SysWOW64\\wevtutil.exe", "ParentCommandLine": "\"wevtutil.exe\" cl Microsoft-Windows-Dhcpv6-Client/Admin"}
{"RuleName": "-", "UtcTime": "2023-12-09 16:36:02.674", "ProcessGuid": "{9613fa45-9772-6574-da02-000000000100}", "ProcessId": "1240", "Image": "C:\\Windows\\SysWOW64\\wevtutil.exe"}
{"RuleName": "-", "UtcTime": "2023-12-09 16:36:02.674", "ProcessGuid": "{9613fa45-9772-6574-db02-000000000100}", "ProcessId": "7000", "Image": "C:\\Windows\\System32\\conhost.exe"}
{"RuleName": "-", "UtcTime": "2023-12-09 16:36:02.756", "ProcessGuid": "{9613fa45-9772-6574-dc02-000000000100}", "ProcessId": "5236", "Image": "C:\\Windows\\SysWOW64\\wevtutil.exe", "FileVersion": "10.0.19041.1202 (WinBuild.160101.0800)", "Description": "Eventing Command Line Utility", "Product": "Microsoft\u00ae Windows\u00ae Operating System", "Company": "Microsoft Corporation", "OriginalFileName": "wevtutil.exe", "CommandLine": "\"wevtutil.exe\" cl Microsoft-Windows-Dhcpv6-Client/Operational", "CurrentDirectory": "C:\\Users\\lg\\Desktop\\", "User": "DAVE-PC-TOP-SEC\\lg", "LogonGuid": "{9613fa45-ef53-6500-99ba-010000000000}", "LogonId": "0x000000000001ba99", "TerminalSessionId": "1", "IntegrityLevel": "Medium", "Hashes": "SHA1=71F511BF104A6B088EAB0F3D3E1F90FA6911AA39", "ParentProcessGuid": "{9613fa45-9741-6574-bc00-000000000100}", "ParentProcessId": "8148", "ParentImage": "C:\\Users\\lg\\Desktop\\ClearLogs.exe", "ParentCommandLine": "\"C:\\Users\\lg\\Desktop\\ClearLogs.exe\" "}
{"RuleName": "-", "UtcTime": "2023-12-09 16:36:02.758", "ProcessGuid": "{9613fa45-9772-6574-dd02-000000000100}", "ProcessId": "7356", "Image": "C:\\Windows\\System32\\conhost.exe", "FileVersion": "10.0.19041.1566 (WinBuild.160101.0800)", "Description": "Console Window Host", "Product": "Microsoft\u00ae Windows\u00ae Operating System", "Company": "Microsoft Corporation", "OriginalFileName": "CONHOST.EXE", "CommandLine": "\\??\\C:\\Windows\\system32\\conhost.exe 0xffffffff -ForceV1", "CurrentDirectory": "C:\\Windows", "User": "DAVE-PC-TOP-SEC\\lg", "LogonGuid": "{9613fa45-ef53-6500-99ba-010000000000}", "LogonId": "0x000000000001ba99", "TerminalSessionId": "1", "IntegrityLevel": "Medium", "Hashes": "SHA1=52A7274A0B4F9493632060FE25993A2EF24FE827", "ParentProcessGuid": "{9613fa45-9772-6574-dc02-000000000100}", "ParentProcessId": "5236", "ParentImage": "C:\\Windows\\SysWOW64\\wevtutil.exe", "ParentCommandLine": "\"wevtutil.exe\" cl Microsoft-Windows-Dhcpv6-Client/Operational"}
{"RuleName": "-", "UtcTime": "2023-12-09 16:36:02.767", "ProcessGuid": "{9613fa45-9772-6574-dc02-000000000100}", "ProcessId": "5236", "Image": "C:\\Windows\\SysWOW64\\wevtutil.exe"}
{"RuleName": "-", "UtcTime": "2023-12-09 16:36:02.767", "ProcessGuid": "{9613fa45-9772-6574-dd02-000000000100}", "ProcessId": "7356", "Image": "C:\\Windows\\System32\\conhost.exe"}
{"RuleName": "-", "UtcTime": "2023-12-09 16:36:02.833", "ProcessGuid": "{9613fa45-9772-6574-de02-000000000100}", "ProcessId": "1776", "Image": "C:\\Windows\\SysWOW64\\wevtutil.exe", "FileVersion": "10.0.19041.1202 (WinBuild.160101.0800)", "Description": "Eventing Command Line Utility", "Product": "Microsoft\u00ae Windows\u00ae Operating System", "Company": "Microsoft Corporation", "OriginalFileName": "wevtutil.exe", "CommandLine": "\"wevtutil.exe\" cl Microsoft-Windows-DiagCpl/Debug", "CurrentDirectory": "C:\\Users\\lg\\Desktop\\", "User": "DAVE-PC-TOP-SEC\\lg", "LogonGuid": "{9613fa45-ef53-6500-99ba-010000000000}", "LogonId": "0x000000000001ba99", "TerminalSessionId": "1", "IntegrityLevel": "Medium", "Hashes": "SHA1=71F511BF104A6B088EAB0F3D3E1F90FA6911AA39", "ParentProcessGuid": "{9613fa45-9741-6574-bc00-000000000100}", "ParentProcessId": "8148", "ParentImage": "C:\\Users\\lg\\Desktop\\ClearLogs.exe", "ParentCommandLine": "\"C:\\Users\\lg\\Desktop\\ClearLogs.exe\" "}
{"RuleName": "-", "UtcTime": "2023-12-09 16:36:02.836", "ProcessGuid": "{9613fa45-9772-6574-df02-000000000100}", "ProcessId": "4488", "Image": "C:\\Windows\\System32\\conhost.exe", "FileVersion": "10.0.19041.1566 (WinBuild.160101.0800)", "Description": "Console Window Host", "Product": "Microsoft\u00ae Windows\u00ae Operating System", "Company": "Microsoft Corporation", "OriginalFileName": "CONHOST.EXE", "CommandLine": "\\??\\C:\\Windows\\system32\\conhost.exe 0xffffffff -ForceV1", "CurrentDirectory": "C:\\Windows", "User": "DAVE-PC-TOP-SEC\\lg", "LogonGuid": "{9613fa45-ef53-6500-99ba-010000000000}", "LogonId": "0x000000000001ba99", "TerminalSessionId": "1", "IntegrityLevel": "Medium", "Hashes": "SHA1=52A7274A0B4F9493632060FE25993A2EF24FE827", "ParentProcessGuid": "{9613fa45-9772-6574-de02-000000000100}", "ParentProcessId": "1776", "ParentImage": "C:\\Windows\\SysWOW64\\wevtutil.exe", "ParentCommandLine": "\"wevtutil.exe\" cl Microsoft-Windows-DiagCpl/Debug"}
{"RuleName": "-", "UtcTime": "2023-12-09 16:36:02.845", "ProcessGuid": "{9613fa45-9772-6574-de02-000000000100}", "ProcessId": "1776", "Image": "C:\\Windows\\SysWOW64\\wevtutil.exe"}
{"RuleName": "-", "UtcTime": "2023-12-09 16:36:02.845", "ProcessGuid": "{9613fa45-9772-6574-df02-000000000100}", "ProcessId": "4488", "Image": "C:\\Windows\\System32\\conhost.exe"}
{"RuleName": "-", "UtcTime": "2023-12-09 16:36:02.911", "ProcessGuid": "{9613fa45-9772-6574-e002-000000000100}", "ProcessId": "6708", "Image": "C:\\Windows\\SysWOW64\\wevtutil.exe", "FileVersion": "10.0.19041.1202 (WinBuild.160101.0800)", "Description": "Eventing Command Line Utility", "Product": "Microsoft\u00ae Windows\u00ae Operating System", "Company": "Microsoft Corporation", "OriginalFileName": "wevtutil.exe", "CommandLine": "\"wevtutil.exe\" cl Microsoft-Windows-Diagnosis-AdvancedTaskManager/Analytic", "CurrentDirectory": "C:\\Users\\lg\\Desktop\\", "User": "DAVE-PC-TOP-SEC\\lg", "LogonGuid": "{9613fa45-ef53-6500-99ba-010000000000}", "LogonId": "0x000000000001ba99", "TerminalSessionId": "1", "IntegrityLevel": "Medium", "Hashes": "SHA1=71F511BF104A6B088EAB0F3D3E1F90FA6911AA39", "ParentProcessGuid": "{9613fa45-9741-6574-bc00-000000000100}", "ParentProcessId": "8148", "ParentImage": "C:\\Users\\lg\\Desktop\\ClearLogs.exe", "ParentCommandLine": "\"C:\\Users\\lg\\Desktop\\ClearLogs.exe\" "}
