{"RuleName": "-", "UtcTime": "2023-12-09 16:35:52.073", "ProcessGuid": "{9613fa45-9768-6574-e401-000000000100}", "ProcessId": "6756", "Image": "C:\\Windows\\SysWOW64\\wevtutil.exe", "FileVersion": "10.0.19041.1202 (WinBuild.160101.0800)", "Description": "Eventing Command Line Utility", "Product": "Microsoft\u00ae Windows\u00ae Operating System", "Company": "Microsoft Corporation", "OriginalFileName": "wevtutil.exe", "CommandLine": "\"wevtutil.exe\" cl Microsoft-Windows-Bits-Client/Analytic", "CurrentDirectory": "C:\\Users\\lg\\Desktop\\", "User": "DAVE-PC-TOP-SEC\\lg", "LogonGuid": "{9613fa45-ef53-6500-99ba-010000000000}", "LogonId": "0x000000000001ba99", "TerminalSessionId": "1", "IntegrityLevel": "Medium", "Hashes": "SHA1=71F511BF104A6B088EAB0F3D3E1F90FA6911AA39", "ParentProcessGuid": "{9613fa45-9741-6574-bc00-000000000100}", "ParentProcessId": "8148", "ParentImage": "C:\\Users\\lg\\Desktop\\ClearLogs.exe", "ParentCommandLine": "\"C:\\Users\\lg\\Desktop\\ClearLogs.exe\" "}
{"RuleName": "-", "UtcTime": "2023-12-09 16:35:52.075", "ProcessGuid": "{9613fa45-9768-6574-e501-000000000100}", "ProcessId": "4380", "Image": "C:\\Windows\\System32\\conhost.exe", "FileVersion": "10.0.19041.1566 (WinBuild.160101.0800)", "Description": "Console Window Host", "Product": "Microsoft\u00ae Windows\u00ae Operating System", "Company": "Microsoft Corporation", "OriginalFileName": "CONHOST.EXE", "CommandLine": "\\??\\C:\\Windows\\system32\\conhost.exe 0xffffffff -ForceV1", "CurrentDirectory": "C:\\Windows", "User": "DAVE-PC-TOP-SEC\\lg", "LogonGuid": "{9613fa45-ef53-6500-99ba-010000000000}", "LogonId": "0x000000000001ba99", "TerminalSessionId": "1", "IntegrityLevel": "Medium", "Hashes": "SHA1=52A7274A0B4F9493632060FE25993A2EF24FE827", "ParentProcessGuid": "{9613fa45-9768-6574-e401-000000000100}", "ParentProcessId": "6756", "ParentImage": "C:\\Windows\\SysWOW64\\wevtutil.exe", "ParentCommandLine": "\"wevtutil.exe\" cl Microsoft-Windows-Bits-Client/Analytic"}
{"RuleName": "-", "UtcTime": "2023-12-09 16:35:52.095", "ProcessGuid": "{9613fa45-9768-6574-e401-000000000100}", "ProcessId": "6756", "Image": "C:\\Windows\\SysWOW64\\wevtutil.exe"}
{"RuleName": "-", "UtcTime": "2023-12-09 16:35:52.095", "ProcessGuid": "{9613fa45-9768-6574-e501-000000000100}", "ProcessId": "4380", "Image": "C:\\Windows\\System32\\conhost.exe"}
{"RuleName": "-", "UtcTime": "2023-12-09 16:35:52.179", "ProcessGuid": "{9613fa45-9768-6574-e601-000000000100}", "ProcessId": "5376", "Image": "C:\\Windows\\SysWOW64\\wevtutil.exe", "FileVersion": "10.0.19041.1202 (WinBuild.160101.0800)", "Description": "Eventing Command Line Utility", "Product": "Microsoft\u00ae Windows\u00ae Operating System", "Company": "Microsoft Corporation", "OriginalFileName": "wevtutil.exe", "CommandLine": "\"wevtutil.exe\" cl Microsoft-Windows-Bits-Client/Operational", "CurrentDirectory": "C:\\Users\\lg\\Desktop\\", "User": "DAVE-PC-TOP-SEC\\lg", "LogonGuid": "{9613fa45-ef53-6500-99ba-010000000000}", "LogonId": "0x000000000001ba99", "TerminalSessionId": "1", "IntegrityLevel": "Medium", "Hashes": "SHA1=71F511BF104A6B088EAB0F3D3E1F90FA6911AA39", "ParentProcessGuid": "{9613fa45-9741-6574-bc00-000000000100}", "ParentProcessId": "8148", "ParentImage": "C:\\Users\\lg\\Desktop\\ClearLogs.exe", "ParentCommandLine": "\"C:\\Users\\lg\\Desktop\\ClearLogs.exe\" "}
{"RuleName": "-", "UtcTime": "2023-12-09 16:35:52.181", "ProcessGuid": "{9613fa45-9768-6574-e701-000000000100}", "ProcessId": "3784", "Image": "C:\\Windows\\System32\\conhost.exe", "FileVersion": "10.0.19041.1566 (WinBuild.160101.0800)", "Description": "Console Window Host", "Product": "Microsoft\u00ae Windows\u00ae Operating System", "Company": "Microsoft Corporation", "OriginalFileName": "CONHOST.EXE", "CommandLine": "\\??\\C:\\Windows\\system32\\conhost.exe 0xffffffff -ForceV1", "CurrentDirectory": "C:\\Windows", "User": "DAVE-PC-TOP-SEC\\lg", "LogonGuid": "{9613fa45-ef53-6500-99ba-010000000000}", "LogonId": "0x000000000001ba99", "TerminalSessionId": "1", "IntegrityLevel": "Medium", "Hashes": "SHA1=52A7274A0B4F9493632060FE25993A2EF24FE827", "ParentProcessGuid": "{9613fa45-9768-6574-e601-000000000100}", "ParentProcessId": "5376", "ParentImage": "C:\\Windows\\SysWOW64\\wevtutil.exe", "ParentCommandLine": "\"wevtutil.exe\" cl Microsoft-Windows-Bits-Client/Operational"}
{"RuleName": "-", "UtcTime": "2023-12-09 16:35:52.189", "ProcessGuid": "{9613fa45-9768-6574-e601-000000000100}", "ProcessId": "5376", "Image": "C:\\Windows\\SysWOW64\\wevtutil.exe"}
{"RuleName": "-", "UtcTime": "2023-12-09 16:35:52.189", "ProcessGuid": "{9613fa45-9768-6574-e701-000000000100}", "ProcessId": "3784", "Image": "C:\\Windows\\System32\\conhost.exe"}
{"RuleName": "-", "UtcTime": "2023-12-09 16:35:52.271", "ProcessGuid": "{9613fa45-9768-6574-e801-000000000100}", "ProcessId": "4024", "Image": "C:\\Windows\\SysWOW64\\wevtutil.exe", "FileVersion": "10.0.19041.1202 (WinBuild.160101.0800)", "Description": "Eventing Command Line Utility", "Product": "Microsoft\u00ae Windows\u00ae Operating System", "Company": "Microsoft Corporation", "OriginalFileName": "wevtutil.exe", "CommandLine": "\"wevtutil.exe\" cl Microsoft-Windows-Bluetooth-BthLEPrepairing/Operational", "CurrentDirectory": "C:\\Users\\lg\\Desktop\\", "User": "DAVE-PC-TOP-SEC\\lg", "LogonGuid": "{9613fa45-ef53-6500-99ba-010000000000}", "LogonId": "0x000000000001ba99", "TerminalSessionId": "1", "IntegrityLevel": "Medium", "Hashes": "SHA1=71F511BF104A6B088EAB0F3D3E1F90FA6911AA39", "ParentProcessGuid": "{9613fa45-9741-6574-bc00-000000000100}", "ParentProcessId": "8148", "ParentImage": "C:\\Users\\lg\\Desktop\\ClearLogs.exe", "ParentCommandLine": "\"C:\\Users\\lg\\Desktop\\ClearLogs.exe\" "}
{"RuleName": "-", "UtcTime": "2023-12-09 16:35:52.274", "ProcessGuid": "{9613fa45-9768-6574-e901-000000000100}", "ProcessId": "2960", "Image": "C:\\Windows\\System32\\conhost.exe", "FileVersion": "10.0.19041.1566 (WinBuild.160101.0800)", "Description": "Console Window Host", "Product": "Microsoft\u00ae Windows\u00ae Operating System", "Company": "Microsoft Corporation", "OriginalFileName": "CONHOST.EXE", "CommandLine": "\\??\\C:\\Windows\\system32\\conhost.exe 0xffffffff -ForceV1", "CurrentDirectory": "C:\\Windows", "User": "DAVE-PC-TOP-SEC\\lg", "LogonGuid": "{9613fa45-ef53-6500-99ba-010000000000}", "LogonId": "0x000000000001ba99", "TerminalSessionId": "1", "IntegrityLevel": "Medium", "Hashes": "SHA1=52A7274A0B4F9493632060FE25993A2EF24FE827", "ParentProcessGuid": "{9613fa45-9768-6574-e801-000000000100}", "ParentProcessId": "4024", "ParentImage": "C:\\Windows\\SysWOW64\\wevtutil.exe", "ParentCommandLine": "\"wevtutil.exe\" cl Microsoft-Windows-Bluetooth-BthLEPrepairing/Operational"}
{"RuleName": "-", "UtcTime": "2023-12-09 16:35:52.283", "ProcessGuid": "{9613fa45-9768-6574-e801-000000000100}", "ProcessId": "4024", "Image": "C:\\Windows\\SysWOW64\\wevtutil.exe"}
{"RuleName": "-", "UtcTime": "2023-12-09 16:35:52.283", "ProcessGuid": "{9613fa45-9768-6574-e901-000000000100}", "ProcessId": "2960", "Image": "C:\\Windows\\System32\\conhost.exe"}
{"RuleName": "-", "UtcTime": "2023-12-09 16:35:52.350", "ProcessGuid": "{9613fa45-9768-6574-ea01-000000000100}", "ProcessId": "6664", "Image": "C:\\Windows\\SysWOW64\\wevtutil.exe", "FileVersion": "10.0.19041.1202 (WinBuild.160101.0800)", "Description": "Eventing Command Line Utility", "Product": "Microsoft\u00ae Windows\u00ae Operating System", "Company": "Microsoft Corporation", "OriginalFileName": "wevtutil.exe", "CommandLine": "\"wevtutil.exe\" cl Microsoft-Windows-Bluetooth-Bthmini/Operational", "CurrentDirectory": "C:\\Users\\lg\\Desktop\\", "User": "DAVE-PC-TOP-SEC\\lg", "LogonGuid": "{9613fa45-ef53-6500-99ba-010000000000}", "LogonId": "0x000000000001ba99", "TerminalSessionId": "1", "IntegrityLevel": "Medium", "Hashes": "SHA1=71F511BF104A6B088EAB0F3D3E1F90FA6911AA39", "ParentProcessGuid": "{9613fa45-9741-6574-bc00-000000000100}", "ParentProcessId": "8148", "ParentImage": "C:\\Users\\lg\\Desktop\\ClearLogs.exe", "ParentCommandLine": "\"C:\\Users\\lg\\Desktop\\ClearLogs.exe\" "}
{"RuleName": "-", "UtcTime": "2023-12-09 16:35:52.353", "ProcessGuid": "{9613fa45-9768-6574-eb01-000000000100}", "ProcessId": "1368", "Image": "C:\\Windows\\System32\\conhost.exe", "FileVersion": "10.0.19041.1566 (WinBuild.160101.0800)", "Description": "Console Window Host", "Product": "Microsoft\u00ae Windows\u00ae Operating System", "Company": "Microsoft Corporation", "OriginalFileName": "CONHOST.EXE", "CommandLine": "\\??\\C:\\Windows\\system32\\conhost.exe 0xffffffff -ForceV1", "CurrentDirectory": "C:\\Windows", "User": "DAVE-PC-TOP-SEC\\lg", "LogonGuid": "{9613fa45-ef53-6500-99ba-010000000000}", "LogonId": "0x000000000001ba99", "TerminalSessionId": "1", "IntegrityLevel": "Medium", "Hashes": "SHA1=52A7274A0B4F9493632060FE25993A2EF24FE827", "ParentProcessGuid": "{9613fa45-9768-6574-ea01-000000000100}", "ParentProcessId": "6664", "ParentImage": "C:\\Windows\\SysWOW64\\wevtutil.exe", "ParentCommandLine": "\"wevtutil.exe\" cl Microsoft-Windows-Bluetooth-Bthmini/Operational"}
{"RuleName": "-", "UtcTime": "2023-12-09 16:35:52.360", "ProcessGuid": "{9613fa45-9768-6574-ea01-000000000100}", "ProcessId": "6664", "Image": "C:\\Windows\\SysWOW64\\wevtutil.exe"}
{"RuleName": "-", "UtcTime": "2023-12-09 16:35:52.360", "ProcessGuid": "{9613fa45-9768-6574-eb01-000000000100}", "ProcessId": "1368", "Image": "C:\\Windows\\System32\\conhost.exe"}
{"RuleName": "-", "UtcTime": "2023-12-09 16:35:52.443", "ProcessGuid": "{9613fa45-9768-6574-ec01-000000000100}", "ProcessId": "2392", "Image": "C:\\Windows\\SysWOW64\\wevtutil.exe", "FileVersion": "10.0.19041.1202 (WinBuild.160101.0800)", "Description": "Eventing Command Line Utility", "Product": "Microsoft\u00ae Windows\u00ae Operating System", "Company": "Microsoft Corporation", "OriginalFileName": "wevtutil.exe", "CommandLine": "\"wevtutil.exe\" cl Microsoft-Windows-Bluetooth-MTPEnum/Operational", "CurrentDirectory": "C:\\Users\\lg\\Desktop\\", "User": "DAVE-PC-TOP-SEC\\lg", "LogonGuid": "{9613fa45-ef53-6500-99ba-010000000000}", "LogonId": "0x000000000001ba99", "TerminalSessionId": "1", "IntegrityLevel": "Medium", "Hashes": "SHA1=71F511BF104A6B088EAB0F3D3E1F90FA6911AA39", "ParentProcessGuid": "{9613fa45-9741-6574-bc00-000000000100}", "ParentProcessId": "8148", "ParentImage": "C:\\Users\\lg\\Desktop\\ClearLogs.exe", "ParentCommandLine": "\"C:\\Users\\lg\\Desktop\\ClearLogs.exe\" "}
{"RuleName": "-", "UtcTime": "2023-12-09 16:35:52.445", "ProcessGuid": "{9613fa45-9768-6574-ed01-000000000100}", "ProcessId": "6720", "Image": "C:\\Windows\\System32\\conhost.exe", "FileVersion": "10.0.19041.1566 (WinBuild.160101.0800)", "Description": "Console Window Host", "Product": "Microsoft\u00ae Windows\u00ae Operating System", "Company": "Microsoft Corporation", "OriginalFileName": "CONHOST.EXE", "CommandLine": "\\??\\C:\\Windows\\system32\\conhost.exe 0xffffffff -ForceV1", "CurrentDirectory": "C:\\Windows", "User": "DAVE-PC-TOP-SEC\\lg", "LogonGuid": "{9613fa45-ef53-6500-99ba-010000000000}", "LogonId": "0x000000000001ba99", "TerminalSessionId": "1", "IntegrityLevel": "Medium", "Hashes": "SHA1=52A7274A0B4F9493632060FE25993A2EF24FE827", "ParentProcessGuid": "{9613fa45-9768-6574-ec01-000000000100}", "ParentProcessId": "2392", "ParentImage": "C:\\Windows\\SysWOW64\\wevtutil.exe", "ParentCommandLine": "\"wevtutil.exe\" cl Microsoft-Windows-Bluetooth-MTPEnum/Operational"}
{"RuleName": "-", "UtcTime": "2023-12-09 16:35:52.454", "ProcessGuid": "{9613fa45-9768-6574-ec01-000000000100}", "ProcessId": "2392", "Image": "C:\\Windows\\SysWOW64\\wevtutil.exe"}
{"RuleName": "-", "UtcTime": "2023-12-09 16:35:52.454", "ProcessGuid": "{9613fa45-9768-6574-ed01-000000000100}", "ProcessId": "6720", "Image": "C:\\Windows\\System32\\conhost.exe"}
{"RuleName": "-", "UtcTime": "2023-12-09 16:35:52.470", "ProcessGuid": "{9613fa45-ef52-6500-1b00-000000000100}", "ProcessId": "1276", "Image": "C:\\Windows\\System32\\svchost.exe"}
{"RuleName": "-", "UtcTime": "2023-12-09 16:35:52.544", "ProcessGuid": "{9613fa45-9768-6574-ee01-000000000100}", "ProcessId": "6728", "Image": "C:\\Windows\\SysWOW64\\wevtutil.exe", "FileVersion": "10.0.19041.1202 (WinBuild.160101.0800)", "Description": "Eventing Command Line Utility", "Product": "Microsoft\u00ae Windows\u00ae Operating System", "Company": "Microsoft Corporation", "OriginalFileName": "wevtutil.exe", "CommandLine": "\"wevtutil.exe\" cl Microsoft-Windows-Bluetooth-Policy/Operational", "CurrentDirectory": "C:\\Users\\lg\\Desktop\\", "User": "DAVE-PC-TOP-SEC\\lg", "LogonGuid": "{9613fa45-ef53-6500-99ba-010000000000}", "LogonId": "0x000000000001ba99", "TerminalSessionId": "1", "IntegrityLevel": "Medium", "Hashes": "SHA1=71F511BF104A6B088EAB0F3D3E1F90FA6911AA39", "ParentProcessGuid": "{9613fa45-9741-6574-bc00-000000000100}", "ParentProcessId": "8148", "ParentImage": "C:\\Users\\lg\\Desktop\\ClearLogs.exe", "ParentCommandLine": "\"C:\\Users\\lg\\Desktop\\ClearLogs.exe\" "}
{"RuleName": "-", "UtcTime": "2023-12-09 16:35:52.546", "ProcessGuid": "{9613fa45-9768-6574-ef01-000000000100}", "ProcessId": "7836", "Image": "C:\\Windows\\System32\\conhost.exe", "FileVersion": "10.0.19041.1566 (WinBuild.160101.0800)", "Description": "Console Window Host", "Product": "Microsoft\u00ae Windows\u00ae Operating System", "Company": "Microsoft Corporation", "OriginalFileName": "CONHOST.EXE", "CommandLine": "\\??\\C:\\Windows\\system32\\conhost.exe 0xffffffff -ForceV1", "CurrentDirectory": "C:\\Windows", "User": "DAVE-PC-TOP-SEC\\lg", "LogonGuid": "{9613fa45-ef53-6500-99ba-010000000000}", "LogonId": "0x000000000001ba99", "TerminalSessionId": "1", "IntegrityLevel": "Medium", "Hashes": "SHA1=52A7274A0B4F9493632060FE25993A2EF24FE827", "ParentProcessGuid": "{9613fa45-9768-6574-ee01-000000000100}", "ParentProcessId": "6728", "ParentImage": "C:\\Windows\\SysWOW64\\wevtutil.exe", "ParentCommandLine": "\"wevtutil.exe\" cl Microsoft-Windows-Bluetooth-Policy/Operational"}
{"RuleName": "-", "UtcTime": "2023-12-09 16:35:52.564", "ProcessGuid": "{9613fa45-9768-6574-ee01-000000000100}", "ProcessId": "6728", "Image": "C:\\Windows\\SysWOW64\\wevtutil.exe"}
{"RuleName": "-", "UtcTime": "2023-12-09 16:35:52.564", "ProcessGuid": "{9613fa45-9768-6574-ef01-000000000100}", "ProcessId": "7836", "Image": "C:\\Windows\\System32\\conhost.exe"}
{"RuleName": "-", "UtcTime": "2023-12-09 16:35:52.653", "ProcessGuid": "{9613fa45-9768-6574-f001-000000000100}", "ProcessId": "6024", "Image": "C:\\Windows\\SysWOW64\\wevtutil.exe", "FileVersion": "10.0.19041.1202 (WinBuild.160101.0800)", "Description": "Eventing Command Line Utility", "Product": "Microsoft\u00ae Windows\u00ae Operating System", "Company": "Microsoft Corporation", "OriginalFileName": "wevtutil.exe", "CommandLine": "\"wevtutil.exe\" cl Microsoft-Windows-BranchCache/Operational", "CurrentDirectory": "C:\\Users\\lg\\Desktop\\", "User": "DAVE-PC-TOP-SEC\\lg", "LogonGuid": "{9613fa45-ef53-6500-99ba-010000000000}", "LogonId": "0x000000000001ba99", "TerminalSessionId": "1", "IntegrityLevel": "Medium", "Hashes": "SHA1=71F511BF104A6B088EAB0F3D3E1F90FA6911AA39", "ParentProcessGuid": "{9613fa45-9741-6574-bc00-000000000100}", "ParentProcessId": "8148", "ParentImage": "C:\\Users\\lg\\Desktop\\ClearLogs.exe", "ParentCommandLine": "\"C:\\Users\\lg\\Desktop\\ClearLogs.exe\" "}
{"RuleName": "-", "UtcTime": "2023-12-09 16:35:52.655", "ProcessGuid": "{9613fa45-9768-6574-f101-000000000100}", "ProcessId": "4972", "Image": "C:\\Windows\\System32\\conhost.exe", "FileVersion": "10.0.19041.1566 (WinBuild.160101.0800)", "Description": "Console Window Host", "Product": "Microsoft\u00ae Windows\u00ae Operating System", "Company": "Microsoft Corporation", "OriginalFileName": "CONHOST.EXE", "CommandLine": "\\??\\C:\\Windows\\system32\\conhost.exe 0xffffffff -ForceV1", "CurrentDirectory": "C:\\Windows", "User": "DAVE-PC-TOP-SEC\\lg", "LogonGuid": "{9613fa45-ef53-6500-99ba-010000000000}", "LogonId": "0x000000000001ba99", "TerminalSessionId": "1", "IntegrityLevel": "Medium", "Hashes": "SHA1=52A7274A0B4F9493632060FE25993A2EF24FE827", "ParentProcessGuid": "{9613fa45-9768-6574-f001-000000000100}", "ParentProcessId": "6024", "ParentImage": "C:\\Windows\\SysWOW64\\wevtutil.exe", "ParentCommandLine": "\"wevtutil.exe\" cl Microsoft-Windows-BranchCache/Operational"}
{"RuleName": "-", "UtcTime": "2023-12-09 16:35:52.673", "ProcessGuid": "{9613fa45-9768-6574-f001-000000000100}", "ProcessId": "6024", "Image": "C:\\Windows\\SysWOW64\\wevtutil.exe"}
{"RuleName": "-", "UtcTime": "2023-12-09 16:35:52.673", "ProcessGuid": "{9613fa45-9768-6574-f101-000000000100}", "ProcessId": "4972", "Image": "C:\\Windows\\System32\\conhost.exe"}
{"RuleName": "-", "UtcTime": "2023-12-09 16:35:52.765", "ProcessGuid": "{9613fa45-9768-6574-f201-000000000100}", "ProcessId": "3040", "Image": "C:\\Windows\\SysWOW64\\wevtutil.exe", "FileVersion": "10.0.19041.1202 (WinBuild.160101.0800)", "Description": "Eventing Command Line Utility", "Product": "Microsoft\u00ae Windows\u00ae Operating System", "Company": "Microsoft Corporation", "OriginalFileName": "wevtutil.exe", "CommandLine": "\"wevtutil.exe\" cl Microsoft-Windows-BranchCacheClientEventProvider/Diagnostic", "CurrentDirectory": "C:\\Users\\lg\\Desktop\\", "User": "DAVE-PC-TOP-SEC\\lg", "LogonGuid": "{9613fa45-ef53-6500-99ba-010000000000}", "LogonId": "0x000000000001ba99", "TerminalSessionId": "1", "IntegrityLevel": "Medium", "Hashes": "SHA1=71F511BF104A6B088EAB0F3D3E1F90FA6911AA39", "ParentProcessGuid": "{9613fa45-9741-6574-bc00-000000000100}", "ParentProcessId": "8148", "ParentImage": "C:\\Users\\lg\\Desktop\\ClearLogs.exe", "ParentCommandLine": "\"C:\\Users\\lg\\Desktop\\ClearLogs.exe\" "}
{"RuleName": "-", "UtcTime": "2023-12-09 16:35:52.767", "ProcessGuid": "{9613fa45-9768-6574-f301-000000000100}", "ProcessId": "4936", "Image": "C:\\Windows\\System32\\conhost.exe", "FileVersion": "10.0.19041.1566 (WinBuild.160101.0800)", "Description": "Console Window Host", "Product": "Microsoft\u00ae Windows\u00ae Operating System", "Company": "Microsoft Corporation", "OriginalFileName": "CONHOST.EXE", "CommandLine": "\\??\\C:\\Windows\\system32\\conhost.exe 0xffffffff -ForceV1", "CurrentDirectory": "C:\\Windows", "User": "DAVE-PC-TOP-SEC\\lg", "LogonGuid": "{9613fa45-ef53-6500-99ba-010000000000}", "LogonId": "0x000000000001ba99", "TerminalSessionId": "1", "IntegrityLevel": "Medium", "Hashes": "SHA1=52A7274A0B4F9493632060FE25993A2EF24FE827", "ParentProcessGuid": "{9613fa45-9768-6574-f201-000000000100}", "ParentProcessId": "3040", "ParentImage": "C:\\Windows\\SysWOW64\\wevtutil.exe", "ParentCommandLine": "\"wevtutil.exe\" cl Microsoft-Windows-BranchCacheClientEventProvider/Diagnostic"}
{"RuleName": "-", "UtcTime": "2023-12-09 16:35:52.783", "ProcessGuid": "{9613fa45-9768-6574-f201-000000000100}", "ProcessId": "3040", "Image": "C:\\Windows\\SysWOW64\\wevtutil.exe"}
{"RuleName": "-", "UtcTime": "2023-12-09 16:35:52.783", "ProcessGuid": "{9613fa45-9768-6574-f301-000000000100}", "ProcessId": "4936", "Image": "C:\\Windows\\System32\\conhost.exe"}
{"RuleName": "-", "UtcTime": "2023-12-09 16:35:52.872", "ProcessGuid": "{9613fa45-9768-6574-f401-000000000100}", "ProcessId": "3080", "Image": "C:\\Windows\\SysWOW64\\wevtutil.exe", "FileVersion": "10.0.19041.1202 (WinBuild.160101.0800)", "Description": "Eventing Command Line Utility", "Product": "Microsoft\u00ae Windows\u00ae Operating System", "Company": "Microsoft Corporation", "OriginalFileName": "wevtutil.exe", "CommandLine": "\"wevtutil.exe\" cl Microsoft-Windows-BranchCacheEventProvider/Diagnostic", "CurrentDirectory": "C:\\Users\\lg\\Desktop\\", "User": "DAVE-PC-TOP-SEC\\lg", "LogonGuid": "{9613fa45-ef53-6500-99ba-010000000000}", "LogonId": "0x000000000001ba99", "TerminalSessionId": "1", "IntegrityLevel": "Medium", "Hashes": "SHA1=71F511BF104A6B088EAB0F3D3E1F90FA6911AA39", "ParentProcessGuid": "{9613fa45-9741-6574-bc00-000000000100}", "ParentProcessId": "8148", "ParentImage": "C:\\Users\\lg\\Desktop\\ClearLogs.exe", "ParentCommandLine": "\"C:\\Users\\lg\\Desktop\\ClearLogs.exe\" "}
{"RuleName": "-", "UtcTime": "2023-12-09 16:35:52.874", "ProcessGuid": "{9613fa45-9768-6574-f501-000000000100}", "ProcessId": "7116", "Image": "C:\\Windows\\System32\\conhost.exe", "FileVersion": "10.0.19041.1566 (WinBuild.160101.0800)", "Description": "Console Window Host", "Product": "Microsoft\u00ae Windows\u00ae Operating System", "Company": "Microsoft Corporation", "OriginalFileName": "CONHOST.EXE", "CommandLine": "\\??\\C:\\Windows\\system32\\conhost.exe 0xffffffff -ForceV1", "CurrentDirectory": "C:\\Windows", "User": "DAVE-PC-TOP-SEC\\lg", "LogonGuid": "{9613fa45-ef53-6500-99ba-010000000000}", "LogonId": "0x000000000001ba99", "TerminalSessionId": "1", "IntegrityLevel": "Medium", "Hashes": "SHA1=52A7274A0B4F9493632060FE25993A2EF24FE827", "ParentProcessGuid": "{9613fa45-9768-6574-f401-000000000100}", "ParentProcessId": "3080", "ParentImage": "C:\\Windows\\SysWOW64\\wevtutil.exe", "ParentCommandLine": "\"wevtutil.exe\" cl Microsoft-Windows-BranchCacheEventProvider/Diagnostic"}
{"RuleName": "-", "UtcTime": "2023-12-09 16:35:52.892", "ProcessGuid": "{9613fa45-9768-6574-f401-000000000100}", "ProcessId": "3080", "Image": "C:\\Windows\\SysWOW64\\wevtutil.exe"}
{"RuleName": "-", "UtcTime": "2023-12-09 16:35:52.892", "ProcessGuid": "{9613fa45-9768-6574-f501-000000000100}", "ProcessId": "7116", "Image": "C:\\Windows\\System32\\conhost.exe"}
{"RuleName": "-", "UtcTime": "2023-12-09 16:35:52.956", "ProcessGuid": "{9613fa45-9768-6574-f601-000000000100}", "ProcessId": "7612", "Image": "C:\\Windows\\System32\\svchost.exe", "FileVersion": "10.0.19041.1566 (WinBuild.160101.0800)", "Description": "Host Process for Windows Services", "Product": "Microsoft\u00ae Windows\u00ae Operating System", "Company": "Microsoft Corporation", "OriginalFileName": "svchost.exe", "CommandLine": "C:\\Windows\\system32\\svchost.exe -k UnistackSvcGroup", "CurrentDirectory": "C:\\Windows\\system32\\", "User": "DAVE-PC-TOP-SEC\\lg", "LogonGuid": "{9613fa45-ef53-6500-99ba-010000000000}", "LogonId": "0x000000000001ba99", "TerminalSessionId": "1", "IntegrityLevel": "Medium", "Hashes": "SHA1=1F912D4BEC338EF10B7C9F19976286F8ACC4EB97", "ParentProcessGuid": "{9613fa45-ef52-6500-0b00-000000000100}", "ParentProcessId": "716", "ParentImage": "C:\\Windows\\System32\\services.exe", "ParentCommandLine": "C:\\Windows\\system32\\services.exe"}
{"RuleName": "-", "UtcTime": "2023-12-09 16:35:52.970", "ProcessGuid": "{9613fa45-9768-6574-f701-000000000100}", "ProcessId": "6008", "Image": "C:\\Windows\\SysWOW64\\wevtutil.exe", "FileVersion": "10.0.19041.1202 (WinBuild.160101.0800)", "Description": "Eventing Command Line Utility", "Product": "Microsoft\u00ae Windows\u00ae Operating System", "Company": "Microsoft Corporation", "OriginalFileName": "wevtutil.exe", "CommandLine": "\"wevtutil.exe\" cl Microsoft-Windows-BranchCacheMonitoring/Analytic", "CurrentDirectory": "C:\\Users\\lg\\Desktop\\", "User": "DAVE-PC-TOP-SEC\\lg", "LogonGuid": "{9613fa45-ef53-6500-99ba-010000000000}", "LogonId": "0x000000000001ba99", "TerminalSessionId": "1", "IntegrityLevel": "Medium", "Hashes": "SHA1=71F511BF104A6B088EAB0F3D3E1F90FA6911AA39", "ParentProcessGuid": "{9613fa45-9741-6574-bc00-000000000100}", "ParentProcessId": "8148", "ParentImage": "C:\\Users\\lg\\Desktop\\ClearLogs.exe", "ParentCommandLine": "\"C:\\Users\\lg\\Desktop\\ClearLogs.exe\" "}
{"RuleName": "-", "UtcTime": "2023-12-09 16:35:52.973", "ProcessGuid": "{9613fa45-9768-6574-f801-000000000100}", "ProcessId": "6000", "Image": "C:\\Windows\\System32\\conhost.exe", "FileVersion": "10.0.19041.1566 (WinBuild.160101.0800)", "Description": "Console Window Host", "Product": "Microsoft\u00ae Windows\u00ae Operating System", "Company": "Microsoft Corporation", "OriginalFileName": "CONHOST.EXE", "CommandLine": "\\??\\C:\\Windows\\system32\\conhost.exe 0xffffffff -ForceV1", "CurrentDirectory": "C:\\Windows", "User": "DAVE-PC-TOP-SEC\\lg", "LogonGuid": "{9613fa45-ef53-6500-99ba-010000000000}", "LogonId": "0x000000000001ba99", "TerminalSessionId": "1", "IntegrityLevel": "Medium", "Hashes": "SHA1=52A7274A0B4F9493632060FE25993A2EF24FE827", "ParentProcessGuid": "{9613fa45-9768-6574-f701-000000000100}", "ParentProcessId": "6008", "ParentImage": "C:\\Windows\\SysWOW64\\wevtutil.exe", "ParentCommandLine": "\"wevtutil.exe\" cl Microsoft-Windows-BranchCacheMonitoring/Analytic"}
{"RuleName": "-", "UtcTime": "2023-12-09 16:35:52.986", "ProcessGuid": "{9613fa45-9768-6574-f701-000000000100}", "ProcessId": "6008", "Image": "C:\\Windows\\SysWOW64\\wevtutil.exe"}
{"RuleName": "-", "UtcTime": "2023-12-09 16:35:52.986", "ProcessGuid": "{9613fa45-9768-6574-f801-000000000100}", "ProcessId": "6000", "Image": "C:\\Windows\\System32\\conhost.exe"}
{"RuleName": "-", "UtcTime": "2023-12-09 16:35:53.068", "ProcessGuid": "{9613fa45-9769-6574-f901-000000000100}", "ProcessId": "3944", "Image": "C:\\Windows\\SysWOW64\\wevtutil.exe", "FileVersion": "10.0.19041.1202 (WinBuild.160101.0800)", "Description": "Eventing Command Line Utility", "Product": "Microsoft\u00ae Windows\u00ae Operating System", "Company": "Microsoft Corporation", "OriginalFileName": "wevtutil.exe", "CommandLine": "\"wevtutil.exe\" cl Microsoft-Windows-BranchCacheSMB/Analytic", "CurrentDirectory": "C:\\Users\\lg\\Desktop\\", "User": "DAVE-PC-TOP-SEC\\lg", "LogonGuid": "{9613fa45-ef53-6500-99ba-010000000000}", "LogonId": "0x000000000001ba99", "TerminalSessionId": "1", "IntegrityLevel": "Medium", "Hashes": "SHA1=71F511BF104A6B088EAB0F3D3E1F90FA6911AA39", "ParentProcessGuid": "{9613fa45-9741-6574-bc00-000000000100}", "ParentProcessId": "8148", "ParentImage": "C:\\Users\\lg\\Desktop\\ClearLogs.exe", "ParentCommandLine": "\"C:\\Users\\lg\\Desktop\\ClearLogs.exe\" "}
{"RuleName": "-", "UtcTime": "2023-12-09 16:35:53.071", "ProcessGuid": "{9613fa45-9769-6574-fa01-000000000100}", "ProcessId": "6628", "Image": "C:\\Windows\\System32\\conhost.exe", "FileVersion": "10.0.19041.1566 (WinBuild.160101.0800)", "Description": "Console Window Host", "Product": "Microsoft\u00ae Windows\u00ae Operating System", "Company": "Microsoft Corporation", "OriginalFileName": "CONHOST.EXE", "CommandLine": "\\??\\C:\\Windows\\system32\\conhost.exe 0xffffffff -ForceV1", "CurrentDirectory": "C:\\Windows", "User": "DAVE-PC-TOP-SEC\\lg", "LogonGuid": "{9613fa45-ef53-6500-99ba-010000000000}", "LogonId": "0x000000000001ba99", "TerminalSessionId": "1", "IntegrityLevel": "Medium", "Hashes": "SHA1=52A7274A0B4F9493632060FE25993A2EF24FE827", "ParentProcessGuid": "{9613fa45-9769-6574-f901-000000000100}", "ParentProcessId": "3944", "ParentImage": "C:\\Windows\\SysWOW64\\wevtutil.exe", "ParentCommandLine": "\"wevtutil.exe\" cl Microsoft-Windows-BranchCacheSMB/Analytic"}
{"RuleName": "-", "UtcTime": "2023-12-09 16:35:53.080", "ProcessGuid": "{9613fa45-9769-6574-f901-000000000100}", "ProcessId": "3944", "Image": "C:\\Windows\\SysWOW64\\wevtutil.exe"}
{"RuleName": "-", "UtcTime": "2023-12-09 16:35:53.080", "ProcessGuid": "{9613fa45-9769-6574-fa01-000000000100}", "ProcessId": "6628", "Image": "C:\\Windows\\System32\\conhost.exe"}
{"RuleName": "-", "UtcTime": "2023-12-09 16:35:53.112", "ProcessGuid": "{9613fa45-9769-6574-fb01-000000000100}", "ProcessId": "5012", "Image": "C:\\Program Files (x86)\\Google\\Update\\GoogleUpdate.exe", "FileVersion": "1.3.36.201", "Description": "Google Installer", "Product": "Google Update", "Company": "Google LLC", "OriginalFileName": "GoogleUpdate.exe", "CommandLine": "\"C:\\Program Files (x86)\\Google\\Update\\GoogleUpdate.exe\" /svc", "CurrentDirectory": "C:\\Windows\\system32\\", "User": "NT AUTHORITY\\SYSTEM", "LogonGuid": "{9613fa45-ef52-6500-e703-000000000000}", "LogonId": "0x00000000000003e7", "TerminalSessionId": "0", "IntegrityLevel": "System", "Hashes": "SHA1=F51CFD43354B5495C6D70783EACDA123028B7943", "ParentProcessGuid": "{9613fa45-ef52-6500-0b00-000000000100}", "ParentProcessId": "716", "ParentImage": "C:\\Windows\\System32\\services.exe", "ParentCommandLine": "C:\\Windows\\system32\\services.exe"}
{"RuleName": "-", "UtcTime": "2023-12-09 16:35:53.139", "ProcessGuid": "{9613fa45-9769-6574-fc01-000000000100}", "ProcessId": "5760", "Image": "C:\\Program Files (x86)\\Google\\Update\\GoogleUpdate.exe", "FileVersion": "1.3.36.201", "Description": "Google Installer", "Product": "Google Update", "Company": "Google LLC", "OriginalFileName": "GoogleUpdate.exe", "CommandLine": "\"C:\\Program Files (x86)\\Google\\Update\\GoogleUpdate.exe\" /c", "CurrentDirectory": "C:\\Program Files (x86)\\Google\\Update\\1.3.36.352\\", "User": "NT AUTHORITY\\SYSTEM", "LogonGuid": "{9613fa45-ef52-6500-e703-000000000000}", "LogonId": "0x00000000000003e7", "TerminalSessionId": "0", "IntegrityLevel": "System", "Hashes": "SHA1=F51CFD43354B5495C6D70783EACDA123028B7943", "ParentProcessGuid": "{9613fa45-9769-6574-fb01-000000000100}", "ParentProcessId": "5012", "ParentImage": "C:\\Program Files (x86)\\Google\\Update\\GoogleUpdate.exe", "ParentCommandLine": "\"C:\\Program Files (x86)\\Google\\Update\\GoogleUpdate.exe\" /svc"}
{"RuleName": "-", "UtcTime": "2023-12-09 16:35:53.143", "ProcessGuid": "{9613fa45-9769-6574-fb01-000000000100}", "ProcessId": "5012", "Image": "C:\\Program Files (x86)\\Google\\Update\\GoogleUpdate.exe"}
{"RuleName": "-", "UtcTime": "2023-12-09 16:35:53.165", "ProcessGuid": "{9613fa45-9769-6574-fd01-000000000100}", "ProcessId": "7516", "Image": "C:\\Program Files (x86)\\Google\\Update\\GoogleUpdate.exe", "FileVersion": "1.3.36.201", "Description": "Google Installer", "Product": "Google Update", "Company": "Google LLC", "OriginalFileName": "GoogleUpdate.exe", "CommandLine": "\"C:\\Program Files (x86)\\Google\\Update\\GoogleUpdate.exe\" /cr", "CurrentDirectory": "C:\\Program Files (x86)\\Google\\Update\\1.3.36.352\\", "User": "NT AUTHORITY\\SYSTEM", "LogonGuid": "{9613fa45-ef52-6500-e703-000000000000}", "LogonId": "0x00000000000003e7", "TerminalSessionId": "0", "IntegrityLevel": "System", "Hashes": "SHA1=F51CFD43354B5495C6D70783EACDA123028B7943", "ParentProcessGuid": "{9613fa45-9769-6574-fc01-000000000100}", "ParentProcessId": "5760", "ParentImage": "C:\\Program Files (x86)\\Google\\Update\\GoogleUpdate.exe", "ParentCommandLine": "\"C:\\Program Files (x86)\\Google\\Update\\GoogleUpdate.exe\" /c"}
{"RuleName": "-", "UtcTime": "2023-12-09 16:35:53.167", "ProcessGuid": "{9613fa45-9769-6574-fe01-000000000100}", "ProcessId": "1552", "Image": "C:\\Program Files (x86)\\Google\\Update\\1.3.36.352\\GoogleCrashHandler.exe", "FileVersion": "1.3.36.351", "Description": "Google Crash Handler", "Product": "Google Update", "Company": "Google LLC", "OriginalFileName": "GoogleUpdate.exe", "CommandLine": "\"C:\\Program Files (x86)\\Google\\Update\\1.3.36.352\\GoogleCrashHandler.exe\"", "CurrentDirectory": "C:\\Program Files (x86)\\Google\\Update\\1.3.36.352\\", "User": "NT AUTHORITY\\SYSTEM", "LogonGuid": "{9613fa45-ef52-6500-e703-000000000000}", "LogonId": "0x00000000000003e7", "TerminalSessionId": "0", "IntegrityLevel": "System", "Hashes": "SHA1=209C79D6B18A00F378EFA75C7A3E44686F1850A1", "ParentProcessGuid": "{9613fa45-9769-6574-fc01-000000000100}", "ParentProcessId": "5760", "ParentImage": "C:\\Program Files (x86)\\Google\\Update\\GoogleUpdate.exe", "ParentCommandLine": "\"C:\\Program Files (x86)\\Google\\Update\\GoogleUpdate.exe\" /c"}
{"RuleName": "-", "UtcTime": "2023-12-09 16:35:53.172", "ProcessGuid": "{9613fa45-9769-6574-ff01-000000000100}", "ProcessId": "3896", "Image": "C:\\Program Files (x86)\\Google\\Update\\1.3.36.352\\GoogleCrashHandler64.exe", "FileVersion": "1.3.36.351", "Description": "Google Crash Handler", "Product": "Google Update", "Company": "Google LLC", "OriginalFileName": "GoogleUpdate.exe", "CommandLine": "\"C:\\Program Files (x86)\\Google\\Update\\1.3.36.352\\GoogleCrashHandler64.exe\"", "CurrentDirectory": "C:\\Program Files (x86)\\Google\\Update\\1.3.36.352\\", "User": "NT AUTHORITY\\SYSTEM", "LogonGuid": "{9613fa45-ef52-6500-e703-000000000000}", "LogonId": "0x00000000000003e7", "TerminalSessionId": "0", "IntegrityLevel": "System", "Hashes": "SHA1=1486F4EAA1B41B0F2101559EA24630D002BC2D25", "ParentProcessGuid": "{9613fa45-9769-6574-fc01-000000000100}", "ParentProcessId": "5760", "ParentImage": "C:\\Program Files (x86)\\Google\\Update\\GoogleUpdate.exe", "ParentCommandLine": "\"C:\\Program Files (x86)\\Google\\Update\\GoogleUpdate.exe\" /c"}
{"RuleName": "-", "UtcTime": "2023-12-09 16:35:53.178", "ProcessGuid": "{9613fa45-9769-6574-0002-000000000100}", "ProcessId": "4444", "Image": "C:\\Windows\\SysWOW64\\wevtutil.exe", "FileVersion": "10.0.19041.1202 (WinBuild.160101.0800)", "Description": "Eventing Command Line Utility", "Product": "Microsoft\u00ae Windows\u00ae Operating System", "Company": "Microsoft Corporation", "OriginalFileName": "wevtutil.exe", "CommandLine": "\"wevtutil.exe\" cl Microsoft-Windows-BranchCacheSMB/Operational", "CurrentDirectory": "C:\\Users\\lg\\Desktop\\", "User": "DAVE-PC-TOP-SEC\\lg", "LogonGuid": "{9613fa45-ef53-6500-99ba-010000000000}", "LogonId": "0x000000000001ba99", "TerminalSessionId": "1", "IntegrityLevel": "Medium", "Hashes": "SHA1=71F511BF104A6B088EAB0F3D3E1F90FA6911AA39", "ParentProcessGuid": "{9613fa45-9741-6574-bc00-000000000100}", "ParentProcessId": "8148", "ParentImage": "C:\\Users\\lg\\Desktop\\ClearLogs.exe", "ParentCommandLine": "\"C:\\Users\\lg\\Desktop\\ClearLogs.exe\" "}
{"RuleName": "-", "UtcTime": "2023-12-09 16:35:53.181", "ProcessGuid": "{9613fa45-9769-6574-0102-000000000100}", "ProcessId": "1608", "Image": "C:\\Windows\\System32\\conhost.exe", "FileVersion": "10.0.19041.1566 (WinBuild.160101.0800)", "Description": "Console Window Host", "Product": "Microsoft\u00ae Windows\u00ae Operating System", "Company": "Microsoft Corporation", "OriginalFileName": "CONHOST.EXE", "CommandLine": "\\??\\C:\\Windows\\system32\\conhost.exe 0xffffffff -ForceV1", "CurrentDirectory": "C:\\Windows", "User": "DAVE-PC-TOP-SEC\\lg", "LogonGuid": "{9613fa45-ef53-6500-99ba-010000000000}", "LogonId": "0x000000000001ba99", "TerminalSessionId": "1", "IntegrityLevel": "Medium", "Hashes": "SHA1=52A7274A0B4F9493632060FE25993A2EF24FE827", "ParentProcessGuid": "{9613fa45-9769-6574-0002-000000000100}", "ParentProcessId": "4444", "ParentImage": "C:\\Windows\\SysWOW64\\wevtutil.exe", "ParentCommandLine": "\"wevtutil.exe\" cl Microsoft-Windows-BranchCacheSMB/Operational"}
{"RuleName": "-", "UtcTime": "2023-12-09 16:35:53.173", "ProcessGuid": "{9613fa45-9769-6574-fc01-000000000100}", "ProcessId": "5760", "Image": "C:\\Program Files (x86)\\Google\\Update\\GoogleUpdate.exe"}
{"RuleName": "-", "UtcTime": "2023-12-09 16:35:53.189", "ProcessGuid": "{9613fa45-9769-6574-0002-000000000100}", "ProcessId": "4444", "Image": "C:\\Windows\\SysWOW64\\wevtutil.exe"}
{"RuleName": "-", "UtcTime": "2023-12-09 16:35:53.204", "ProcessGuid": "{9613fa45-9769-6574-0102-000000000100}", "ProcessId": "1608", "Image": "C:\\Windows\\System32\\conhost.exe"}
{"RuleName": "-", "UtcTime": "2023-12-09 16:35:53.275", "ProcessGuid": "{9613fa45-9769-6574-0302-000000000100}", "ProcessId": "6148", "Image": "C:\\Windows\\SysWOW64\\wevtutil.exe", "FileVersion": "10.0.19041.1202 (WinBuild.160101.0800)", "Description": "Eventing Command Line Utility", "Product": "Microsoft\u00ae Windows\u00ae Operating System", "Company": "Microsoft Corporation", "OriginalFileName": "wevtutil.exe", "CommandLine": "\"wevtutil.exe\" cl Microsoft-Windows-CAPI2/Catalog Database Debug", "CurrentDirectory": "C:\\Users\\lg\\Desktop\\", "User": "DAVE-PC-TOP-SEC\\lg", "LogonGuid": "{9613fa45-ef53-6500-99ba-010000000000}", "LogonId": "0x000000000001ba99", "TerminalSessionId": "1", "IntegrityLevel": "Medium", "Hashes": "SHA1=71F511BF104A6B088EAB0F3D3E1F90FA6911AA39", "ParentProcessGuid": "{9613fa45-9741-6574-bc00-000000000100}", "ParentProcessId": "8148", "ParentImage": "C:\\Users\\lg\\Desktop\\ClearLogs.exe", "ParentCommandLine": "\"C:\\Users\\lg\\Desktop\\ClearLogs.exe\" "}
{"RuleName": "-", "UtcTime": "2023-12-09 16:35:53.271", "ProcessGuid": "{9613fa45-9769-6574-0202-000000000100}", "ProcessId": "7112", "Image": "C:\\Windows\\System32\\SgrmBroker.exe", "FileVersion": "10.0.19041.546 (WinBuild.160101.0800)", "Description": "System Guard Runtime Monitor Broker Service", "Product": "Microsoft\u00ae Windows\u00ae Operating System", "Company": "Microsoft Corporation", "OriginalFileName": "SgrmBroker.exe", "CommandLine": "C:\\Windows\\system32\\SgrmBroker.exe", "CurrentDirectory": "C:\\Windows", "User": "NT AUTHORITY\\SYSTEM", "LogonGuid": "{9613fa45-ef52-6500-e703-000000000000}", "LogonId": "0x00000000000003e7", "TerminalSessionId": "0", "IntegrityLevel": "System", "Hashes": "SHA1=9B39F815CA4416BFF574D01C90D03D2DF2A0BDD7", "ParentProcessGuid": "{9613fa45-ef52-6500-0b00-000000000100}", "ParentProcessId": "716", "ParentImage": "C:\\Windows\\System32\\services.exe", "ParentCommandLine": "C:\\Windows\\system32\\services.exe"}
{"RuleName": "-", "UtcTime": "2023-12-09 16:35:53.278", "ProcessGuid": "{9613fa45-9769-6574-0402-000000000100}", "ProcessId": "2004", "Image": "C:\\Windows\\System32\\conhost.exe", "FileVersion": "10.0.19041.1566 (WinBuild.160101.0800)", "Description": "Console Window Host", "Product": "Microsoft\u00ae Windows\u00ae Operating System", "Company": "Microsoft Corporation", "OriginalFileName": "CONHOST.EXE", "CommandLine": "\\??\\C:\\Windows\\system32\\conhost.exe 0xffffffff -ForceV1", "CurrentDirectory": "C:\\Windows", "User": "DAVE-PC-TOP-SEC\\lg", "LogonGuid": "{9613fa45-ef53-6500-99ba-010000000000}", "LogonId": "0x000000000001ba99", "TerminalSessionId": "1", "IntegrityLevel": "Medium", "Hashes": "SHA1=52A7274A0B4F9493632060FE25993A2EF24FE827", "ParentProcessGuid": "{9613fa45-9769-6574-0302-000000000100}", "ParentProcessId": "6148", "ParentImage": "C:\\Windows\\SysWOW64\\wevtutil.exe", "ParentCommandLine": "\"wevtutil.exe\" cl Microsoft-Windows-CAPI2/Catalog Database Debug"}
{"RuleName": "-", "UtcTime": "2023-12-09 16:35:53.283", "ProcessGuid": "{9613fa45-9769-6574-0302-000000000100}", "ProcessId": "6148", "Image": "C:\\Windows\\SysWOW64\\wevtutil.exe"}
{"RuleName": "-", "UtcTime": "2023-12-09 16:35:53.283", "ProcessGuid": "{9613fa45-9769-6574-0402-000000000100}", "ProcessId": "2004", "Image": "C:\\Windows\\System32\\conhost.exe"}
{"RuleName": "-", "UtcTime": "2023-12-09 16:35:53.365", "ProcessGuid": "{9613fa45-9769-6574-0502-000000000100}", "ProcessId": "6720", "Image": "C:\\Windows\\SysWOW64\\wevtutil.exe", "FileVersion": "10.0.19041.1202 (WinBuild.160101.0800)", "Description": "Eventing Command Line Utility", "Product": "Microsoft\u00ae Windows\u00ae Operating System", "Company": "Microsoft Corporation", "OriginalFileName": "wevtutil.exe", "CommandLine": "\"wevtutil.exe\" cl Microsoft-Windows-CAPI2/Operational", "CurrentDirectory": "C:\\Users\\lg\\Desktop\\", "User": "DAVE-PC-TOP-SEC\\lg", "LogonGuid": "{9613fa45-ef53-6500-99ba-010000000000}", "LogonId": "0x000000000001ba99", "TerminalSessionId": "1", "IntegrityLevel": "Medium", "Hashes": "SHA1=71F511BF104A6B088EAB0F3D3E1F90FA6911AA39", "ParentProcessGuid": "{9613fa45-9741-6574-bc00-000000000100}", "ParentProcessId": "8148", "ParentImage": "C:\\Users\\lg\\Desktop\\ClearLogs.exe", "ParentCommandLine": "\"C:\\Users\\lg\\Desktop\\ClearLogs.exe\" "}
{"RuleName": "-", "UtcTime": "2023-12-09 16:35:53.367", "ProcessGuid": "{9613fa45-9769-6574-0602-000000000100}", "ProcessId": "6684", "Image": "C:\\Windows\\System32\\conhost.exe", "FileVersion": "10.0.19041.1566 (WinBuild.160101.0800)", "Description": "Console Window Host", "Product": "Microsoft\u00ae Windows\u00ae Operating System", "Company": "Microsoft Corporation", "OriginalFileName": "CONHOST.EXE", "CommandLine": "\\??\\C:\\Windows\\system32\\conhost.exe 0xffffffff -ForceV1", "CurrentDirectory": "C:\\Windows", "User": "DAVE-PC-TOP-SEC\\lg", "LogonGuid": "{9613fa45-ef53-6500-99ba-010000000000}", "LogonId": "0x000000000001ba99", "TerminalSessionId": "1", "IntegrityLevel": "Medium", "Hashes": "SHA1=52A7274A0B4F9493632060FE25993A2EF24FE827", "ParentProcessGuid": "{9613fa45-9769-6574-0502-000000000100}", "ParentProcessId": "6720", "ParentImage": "C:\\Windows\\SysWOW64\\wevtutil.exe", "ParentCommandLine": "\"wevtutil.exe\" cl Microsoft-Windows-CAPI2/Operational"}
{"RuleName": "-", "UtcTime": "2023-12-09 16:35:53.376", "ProcessGuid": "{9613fa45-9769-6574-0502-000000000100}", "ProcessId": "6720", "Image": "C:\\Windows\\SysWOW64\\wevtutil.exe"}
{"RuleName": "-", "UtcTime": "2023-12-09 16:35:53.376", "ProcessGuid": "{9613fa45-9769-6574-0602-000000000100}", "ProcessId": "6684", "Image": "C:\\Windows\\System32\\conhost.exe"}
{"RuleName": "-", "UtcTime": "2023-12-09 16:35:53.392", "ProcessGuid": "{9613fa45-9769-6574-fd01-000000000100}", "ProcessId": "7516", "Image": "C:\\Program Files (x86)\\Google\\Update\\GoogleUpdate.exe"}
{"RuleName": "-", "UtcTime": "2023-12-09 16:35:53.425", "ProcessGuid": "{9613fa45-9769-6574-0702-000000000100}", "ProcessId": "7120", "Image": "C:\\Windows\\System32\\sppsvc.exe", "FileVersion": "10.0.19041.1586 (WinBuild.160101.0800)", "Description": "Microsoft Software Protection Platform Service", "Product": "Microsoft\u00ae Windows\u00ae Operating System", "Company": "Microsoft Corporation", "OriginalFileName": "sppsvc.exe", "CommandLine": "C:\\Windows\\system32\\sppsvc.exe", "CurrentDirectory": "C:\\Windows", "User": "NT AUTHORITY\\NETWORK SERVICE", "LogonGuid": "{9613fa45-ef52-6500-e403-000000000000}", "LogonId": "0x00000000000003e4", "TerminalSessionId": "0", "IntegrityLevel": "System", "Hashes": "SHA1=EEE6E72AE3F5F739C22623CE8D99359EA35D6CC1", "ParentProcessGuid": "{9613fa45-ef52-6500-0b00-000000000100}", "ParentProcessId": "716", "ParentImage": "C:\\Windows\\System32\\services.exe", "ParentCommandLine": "C:\\Windows\\system32\\services.exe"}
{"RuleName": "-", "UtcTime": "2023-12-09 16:35:53.459", "ProcessGuid": "{9613fa45-9769-6574-0802-000000000100}", "ProcessId": "7876", "Image": "C:\\Windows\\SysWOW64\\wevtutil.exe", "FileVersion": "10.0.19041.1202 (WinBuild.160101.0800)", "Description": "Eventing Command Line Utility", "Product": "Microsoft\u00ae Windows\u00ae Operating System", "Company": "Microsoft Corporation", "OriginalFileName": "wevtutil.exe", "CommandLine": "\"wevtutil.exe\" cl Microsoft-Windows-CDROM/Operational", "CurrentDirectory": "C:\\Users\\lg\\Desktop\\", "User": "DAVE-PC-TOP-SEC\\lg", "LogonGuid": "{9613fa45-ef53-6500-99ba-010000000000}", "LogonId": "0x000000000001ba99", "TerminalSessionId": "1", "IntegrityLevel": "Medium", "Hashes": "SHA1=71F511BF104A6B088EAB0F3D3E1F90FA6911AA39", "ParentProcessGuid": "{9613fa45-9741-6574-bc00-000000000100}", "ParentProcessId": "8148", "ParentImage": "C:\\Users\\lg\\Desktop\\ClearLogs.exe", "ParentCommandLine": "\"C:\\Users\\lg\\Desktop\\ClearLogs.exe\" "}
{"RuleName": "-", "UtcTime": "2023-12-09 16:35:53.461", "ProcessGuid": "{9613fa45-9769-6574-0902-000000000100}", "ProcessId": "5308", "Image": "C:\\Windows\\System32\\conhost.exe", "FileVersion": "10.0.19041.1566 (WinBuild.160101.0800)", "Description": "Console Window Host", "Product": "Microsoft\u00ae Windows\u00ae Operating System", "Company": "Microsoft Corporation", "OriginalFileName": "CONHOST.EXE", "CommandLine": "\\??\\C:\\Windows\\system32\\conhost.exe 0xffffffff -ForceV1", "CurrentDirectory": "C:\\Windows", "User": "DAVE-PC-TOP-SEC\\lg", "LogonGuid": "{9613fa45-ef53-6500-99ba-010000000000}", "LogonId": "0x000000000001ba99", "TerminalSessionId": "1", "IntegrityLevel": "Medium", "Hashes": "SHA1=52A7274A0B4F9493632060FE25993A2EF24FE827", "ParentProcessGuid": "{9613fa45-9769-6574-0802-000000000100}", "ParentProcessId": "7876", "ParentImage": "C:\\Windows\\SysWOW64\\wevtutil.exe", "ParentCommandLine": "\"wevtutil.exe\" cl Microsoft-Windows-CDROM/Operational"}
{"RuleName": "-", "UtcTime": "2023-12-09 16:35:53.470", "ProcessGuid": "{9613fa45-9769-6574-0802-000000000100}", "ProcessId": "7876", "Image": "C:\\Windows\\SysWOW64\\wevtutil.exe"}
{"RuleName": "-", "UtcTime": "2023-12-09 16:35:53.470", "ProcessGuid": "{9613fa45-9769-6574-0902-000000000100}", "ProcessId": "5308", "Image": "C:\\Windows\\System32\\conhost.exe"}
{"RuleName": "-", "UtcTime": "2023-12-09 16:35:53.537", "ProcessGuid": "{9613fa45-9769-6574-0a02-000000000100}", "ProcessId": "5300", "Image": "C:\\Windows\\SysWOW64\\wevtutil.exe", "FileVersion": "10.0.19041.1202 (WinBuild.160101.0800)", "Description": "Eventing Command Line Utility", "Product": "Microsoft\u00ae Windows\u00ae Operating System", "Company": "Microsoft Corporation", "OriginalFileName": "wevtutil.exe", "CommandLine": "\"wevtutil.exe\" cl Microsoft-Windows-COM/Analytic", "CurrentDirectory": "C:\\Users\\lg\\Desktop\\", "User": "DAVE-PC-TOP-SEC\\lg", "LogonGuid": "{9613fa45-ef53-6500-99ba-010000000000}", "LogonId": "0x000000000001ba99", "TerminalSessionId": "1", "IntegrityLevel": "Medium", "Hashes": "SHA1=71F511BF104A6B088EAB0F3D3E1F90FA6911AA39", "ParentProcessGuid": "{9613fa45-9741-6574-bc00-000000000100}", "ParentProcessId": "8148", "ParentImage": "C:\\Users\\lg\\Desktop\\ClearLogs.exe", "ParentCommandLine": "\"C:\\Users\\lg\\Desktop\\ClearLogs.exe\" "}
{"RuleName": "-", "UtcTime": "2023-12-09 16:35:53.539", "ProcessGuid": "{9613fa45-9769-6574-0b02-000000000100}", "ProcessId": "8140", "Image": "C:\\Windows\\System32\\conhost.exe", "FileVersion": "10.0.19041.1566 (WinBuild.160101.0800)", "Description": "Console Window Host", "Product": "Microsoft\u00ae Windows\u00ae Operating System", "Company": "Microsoft Corporation", "OriginalFileName": "CONHOST.EXE", "CommandLine": "\\??\\C:\\Windows\\system32\\conhost.exe 0xffffffff -ForceV1", "CurrentDirectory": "C:\\Windows", "User": "DAVE-PC-TOP-SEC\\lg", "LogonGuid": "{9613fa45-ef53-6500-99ba-010000000000}", "LogonId": "0x000000000001ba99", "TerminalSessionId": "1", "IntegrityLevel": "Medium", "Hashes": "SHA1=52A7274A0B4F9493632060FE25993A2EF24FE827", "ParentProcessGuid": "{9613fa45-9769-6574-0a02-000000000100}", "ParentProcessId": "5300", "ParentImage": "C:\\Windows\\SysWOW64\\wevtutil.exe", "ParentCommandLine": "\"wevtutil.exe\" cl Microsoft-Windows-COM/Analytic"}
{"RuleName": "-", "UtcTime": "2023-12-09 16:35:53.548", "ProcessGuid": "{9613fa45-9769-6574-0a02-000000000100}", "ProcessId": "5300", "Image": "C:\\Windows\\SysWOW64\\wevtutil.exe"}
{"RuleName": "-", "UtcTime": "2023-12-09 16:35:53.548", "ProcessGuid": "{9613fa45-9769-6574-0b02-000000000100}", "ProcessId": "8140", "Image": "C:\\Windows\\System32\\conhost.exe"}
{"RuleName": "-", "UtcTime": "2023-12-09 16:35:53.581", "ProcessGuid": "{9613fa45-9769-6574-0c02-000000000100}", "ProcessId": "5892", "Image": "C:\\Windows\\System32\\svchost.exe", "FileVersion": "10.0.19041.1566 (WinBuild.160101.0800)", "Description": "Host Process for Windows Services", "Product": "Microsoft\u00ae Windows\u00ae Operating System", "Company": "Microsoft Corporation", "OriginalFileName": "svchost.exe", "CommandLine": "C:\\Windows\\System32\\svchost.exe -k LocalSystemNetworkRestricted -p -s StorSvc", "CurrentDirectory": "C:\\Windows\\system32\\", "User": "NT AUTHORITY\\SYSTEM", "LogonGuid": "{9613fa45-ef52-6500-e703-000000000000}", "LogonId": "0x00000000000003e7", "TerminalSessionId": "0", "IntegrityLevel": "System", "Hashes": "SHA1=1F912D4BEC338EF10B7C9F19976286F8ACC4EB97", "ParentProcessGuid": "{9613fa45-ef52-6500-0b00-000000000100}", "ParentProcessId": "716", "ParentImage": "C:\\Windows\\System32\\services.exe", "ParentCommandLine": "C:\\Windows\\system32\\services.exe"}
{"RuleName": "-", "UtcTime": "2023-12-09 16:35:53.636", "ProcessGuid": "{9613fa45-9769-6574-0d02-000000000100}", "ProcessId": "1944", "Image": "C:\\Windows\\SysWOW64\\wevtutil.exe", "FileVersion": "10.0.19041.1202 (WinBuild.160101.0800)", "Description": "Eventing Command Line Utility", "Product": "Microsoft\u00ae Windows\u00ae Operating System", "Company": "Microsoft Corporation", "OriginalFileName": "wevtutil.exe", "CommandLine": "\"wevtutil.exe\" cl Microsoft-Windows-COM/ApartmentInitialize", "CurrentDirectory": "C:\\Users\\lg\\Desktop\\", "User": "DAVE-PC-TOP-SEC\\lg", "LogonGuid": "{9613fa45-ef53-6500-99ba-010000000000}", "LogonId": "0x000000000001ba99", "TerminalSessionId": "1", "IntegrityLevel": "Medium", "Hashes": "SHA1=71F511BF104A6B088EAB0F3D3E1F90FA6911AA39", "ParentProcessGuid": "{9613fa45-9741-6574-bc00-000000000100}", "ParentProcessId": "8148", "ParentImage": "C:\\Users\\lg\\Desktop\\ClearLogs.exe", "ParentCommandLine": "\"C:\\Users\\lg\\Desktop\\ClearLogs.exe\" "}
{"RuleName": "-", "UtcTime": "2023-12-09 16:35:53.639", "ProcessGuid": "{9613fa45-9769-6574-0e02-000000000100}", "ProcessId": "5984", "Image": "C:\\Windows\\System32\\conhost.exe", "FileVersion": "10.0.19041.1566 (WinBuild.160101.0800)", "Description": "Console Window Host", "Product": "Microsoft\u00ae Windows\u00ae Operating System", "Company": "Microsoft Corporation", "OriginalFileName": "CONHOST.EXE", "CommandLine": "\\??\\C:\\Windows\\system32\\conhost.exe 0xffffffff -ForceV1", "CurrentDirectory": "C:\\Windows", "User": "DAVE-PC-TOP-SEC\\lg", "LogonGuid": "{9613fa45-ef53-6500-99ba-010000000000}", "LogonId": "0x000000000001ba99", "TerminalSessionId": "1", "IntegrityLevel": "Medium", "Hashes": "SHA1=52A7274A0B4F9493632060FE25993A2EF24FE827", "ParentProcessGuid": "{9613fa45-9769-6574-0d02-000000000100}", "ParentProcessId": "1944", "ParentImage": "C:\\Windows\\SysWOW64\\wevtutil.exe", "ParentCommandLine": "\"wevtutil.exe\" cl Microsoft-Windows-COM/ApartmentInitialize"}
{"RuleName": "-", "UtcTime": "2023-12-09 16:35:53.642", "ProcessGuid": "{9613fa45-9769-6574-0d02-000000000100}", "ProcessId": "1944", "Image": "C:\\Windows\\SysWOW64\\wevtutil.exe"}
{"RuleName": "-", "UtcTime": "2023-12-09 16:35:53.642", "ProcessGuid": "{9613fa45-9769-6574-0e02-000000000100}", "ProcessId": "5984", "Image": "C:\\Windows\\System32\\conhost.exe"}
