{"RuleName": "-", "UtcTime": "2023-12-09 16:36:46.086", "ProcessGuid": "{9613fa45-979e-6574-a706-000000000100}", "ProcessId": "1092", "Image": "C:\\Windows\\System32\\conhost.exe", "FileVersion": "10.0.19041.1566 (WinBuild.160101.0800)", "Description": "Console Window Host", "Product": "Microsoft\u00ae Windows\u00ae Operating System", "Company": "Microsoft Corporation", "OriginalFileName": "CONHOST.EXE", "CommandLine": "\\??\\C:\\Windows\\system32\\conhost.exe 0xffffffff -ForceV1", "CurrentDirectory": "C:\\Windows", "User": "DAVE-PC-TOP-SEC\\lg", "LogonGuid": "{9613fa45-ef53-6500-99ba-010000000000}", "LogonId": "0x000000000001ba99", "TerminalSessionId": "1", "IntegrityLevel": "Medium", "Hashes": "SHA1=52A7274A0B4F9493632060FE25993A2EF24FE827", "ParentProcessGuid": "{9613fa45-979e-6574-a606-000000000100}", "ParentProcessId": "3444", "ParentImage": "C:\\Windows\\SysWOW64\\wevtutil.exe", "ParentCommandLine": "\"wevtutil.exe\" cl Microsoft-Windows-Shell-DefaultPrograms/Diagnostic"}
{"RuleName": "-", "UtcTime": "2023-12-09 16:36:46.095", "ProcessGuid": "{9613fa45-979e-6574-a606-000000000100}", "ProcessId": "3444", "Image": "C:\\Windows\\SysWOW64\\wevtutil.exe"}
{"RuleName": "-", "UtcTime": "2023-12-09 16:36:46.095", "ProcessGuid": "{9613fa45-979e-6574-a706-000000000100}", "ProcessId": "1092", "Image": "C:\\Windows\\System32\\conhost.exe"}
{"RuleName": "-", "UtcTime": "2023-12-09 16:36:46.177", "ProcessGuid": "{9613fa45-979e-6574-a806-000000000100}", "ProcessId": "2972", "Image": "C:\\Windows\\SysWOW64\\wevtutil.exe", "FileVersion": "10.0.19041.1202 (WinBuild.160101.0800)", "Description": "Eventing Command Line Utility", "Product": "Microsoft\u00ae Windows\u00ae Operating System", "Company": "Microsoft Corporation", "OriginalFileName": "wevtutil.exe", "CommandLine": "\"wevtutil.exe\" cl Microsoft-Windows-Shell-LockScreenContent/Diagnostic", "CurrentDirectory": "C:\\Users\\lg\\Desktop\\", "User": "DAVE-PC-TOP-SEC\\lg", "LogonGuid": "{9613fa45-ef53-6500-99ba-010000000000}", "LogonId": "0x000000000001ba99", "TerminalSessionId": "1", "IntegrityLevel": "Medium", "Hashes": "SHA1=71F511BF104A6B088EAB0F3D3E1F90FA6911AA39", "ParentProcessGuid": "{9613fa45-9741-6574-bc00-000000000100}", "ParentProcessId": "8148", "ParentImage": "C:\\Users\\lg\\Desktop\\ClearLogs.exe", "ParentCommandLine": "\"C:\\Users\\lg\\Desktop\\ClearLogs.exe\" "}
{"RuleName": "-", "UtcTime": "2023-12-09 16:36:46.179", "ProcessGuid": "{9613fa45-979e-6574-a906-000000000100}", "ProcessId": "1204", "Image": "C:\\Windows\\System32\\conhost.exe", "FileVersion": "10.0.19041.1566 (WinBuild.160101.0800)", "Description": "Console Window Host", "Product": "Microsoft\u00ae Windows\u00ae Operating System", "Company": "Microsoft Corporation", "OriginalFileName": "CONHOST.EXE", "CommandLine": "\\??\\C:\\Windows\\system32\\conhost.exe 0xffffffff -ForceV1", "CurrentDirectory": "C:\\Windows", "User": "DAVE-PC-TOP-SEC\\lg", "LogonGuid": "{9613fa45-ef53-6500-99ba-010000000000}", "LogonId": "0x000000000001ba99", "TerminalSessionId": "1", "IntegrityLevel": "Medium", "Hashes": "SHA1=52A7274A0B4F9493632060FE25993A2EF24FE827", "ParentProcessGuid": "{9613fa45-979e-6574-a806-000000000100}", "ParentProcessId": "2972", "ParentImage": "C:\\Windows\\SysWOW64\\wevtutil.exe", "ParentCommandLine": "\"wevtutil.exe\" cl Microsoft-Windows-Shell-LockScreenContent/Diagnostic"}
{"RuleName": "-", "UtcTime": "2023-12-09 16:36:46.189", "ProcessGuid": "{9613fa45-979e-6574-a806-000000000100}", "ProcessId": "2972", "Image": "C:\\Windows\\SysWOW64\\wevtutil.exe"}
{"RuleName": "-", "UtcTime": "2023-12-09 16:36:46.189", "ProcessGuid": "{9613fa45-979e-6574-a906-000000000100}", "ProcessId": "1204", "Image": "C:\\Windows\\System32\\conhost.exe"}
{"RuleName": "-", "UtcTime": "2023-12-09 16:36:46.271", "ProcessGuid": "{9613fa45-979e-6574-aa06-000000000100}", "ProcessId": "1176", "Image": "C:\\Windows\\SysWOW64\\wevtutil.exe", "FileVersion": "10.0.19041.1202 (WinBuild.160101.0800)", "Description": "Eventing Command Line Utility", "Product": "Microsoft\u00ae Windows\u00ae Operating System", "Company": "Microsoft Corporation", "OriginalFileName": "wevtutil.exe", "CommandLine": "\"wevtutil.exe\" cl Microsoft-Windows-Shell-OpenWith/Diagnostic", "CurrentDirectory": "C:\\Users\\lg\\Desktop\\", "User": "DAVE-PC-TOP-SEC\\lg", "LogonGuid": "{9613fa45-ef53-6500-99ba-010000000000}", "LogonId": "0x000000000001ba99", "TerminalSessionId": "1", "IntegrityLevel": "Medium", "Hashes": "SHA1=71F511BF104A6B088EAB0F3D3E1F90FA6911AA39", "ParentProcessGuid": "{9613fa45-9741-6574-bc00-000000000100}", "ParentProcessId": "8148", "ParentImage": "C:\\Users\\lg\\Desktop\\ClearLogs.exe", "ParentCommandLine": "\"C:\\Users\\lg\\Desktop\\ClearLogs.exe\" "}
{"RuleName": "-", "UtcTime": "2023-12-09 16:36:46.274", "ProcessGuid": "{9613fa45-979e-6574-ab06-000000000100}", "ProcessId": "1244", "Image": "C:\\Windows\\System32\\conhost.exe", "FileVersion": "10.0.19041.1566 (WinBuild.160101.0800)", "Description": "Console Window Host", "Product": "Microsoft\u00ae Windows\u00ae Operating System", "Company": "Microsoft Corporation", "OriginalFileName": "CONHOST.EXE", "CommandLine": "\\??\\C:\\Windows\\system32\\conhost.exe 0xffffffff -ForceV1", "CurrentDirectory": "C:\\Windows", "User": "DAVE-PC-TOP-SEC\\lg", "LogonGuid": "{9613fa45-ef53-6500-99ba-010000000000}", "LogonId": "0x000000000001ba99", "TerminalSessionId": "1", "IntegrityLevel": "Medium", "Hashes": "SHA1=52A7274A0B4F9493632060FE25993A2EF24FE827", "ParentProcessGuid": "{9613fa45-979e-6574-aa06-000000000100}", "ParentProcessId": "1176", "ParentImage": "C:\\Windows\\SysWOW64\\wevtutil.exe", "ParentCommandLine": "\"wevtutil.exe\" cl Microsoft-Windows-Shell-OpenWith/Diagnostic"}
{"RuleName": "-", "UtcTime": "2023-12-09 16:36:46.283", "ProcessGuid": "{9613fa45-979e-6574-aa06-000000000100}", "ProcessId": "1176", "Image": "C:\\Windows\\SysWOW64\\wevtutil.exe"}
{"RuleName": "-", "UtcTime": "2023-12-09 16:36:46.283", "ProcessGuid": "{9613fa45-979e-6574-ab06-000000000100}", "ProcessId": "1244", "Image": "C:\\Windows\\System32\\conhost.exe"}
{"RuleName": "-", "UtcTime": "2023-12-09 16:36:46.365", "ProcessGuid": "{9613fa45-979e-6574-ac06-000000000100}", "ProcessId": "2964", "Image": "C:\\Windows\\SysWOW64\\wevtutil.exe", "FileVersion": "10.0.19041.1202 (WinBuild.160101.0800)", "Description": "Eventing Command Line Utility", "Product": "Microsoft\u00ae Windows\u00ae Operating System", "Company": "Microsoft Corporation", "OriginalFileName": "wevtutil.exe", "CommandLine": "\"wevtutil.exe\" cl Microsoft-Windows-Shell-Shwebsvc", "CurrentDirectory": "C:\\Users\\lg\\Desktop\\", "User": "DAVE-PC-TOP-SEC\\lg", "LogonGuid": "{9613fa45-ef53-6500-99ba-010000000000}", "LogonId": "0x000000000001ba99", "TerminalSessionId": "1", "IntegrityLevel": "Medium", "Hashes": "SHA1=71F511BF104A6B088EAB0F3D3E1F90FA6911AA39", "ParentProcessGuid": "{9613fa45-9741-6574-bc00-000000000100}", "ParentProcessId": "8148", "ParentImage": "C:\\Users\\lg\\Desktop\\ClearLogs.exe", "ParentCommandLine": "\"C:\\Users\\lg\\Desktop\\ClearLogs.exe\" "}
{"RuleName": "-", "UtcTime": "2023-12-09 16:36:46.367", "ProcessGuid": "{9613fa45-979e-6574-ad06-000000000100}", "ProcessId": "6996", "Image": "C:\\Windows\\System32\\conhost.exe", "FileVersion": "10.0.19041.1566 (WinBuild.160101.0800)", "Description": "Console Window Host", "Product": "Microsoft\u00ae Windows\u00ae Operating System", "Company": "Microsoft Corporation", "OriginalFileName": "CONHOST.EXE", "CommandLine": "\\??\\C:\\Windows\\system32\\conhost.exe 0xffffffff -ForceV1", "CurrentDirectory": "C:\\Windows", "User": "DAVE-PC-TOP-SEC\\lg", "LogonGuid": "{9613fa45-ef53-6500-99ba-010000000000}", "LogonId": "0x000000000001ba99", "TerminalSessionId": "1", "IntegrityLevel": "Medium", "Hashes": "SHA1=52A7274A0B4F9493632060FE25993A2EF24FE827", "ParentProcessGuid": "{9613fa45-979e-6574-ac06-000000000100}", "ParentProcessId": "2964", "ParentImage": "C:\\Windows\\SysWOW64\\wevtutil.exe", "ParentCommandLine": "\"wevtutil.exe\" cl Microsoft-Windows-Shell-Shwebsvc"}
{"RuleName": "-", "UtcTime": "2023-12-09 16:36:46.376", "ProcessGuid": "{9613fa45-979e-6574-ac06-000000000100}", "ProcessId": "2964", "Image": "C:\\Windows\\SysWOW64\\wevtutil.exe"}
{"RuleName": "-", "UtcTime": "2023-12-09 16:36:46.376", "ProcessGuid": "{9613fa45-979e-6574-ad06-000000000100}", "ProcessId": "6996", "Image": "C:\\Windows\\System32\\conhost.exe"}
{"RuleName": "-", "UtcTime": "2023-12-09 16:36:46.459", "ProcessGuid": "{9613fa45-979e-6574-ae06-000000000100}", "ProcessId": "6096", "Image": "C:\\Windows\\SysWOW64\\wevtutil.exe", "FileVersion": "10.0.19041.1202 (WinBuild.160101.0800)", "Description": "Eventing Command Line Utility", "Product": "Microsoft\u00ae Windows\u00ae Operating System", "Company": "Microsoft Corporation", "OriginalFileName": "wevtutil.exe", "CommandLine": "\"wevtutil.exe\" cl Microsoft-Windows-Shell-ZipFolder/Diagnostic", "CurrentDirectory": "C:\\Users\\lg\\Desktop\\", "User": "DAVE-PC-TOP-SEC\\lg", "LogonGuid": "{9613fa45-ef53-6500-99ba-010000000000}", "LogonId": "0x000000000001ba99", "TerminalSessionId": "1", "IntegrityLevel": "Medium", "Hashes": "SHA1=71F511BF104A6B088EAB0F3D3E1F90FA6911AA39", "ParentProcessGuid": "{9613fa45-9741-6574-bc00-000000000100}", "ParentProcessId": "8148", "ParentImage": "C:\\Users\\lg\\Desktop\\ClearLogs.exe", "ParentCommandLine": "\"C:\\Users\\lg\\Desktop\\ClearLogs.exe\" "}
{"RuleName": "-", "UtcTime": "2023-12-09 16:36:46.462", "ProcessGuid": "{9613fa45-979e-6574-af06-000000000100}", "ProcessId": "512", "Image": "C:\\Windows\\System32\\conhost.exe", "FileVersion": "10.0.19041.1566 (WinBuild.160101.0800)", "Description": "Console Window Host", "Product": "Microsoft\u00ae Windows\u00ae Operating System", "Company": "Microsoft Corporation", "OriginalFileName": "CONHOST.EXE", "CommandLine": "\\??\\C:\\Windows\\system32\\conhost.exe 0xffffffff -ForceV1", "CurrentDirectory": "C:\\Windows", "User": "DAVE-PC-TOP-SEC\\lg", "LogonGuid": "{9613fa45-ef53-6500-99ba-010000000000}", "LogonId": "0x000000000001ba99", "TerminalSessionId": "1", "IntegrityLevel": "Medium", "Hashes": "SHA1=52A7274A0B4F9493632060FE25993A2EF24FE827", "ParentProcessGuid": "{9613fa45-979e-6574-ae06-000000000100}", "ParentProcessId": "6096", "ParentImage": "C:\\Windows\\SysWOW64\\wevtutil.exe", "ParentCommandLine": "\"wevtutil.exe\" cl Microsoft-Windows-Shell-ZipFolder/Diagnostic"}
{"RuleName": "-", "UtcTime": "2023-12-09 16:36:46.470", "ProcessGuid": "{9613fa45-979e-6574-ae06-000000000100}", "ProcessId": "6096", "Image": "C:\\Windows\\SysWOW64\\wevtutil.exe"}
{"RuleName": "-", "UtcTime": "2023-12-09 16:36:46.470", "ProcessGuid": "{9613fa45-979e-6574-af06-000000000100}", "ProcessId": "512", "Image": "C:\\Windows\\System32\\conhost.exe"}
{"RuleName": "-", "UtcTime": "2023-12-09 16:36:46.552", "ProcessGuid": "{9613fa45-979e-6574-b006-000000000100}", "ProcessId": "3424", "Image": "C:\\Windows\\SysWOW64\\wevtutil.exe", "FileVersion": "10.0.19041.1202 (WinBuild.160101.0800)", "Description": "Eventing Command Line Utility", "Product": "Microsoft\u00ae Windows\u00ae Operating System", "Company": "Microsoft Corporation", "OriginalFileName": "wevtutil.exe", "CommandLine": "\"wevtutil.exe\" cl Microsoft-Windows-ShellCommon-StartLayoutPopulation/Diagnostic", "CurrentDirectory": "C:\\Users\\lg\\Desktop\\", "User": "DAVE-PC-TOP-SEC\\lg", "LogonGuid": "{9613fa45-ef53-6500-99ba-010000000000}", "LogonId": "0x000000000001ba99", "TerminalSessionId": "1", "IntegrityLevel": "Medium", "Hashes": "SHA1=71F511BF104A6B088EAB0F3D3E1F90FA6911AA39", "ParentProcessGuid": "{9613fa45-9741-6574-bc00-000000000100}", "ParentProcessId": "8148", "ParentImage": "C:\\Users\\lg\\Desktop\\ClearLogs.exe", "ParentCommandLine": "\"C:\\Users\\lg\\Desktop\\ClearLogs.exe\" "}
{"RuleName": "-", "UtcTime": "2023-12-09 16:36:46.555", "ProcessGuid": "{9613fa45-979e-6574-b106-000000000100}", "ProcessId": "2108", "Image": "C:\\Windows\\System32\\conhost.exe", "FileVersion": "10.0.19041.1566 (WinBuild.160101.0800)", "Description": "Console Window Host", "Product": "Microsoft\u00ae Windows\u00ae Operating System", "Company": "Microsoft Corporation", "OriginalFileName": "CONHOST.EXE", "CommandLine": "\\??\\C:\\Windows\\system32\\conhost.exe 0xffffffff -ForceV1", "CurrentDirectory": "C:\\Windows", "User": "DAVE-PC-TOP-SEC\\lg", "LogonGuid": "{9613fa45-ef53-6500-99ba-010000000000}", "LogonId": "0x000000000001ba99", "TerminalSessionId": "1", "IntegrityLevel": "Medium", "Hashes": "SHA1=52A7274A0B4F9493632060FE25993A2EF24FE827", "ParentProcessGuid": "{9613fa45-979e-6574-b006-000000000100}", "ParentProcessId": "3424", "ParentImage": "C:\\Windows\\SysWOW64\\wevtutil.exe", "ParentCommandLine": "\"wevtutil.exe\" cl Microsoft-Windows-ShellCommon-StartLayoutPopulation/Diagnostic"}
{"RuleName": "-", "UtcTime": "2023-12-09 16:36:46.564", "ProcessGuid": "{9613fa45-979e-6574-b006-000000000100}", "ProcessId": "3424", "Image": "C:\\Windows\\SysWOW64\\wevtutil.exe"}
{"RuleName": "-", "UtcTime": "2023-12-09 16:36:46.564", "ProcessGuid": "{9613fa45-979e-6574-b106-000000000100}", "ProcessId": "2108", "Image": "C:\\Windows\\System32\\conhost.exe"}
{"RuleName": "-", "UtcTime": "2023-12-09 16:36:46.630", "ProcessGuid": "{9613fa45-979e-6574-b206-000000000100}", "ProcessId": "5800", "Image": "C:\\Windows\\SysWOW64\\wevtutil.exe", "FileVersion": "10.0.19041.1202 (WinBuild.160101.0800)", "Description": "Eventing Command Line Utility", "Product": "Microsoft\u00ae Windows\u00ae Operating System", "Company": "Microsoft Corporation", "OriginalFileName": "wevtutil.exe", "CommandLine": "\"wevtutil.exe\" cl Microsoft-Windows-ShellCommon-StartLayoutPopulation/Operational", "CurrentDirectory": "C:\\Users\\lg\\Desktop\\", "User": "DAVE-PC-TOP-SEC\\lg", "LogonGuid": "{9613fa45-ef53-6500-99ba-010000000000}", "LogonId": "0x000000000001ba99", "TerminalSessionId": "1", "IntegrityLevel": "Medium", "Hashes": "SHA1=71F511BF104A6B088EAB0F3D3E1F90FA6911AA39", "ParentProcessGuid": "{9613fa45-9741-6574-bc00-000000000100}", "ParentProcessId": "8148", "ParentImage": "C:\\Users\\lg\\Desktop\\ClearLogs.exe", "ParentCommandLine": "\"C:\\Users\\lg\\Desktop\\ClearLogs.exe\" "}
{"RuleName": "-", "UtcTime": "2023-12-09 16:36:46.633", "ProcessGuid": "{9613fa45-979e-6574-b306-000000000100}", "ProcessId": "7916", "Image": "C:\\Windows\\System32\\conhost.exe", "FileVersion": "10.0.19041.1566 (WinBuild.160101.0800)", "Description": "Console Window Host", "Product": "Microsoft\u00ae Windows\u00ae Operating System", "Company": "Microsoft Corporation", "OriginalFileName": "CONHOST.EXE", "CommandLine": "\\??\\C:\\Windows\\system32\\conhost.exe 0xffffffff -ForceV1", "CurrentDirectory": "C:\\Windows", "User": "DAVE-PC-TOP-SEC\\lg", "LogonGuid": "{9613fa45-ef53-6500-99ba-010000000000}", "LogonId": "0x000000000001ba99", "TerminalSessionId": "1", "IntegrityLevel": "Medium", "Hashes": "SHA1=52A7274A0B4F9493632060FE25993A2EF24FE827", "ParentProcessGuid": "{9613fa45-979e-6574-b206-000000000100}", "ParentProcessId": "5800", "ParentImage": "C:\\Windows\\SysWOW64\\wevtutil.exe", "ParentCommandLine": "\"wevtutil.exe\" cl Microsoft-Windows-ShellCommon-StartLayoutPopulation/Operational"}
{"RuleName": "-", "UtcTime": "2023-12-09 16:36:46.642", "ProcessGuid": "{9613fa45-979e-6574-b206-000000000100}", "ProcessId": "5800", "Image": "C:\\Windows\\SysWOW64\\wevtutil.exe"}
{"RuleName": "-", "UtcTime": "2023-12-09 16:36:46.642", "ProcessGuid": "{9613fa45-979e-6574-b306-000000000100}", "ProcessId": "7916", "Image": "C:\\Windows\\System32\\conhost.exe"}
{"RuleName": "-", "UtcTime": "2023-12-09 16:36:46.724", "ProcessGuid": "{9613fa45-979e-6574-b406-000000000100}", "ProcessId": "5252", "Image": "C:\\Windows\\SysWOW64\\wevtutil.exe", "FileVersion": "10.0.19041.1202 (WinBuild.160101.0800)", "Description": "Eventing Command Line Utility", "Product": "Microsoft\u00ae Windows\u00ae Operating System", "Company": "Microsoft Corporation", "OriginalFileName": "wevtutil.exe", "CommandLine": "\"wevtutil.exe\" cl Microsoft-Windows-Shsvcs/Diagnostic", "CurrentDirectory": "C:\\Users\\lg\\Desktop\\", "User": "DAVE-PC-TOP-SEC\\lg", "LogonGuid": "{9613fa45-ef53-6500-99ba-010000000000}", "LogonId": "0x000000000001ba99", "TerminalSessionId": "1", "IntegrityLevel": "Medium", "Hashes": "SHA1=71F511BF104A6B088EAB0F3D3E1F90FA6911AA39", "ParentProcessGuid": "{9613fa45-9741-6574-bc00-000000000100}", "ParentProcessId": "8148", "ParentImage": "C:\\Users\\lg\\Desktop\\ClearLogs.exe", "ParentCommandLine": "\"C:\\Users\\lg\\Desktop\\ClearLogs.exe\" "}
{"RuleName": "-", "UtcTime": "2023-12-09 16:36:46.726", "ProcessGuid": "{9613fa45-979e-6574-b506-000000000100}", "ProcessId": "4628", "Image": "C:\\Windows\\System32\\conhost.exe", "FileVersion": "10.0.19041.1566 (WinBuild.160101.0800)", "Description": "Console Window Host", "Product": "Microsoft\u00ae Windows\u00ae Operating System", "Company": "Microsoft Corporation", "OriginalFileName": "CONHOST.EXE", "CommandLine": "\\??\\C:\\Windows\\system32\\conhost.exe 0xffffffff -ForceV1", "CurrentDirectory": "C:\\Windows", "User": "DAVE-PC-TOP-SEC\\lg", "LogonGuid": "{9613fa45-ef53-6500-99ba-010000000000}", "LogonId": "0x000000000001ba99", "TerminalSessionId": "1", "IntegrityLevel": "Medium", "Hashes": "SHA1=52A7274A0B4F9493632060FE25993A2EF24FE827", "ParentProcessGuid": "{9613fa45-979e-6574-b406-000000000100}", "ParentProcessId": "5252", "ParentImage": "C:\\Windows\\SysWOW64\\wevtutil.exe", "ParentCommandLine": "\"wevtutil.exe\" cl Microsoft-Windows-Shsvcs/Diagnostic"}
{"RuleName": "-", "UtcTime": "2023-12-09 16:36:46.736", "ProcessGuid": "{9613fa45-979e-6574-b406-000000000100}", "ProcessId": "5252", "Image": "C:\\Windows\\SysWOW64\\wevtutil.exe"}
{"RuleName": "-", "UtcTime": "2023-12-09 16:36:46.736", "ProcessGuid": "{9613fa45-979e-6574-b506-000000000100}", "ProcessId": "4628", "Image": "C:\\Windows\\System32\\conhost.exe"}
{"RuleName": "-", "UtcTime": "2023-12-09 16:36:46.818", "ProcessGuid": "{9613fa45-979e-6574-b606-000000000100}", "ProcessId": "2784", "Image": "C:\\Windows\\SysWOW64\\wevtutil.exe", "FileVersion": "10.0.19041.1202 (WinBuild.160101.0800)", "Description": "Eventing Command Line Utility", "Product": "Microsoft\u00ae Windows\u00ae Operating System", "Company": "Microsoft Corporation", "OriginalFileName": "wevtutil.exe", "CommandLine": "\"wevtutil.exe\" cl Microsoft-Windows-SleepStudy/Diagnostic", "CurrentDirectory": "C:\\Users\\lg\\Desktop\\", "User": "DAVE-PC-TOP-SEC\\lg", "LogonGuid": "{9613fa45-ef53-6500-99ba-010000000000}", "LogonId": "0x000000000001ba99", "TerminalSessionId": "1", "IntegrityLevel": "Medium", "Hashes": "SHA1=71F511BF104A6B088EAB0F3D3E1F90FA6911AA39", "ParentProcessGuid": "{9613fa45-9741-6574-bc00-000000000100}", "ParentProcessId": "8148", "ParentImage": "C:\\Users\\lg\\Desktop\\ClearLogs.exe", "ParentCommandLine": "\"C:\\Users\\lg\\Desktop\\ClearLogs.exe\" "}
{"RuleName": "-", "UtcTime": "2023-12-09 16:36:46.820", "ProcessGuid": "{9613fa45-979e-6574-b706-000000000100}", "ProcessId": "7444", "Image": "C:\\Windows\\System32\\conhost.exe", "FileVersion": "10.0.19041.1566 (WinBuild.160101.0800)", "Description": "Console Window Host", "Product": "Microsoft\u00ae Windows\u00ae Operating System", "Company": "Microsoft Corporation", "OriginalFileName": "CONHOST.EXE", "CommandLine": "\\??\\C:\\Windows\\system32\\conhost.exe 0xffffffff -ForceV1", "CurrentDirectory": "C:\\Windows", "User": "DAVE-PC-TOP-SEC\\lg", "LogonGuid": "{9613fa45-ef53-6500-99ba-010000000000}", "LogonId": "0x000000000001ba99", "TerminalSessionId": "1", "IntegrityLevel": "Medium", "Hashes": "SHA1=52A7274A0B4F9493632060FE25993A2EF24FE827", "ParentProcessGuid": "{9613fa45-979e-6574-b606-000000000100}", "ParentProcessId": "2784", "ParentImage": "C:\\Windows\\SysWOW64\\wevtutil.exe", "ParentCommandLine": "\"wevtutil.exe\" cl Microsoft-Windows-SleepStudy/Diagnostic"}
{"RuleName": "-", "UtcTime": "2023-12-09 16:36:46.830", "ProcessGuid": "{9613fa45-979e-6574-b606-000000000100}", "ProcessId": "2784", "Image": "C:\\Windows\\SysWOW64\\wevtutil.exe"}
{"RuleName": "-", "UtcTime": "2023-12-09 16:36:46.830", "ProcessGuid": "{9613fa45-979e-6574-b706-000000000100}", "ProcessId": "7444", "Image": "C:\\Windows\\System32\\conhost.exe"}
{"RuleName": "-", "UtcTime": "2023-12-09 16:36:46.912", "ProcessGuid": "{9613fa45-979e-6574-b806-000000000100}", "ProcessId": "3412", "Image": "C:\\Windows\\SysWOW64\\wevtutil.exe", "FileVersion": "10.0.19041.1202 (WinBuild.160101.0800)", "Description": "Eventing Command Line Utility", "Product": "Microsoft\u00ae Windows\u00ae Operating System", "Company": "Microsoft Corporation", "OriginalFileName": "wevtutil.exe", "CommandLine": "\"wevtutil.exe\" cl Microsoft-Windows-SmartCard-Audit/Authentication", "CurrentDirectory": "C:\\Users\\lg\\Desktop\\", "User": "DAVE-PC-TOP-SEC\\lg", "LogonGuid": "{9613fa45-ef53-6500-99ba-010000000000}", "LogonId": "0x000000000001ba99", "TerminalSessionId": "1", "IntegrityLevel": "Medium", "Hashes": "SHA1=71F511BF104A6B088EAB0F3D3E1F90FA6911AA39", "ParentProcessGuid": "{9613fa45-9741-6574-bc00-000000000100}", "ParentProcessId": "8148", "ParentImage": "C:\\Users\\lg\\Desktop\\ClearLogs.exe", "ParentCommandLine": "\"C:\\Users\\lg\\Desktop\\ClearLogs.exe\" "}
{"RuleName": "-", "UtcTime": "2023-12-09 16:36:46.914", "ProcessGuid": "{9613fa45-979e-6574-b906-000000000100}", "ProcessId": "4260", "Image": "C:\\Windows\\System32\\conhost.exe", "FileVersion": "10.0.19041.1566 (WinBuild.160101.0800)", "Description": "Console Window Host", "Product": "Microsoft\u00ae Windows\u00ae Operating System", "Company": "Microsoft Corporation", "OriginalFileName": "CONHOST.EXE", "CommandLine": "\\??\\C:\\Windows\\system32\\conhost.exe 0xffffffff -ForceV1", "CurrentDirectory": "C:\\Windows", "User": "DAVE-PC-TOP-SEC\\lg", "LogonGuid": "{9613fa45-ef53-6500-99ba-010000000000}", "LogonId": "0x000000000001ba99", "TerminalSessionId": "1", "IntegrityLevel": "Medium", "Hashes": "SHA1=52A7274A0B4F9493632060FE25993A2EF24FE827", "ParentProcessGuid": "{9613fa45-979e-6574-b806-000000000100}", "ParentProcessId": "3412", "ParentImage": "C:\\Windows\\SysWOW64\\wevtutil.exe", "ParentCommandLine": "\"wevtutil.exe\" cl Microsoft-Windows-SmartCard-Audit/Authentication"}
{"RuleName": "-", "UtcTime": "2023-12-09 16:36:46.923", "ProcessGuid": "{9613fa45-979e-6574-b806-000000000100}", "ProcessId": "3412", "Image": "C:\\Windows\\SysWOW64\\wevtutil.exe"}
{"RuleName": "-", "UtcTime": "2023-12-09 16:36:46.923", "ProcessGuid": "{9613fa45-979e-6574-b906-000000000100}", "ProcessId": "4260", "Image": "C:\\Windows\\System32\\conhost.exe"}
{"RuleName": "-", "UtcTime": "2023-12-09 16:36:47.006", "ProcessGuid": "{9613fa45-979f-6574-ba06-000000000100}", "ProcessId": "7028", "Image": "C:\\Windows\\SysWOW64\\wevtutil.exe", "FileVersion": "10.0.19041.1202 (WinBuild.160101.0800)", "Description": "Eventing Command Line Utility", "Product": "Microsoft\u00ae Windows\u00ae Operating System", "Company": "Microsoft Corporation", "OriginalFileName": "wevtutil.exe", "CommandLine": "\"wevtutil.exe\" cl Microsoft-Windows-SmartCard-DeviceEnum/Operational", "CurrentDirectory": "C:\\Users\\lg\\Desktop\\", "User": "DAVE-PC-TOP-SEC\\lg", "LogonGuid": "{9613fa45-ef53-6500-99ba-010000000000}", "LogonId": "0x000000000001ba99", "TerminalSessionId": "1", "IntegrityLevel": "Medium", "Hashes": "SHA1=71F511BF104A6B088EAB0F3D3E1F90FA6911AA39", "ParentProcessGuid": "{9613fa45-9741-6574-bc00-000000000100}", "ParentProcessId": "8148", "ParentImage": "C:\\Users\\lg\\Desktop\\ClearLogs.exe", "ParentCommandLine": "\"C:\\Users\\lg\\Desktop\\ClearLogs.exe\" "}
{"RuleName": "-", "UtcTime": "2023-12-09 16:36:47.008", "ProcessGuid": "{9613fa45-979f-6574-bb06-000000000100}", "ProcessId": "3080", "Image": "C:\\Windows\\System32\\conhost.exe", "FileVersion": "10.0.19041.1566 (WinBuild.160101.0800)", "Description": "Console Window Host", "Product": "Microsoft\u00ae Windows\u00ae Operating System", "Company": "Microsoft Corporation", "OriginalFileName": "CONHOST.EXE", "CommandLine": "\\??\\C:\\Windows\\system32\\conhost.exe 0xffffffff -ForceV1", "CurrentDirectory": "C:\\Windows", "User": "DAVE-PC-TOP-SEC\\lg", "LogonGuid": "{9613fa45-ef53-6500-99ba-010000000000}", "LogonId": "0x000000000001ba99", "TerminalSessionId": "1", "IntegrityLevel": "Medium", "Hashes": "SHA1=52A7274A0B4F9493632060FE25993A2EF24FE827", "ParentProcessGuid": "{9613fa45-979f-6574-ba06-000000000100}", "ParentProcessId": "7028", "ParentImage": "C:\\Windows\\SysWOW64\\wevtutil.exe", "ParentCommandLine": "\"wevtutil.exe\" cl Microsoft-Windows-SmartCard-DeviceEnum/Operational"}
{"RuleName": "-", "UtcTime": "2023-12-09 16:36:47.017", "ProcessGuid": "{9613fa45-979f-6574-ba06-000000000100}", "ProcessId": "7028", "Image": "C:\\Windows\\SysWOW64\\wevtutil.exe"}
{"RuleName": "-", "UtcTime": "2023-12-09 16:36:47.017", "ProcessGuid": "{9613fa45-979f-6574-bb06-000000000100}", "ProcessId": "3080", "Image": "C:\\Windows\\System32\\conhost.exe"}
{"RuleName": "-", "UtcTime": "2023-12-09 16:36:47.099", "ProcessGuid": "{9613fa45-979f-6574-bc06-000000000100}", "ProcessId": "2300", "Image": "C:\\Windows\\SysWOW64\\wevtutil.exe", "FileVersion": "10.0.19041.1202 (WinBuild.160101.0800)", "Description": "Eventing Command Line Utility", "Product": "Microsoft\u00ae Windows\u00ae Operating System", "Company": "Microsoft Corporation", "OriginalFileName": "wevtutil.exe", "CommandLine": "\"wevtutil.exe\" cl Microsoft-Windows-SmartCard-TPM-VCard-Module/Admin", "CurrentDirectory": "C:\\Users\\lg\\Desktop\\", "User": "DAVE-PC-TOP-SEC\\lg", "LogonGuid": "{9613fa45-ef53-6500-99ba-010000000000}", "LogonId": "0x000000000001ba99", "TerminalSessionId": "1", "IntegrityLevel": "Medium", "Hashes": "SHA1=71F511BF104A6B088EAB0F3D3E1F90FA6911AA39", "ParentProcessGuid": "{9613fa45-9741-6574-bc00-000000000100}", "ParentProcessId": "8148", "ParentImage": "C:\\Users\\lg\\Desktop\\ClearLogs.exe", "ParentCommandLine": "\"C:\\Users\\lg\\Desktop\\ClearLogs.exe\" "}
{"RuleName": "-", "UtcTime": "2023-12-09 16:36:47.102", "ProcessGuid": "{9613fa45-979f-6574-bd06-000000000100}", "ProcessId": "5344", "Image": "C:\\Windows\\System32\\conhost.exe", "FileVersion": "10.0.19041.1566 (WinBuild.160101.0800)", "Description": "Console Window Host", "Product": "Microsoft\u00ae Windows\u00ae Operating System", "Company": "Microsoft Corporation", "OriginalFileName": "CONHOST.EXE", "CommandLine": "\\??\\C:\\Windows\\system32\\conhost.exe 0xffffffff -ForceV1", "CurrentDirectory": "C:\\Windows", "User": "DAVE-PC-TOP-SEC\\lg", "LogonGuid": "{9613fa45-ef53-6500-99ba-010000000000}", "LogonId": "0x000000000001ba99", "TerminalSessionId": "1", "IntegrityLevel": "Medium", "Hashes": "SHA1=52A7274A0B4F9493632060FE25993A2EF24FE827", "ParentProcessGuid": "{9613fa45-979f-6574-bc06-000000000100}", "ParentProcessId": "2300", "ParentImage": "C:\\Windows\\SysWOW64\\wevtutil.exe", "ParentCommandLine": "\"wevtutil.exe\" cl Microsoft-Windows-SmartCard-TPM-VCard-Module/Admin"}
{"RuleName": "-", "UtcTime": "2023-12-09 16:36:47.111", "ProcessGuid": "{9613fa45-979f-6574-bc06-000000000100}", "ProcessId": "2300", "Image": "C:\\Windows\\SysWOW64\\wevtutil.exe"}
{"RuleName": "-", "UtcTime": "2023-12-09 16:36:47.111", "ProcessGuid": "{9613fa45-979f-6574-bd06-000000000100}", "ProcessId": "5344", "Image": "C:\\Windows\\System32\\conhost.exe"}
{"RuleName": "-", "UtcTime": "2023-12-09 16:36:47.177", "ProcessGuid": "{9613fa45-979f-6574-be06-000000000100}", "ProcessId": "2348", "Image": "C:\\Windows\\SysWOW64\\wevtutil.exe", "FileVersion": "10.0.19041.1202 (WinBuild.160101.0800)", "Description": "Eventing Command Line Utility", "Product": "Microsoft\u00ae Windows\u00ae Operating System", "Company": "Microsoft Corporation", "OriginalFileName": "wevtutil.exe", "CommandLine": "\"wevtutil.exe\" cl Microsoft-Windows-SmartCard-TPM-VCard-Module/Operational", "CurrentDirectory": "C:\\Users\\lg\\Desktop\\", "User": "DAVE-PC-TOP-SEC\\lg", "LogonGuid": "{9613fa45-ef53-6500-99ba-010000000000}", "LogonId": "0x000000000001ba99", "TerminalSessionId": "1", "IntegrityLevel": "Medium", "Hashes": "SHA1=71F511BF104A6B088EAB0F3D3E1F90FA6911AA39", "ParentProcessGuid": "{9613fa45-9741-6574-bc00-000000000100}", "ParentProcessId": "8148", "ParentImage": "C:\\Users\\lg\\Desktop\\ClearLogs.exe", "ParentCommandLine": "\"C:\\Users\\lg\\Desktop\\ClearLogs.exe\" "}
{"RuleName": "-", "UtcTime": "2023-12-09 16:36:47.180", "ProcessGuid": "{9613fa45-979f-6574-bf06-000000000100}", "ProcessId": "4200", "Image": "C:\\Windows\\System32\\conhost.exe", "FileVersion": "10.0.19041.1566 (WinBuild.160101.0800)", "Description": "Console Window Host", "Product": "Microsoft\u00ae Windows\u00ae Operating System", "Company": "Microsoft Corporation", "OriginalFileName": "CONHOST.EXE", "CommandLine": "\\??\\C:\\Windows\\system32\\conhost.exe 0xffffffff -ForceV1", "CurrentDirectory": "C:\\Windows", "User": "DAVE-PC-TOP-SEC\\lg", "LogonGuid": "{9613fa45-ef53-6500-99ba-010000000000}", "LogonId": "0x000000000001ba99", "TerminalSessionId": "1", "IntegrityLevel": "Medium", "Hashes": "SHA1=52A7274A0B4F9493632060FE25993A2EF24FE827", "ParentProcessGuid": "{9613fa45-979f-6574-be06-000000000100}", "ParentProcessId": "2348", "ParentImage": "C:\\Windows\\SysWOW64\\wevtutil.exe", "ParentCommandLine": "\"wevtutil.exe\" cl Microsoft-Windows-SmartCard-TPM-VCard-Module/Operational"}
{"RuleName": "-", "UtcTime": "2023-12-09 16:36:47.189", "ProcessGuid": "{9613fa45-979f-6574-be06-000000000100}", "ProcessId": "2348", "Image": "C:\\Windows\\SysWOW64\\wevtutil.exe"}
{"RuleName": "-", "UtcTime": "2023-12-09 16:36:47.189", "ProcessGuid": "{9613fa45-979f-6574-bf06-000000000100}", "ProcessId": "4200", "Image": "C:\\Windows\\System32\\conhost.exe"}
{"RuleName": "-", "UtcTime": "2023-12-09 16:36:47.304", "ProcessGuid": "{9613fa45-979f-6574-c006-000000000100}", "ProcessId": "428", "Image": "C:\\Windows\\SysWOW64\\wevtutil.exe", "FileVersion": "10.0.19041.1202 (WinBuild.160101.0800)", "Description": "Eventing Command Line Utility", "Product": "Microsoft\u00ae Windows\u00ae Operating System", "Company": "Microsoft Corporation", "OriginalFileName": "wevtutil.exe", "CommandLine": "\"wevtutil.exe\" cl Microsoft-Windows-SmbClient/Audit", "CurrentDirectory": "C:\\Users\\lg\\Desktop\\", "User": "DAVE-PC-TOP-SEC\\lg", "LogonGuid": "{9613fa45-ef53-6500-99ba-010000000000}", "LogonId": "0x000000000001ba99", "TerminalSessionId": "1", "IntegrityLevel": "Medium", "Hashes": "SHA1=71F511BF104A6B088EAB0F3D3E1F90FA6911AA39", "ParentProcessGuid": "{9613fa45-9741-6574-bc00-000000000100}", "ParentProcessId": "8148", "ParentImage": "C:\\Users\\lg\\Desktop\\ClearLogs.exe", "ParentCommandLine": "\"C:\\Users\\lg\\Desktop\\ClearLogs.exe\" "}
{"RuleName": "-", "UtcTime": "2023-12-09 16:36:47.306", "ProcessGuid": "{9613fa45-979f-6574-c106-000000000100}", "ProcessId": "4460", "Image": "C:\\Windows\\System32\\conhost.exe", "FileVersion": "10.0.19041.1566 (WinBuild.160101.0800)", "Description": "Console Window Host", "Product": "Microsoft\u00ae Windows\u00ae Operating System", "Company": "Microsoft Corporation", "OriginalFileName": "CONHOST.EXE", "CommandLine": "\\??\\C:\\Windows\\system32\\conhost.exe 0xffffffff -ForceV1", "CurrentDirectory": "C:\\Windows", "User": "DAVE-PC-TOP-SEC\\lg", "LogonGuid": "{9613fa45-ef53-6500-99ba-010000000000}", "LogonId": "0x000000000001ba99", "TerminalSessionId": "1", "IntegrityLevel": "Medium", "Hashes": "SHA1=52A7274A0B4F9493632060FE25993A2EF24FE827", "ParentProcessGuid": "{9613fa45-979f-6574-c006-000000000100}", "ParentProcessId": "428", "ParentImage": "C:\\Windows\\SysWOW64\\wevtutil.exe", "ParentCommandLine": "\"wevtutil.exe\" cl Microsoft-Windows-SmbClient/Audit"}
{"RuleName": "-", "UtcTime": "2023-12-09 16:36:47.314", "ProcessGuid": "{9613fa45-979f-6574-c006-000000000100}", "ProcessId": "428", "Image": "C:\\Windows\\SysWOW64\\wevtutil.exe"}
{"RuleName": "-", "UtcTime": "2023-12-09 16:36:47.314", "ProcessGuid": "{9613fa45-979f-6574-c106-000000000100}", "ProcessId": "4460", "Image": "C:\\Windows\\System32\\conhost.exe"}
{"RuleName": "-", "UtcTime": "2023-12-09 16:36:47.411", "ProcessGuid": "{9613fa45-979f-6574-c206-000000000100}", "ProcessId": "4908", "Image": "C:\\Windows\\SysWOW64\\wevtutil.exe", "FileVersion": "10.0.19041.1202 (WinBuild.160101.0800)", "Description": "Eventing Command Line Utility", "Product": "Microsoft\u00ae Windows\u00ae Operating System", "Company": "Microsoft Corporation", "OriginalFileName": "wevtutil.exe", "CommandLine": "\"wevtutil.exe\" cl Microsoft-Windows-SmbClient/Connectivity", "CurrentDirectory": "C:\\Users\\lg\\Desktop\\", "User": "DAVE-PC-TOP-SEC\\lg", "LogonGuid": "{9613fa45-ef53-6500-99ba-010000000000}", "LogonId": "0x000000000001ba99", "TerminalSessionId": "1", "IntegrityLevel": "Medium", "Hashes": "SHA1=71F511BF104A6B088EAB0F3D3E1F90FA6911AA39", "ParentProcessGuid": "{9613fa45-9741-6574-bc00-000000000100}", "ParentProcessId": "8148", "ParentImage": "C:\\Users\\lg\\Desktop\\ClearLogs.exe", "ParentCommandLine": "\"C:\\Users\\lg\\Desktop\\ClearLogs.exe\" "}
{"RuleName": "-", "UtcTime": "2023-12-09 16:36:47.414", "ProcessGuid": "{9613fa45-979f-6574-c306-000000000100}", "ProcessId": "6076", "Image": "C:\\Windows\\System32\\conhost.exe", "FileVersion": "10.0.19041.1566 (WinBuild.160101.0800)", "Description": "Console Window Host", "Product": "Microsoft\u00ae Windows\u00ae Operating System", "Company": "Microsoft Corporation", "OriginalFileName": "CONHOST.EXE", "CommandLine": "\\??\\C:\\Windows\\system32\\conhost.exe 0xffffffff -ForceV1", "CurrentDirectory": "C:\\Windows", "User": "DAVE-PC-TOP-SEC\\lg", "LogonGuid": "{9613fa45-ef53-6500-99ba-010000000000}", "LogonId": "0x000000000001ba99", "TerminalSessionId": "1", "IntegrityLevel": "Medium", "Hashes": "SHA1=52A7274A0B4F9493632060FE25993A2EF24FE827", "ParentProcessGuid": "{9613fa45-979f-6574-c206-000000000100}", "ParentProcessId": "4908", "ParentImage": "C:\\Windows\\SysWOW64\\wevtutil.exe", "ParentCommandLine": "\"wevtutil.exe\" cl Microsoft-Windows-SmbClient/Connectivity"}
{"RuleName": "-", "UtcTime": "2023-12-09 16:36:47.423", "ProcessGuid": "{9613fa45-979f-6574-c206-000000000100}", "ProcessId": "4908", "Image": "C:\\Windows\\SysWOW64\\wevtutil.exe"}
{"RuleName": "-", "UtcTime": "2023-12-09 16:36:47.423", "ProcessGuid": "{9613fa45-979f-6574-c306-000000000100}", "ProcessId": "6076", "Image": "C:\\Windows\\System32\\conhost.exe"}
{"RuleName": "-", "UtcTime": "2023-12-09 16:36:47.493", "ProcessGuid": "{9613fa45-979f-6574-c406-000000000100}", "ProcessId": "1332", "Image": "C:\\Windows\\SysWOW64\\wevtutil.exe", "FileVersion": "10.0.19041.1202 (WinBuild.160101.0800)", "Description": "Eventing Command Line Utility", "Product": "Microsoft\u00ae Windows\u00ae Operating System", "Company": "Microsoft Corporation", "OriginalFileName": "wevtutil.exe", "CommandLine": "\"wevtutil.exe\" cl Microsoft-Windows-SmbClient/Diagnostic", "CurrentDirectory": "C:\\Users\\lg\\Desktop\\", "User": "DAVE-PC-TOP-SEC\\lg", "LogonGuid": "{9613fa45-ef53-6500-99ba-010000000000}", "LogonId": "0x000000000001ba99", "TerminalSessionId": "1", "IntegrityLevel": "Medium", "Hashes": "SHA1=71F511BF104A6B088EAB0F3D3E1F90FA6911AA39", "ParentProcessGuid": "{9613fa45-9741-6574-bc00-000000000100}", "ParentProcessId": "8148", "ParentImage": "C:\\Users\\lg\\Desktop\\ClearLogs.exe", "ParentCommandLine": "\"C:\\Users\\lg\\Desktop\\ClearLogs.exe\" "}
{"RuleName": "-", "UtcTime": "2023-12-09 16:36:47.495", "ProcessGuid": "{9613fa45-979f-6574-c506-000000000100}", "ProcessId": "2168", "Image": "C:\\Windows\\System32\\conhost.exe", "FileVersion": "10.0.19041.1566 (WinBuild.160101.0800)", "Description": "Console Window Host", "Product": "Microsoft\u00ae Windows\u00ae Operating System", "Company": "Microsoft Corporation", "OriginalFileName": "CONHOST.EXE", "CommandLine": "\\??\\C:\\Windows\\system32\\conhost.exe 0xffffffff -ForceV1", "CurrentDirectory": "C:\\Windows", "User": "DAVE-PC-TOP-SEC\\lg", "LogonGuid": "{9613fa45-ef53-6500-99ba-010000000000}", "LogonId": "0x000000000001ba99", "TerminalSessionId": "1", "IntegrityLevel": "Medium", "Hashes": "SHA1=52A7274A0B4F9493632060FE25993A2EF24FE827", "ParentProcessGuid": "{9613fa45-979f-6574-c406-000000000100}", "ParentProcessId": "1332", "ParentImage": "C:\\Windows\\SysWOW64\\wevtutil.exe", "ParentCommandLine": "\"wevtutil.exe\" cl Microsoft-Windows-SmbClient/Diagnostic"}
{"RuleName": "-", "UtcTime": "2023-12-09 16:36:47.502", "ProcessGuid": "{9613fa45-979f-6574-c406-000000000100}", "ProcessId": "1332", "Image": "C:\\Windows\\SysWOW64\\wevtutil.exe"}
{"RuleName": "-", "UtcTime": "2023-12-09 16:36:47.502", "ProcessGuid": "{9613fa45-979f-6574-c506-000000000100}", "ProcessId": "2168", "Image": "C:\\Windows\\System32\\conhost.exe"}
{"RuleName": "-", "UtcTime": "2023-12-09 16:36:47.583", "ProcessGuid": "{9613fa45-979f-6574-c606-000000000100}", "ProcessId": "6084", "Image": "C:\\Windows\\SysWOW64\\wevtutil.exe", "FileVersion": "10.0.19041.1202 (WinBuild.160101.0800)", "Description": "Eventing Command Line Utility", "Product": "Microsoft\u00ae Windows\u00ae Operating System", "Company": "Microsoft Corporation", "OriginalFileName": "wevtutil.exe", "CommandLine": "\"wevtutil.exe\" cl Microsoft-Windows-SmbClient/Security", "CurrentDirectory": "C:\\Users\\lg\\Desktop\\", "User": "DAVE-PC-TOP-SEC\\lg", "LogonGuid": "{9613fa45-ef53-6500-99ba-010000000000}", "LogonId": "0x000000000001ba99", "TerminalSessionId": "1", "IntegrityLevel": "Medium", "Hashes": "SHA1=71F511BF104A6B088EAB0F3D3E1F90FA6911AA39", "ParentProcessGuid": "{9613fa45-9741-6574-bc00-000000000100}", "ParentProcessId": "8148", "ParentImage": "C:\\Users\\lg\\Desktop\\ClearLogs.exe", "ParentCommandLine": "\"C:\\Users\\lg\\Desktop\\ClearLogs.exe\" "}
{"RuleName": "-", "UtcTime": "2023-12-09 16:36:47.585", "ProcessGuid": "{9613fa45-979f-6574-c706-000000000100}", "ProcessId": "8036", "Image": "C:\\Windows\\System32\\conhost.exe", "FileVersion": "10.0.19041.1566 (WinBuild.160101.0800)", "Description": "Console Window Host", "Product": "Microsoft\u00ae Windows\u00ae Operating System", "Company": "Microsoft Corporation", "OriginalFileName": "CONHOST.EXE", "CommandLine": "\\??\\C:\\Windows\\system32\\conhost.exe 0xffffffff -ForceV1", "CurrentDirectory": "C:\\Windows", "User": "DAVE-PC-TOP-SEC\\lg", "LogonGuid": "{9613fa45-ef53-6500-99ba-010000000000}", "LogonId": "0x000000000001ba99", "TerminalSessionId": "1", "IntegrityLevel": "Medium", "Hashes": "SHA1=52A7274A0B4F9493632060FE25993A2EF24FE827", "ParentProcessGuid": "{9613fa45-979f-6574-c606-000000000100}", "ParentProcessId": "6084", "ParentImage": "C:\\Windows\\SysWOW64\\wevtutil.exe", "ParentCommandLine": "\"wevtutil.exe\" cl Microsoft-Windows-SmbClient/Security"}
{"RuleName": "-", "UtcTime": "2023-12-09 16:36:47.595", "ProcessGuid": "{9613fa45-979f-6574-c606-000000000100}", "ProcessId": "6084", "Image": "C:\\Windows\\SysWOW64\\wevtutil.exe"}
{"RuleName": "-", "UtcTime": "2023-12-09 16:36:47.595", "ProcessGuid": "{9613fa45-979f-6574-c706-000000000100}", "ProcessId": "8036", "Image": "C:\\Windows\\System32\\conhost.exe"}
{"RuleName": "-", "UtcTime": "2023-12-09 16:36:47.662", "ProcessGuid": "{9613fa45-979f-6574-c806-000000000100}", "ProcessId": "7516", "Image": "C:\\Windows\\SysWOW64\\wevtutil.exe", "FileVersion": "10.0.19041.1202 (WinBuild.160101.0800)", "Description": "Eventing Command Line Utility", "Product": "Microsoft\u00ae Windows\u00ae Operating System", "Company": "Microsoft Corporation", "OriginalFileName": "wevtutil.exe", "CommandLine": "\"wevtutil.exe\" cl Microsoft-Windows-Spell-Checking/Analytic", "CurrentDirectory": "C:\\Users\\lg\\Desktop\\", "User": "DAVE-PC-TOP-SEC\\lg", "LogonGuid": "{9613fa45-ef53-6500-99ba-010000000000}", "LogonId": "0x000000000001ba99", "TerminalSessionId": "1", "IntegrityLevel": "Medium", "Hashes": "SHA1=71F511BF104A6B088EAB0F3D3E1F90FA6911AA39", "ParentProcessGuid": "{9613fa45-9741-6574-bc00-000000000100}", "ParentProcessId": "8148", "ParentImage": "C:\\Users\\lg\\Desktop\\ClearLogs.exe", "ParentCommandLine": "\"C:\\Users\\lg\\Desktop\\ClearLogs.exe\" "}
{"RuleName": "-", "UtcTime": "2023-12-09 16:36:47.664", "ProcessGuid": "{9613fa45-979f-6574-c906-000000000100}", "ProcessId": "7660", "Image": "C:\\Windows\\System32\\conhost.exe", "FileVersion": "10.0.19041.1566 (WinBuild.160101.0800)", "Description": "Console Window Host", "Product": "Microsoft\u00ae Windows\u00ae Operating System", "Company": "Microsoft Corporation", "OriginalFileName": "CONHOST.EXE", "CommandLine": "\\??\\C:\\Windows\\system32\\conhost.exe 0xffffffff -ForceV1", "CurrentDirectory": "C:\\Windows", "User": "DAVE-PC-TOP-SEC\\lg", "LogonGuid": "{9613fa45-ef53-6500-99ba-010000000000}", "LogonId": "0x000000000001ba99", "TerminalSessionId": "1", "IntegrityLevel": "Medium", "Hashes": "SHA1=52A7274A0B4F9493632060FE25993A2EF24FE827", "ParentProcessGuid": "{9613fa45-979f-6574-c806-000000000100}", "ParentProcessId": "7516", "ParentImage": "C:\\Windows\\SysWOW64\\wevtutil.exe", "ParentCommandLine": "\"wevtutil.exe\" cl Microsoft-Windows-Spell-Checking/Analytic"}
{"RuleName": "-", "UtcTime": "2023-12-09 16:36:47.673", "ProcessGuid": "{9613fa45-979f-6574-c806-000000000100}", "ProcessId": "7516", "Image": "C:\\Windows\\SysWOW64\\wevtutil.exe"}
{"RuleName": "-", "UtcTime": "2023-12-09 16:36:47.673", "ProcessGuid": "{9613fa45-979f-6574-c906-000000000100}", "ProcessId": "7660", "Image": "C:\\Windows\\System32\\conhost.exe"}
{"RuleName": "-", "UtcTime": "2023-12-09 16:36:47.739", "ProcessGuid": "{9613fa45-979f-6574-ca06-000000000100}", "ProcessId": "3136", "Image": "C:\\Windows\\SysWOW64\\wevtutil.exe", "FileVersion": "10.0.19041.1202 (WinBuild.160101.0800)", "Description": "Eventing Command Line Utility", "Product": "Microsoft\u00ae Windows\u00ae Operating System", "Company": "Microsoft Corporation", "OriginalFileName": "wevtutil.exe", "CommandLine": "\"wevtutil.exe\" cl Microsoft-Windows-SpellChecker/Analytic", "CurrentDirectory": "C:\\Users\\lg\\Desktop\\", "User": "DAVE-PC-TOP-SEC\\lg", "LogonGuid": "{9613fa45-ef53-6500-99ba-010000000000}", "LogonId": "0x000000000001ba99", "TerminalSessionId": "1", "IntegrityLevel": "Medium", "Hashes": "SHA1=71F511BF104A6B088EAB0F3D3E1F90FA6911AA39", "ParentProcessGuid": "{9613fa45-9741-6574-bc00-000000000100}", "ParentProcessId": "8148", "ParentImage": "C:\\Users\\lg\\Desktop\\ClearLogs.exe", "ParentCommandLine": "\"C:\\Users\\lg\\Desktop\\ClearLogs.exe\" "}
{"RuleName": "-", "UtcTime": "2023-12-09 16:36:47.742", "ProcessGuid": "{9613fa45-979f-6574-cb06-000000000100}", "ProcessId": "6276", "Image": "C:\\Windows\\System32\\conhost.exe", "FileVersion": "10.0.19041.1566 (WinBuild.160101.0800)", "Description": "Console Window Host", "Product": "Microsoft\u00ae Windows\u00ae Operating System", "Company": "Microsoft Corporation", "OriginalFileName": "CONHOST.EXE", "CommandLine": "\\??\\C:\\Windows\\system32\\conhost.exe 0xffffffff -ForceV1", "CurrentDirectory": "C:\\Windows", "User": "DAVE-PC-TOP-SEC\\lg", "LogonGuid": "{9613fa45-ef53-6500-99ba-010000000000}", "LogonId": "0x000000000001ba99", "TerminalSessionId": "1", "IntegrityLevel": "Medium", "Hashes": "SHA1=52A7274A0B4F9493632060FE25993A2EF24FE827", "ParentProcessGuid": "{9613fa45-979f-6574-ca06-000000000100}", "ParentProcessId": "3136", "ParentImage": "C:\\Windows\\SysWOW64\\wevtutil.exe", "ParentCommandLine": "\"wevtutil.exe\" cl Microsoft-Windows-SpellChecker/Analytic"}
{"RuleName": "-", "UtcTime": "2023-12-09 16:36:47.751", "ProcessGuid": "{9613fa45-979f-6574-ca06-000000000100}", "ProcessId": "3136", "Image": "C:\\Windows\\SysWOW64\\wevtutil.exe"}
{"RuleName": "-", "UtcTime": "2023-12-09 16:36:47.751", "ProcessGuid": "{9613fa45-979f-6574-cb06-000000000100}", "ProcessId": "6276", "Image": "C:\\Windows\\System32\\conhost.exe"}
{"RuleName": "-", "UtcTime": "2023-12-09 16:36:47.833", "ProcessGuid": "{9613fa45-979f-6574-cc06-000000000100}", "ProcessId": "2392", "Image": "C:\\Windows\\SysWOW64\\wevtutil.exe", "FileVersion": "10.0.19041.1202 (WinBuild.160101.0800)", "Description": "Eventing Command Line Utility", "Product": "Microsoft\u00ae Windows\u00ae Operating System", "Company": "Microsoft Corporation", "OriginalFileName": "wevtutil.exe", "CommandLine": "\"wevtutil.exe\" cl Microsoft-Windows-Spellchecking-Host/Analytic", "CurrentDirectory": "C:\\Users\\lg\\Desktop\\", "User": "DAVE-PC-TOP-SEC\\lg", "LogonGuid": "{9613fa45-ef53-6500-99ba-010000000000}", "LogonId": "0x000000000001ba99", "TerminalSessionId": "1", "IntegrityLevel": "Medium", "Hashes": "SHA1=71F511BF104A6B088EAB0F3D3E1F90FA6911AA39", "ParentProcessGuid": "{9613fa45-9741-6574-bc00-000000000100}", "ParentProcessId": "8148", "ParentImage": "C:\\Users\\lg\\Desktop\\ClearLogs.exe", "ParentCommandLine": "\"C:\\Users\\lg\\Desktop\\ClearLogs.exe\" "}
{"RuleName": "-", "UtcTime": "2023-12-09 16:36:47.836", "ProcessGuid": "{9613fa45-979f-6574-cd06-000000000100}", "ProcessId": "7908", "Image": "C:\\Windows\\System32\\conhost.exe", "FileVersion": "10.0.19041.1566 (WinBuild.160101.0800)", "Description": "Console Window Host", "Product": "Microsoft\u00ae Windows\u00ae Operating System", "Company": "Microsoft Corporation", "OriginalFileName": "CONHOST.EXE", "CommandLine": "\\??\\C:\\Windows\\system32\\conhost.exe 0xffffffff -ForceV1", "CurrentDirectory": "C:\\Windows", "User": "DAVE-PC-TOP-SEC\\lg", "LogonGuid": "{9613fa45-ef53-6500-99ba-010000000000}", "LogonId": "0x000000000001ba99", "TerminalSessionId": "1", "IntegrityLevel": "Medium", "Hashes": "SHA1=52A7274A0B4F9493632060FE25993A2EF24FE827", "ParentProcessGuid": "{9613fa45-979f-6574-cc06-000000000100}", "ParentProcessId": "2392", "ParentImage": "C:\\Windows\\SysWOW64\\wevtutil.exe", "ParentCommandLine": "\"wevtutil.exe\" cl Microsoft-Windows-Spellchecking-Host/Analytic"}
{"RuleName": "-", "UtcTime": "2023-12-09 16:36:47.845", "ProcessGuid": "{9613fa45-979f-6574-cc06-000000000100}", "ProcessId": "2392", "Image": "C:\\Windows\\SysWOW64\\wevtutil.exe"}
{"RuleName": "-", "UtcTime": "2023-12-09 16:36:47.845", "ProcessGuid": "{9613fa45-979f-6574-cd06-000000000100}", "ProcessId": "7908", "Image": "C:\\Windows\\System32\\conhost.exe"}
{"RuleName": "-", "UtcTime": "2023-12-09 16:36:47.913", "ProcessGuid": "{9613fa45-979f-6574-ce06-000000000100}", "ProcessId": "2388", "Image": "C:\\Windows\\SysWOW64\\wevtutil.exe", "FileVersion": "10.0.19041.1202 (WinBuild.160101.0800)", "Description": "Eventing Command Line Utility", "Product": "Microsoft\u00ae Windows\u00ae Operating System", "Company": "Microsoft Corporation", "OriginalFileName": "wevtutil.exe", "CommandLine": "\"wevtutil.exe\" cl Microsoft-Windows-SruMon/Diagnostic", "CurrentDirectory": "C:\\Users\\lg\\Desktop\\", "User": "DAVE-PC-TOP-SEC\\lg", "LogonGuid": "{9613fa45-ef53-6500-99ba-010000000000}", "LogonId": "0x000000000001ba99", "TerminalSessionId": "1", "IntegrityLevel": "Medium", "Hashes": "SHA1=71F511BF104A6B088EAB0F3D3E1F90FA6911AA39", "ParentProcessGuid": "{9613fa45-9741-6574-bc00-000000000100}", "ParentProcessId": "8148", "ParentImage": "C:\\Users\\lg\\Desktop\\ClearLogs.exe", "ParentCommandLine": "\"C:\\Users\\lg\\Desktop\\ClearLogs.exe\" "}
{"RuleName": "-", "UtcTime": "2023-12-09 16:36:47.915", "ProcessGuid": "{9613fa45-979f-6574-cf06-000000000100}", "ProcessId": "7244", "Image": "C:\\Windows\\System32\\conhost.exe", "FileVersion": "10.0.19041.1566 (WinBuild.160101.0800)", "Description": "Console Window Host", "Product": "Microsoft\u00ae Windows\u00ae Operating System", "Company": "Microsoft Corporation", "OriginalFileName": "CONHOST.EXE", "CommandLine": "\\??\\C:\\Windows\\system32\\conhost.exe 0xffffffff -ForceV1", "CurrentDirectory": "C:\\Windows", "User": "DAVE-PC-TOP-SEC\\lg", "LogonGuid": "{9613fa45-ef53-6500-99ba-010000000000}", "LogonId": "0x000000000001ba99", "TerminalSessionId": "1", "IntegrityLevel": "Medium", "Hashes": "SHA1=52A7274A0B4F9493632060FE25993A2EF24FE827", "ParentProcessGuid": "{9613fa45-979f-6574-ce06-000000000100}", "ParentProcessId": "2388", "ParentImage": "C:\\Windows\\SysWOW64\\wevtutil.exe", "ParentCommandLine": "\"wevtutil.exe\" cl Microsoft-Windows-SruMon/Diagnostic"}
{"RuleName": "-", "UtcTime": "2023-12-09 16:36:47.924", "ProcessGuid": "{9613fa45-979f-6574-ce06-000000000100}", "ProcessId": "2388", "Image": "C:\\Windows\\SysWOW64\\wevtutil.exe"}
{"RuleName": "-", "UtcTime": "2023-12-09 16:36:47.924", "ProcessGuid": "{9613fa45-979f-6574-cf06-000000000100}", "ProcessId": "7244", "Image": "C:\\Windows\\System32\\conhost.exe"}
{"RuleName": "-", "UtcTime": "2023-12-09 16:36:48.006", "ProcessGuid": "{9613fa45-97a0-6574-d006-000000000100}", "ProcessId": "1248", "Image": "C:\\Windows\\SysWOW64\\wevtutil.exe", "FileVersion": "10.0.19041.1202 (WinBuild.160101.0800)", "Description": "Eventing Command Line Utility", "Product": "Microsoft\u00ae Windows\u00ae Operating System", "Company": "Microsoft Corporation", "OriginalFileName": "wevtutil.exe", "CommandLine": "\"wevtutil.exe\" cl Microsoft-Windows-SrumTelemetry", "CurrentDirectory": "C:\\Users\\lg\\Desktop\\", "User": "DAVE-PC-TOP-SEC\\lg", "LogonGuid": "{9613fa45-ef53-6500-99ba-010000000000}", "LogonId": "0x000000000001ba99", "TerminalSessionId": "1", "IntegrityLevel": "Medium", "Hashes": "SHA1=71F511BF104A6B088EAB0F3D3E1F90FA6911AA39", "ParentProcessGuid": "{9613fa45-9741-6574-bc00-000000000100}", "ParentProcessId": "8148", "ParentImage": "C:\\Users\\lg\\Desktop\\ClearLogs.exe", "ParentCommandLine": "\"C:\\Users\\lg\\Desktop\\ClearLogs.exe\" "}
